#
# There is insufficient memory for the Java Runtime Environment to continue.
# Native memory allocation (malloc) failed to allocate 32744 bytes for ChunkPool::allocate
# Possible reasons:
#   The system is out of physical RAM or swap space
#   The process is running with CompressedOops enabled, and the Java Heap may be blocking the growth of the native heap
# Possible solutions:
#   Reduce memory load on the system
#   Increase physical memory or swap space
#   Check if swap backing store is full
#   Decrease Java heap size (-Xmx/-Xms)
#   Decrease number of Java threads
#   Decrease Java thread stack sizes (-Xss)
#   Set larger code cache with -XX:ReservedCodeCacheSize=
#   JVM is running with Unscaled Compressed Oops mode in which the Java heap is
#     placed in the first 4GB address space. The Java Heap base address is the
#     maximum limit for the native heap growth. Please use -XX:HeapBaseMinAddress
#     to set the Java Heap base and to place the Java Heap above 4GB virtual address.
# This output file may be truncated or incomplete.
#
#  Out of Memory Error (./open/src/hotspot/share/memory/arena.cpp:81), pid=53076, tid=53168
#
# JRE version: Java(TM) SE Runtime Environment 18.9 (11.0.18+9) (build 11.0.18+9-LTS-195)
# Java VM: Java HotSpot(TM) 64-Bit Server VM 18.9 (11.0.18+9-LTS-195, mixed mode, tiered, compressed oops, g1 gc, windows-amd64)
# No core dump will be written. Minidumps are not enabled by default on client versions of Windows
#

---------------  S U M M A R Y ------------

Command Line: -XX:MaxMetaspaceSize=512m --add-opens=java.base/java.util=ALL-UNNAMED --add-opens=java.base/java.lang=ALL-UNNAMED --add-opens=java.base/java.lang.invoke=ALL-UNNAMED --add-opens=java.prefs/java.util.prefs=ALL-UNNAMED --add-opens=java.base/java.nio.charset=ALL-UNNAMED --add-opens=java.base/java.net=ALL-UNNAMED --add-opens=java.base/java.util.concurrent.atomic=ALL-UNNAMED -Xmx2048m -Dfile.encoding=windows-1252 -Duser.country=ID -Duser.language=en -Duser.variant org.gradle.launcher.daemon.bootstrap.GradleDaemon 8.0.1

Host: AMD Ryzen 5 5600H with Radeon Graphics         , 12 cores, 13G,  Windows 11 , 64 bit Build 22621 (10.0.22621.2215)
Time: Thu Oct  5 18:41:01 2023 SE Asia Standard Time elapsed time: 63.998488 seconds (0d 0h 1m 3s)

---------------  T H R E A D  ---------------

Current thread (0x00000186fb150000):  VMThread "VM Thread" [stack: 0x0000008061c00000,0x0000008061d00000] [id=53168] _threads_hazard_ptr=0x00000186fdde0f30

Stack: [0x0000008061c00000,0x0000008061d00000]
[error occurred during error reporting (printing stack bounds), id 0xc0000005, EXCEPTION_ACCESS_VIOLATION (0xc0000005) at pc=0x0000018680000f2d]

Native frames: (J=compiled Java code, j=interpreted, Vv=VM code, C=native code)
V  [jvm.dll+0x65d8aa]
V  [jvm.dll+0x79fc1f]
V  [jvm.dll+0x7a12e9]
V  [jvm.dll+0x7a18e5]
V  [jvm.dll+0x7a189b]
V  [jvm.dll+0x65cdb3]
V  [jvm.dll+0x65d4a8]
C  [ntdll.dll+0xa3dff]
C  [ntdll.dll+0x1e456]
C  [ntdll.dll+0xa2dee]
C  0x0000018680000f2d

VM_Operation (0x00000080640fe790): BulkRevokeBias, mode: safepoint, requested by thread 0x00000186fbd02000


---------------  P R O C E S S  ---------------

Threads class SMR info:
_java_thread_list=0x00000186fdde0f30, length=37, elements={
0x00000186ebbf7000, 0x00000186fb151800, 0x00000186fb980800, 0x00000186fb993800,
0x00000186fb994800, 0x00000186fb997000, 0x00000186fb998000, 0x00000186fb9e7800,
0x00000186fba18800, 0x00000186fbb62800, 0x00000186fbb5f800, 0x00000186fbb5d800,
0x00000186fbb5d000, 0x00000186fbb63800, 0x00000186fbb60000, 0x00000186fbb61000,
0x00000186fbb5e800, 0x00000186fbb62000, 0x00000186fbd00800, 0x00000186fbd01000,
0x00000186fbcfe000, 0x00000186fbcfe800, 0x00000186fbcff800, 0x00000186fbd02000,
0x00000186fbcfd000, 0x00000186fbd03800, 0x00000186fbd03000, 0x00000186fbd09800,
0x00000186fbd0a000, 0x00000186fbd04800, 0x00000186fbd0b000, 0x00000186fbd05000,
0x00000186fbd0c000, 0x00000186fbd07000, 0x00000186fbd08800, 0x00000186fd9d3000,
0x00000186fd9d1800
}

Java Threads: ( => current thread )
  0x00000186ebbf7000 JavaThread "main" [_thread_blocked, id=53144, stack(0x0000008061600000,0x0000008061700000)]
  0x00000186fb151800 JavaThread "Reference Handler" daemon [_thread_blocked, id=53172, stack(0x0000008061d00000,0x0000008061e00000)]
  0x00000186fb980800 JavaThread "Finalizer" daemon [_thread_blocked, id=53176, stack(0x0000008061e00000,0x0000008061f00000)]
  0x00000186fb993800 JavaThread "Signal Dispatcher" daemon [_thread_blocked, id=53180, stack(0x0000008061f00000,0x0000008062000000)]
  0x00000186fb994800 JavaThread "Attach Listener" daemon [_thread_blocked, id=53184, stack(0x0000008062000000,0x0000008062100000)]
  0x00000186fb997000 JavaThread "Service Thread" daemon [_thread_blocked, id=53188, stack(0x0000008062100000,0x0000008062200000)]
  0x00000186fb998000 JavaThread "C2 CompilerThread0" daemon [_thread_blocked, id=53192, stack(0x0000008062200000,0x0000008062300000)]
  0x00000186fb9e7800 JavaThread "C1 CompilerThread0" daemon [_thread_blocked, id=53196, stack(0x0000008062300000,0x0000008062400000)]
  0x00000186fba18800 JavaThread "Sweeper thread" daemon [_thread_blocked, id=53200, stack(0x0000008062400000,0x0000008062500000)]
  0x00000186fbb62800 JavaThread "Common-Cleaner" daemon [_thread_blocked, id=53204, stack(0x0000008062500000,0x0000008062600000)]
  0x00000186fbb5f800 JavaThread "Daemon health stats" [_thread_blocked, id=52284, stack(0x0000008062b00000,0x0000008062c00000)]
  0x00000186fbb5d800 JavaThread "Incoming local TCP Connector on port 52424" [_thread_in_native, id=53108, stack(0x0000008062c00000,0x0000008062d00000)]
  0x00000186fbb5d000 JavaThread "Daemon periodic checks" [_thread_blocked, id=53092, stack(0x0000008062d00000,0x0000008062e00000)]
  0x00000186fbb63800 JavaThread "Daemon" [_thread_blocked, id=53252, stack(0x0000008062e00000,0x0000008062f00000)]
  0x00000186fbb60000 JavaThread "Handler for socket connection from /127.0.0.1:52424 to /127.0.0.1:52425" [_thread_in_native, id=53256, stack(0x0000008062f00000,0x0000008063000000)]
  0x00000186fbb61000 JavaThread "Cancel handler" [_thread_blocked, id=53264, stack(0x0000008063000000,0x0000008063100000)]
  0x00000186fbb5e800 JavaThread "Daemon worker" [_thread_blocked, id=53268, stack(0x0000008063100000,0x0000008063200000)]
  0x00000186fbb62000 JavaThread "Asynchronous log dispatcher for DefaultDaemonConnection: socket connection from /127.0.0.1:52424 to /127.0.0.1:52425" [_thread_blocked, id=53296, stack(0x0000008063200000,0x0000008063300000)]
  0x00000186fbd00800 JavaThread "Stdin handler" [_thread_blocked, id=53300, stack(0x0000008063300000,0x0000008063400000)]
  0x00000186fbd01000 JavaThread "Daemon client event forwarder" [_thread_blocked, id=53304, stack(0x0000008063400000,0x0000008063500000)]
  0x00000186fbcfe000 JavaThread "Cache worker for journal cache (C:\Users\mrizk\.gradle\caches\journal-1)" [_thread_blocked, id=53580, stack(0x0000008063500000,0x0000008063600000)]
  0x00000186fbcfe800 JavaThread "File lock request listener" [_thread_in_native, id=53584, stack(0x0000008063600000,0x0000008063700000)]
  0x00000186fbcff800 JavaThread "File lock release action executor" [_thread_blocked, id=54040, stack(0x0000008063700000,0x0000008063800000)]
  0x00000186fbd02000 JavaThread "Cache worker for file hash cache (C:\Users\mrizk\.gradle\caches\8.0.1\fileHashes)" [_thread_blocked, id=54088, stack(0x0000008064000000,0x0000008064100000)]
  0x00000186fbcfd000 JavaThread "File watcher server" daemon [_thread_in_native, id=54460, stack(0x0000008064100000,0x0000008064200000)]
  0x00000186fbd03800 JavaThread "File watcher consumer" daemon [_thread_blocked, id=54464, stack(0x0000008064200000,0x0000008064300000)]
  0x00000186fbd03000 JavaThread "Cache worker for checksums cache (F:\drive-programming\00bootcamp\code\week9\tugas\recipe_rn\android\.gradle\8.0.1\checksums)" [_thread_blocked, id=54476, stack(0x0000008064300000,0x0000008064400000)]
  0x00000186fbd09800 JavaThread "Cache worker for cache directory md-rule (C:\Users\mrizk\.gradle\caches\8.0.1\md-rule)" [_thread_blocked, id=54492, stack(0x0000008064400000,0x0000008064500000)]
  0x00000186fbd0a000 JavaThread "Cache worker for file content cache (C:\Users\mrizk\.gradle\caches\8.0.1\fileContent)" [_thread_blocked, id=54500, stack(0x0000008064500000,0x0000008064600000)]
  0x00000186fbd04800 JavaThread "Cache worker for file hash cache (F:\drive-programming\00bootcamp\code\week9\tugas\recipe_rn\android\.gradle\8.0.1\fileHashes)" [_thread_blocked, id=54544, stack(0x0000008064600000,0x0000008064700000)]
  0x00000186fbd0b000 JavaThread "Cache worker for cache directory md-supplier (C:\Users\mrizk\.gradle\caches\8.0.1\md-supplier)" [_thread_blocked, id=54552, stack(0x0000008064700000,0x0000008064800000)]
  0x00000186fbd05000 JavaThread "Cache worker for execution history cache (C:\Users\mrizk\.gradle\caches\8.0.1\executionHistory)" [_thread_blocked, id=54564, stack(0x0000008064800000,0x0000008064900000)]
  0x00000186fbd0c000 JavaThread "jar transforms" [_thread_blocked, id=54852, stack(0x0000008064900000,0x0000008064a00000)]
  0x00000186fbd07000 JavaThread "jar transforms Thread 2" [_thread_blocked, id=27540, stack(0x0000008061500000,0x0000008061600000)]
  0x00000186fbd08800 JavaThread "jar transforms Thread 3" [_thread_blocked, id=15296, stack(0x0000008064a00000,0x0000008064b00000)]
  0x00000186fd9d3000 JavaThread "jar transforms Thread 4" [_thread_blocked, id=28504, stack(0x0000008064d00000,0x0000008064e00000)]
  0x00000186fd9d1800 JavaThread "Cache worker for kotlin-dsl (C:\Users\mrizk\.gradle\caches\8.0.1\kotlin-dsl)" [_thread_blocked, id=19212, stack(0x0000008061300000,0x0000008061400000)]

Other Threads:
=>0x00000186fb150000 VMThread "VM Thread" [stack: 0x0000008061c00000,0x0000008061d00000] [id=53168] _threads_hazard_ptr=0x00000186fdde0f30
  0x00000186fbbcc800 WatcherThread [stack: 0x0000008062600000,0x0000008062700000] [id=53212]
  0x00000186ebc0e800 GCTaskThread "GC Thread#0" [stack: 0x0000008061700000,0x0000008061800000] [id=53148]
  0x00000186fc165000 GCTaskThread "GC Thread#1" [stack: 0x0000008062700000,0x0000008062800000] [id=1620]
  0x00000186fc165800 GCTaskThread "GC Thread#2" [stack: 0x0000008062800000,0x0000008062900000] [id=7316]
  0x00000186fc2ab800 GCTaskThread "GC Thread#3" [stack: 0x0000008062900000,0x0000008062a00000] [id=46248]
  0x00000186fc2ac000 GCTaskThread "GC Thread#4" [stack: 0x0000008062a00000,0x0000008062b00000] [id=52828]
  0x00000186fc914800 GCTaskThread "GC Thread#5" [stack: 0x0000008063800000,0x0000008063900000] [id=54048]
  0x00000186fdc0a000 GCTaskThread "GC Thread#6" [stack: 0x0000008063900000,0x0000008063a00000] [id=54052]
  0x00000186fdc0a800 GCTaskThread "GC Thread#7" [stack: 0x0000008063a00000,0x0000008063b00000] [id=54056]
  0x00000186fc7ca800 GCTaskThread "GC Thread#8" [stack: 0x0000008063b00000,0x0000008063c00000] [id=54060]
  0x00000186fba3b800 GCTaskThread "GC Thread#9" [stack: 0x0000008063c00000,0x0000008063d00000] [id=54064]
  0x00000186ebc42000 ConcurrentGCThread "G1 Main Marker" [stack: 0x0000008061800000,0x0000008061900000] [id=53152]
  0x00000186ebc43000 ConcurrentGCThread "G1 Conc#0" [stack: 0x0000008061900000,0x0000008061a00000] [id=53156]
  0x00000186fd57e000 ConcurrentGCThread "G1 Conc#1" [stack: 0x0000008063e00000,0x0000008063f00000] [id=54072]
  0x00000186fc66e800 ConcurrentGCThread "G1 Conc#2" [stack: 0x0000008063f00000,0x0000008064000000] [id=54076]
  0x00000186fafe4800 ConcurrentGCThread "G1 Refine#0" [stack: 0x0000008061a00000,0x0000008061b00000] [id=53160]
  0x00000186fbb74000 ConcurrentGCThread "G1 Refine#1" [stack: 0x0000008063d00000,0x0000008063e00000] [id=54068]
  0x00000186fafe5000 ConcurrentGCThread "G1 Young RemSet Sampling" [stack: 0x0000008061b00000,0x0000008061c00000] [id=53164]

Threads with active compile tasks:
C1 CompilerThread0    64023 4430       3       com.google.common.cache.LocalCache$AccessQueue::offer (38 bytes)

VM state:at safepoint (normal execution)

VM Mutex/Monitor currently owned by a thread:  ([mutex/lock_event])
[0x00000186ebbf2df0] Threads_lock - owner thread: 0x00000186fb150000

Heap address: 0x0000000080000000, size: 2048 MB, Compressed Oops mode: 32-bit
Narrow klass base: 0x0000000000000000, Narrow klass shift: 3
Compressed class space size: 528482304 Address: 0x0000000100000000

Heap:
 garbage-first heap   total 227328K, used 45125K [0x0000000080000000, 0x0000000100000000)
  region size 1024K, 27 young (27648K), 13 survivors (13312K)
 Metaspace       used 43448K, capacity 44630K, committed 44928K, reserved 555008K
  class space    used 5489K, capacity 5963K, committed 6016K, reserved 516096K
Heap Regions: E=young(eden), S=young(survivor), O=old, HS=humongous(starts), HC=humongous(continues), CS=collection set, F=free, A=archive, TAMS=top-at-mark-start (previous, next)
|   0|0x0000000080000000, 0x0000000080100000, 0x0000000080100000|100%|HS|  |TAMS 0x0000000080100000, 0x0000000080000000| Complete 
|   1|0x0000000080100000, 0x0000000080200000, 0x0000000080200000|100%|HC|  |TAMS 0x0000000080200000, 0x0000000080100000| Complete 
|   2|0x0000000080200000, 0x0000000080300000, 0x0000000080300000|100%|HC|  |TAMS 0x0000000080300000, 0x0000000080200000| Complete 
|   3|0x0000000080300000, 0x0000000080400000, 0x0000000080400000|100%|HC|  |TAMS 0x0000000080400000, 0x0000000080300000| Complete 
|   4|0x0000000080400000, 0x0000000080500000, 0x0000000080500000|100%| O|  |TAMS 0x0000000080500000, 0x0000000080400000| Untracked 
|   5|0x0000000080500000, 0x0000000080600000, 0x0000000080600000|100%| O|  |TAMS 0x0000000080600000, 0x0000000080500000| Untracked 
|   6|0x0000000080600000, 0x0000000080700000, 0x0000000080700000|100%| O|  |TAMS 0x0000000080700000, 0x0000000080600000| Untracked 
|   7|0x0000000080700000, 0x00000000807ffff8, 0x0000000080800000| 99%| O|  |TAMS 0x00000000807ffff8, 0x0000000080700000| Untracked 
|   8|0x0000000080800000, 0x0000000080900000, 0x0000000080900000|100%| O|  |TAMS 0x0000000080900000, 0x0000000080800000| Untracked 
|   9|0x0000000080900000, 0x0000000080a00000, 0x0000000080a00000|100%| O|  |TAMS 0x0000000080a00000, 0x0000000080900000| Untracked 
|  10|0x0000000080a00000, 0x0000000080b00000, 0x0000000080b00000|100%| O|  |TAMS 0x0000000080b00000, 0x0000000080a00000| Untracked 
|  11|0x0000000080b00000, 0x0000000080c00000, 0x0000000080c00000|100%| O|  |TAMS 0x0000000080c00000, 0x0000000080b00000| Untracked 
|  12|0x0000000080c00000, 0x0000000080d00000, 0x0000000080d00000|100%| O|  |TAMS 0x0000000080d00000, 0x0000000080c00000| Untracked 
|  13|0x0000000080d00000, 0x0000000080e00000, 0x0000000080e00000|100%| O|  |TAMS 0x0000000080e00000, 0x0000000080d00000| Untracked 
|  14|0x0000000080e00000, 0x0000000080f00000, 0x0000000080f00000|100%| O|  |TAMS 0x0000000080f00000, 0x0000000080e00000| Untracked 
|  15|0x0000000080f00000, 0x0000000081000000, 0x0000000081000000|100%| O|  |TAMS 0x0000000081000000, 0x0000000080f00000| Untracked 
|  16|0x0000000081000000, 0x0000000081100000, 0x0000000081100000|100%| O|  |TAMS 0x0000000081100000, 0x0000000081000000| Untracked 
|  17|0x0000000081100000, 0x000000008119b600, 0x0000000081200000| 60%| O|  |TAMS 0x000000008119b600, 0x0000000081100000| Untracked 
|  18|0x0000000081200000, 0x0000000081300000, 0x0000000081300000|100%|HS|  |TAMS 0x0000000081200000, 0x0000000081200000| Complete 
|  19|0x0000000081300000, 0x0000000081300000, 0x0000000081400000|  0%| F|  |TAMS 0x0000000081300000, 0x0000000081300000| Untracked 
|  20|0x0000000081400000, 0x0000000081400000, 0x0000000081500000|  0%| F|  |TAMS 0x0000000081400000, 0x0000000081400000| Untracked 
|  21|0x0000000081500000, 0x0000000081500000, 0x0000000081600000|  0%| F|  |TAMS 0x0000000081500000, 0x0000000081500000| Untracked 
|  22|0x0000000081600000, 0x0000000081600000, 0x0000000081700000|  0%| F|  |TAMS 0x0000000081600000, 0x0000000081600000| Untracked 
|  23|0x0000000081700000, 0x0000000081700000, 0x0000000081800000|  0%| F|  |TAMS 0x0000000081700000, 0x0000000081700000| Untracked 
|  24|0x0000000081800000, 0x0000000081800000, 0x0000000081900000|  0%| F|  |TAMS 0x0000000081800000, 0x0000000081800000| Untracked 
|  25|0x0000000081900000, 0x0000000081900000, 0x0000000081a00000|  0%| F|  |TAMS 0x0000000081900000, 0x0000000081900000| Untracked 
|  26|0x0000000081a00000, 0x0000000081a00000, 0x0000000081b00000|  0%| F|  |TAMS 0x0000000081a00000, 0x0000000081a00000| Untracked 
|  27|0x0000000081b00000, 0x0000000081b00000, 0x0000000081c00000|  0%| F|  |TAMS 0x0000000081b00000, 0x0000000081b00000| Untracked 
|  28|0x0000000081c00000, 0x0000000081c00000, 0x0000000081d00000|  0%| F|  |TAMS 0x0000000081c00000, 0x0000000081c00000| Untracked 
|  29|0x0000000081d00000, 0x0000000081d00000, 0x0000000081e00000|  0%| F|  |TAMS 0x0000000081d00000, 0x0000000081d00000| Untracked 
|  30|0x0000000081e00000, 0x0000000081e00000, 0x0000000081f00000|  0%| F|  |TAMS 0x0000000081e00000, 0x0000000081e00000| Untracked 
|  31|0x0000000081f00000, 0x0000000081f00000, 0x0000000082000000|  0%| F|  |TAMS 0x0000000081f00000, 0x0000000081f00000| Untracked 
|  32|0x0000000082000000, 0x0000000082000000, 0x0000000082100000|  0%| F|  |TAMS 0x0000000082000000, 0x0000000082000000| Untracked 
|  33|0x0000000082100000, 0x0000000082100000, 0x0000000082200000|  0%| F|  |TAMS 0x0000000082100000, 0x0000000082100000| Untracked 
|  34|0x0000000082200000, 0x0000000082200000, 0x0000000082300000|  0%| F|  |TAMS 0x0000000082200000, 0x0000000082200000| Untracked 
|  35|0x0000000082300000, 0x0000000082300000, 0x0000000082400000|  0%| F|  |TAMS 0x0000000082300000, 0x0000000082300000| Untracked 
|  36|0x0000000082400000, 0x0000000082400000, 0x0000000082500000|  0%| F|  |TAMS 0x0000000082400000, 0x0000000082400000| Untracked 
|  37|0x0000000082500000, 0x0000000082500000, 0x0000000082600000|  0%| F|  |TAMS 0x0000000082500000, 0x0000000082500000| Untracked 
|  38|0x0000000082600000, 0x0000000082600000, 0x0000000082700000|  0%| F|  |TAMS 0x0000000082600000, 0x0000000082600000| Untracked 
|  39|0x0000000082700000, 0x0000000082700000, 0x0000000082800000|  0%| F|  |TAMS 0x0000000082700000, 0x0000000082700000| Untracked 
|  40|0x0000000082800000, 0x0000000082800000, 0x0000000082900000|  0%| F|  |TAMS 0x0000000082800000, 0x0000000082800000| Untracked 
|  41|0x0000000082900000, 0x0000000082900000, 0x0000000082a00000|  0%| F|  |TAMS 0x0000000082900000, 0x0000000082900000| Untracked 
|  42|0x0000000082a00000, 0x0000000082a00000, 0x0000000082b00000|  0%| F|  |TAMS 0x0000000082a00000, 0x0000000082a00000| Untracked 
|  43|0x0000000082b00000, 0x0000000082b00000, 0x0000000082c00000|  0%| F|  |TAMS 0x0000000082b00000, 0x0000000082b00000| Untracked 
|  44|0x0000000082c00000, 0x0000000082c00000, 0x0000000082d00000|  0%| F|  |TAMS 0x0000000082c00000, 0x0000000082c00000| Untracked 
|  45|0x0000000082d00000, 0x0000000082d00000, 0x0000000082e00000|  0%| F|  |TAMS 0x0000000082d00000, 0x0000000082d00000| Untracked 
|  46|0x0000000082e00000, 0x0000000082e00000, 0x0000000082f00000|  0%| F|  |TAMS 0x0000000082e00000, 0x0000000082e00000| Untracked 
|  47|0x0000000082f00000, 0x0000000082f00000, 0x0000000083000000|  0%| F|  |TAMS 0x0000000082f00000, 0x0000000082f00000| Untracked 
|  48|0x0000000083000000, 0x0000000083000000, 0x0000000083100000|  0%| F|  |TAMS 0x0000000083000000, 0x0000000083000000| Untracked 
|  49|0x0000000083100000, 0x0000000083100000, 0x0000000083200000|  0%| F|  |TAMS 0x0000000083100000, 0x0000000083100000| Untracked 
|  50|0x0000000083200000, 0x0000000083200000, 0x0000000083300000|  0%| F|  |TAMS 0x0000000083200000, 0x0000000083200000| Untracked 
|  51|0x0000000083300000, 0x0000000083300000, 0x0000000083400000|  0%| F|  |TAMS 0x0000000083300000, 0x0000000083300000| Untracked 
|  52|0x0000000083400000, 0x0000000083400000, 0x0000000083500000|  0%| F|  |TAMS 0x0000000083400000, 0x0000000083400000| Untracked 
|  53|0x0000000083500000, 0x0000000083500000, 0x0000000083600000|  0%| F|  |TAMS 0x0000000083500000, 0x0000000083500000| Untracked 
|  54|0x0000000083600000, 0x0000000083600000, 0x0000000083700000|  0%| F|  |TAMS 0x0000000083600000, 0x0000000083600000| Untracked 
|  55|0x0000000083700000, 0x0000000083700000, 0x0000000083800000|  0%| F|  |TAMS 0x0000000083700000, 0x0000000083700000| Untracked 
|  56|0x0000000083800000, 0x0000000083800000, 0x0000000083900000|  0%| F|  |TAMS 0x0000000083800000, 0x0000000083800000| Untracked 
|  57|0x0000000083900000, 0x0000000083900000, 0x0000000083a00000|  0%| F|  |TAMS 0x0000000083900000, 0x0000000083900000| Untracked 
|  58|0x0000000083a00000, 0x0000000083a00000, 0x0000000083b00000|  0%| F|  |TAMS 0x0000000083a00000, 0x0000000083a00000| Untracked 
|  59|0x0000000083b00000, 0x0000000083b00000, 0x0000000083c00000|  0%| F|  |TAMS 0x0000000083b00000, 0x0000000083b00000| Untracked 
|  60|0x0000000083c00000, 0x0000000083c00000, 0x0000000083d00000|  0%| F|  |TAMS 0x0000000083c00000, 0x0000000083c00000| Untracked 
|  61|0x0000000083d00000, 0x0000000083d00000, 0x0000000083e00000|  0%| F|  |TAMS 0x0000000083d00000, 0x0000000083d00000| Untracked 
|  62|0x0000000083e00000, 0x0000000083e00000, 0x0000000083f00000|  0%| F|  |TAMS 0x0000000083e00000, 0x0000000083e00000| Untracked 
|  63|0x0000000083f00000, 0x0000000083f00000, 0x0000000084000000|  0%| F|  |TAMS 0x0000000083f00000, 0x0000000083f00000| Untracked 
|  64|0x0000000084000000, 0x0000000084000000, 0x0000000084100000|  0%| F|  |TAMS 0x0000000084000000, 0x0000000084000000| Untracked 
|  65|0x0000000084100000, 0x0000000084100000, 0x0000000084200000|  0%| F|  |TAMS 0x0000000084100000, 0x0000000084100000| Untracked 
|  66|0x0000000084200000, 0x0000000084200000, 0x0000000084300000|  0%| F|  |TAMS 0x0000000084200000, 0x0000000084200000| Untracked 
|  67|0x0000000084300000, 0x0000000084300000, 0x0000000084400000|  0%| F|  |TAMS 0x0000000084300000, 0x0000000084300000| Untracked 
|  68|0x0000000084400000, 0x0000000084400000, 0x0000000084500000|  0%| F|  |TAMS 0x0000000084400000, 0x0000000084400000| Untracked 
|  69|0x0000000084500000, 0x0000000084500000, 0x0000000084600000|  0%| F|  |TAMS 0x0000000084500000, 0x0000000084500000| Untracked 
|  70|0x0000000084600000, 0x0000000084600000, 0x0000000084700000|  0%| F|  |TAMS 0x0000000084600000, 0x0000000084600000| Untracked 
|  71|0x0000000084700000, 0x0000000084700000, 0x0000000084800000|  0%| F|  |TAMS 0x0000000084700000, 0x0000000084700000| Untracked 
|  72|0x0000000084800000, 0x0000000084800000, 0x0000000084900000|  0%| F|  |TAMS 0x0000000084800000, 0x0000000084800000| Untracked 
|  73|0x0000000084900000, 0x0000000084900000, 0x0000000084a00000|  0%| F|  |TAMS 0x0000000084900000, 0x0000000084900000| Untracked 
|  74|0x0000000084a00000, 0x0000000084a00000, 0x0000000084b00000|  0%| F|  |TAMS 0x0000000084a00000, 0x0000000084a00000| Untracked 
|  75|0x0000000084b00000, 0x0000000084b00000, 0x0000000084c00000|  0%| F|  |TAMS 0x0000000084b00000, 0x0000000084b00000| Untracked 
|  76|0x0000000084c00000, 0x0000000084c00000, 0x0000000084d00000|  0%| F|  |TAMS 0x0000000084c00000, 0x0000000084c00000| Untracked 
|  77|0x0000000084d00000, 0x0000000084d00000, 0x0000000084e00000|  0%| F|  |TAMS 0x0000000084d00000, 0x0000000084d00000| Untracked 
|  78|0x0000000084e00000, 0x0000000084e00000, 0x0000000084f00000|  0%| F|  |TAMS 0x0000000084e00000, 0x0000000084e00000| Untracked 
|  79|0x0000000084f00000, 0x0000000084f00000, 0x0000000085000000|  0%| F|  |TAMS 0x0000000084f00000, 0x0000000084f00000| Untracked 
|  80|0x0000000085000000, 0x0000000085000000, 0x0000000085100000|  0%| F|  |TAMS 0x0000000085000000, 0x0000000085000000| Untracked 
|  81|0x0000000085100000, 0x0000000085100000, 0x0000000085200000|  0%| F|  |TAMS 0x0000000085100000, 0x0000000085100000| Untracked 
|  82|0x0000000085200000, 0x0000000085200000, 0x0000000085300000|  0%| F|  |TAMS 0x0000000085200000, 0x0000000085200000| Untracked 
|  83|0x0000000085300000, 0x0000000085300000, 0x0000000085400000|  0%| F|  |TAMS 0x0000000085300000, 0x0000000085300000| Untracked 
|  84|0x0000000085400000, 0x0000000085400000, 0x0000000085500000|  0%| F|  |TAMS 0x0000000085400000, 0x0000000085400000| Untracked 
|  85|0x0000000085500000, 0x0000000085500000, 0x0000000085600000|  0%| F|  |TAMS 0x0000000085500000, 0x0000000085500000| Untracked 
|  86|0x0000000085600000, 0x0000000085600000, 0x0000000085700000|  0%| F|  |TAMS 0x0000000085600000, 0x0000000085600000| Untracked 
|  87|0x0000000085700000, 0x0000000085700000, 0x0000000085800000|  0%| F|  |TAMS 0x0000000085700000, 0x0000000085700000| Untracked 
|  88|0x0000000085800000, 0x0000000085800000, 0x0000000085900000|  0%| F|  |TAMS 0x0000000085800000, 0x0000000085800000| Untracked 
|  89|0x0000000085900000, 0x0000000085900000, 0x0000000085a00000|  0%| F|  |TAMS 0x0000000085900000, 0x0000000085900000| Untracked 
|  90|0x0000000085a00000, 0x0000000085a00000, 0x0000000085b00000|  0%| F|  |TAMS 0x0000000085a00000, 0x0000000085a00000| Untracked 
|  91|0x0000000085b00000, 0x0000000085b00000, 0x0000000085c00000|  0%| F|  |TAMS 0x0000000085b00000, 0x0000000085b00000| Untracked 
|  92|0x0000000085c00000, 0x0000000085c00000, 0x0000000085d00000|  0%| F|  |TAMS 0x0000000085c00000, 0x0000000085c00000| Untracked 
|  93|0x0000000085d00000, 0x0000000085d00000, 0x0000000085e00000|  0%| F|  |TAMS 0x0000000085d00000, 0x0000000085d00000| Untracked 
|  94|0x0000000085e00000, 0x0000000085e00000, 0x0000000085f00000|  0%| F|  |TAMS 0x0000000085e00000, 0x0000000085e00000| Untracked 
|  95|0x0000000085f00000, 0x0000000085f00000, 0x0000000086000000|  0%| F|  |TAMS 0x0000000085f00000, 0x0000000085f00000| Untracked 
|  96|0x0000000086000000, 0x0000000086000000, 0x0000000086100000|  0%| F|  |TAMS 0x0000000086000000, 0x0000000086000000| Untracked 
|  97|0x0000000086100000, 0x0000000086100000, 0x0000000086200000|  0%| F|  |TAMS 0x0000000086100000, 0x0000000086100000| Untracked 
|  98|0x0000000086200000, 0x0000000086200000, 0x0000000086300000|  0%| F|  |TAMS 0x0000000086200000, 0x0000000086200000| Untracked 
|  99|0x0000000086300000, 0x0000000086300000, 0x0000000086400000|  0%| F|  |TAMS 0x0000000086300000, 0x0000000086300000| Untracked 
| 100|0x0000000086400000, 0x0000000086400000, 0x0000000086500000|  0%| F|  |TAMS 0x0000000086400000, 0x0000000086400000| Untracked 
| 101|0x0000000086500000, 0x0000000086575f80, 0x0000000086600000| 46%| S|CS|TAMS 0x0000000086500000, 0x0000000086500000| Complete 
| 102|0x0000000086600000, 0x0000000086700000, 0x0000000086700000|100%| S|CS|TAMS 0x0000000086600000, 0x0000000086600000| Complete 
| 103|0x0000000086700000, 0x0000000086800000, 0x0000000086800000|100%| S|CS|TAMS 0x0000000086700000, 0x0000000086700000| Complete 
| 104|0x0000000086800000, 0x0000000086900000, 0x0000000086900000|100%| S|CS|TAMS 0x0000000086800000, 0x0000000086800000| Complete 
| 105|0x0000000086900000, 0x0000000086a00000, 0x0000000086a00000|100%| S|CS|TAMS 0x0000000086900000, 0x0000000086900000| Complete 
| 106|0x0000000086a00000, 0x0000000086b00000, 0x0000000086b00000|100%| S|CS|TAMS 0x0000000086a00000, 0x0000000086a00000| Complete 
| 107|0x0000000086b00000, 0x0000000086c00000, 0x0000000086c00000|100%| S|CS|TAMS 0x0000000086b00000, 0x0000000086b00000| Complete 
| 108|0x0000000086c00000, 0x0000000086d00000, 0x0000000086d00000|100%| S|CS|TAMS 0x0000000086c00000, 0x0000000086c00000| Complete 
| 109|0x0000000086d00000, 0x0000000086e00000, 0x0000000086e00000|100%| S|CS|TAMS 0x0000000086d00000, 0x0000000086d00000| Complete 
| 110|0x0000000086e00000, 0x0000000086f00000, 0x0000000086f00000|100%| S|CS|TAMS 0x0000000086e00000, 0x0000000086e00000| Complete 
| 111|0x0000000086f00000, 0x0000000087000000, 0x0000000087000000|100%| S|CS|TAMS 0x0000000086f00000, 0x0000000086f00000| Complete 
| 112|0x0000000087000000, 0x0000000087100000, 0x0000000087100000|100%| S|CS|TAMS 0x0000000087000000, 0x0000000087000000| Complete 
| 113|0x0000000087100000, 0x0000000087200000, 0x0000000087200000|100%| S|CS|TAMS 0x0000000087100000, 0x0000000087100000| Complete 
| 114|0x0000000087200000, 0x0000000087200000, 0x0000000087300000|  0%| F|  |TAMS 0x0000000087200000, 0x0000000087200000| Untracked 
| 115|0x0000000087300000, 0x0000000087300000, 0x0000000087400000|  0%| F|  |TAMS 0x0000000087300000, 0x0000000087300000| Untracked 
| 116|0x0000000087400000, 0x0000000087400000, 0x0000000087500000|  0%| F|  |TAMS 0x0000000087400000, 0x0000000087400000| Untracked 
| 117|0x0000000087500000, 0x0000000087500000, 0x0000000087600000|  0%| F|  |TAMS 0x0000000087500000, 0x0000000087500000| Untracked 
| 118|0x0000000087600000, 0x0000000087600000, 0x0000000087700000|  0%| F|  |TAMS 0x0000000087600000, 0x0000000087600000| Untracked 
| 119|0x0000000087700000, 0x0000000087700000, 0x0000000087800000|  0%| F|  |TAMS 0x0000000087700000, 0x0000000087700000| Untracked 
| 120|0x0000000087800000, 0x0000000087800000, 0x0000000087900000|  0%| F|  |TAMS 0x0000000087800000, 0x0000000087800000| Untracked 
| 121|0x0000000087900000, 0x0000000087900000, 0x0000000087a00000|  0%| F|  |TAMS 0x0000000087900000, 0x0000000087900000| Untracked 
| 122|0x0000000087a00000, 0x0000000087a00000, 0x0000000087b00000|  0%| F|  |TAMS 0x0000000087a00000, 0x0000000087a00000| Untracked 
| 123|0x0000000087b00000, 0x0000000087b00000, 0x0000000087c00000|  0%| F|  |TAMS 0x0000000087b00000, 0x0000000087b00000| Untracked 
| 124|0x0000000087c00000, 0x0000000087c00000, 0x0000000087d00000|  0%| F|  |TAMS 0x0000000087c00000, 0x0000000087c00000| Untracked 
| 125|0x0000000087d00000, 0x0000000087d00000, 0x0000000087e00000|  0%| F|  |TAMS 0x0000000087d00000, 0x0000000087d00000| Untracked 
| 126|0x0000000087e00000, 0x0000000087e00000, 0x0000000087f00000|  0%| F|  |TAMS 0x0000000087e00000, 0x0000000087e00000| Untracked 
| 127|0x0000000087f00000, 0x0000000087f00000, 0x0000000088000000|  0%| F|  |TAMS 0x0000000087f00000, 0x0000000087f00000| Untracked 
| 128|0x0000000088000000, 0x0000000088000000, 0x0000000088100000|  0%| F|  |TAMS 0x0000000088000000, 0x0000000088000000| Untracked 
| 129|0x0000000088100000, 0x0000000088100000, 0x0000000088200000|  0%| F|  |TAMS 0x0000000088100000, 0x0000000088100000| Untracked 
| 130|0x0000000088200000, 0x0000000088200000, 0x0000000088300000|  0%| F|  |TAMS 0x0000000088200000, 0x0000000088200000| Untracked 
| 131|0x0000000088300000, 0x0000000088300000, 0x0000000088400000|  0%| F|  |TAMS 0x0000000088300000, 0x0000000088300000| Untracked 
| 132|0x0000000088400000, 0x0000000088400000, 0x0000000088500000|  0%| F|  |TAMS 0x0000000088400000, 0x0000000088400000| Untracked 
| 133|0x0000000088500000, 0x0000000088500000, 0x0000000088600000|  0%| F|  |TAMS 0x0000000088500000, 0x0000000088500000| Untracked 
| 134|0x0000000088600000, 0x0000000088600000, 0x0000000088700000|  0%| F|  |TAMS 0x0000000088600000, 0x0000000088600000| Untracked 
| 135|0x0000000088700000, 0x0000000088700000, 0x0000000088800000|  0%| F|  |TAMS 0x0000000088700000, 0x0000000088700000| Untracked 
| 136|0x0000000088800000, 0x0000000088800000, 0x0000000088900000|  0%| F|  |TAMS 0x0000000088800000, 0x0000000088800000| Untracked 
| 137|0x0000000088900000, 0x0000000088900000, 0x0000000088a00000|  0%| F|  |TAMS 0x0000000088900000, 0x0000000088900000| Untracked 
| 138|0x0000000088a00000, 0x0000000088a00000, 0x0000000088b00000|  0%| F|  |TAMS 0x0000000088a00000, 0x0000000088a00000| Untracked 
| 139|0x0000000088b00000, 0x0000000088b00000, 0x0000000088c00000|  0%| F|  |TAMS 0x0000000088b00000, 0x0000000088b00000| Untracked 
| 140|0x0000000088c00000, 0x0000000088c00000, 0x0000000088d00000|  0%| F|  |TAMS 0x0000000088c00000, 0x0000000088c00000| Untracked 
| 141|0x0000000088d00000, 0x0000000088d00000, 0x0000000088e00000|  0%| F|  |TAMS 0x0000000088d00000, 0x0000000088d00000| Untracked 
| 142|0x0000000088e00000, 0x0000000088e00000, 0x0000000088f00000|  0%| F|  |TAMS 0x0000000088e00000, 0x0000000088e00000| Untracked 
| 143|0x0000000088f00000, 0x0000000088f00000, 0x0000000089000000|  0%| F|  |TAMS 0x0000000088f00000, 0x0000000088f00000| Untracked 
| 144|0x0000000089000000, 0x0000000089000000, 0x0000000089100000|  0%| F|  |TAMS 0x0000000089000000, 0x0000000089000000| Untracked 
| 145|0x0000000089100000, 0x0000000089100000, 0x0000000089200000|  0%| F|  |TAMS 0x0000000089100000, 0x0000000089100000| Untracked 
| 146|0x0000000089200000, 0x0000000089200000, 0x0000000089300000|  0%| F|  |TAMS 0x0000000089200000, 0x0000000089200000| Untracked 
| 147|0x0000000089300000, 0x0000000089300000, 0x0000000089400000|  0%| F|  |TAMS 0x0000000089300000, 0x0000000089300000| Untracked 
| 148|0x0000000089400000, 0x0000000089400000, 0x0000000089500000|  0%| F|  |TAMS 0x0000000089400000, 0x0000000089400000| Untracked 
| 149|0x0000000089500000, 0x0000000089500000, 0x0000000089600000|  0%| F|  |TAMS 0x0000000089500000, 0x0000000089500000| Untracked 
| 150|0x0000000089600000, 0x0000000089600000, 0x0000000089700000|  0%| F|  |TAMS 0x0000000089600000, 0x0000000089600000| Untracked 
| 151|0x0000000089700000, 0x0000000089700000, 0x0000000089800000|  0%| F|  |TAMS 0x0000000089700000, 0x0000000089700000| Untracked 
| 152|0x0000000089800000, 0x0000000089800000, 0x0000000089900000|  0%| F|  |TAMS 0x0000000089800000, 0x0000000089800000| Untracked 
| 153|0x0000000089900000, 0x0000000089900000, 0x0000000089a00000|  0%| F|  |TAMS 0x0000000089900000, 0x0000000089900000| Untracked 
| 154|0x0000000089a00000, 0x0000000089a00000, 0x0000000089b00000|  0%| F|  |TAMS 0x0000000089a00000, 0x0000000089a00000| Untracked 
| 155|0x0000000089b00000, 0x0000000089b00000, 0x0000000089c00000|  0%| F|  |TAMS 0x0000000089b00000, 0x0000000089b00000| Untracked 
| 156|0x0000000089c00000, 0x0000000089c00000, 0x0000000089d00000|  0%| F|  |TAMS 0x0000000089c00000, 0x0000000089c00000| Untracked 
| 157|0x0000000089d00000, 0x0000000089d00000, 0x0000000089e00000|  0%| F|  |TAMS 0x0000000089d00000, 0x0000000089d00000| Untracked 
| 158|0x0000000089e00000, 0x0000000089e00000, 0x0000000089f00000|  0%| F|  |TAMS 0x0000000089e00000, 0x0000000089e00000| Untracked 
| 159|0x0000000089f00000, 0x0000000089f00000, 0x000000008a000000|  0%| F|  |TAMS 0x0000000089f00000, 0x0000000089f00000| Untracked 
| 160|0x000000008a000000, 0x000000008a000000, 0x000000008a100000|  0%| F|  |TAMS 0x000000008a000000, 0x000000008a000000| Untracked 
| 161|0x000000008a100000, 0x000000008a100000, 0x000000008a200000|  0%| F|  |TAMS 0x000000008a100000, 0x000000008a100000| Untracked 
| 162|0x000000008a200000, 0x000000008a200000, 0x000000008a300000|  0%| F|  |TAMS 0x000000008a200000, 0x000000008a200000| Untracked 
| 163|0x000000008a300000, 0x000000008a300000, 0x000000008a400000|  0%| F|  |TAMS 0x000000008a300000, 0x000000008a300000| Untracked 
| 164|0x000000008a400000, 0x000000008a400000, 0x000000008a500000|  0%| F|  |TAMS 0x000000008a400000, 0x000000008a400000| Untracked 
| 165|0x000000008a500000, 0x000000008a500000, 0x000000008a600000|  0%| F|  |TAMS 0x000000008a500000, 0x000000008a500000| Untracked 
| 166|0x000000008a600000, 0x000000008a600000, 0x000000008a700000|  0%| F|  |TAMS 0x000000008a600000, 0x000000008a600000| Untracked 
| 167|0x000000008a700000, 0x000000008a700000, 0x000000008a800000|  0%| F|  |TAMS 0x000000008a700000, 0x000000008a700000| Untracked 
| 168|0x000000008a800000, 0x000000008a800000, 0x000000008a900000|  0%| F|  |TAMS 0x000000008a800000, 0x000000008a800000| Untracked 
| 169|0x000000008a900000, 0x000000008a900000, 0x000000008aa00000|  0%| F|  |TAMS 0x000000008a900000, 0x000000008a900000| Untracked 
| 170|0x000000008aa00000, 0x000000008aa00000, 0x000000008ab00000|  0%| F|  |TAMS 0x000000008aa00000, 0x000000008aa00000| Untracked 
| 171|0x000000008ab00000, 0x000000008ab00000, 0x000000008ac00000|  0%| F|  |TAMS 0x000000008ab00000, 0x000000008ab00000| Untracked 
| 172|0x000000008ac00000, 0x000000008ac00000, 0x000000008ad00000|  0%| F|  |TAMS 0x000000008ac00000, 0x000000008ac00000| Untracked 
| 173|0x000000008ad00000, 0x000000008ad00000, 0x000000008ae00000|  0%| F|  |TAMS 0x000000008ad00000, 0x000000008ad00000| Untracked 
| 174|0x000000008ae00000, 0x000000008ae00000, 0x000000008af00000|  0%| F|  |TAMS 0x000000008ae00000, 0x000000008ae00000| Untracked 
| 175|0x000000008af00000, 0x000000008af00000, 0x000000008b000000|  0%| F|  |TAMS 0x000000008af00000, 0x000000008af00000| Untracked 
| 176|0x000000008b000000, 0x000000008b000000, 0x000000008b100000|  0%| F|  |TAMS 0x000000008b000000, 0x000000008b000000| Untracked 
| 177|0x000000008b100000, 0x000000008b100000, 0x000000008b200000|  0%| F|  |TAMS 0x000000008b100000, 0x000000008b100000| Untracked 
| 178|0x000000008b200000, 0x000000008b200000, 0x000000008b300000|  0%| F|  |TAMS 0x000000008b200000, 0x000000008b200000| Untracked 
| 179|0x000000008b300000, 0x000000008b300000, 0x000000008b400000|  0%| F|  |TAMS 0x000000008b300000, 0x000000008b300000| Untracked 
| 180|0x000000008b400000, 0x000000008b400000, 0x000000008b500000|  0%| F|  |TAMS 0x000000008b400000, 0x000000008b400000| Untracked 
| 181|0x000000008b500000, 0x000000008b500000, 0x000000008b600000|  0%| F|  |TAMS 0x000000008b500000, 0x000000008b500000| Untracked 
| 182|0x000000008b600000, 0x000000008b600000, 0x000000008b700000|  0%| F|  |TAMS 0x000000008b600000, 0x000000008b600000| Untracked 
| 183|0x000000008b700000, 0x000000008b700000, 0x000000008b800000|  0%| F|  |TAMS 0x000000008b700000, 0x000000008b700000| Untracked 
| 184|0x000000008b800000, 0x000000008b800000, 0x000000008b900000|  0%| F|  |TAMS 0x000000008b800000, 0x000000008b800000| Untracked 
| 185|0x000000008b900000, 0x000000008b900000, 0x000000008ba00000|  0%| F|  |TAMS 0x000000008b900000, 0x000000008b900000| Untracked 
| 186|0x000000008ba00000, 0x000000008ba00000, 0x000000008bb00000|  0%| F|  |TAMS 0x000000008ba00000, 0x000000008ba00000| Untracked 
| 187|0x000000008bb00000, 0x000000008bb00000, 0x000000008bc00000|  0%| F|  |TAMS 0x000000008bb00000, 0x000000008bb00000| Untracked 
| 188|0x000000008bc00000, 0x000000008bc00000, 0x000000008bd00000|  0%| F|  |TAMS 0x000000008bc00000, 0x000000008bc00000| Untracked 
| 189|0x000000008bd00000, 0x000000008bd00000, 0x000000008be00000|  0%| F|  |TAMS 0x000000008bd00000, 0x000000008bd00000| Untracked 
| 190|0x000000008be00000, 0x000000008be00000, 0x000000008bf00000|  0%| F|  |TAMS 0x000000008be00000, 0x000000008be00000| Untracked 
| 191|0x000000008bf00000, 0x000000008bf00000, 0x000000008c000000|  0%| F|  |TAMS 0x000000008bf00000, 0x000000008bf00000| Untracked 
| 192|0x000000008c000000, 0x000000008c000000, 0x000000008c100000|  0%| F|  |TAMS 0x000000008c000000, 0x000000008c000000| Untracked 
| 193|0x000000008c100000, 0x000000008c100000, 0x000000008c200000|  0%| F|  |TAMS 0x000000008c100000, 0x000000008c100000| Untracked 
| 194|0x000000008c200000, 0x000000008c200000, 0x000000008c300000|  0%| F|  |TAMS 0x000000008c200000, 0x000000008c200000| Untracked 
| 195|0x000000008c300000, 0x000000008c300000, 0x000000008c400000|  0%| F|  |TAMS 0x000000008c300000, 0x000000008c300000| Untracked 
| 196|0x000000008c400000, 0x000000008c400000, 0x000000008c500000|  0%| F|  |TAMS 0x000000008c400000, 0x000000008c400000| Untracked 
| 197|0x000000008c500000, 0x000000008c500000, 0x000000008c600000|  0%| F|  |TAMS 0x000000008c500000, 0x000000008c500000| Untracked 
| 198|0x000000008c600000, 0x000000008c600000, 0x000000008c700000|  0%| F|  |TAMS 0x000000008c600000, 0x000000008c600000| Untracked 
| 199|0x000000008c700000, 0x000000008c700000, 0x000000008c800000|  0%| F|  |TAMS 0x000000008c700000, 0x000000008c700000| Untracked 
| 200|0x000000008c800000, 0x000000008c800000, 0x000000008c900000|  0%| F|  |TAMS 0x000000008c800000, 0x000000008c800000| Untracked 
| 201|0x000000008c900000, 0x000000008c900000, 0x000000008ca00000|  0%| F|  |TAMS 0x000000008c900000, 0x000000008c900000| Untracked 
| 202|0x000000008ca00000, 0x000000008ca00000, 0x000000008cb00000|  0%| F|  |TAMS 0x000000008ca00000, 0x000000008ca00000| Untracked 
| 203|0x000000008cb00000, 0x000000008cb00000, 0x000000008cc00000|  0%| F|  |TAMS 0x000000008cb00000, 0x000000008cb00000| Untracked 
| 204|0x000000008cc00000, 0x000000008cc00000, 0x000000008cd00000|  0%| F|  |TAMS 0x000000008cc00000, 0x000000008cc00000| Untracked 
| 205|0x000000008cd00000, 0x000000008cd00000, 0x000000008ce00000|  0%| F|  |TAMS 0x000000008cd00000, 0x000000008cd00000| Untracked 
| 206|0x000000008ce00000, 0x000000008ce00000, 0x000000008cf00000|  0%| F|  |TAMS 0x000000008ce00000, 0x000000008ce00000| Untracked 
| 207|0x000000008cf00000, 0x000000008cf00000, 0x000000008d000000|  0%| F|  |TAMS 0x000000008cf00000, 0x000000008cf00000| Untracked 
| 208|0x000000008d000000, 0x000000008d0abed0, 0x000000008d100000| 67%| E|  |TAMS 0x000000008d000000, 0x000000008d000000| Complete 
| 209|0x000000008d100000, 0x000000008d200000, 0x000000008d200000|100%| E|CS|TAMS 0x000000008d100000, 0x000000008d100000| Complete 
| 210|0x000000008d200000, 0x000000008d300000, 0x000000008d300000|100%| E|CS|TAMS 0x000000008d200000, 0x000000008d200000| Complete 
| 211|0x000000008d300000, 0x000000008d400000, 0x000000008d400000|100%| E|CS|TAMS 0x000000008d300000, 0x000000008d300000| Complete 
| 212|0x000000008d400000, 0x000000008d500000, 0x000000008d500000|100%| E|CS|TAMS 0x000000008d400000, 0x000000008d400000| Complete 
| 213|0x000000008d500000, 0x000000008d600000, 0x000000008d600000|100%| E|CS|TAMS 0x000000008d500000, 0x000000008d500000| Complete 
| 214|0x000000008d600000, 0x000000008d700000, 0x000000008d700000|100%| E|CS|TAMS 0x000000008d600000, 0x000000008d600000| Complete 
| 215|0x000000008d700000, 0x000000008d800000, 0x000000008d800000|100%| E|CS|TAMS 0x000000008d700000, 0x000000008d700000| Complete 
| 216|0x000000008d800000, 0x000000008d900000, 0x000000008d900000|100%| E|CS|TAMS 0x000000008d800000, 0x000000008d800000| Complete 
| 217|0x000000008d900000, 0x000000008da00000, 0x000000008da00000|100%| E|CS|TAMS 0x000000008d900000, 0x000000008d900000| Complete 
| 218|0x000000008da00000, 0x000000008db00000, 0x000000008db00000|100%| E|CS|TAMS 0x000000008da00000, 0x000000008da00000| Complete 
| 219|0x000000008db00000, 0x000000008dc00000, 0x000000008dc00000|100%| E|CS|TAMS 0x000000008db00000, 0x000000008db00000| Complete 
| 220|0x000000008dc00000, 0x000000008dd00000, 0x000000008dd00000|100%| E|CS|TAMS 0x000000008dc00000, 0x000000008dc00000| Complete 
| 221|0x000000008dd00000, 0x000000008de00000, 0x000000008de00000|100%| E|CS|TAMS 0x000000008dd00000, 0x000000008dd00000| Complete 

Card table byte_map: [0x00000186f3c10000,0x00000186f4010000] _byte_map_base: 0x00000186f3810000

Marking Bits (Prev, Next): (CMBitMap*) 0x00000186ebc38fd8, (CMBitMap*) 0x00000186ebc39010
 Prev Bits: [0x00000186f4410000, 0x00000186f6410000)
 Next Bits: [0x00000186f6410000, 0x00000186f8410000)

Polling page: 0x00000186eb3c0000

Metaspace:

Usage:
  Non-class:     37.76 MB capacity,    37.07 MB ( 98%) used,   590.82 KB (  2%) free+waste,   116.62 KB ( <1%) overhead. 
      Class:      5.82 MB capacity,     5.36 MB ( 92%) used,   414.74 KB (  7%) free+waste,    59.25 KB ( <1%) overhead. 
       Both:     43.58 MB capacity,    42.43 MB ( 97%) used,  1005.56 KB (  2%) free+waste,   175.88 KB ( <1%) overhead. 

Virtual space:
  Non-class space:       38.00 MB reserved,      38.00 MB (100%) committed 
      Class space:      504.00 MB reserved,       5.88 MB (  1%) committed 
             Both:      542.00 MB reserved,      43.88 MB (  8%) committed 

Chunk freelists:
   Non-Class:  6.62 KB
       Class:  2.62 KB
        Both:  9.25 KB

CodeHeap 'non-profiled nmethods': size=120000Kb used=2541Kb max_used=2541Kb free=117458Kb
 bounds [0x0000018687ad0000, 0x0000018687d50000, 0x000001868f000000]
CodeHeap 'profiled nmethods': size=120000Kb used=9235Kb max_used=9235Kb free=110764Kb
 bounds [0x00000186805a0000, 0x0000018680eb0000, 0x0000018687ad0000]
CodeHeap 'non-nmethods': size=5760Kb used=2213Kb max_used=2260Kb free=3546Kb
 bounds [0x0000018680000000, 0x0000018680270000, 0x00000186805a0000]
 total_blobs=5183 nmethods=4401 adapters=692
 compilation: enabled
              stopped_count=0, restarted_count=0
 full_count=0

Compilation events (10 events):
Event: 63.779 Thread 0x00000186fb9e7800 nmethod 4425 0x0000018680ea2a10 code [0x0000018680ea2bc0, 0x0000018680ea2de8]
Event: 63.781 Thread 0x00000186fb9e7800 4426       3       java.nio.HeapByteBuffer::putLong (28 bytes)
Event: 63.781 Thread 0x00000186fb9e7800 nmethod 4426 0x0000018680ea2f10 code [0x0000018680ea3100, 0x0000018680ea3598]
Event: 63.781 Thread 0x00000186fb9e7800 4427       3       jdk.internal.misc.Unsafe::putLongUnaligned (14 bytes)
Event: 63.781 Thread 0x00000186fb9e7800 nmethod 4427 0x0000018680ea3790 code [0x0000018680ea3940, 0x0000018680ea3b48]
Event: 63.815 Thread 0x00000186fb9e7800 4428       3       org.gradle.internal.hash.Hashing$MessageDigestHasher::update (28 bytes)
Event: 63.816 Thread 0x00000186fb9e7800 nmethod 4428 0x0000018680ea3c90 code [0x0000018680ea3ea0, 0x0000018680ea4528]
Event: 63.990 Thread 0x00000186fb9e7800 4429       3       com.google.common.cache.LocalCache$AccessQueue::offer (9 bytes)
Event: 63.991 Thread 0x00000186fb9e7800 nmethod 4429 0x0000018680ea4810 code [0x0000018680ea49c0, 0x0000018680ea4be8]
Event: 63.991 Thread 0x00000186fb9e7800 4430       3       com.google.common.cache.LocalCache$AccessQueue::offer (38 bytes)

GC Heap History (10 events):
Event: 2.728 GC heap before
{Heap before GC invocations=0 (full 0):
 garbage-first heap   total 227328K, used 27648K [0x0000000080000000, 0x0000000100000000)
  region size 1024K, 24 young (24576K), 0 survivors (0K)
 Metaspace       used 9929K, capacity 10130K, committed 10368K, reserved 526336K
  class space    used 1030K, capacity 1106K, committed 1152K, reserved 516096K
}
Event: 2.749 GC heap after
{Heap after GC invocations=1 (full 0):
 garbage-first heap   total 227328K, used 10599K [0x0000000080000000, 0x0000000100000000)
  region size 1024K, 3 young (3072K), 3 survivors (3072K)
 Metaspace       used 9929K, capacity 10130K, committed 10368K, reserved 526336K
  class space    used 1030K, capacity 1106K, committed 1152K, reserved 516096K
}
Event: 11.402 GC heap before
{Heap before GC invocations=1 (full 0):
 garbage-first heap   total 227328K, used 106855K [0x0000000080000000, 0x0000000100000000)
  region size 1024K, 97 young (99328K), 3 survivors (3072K)
 Metaspace       used 20751K, capacity 21224K, committed 21296K, reserved 536576K
  class space    used 2512K, capacity 2688K, committed 2688K, reserved 516096K
}
Event: 11.410 GC heap after
{Heap after GC invocations=2 (full 0):
 garbage-first heap   total 227328K, used 18528K [0x0000000080000000, 0x0000000100000000)
  region size 1024K, 11 young (11264K), 11 survivors (11264K)
 Metaspace       used 20751K, capacity 21224K, committed 21296K, reserved 536576K
  class space    used 2512K, capacity 2688K, committed 2688K, reserved 516096K
}
Event: 13.266 GC heap before
{Heap before GC invocations=3 (full 0):
 garbage-first heap   total 227328K, used 80992K [0x0000000080000000, 0x0000000100000000)
  region size 1024K, 72 young (73728K), 11 survivors (11264K)
 Metaspace       used 26613K, capacity 27319K, committed 27392K, reserved 540672K
  class space    used 3489K, capacity 3775K, committed 3840K, reserved 516096K
}
Event: 13.273 GC heap after
{Heap after GC invocations=4 (full 0):
 garbage-first heap   total 227328K, used 20800K [0x0000000080000000, 0x0000000100000000)
  region size 1024K, 3 young (3072K), 3 survivors (3072K)
 Metaspace       used 26613K, capacity 27319K, committed 27392K, reserved 540672K
  class space    used 3489K, capacity 3775K, committed 3840K, reserved 516096K
}
Event: 15.279 GC heap before
{Heap before GC invocations=4 (full 0):
 garbage-first heap   total 227328K, used 86336K [0x0000000080000000, 0x0000000100000000)
  region size 1024K, 68 young (69632K), 3 survivors (3072K)
 Metaspace       used 35059K, capacity 35854K, committed 35968K, reserved 548864K
  class space    used 4558K, capacity 4880K, committed 4992K, reserved 516096K
}
Event: 15.287 GC heap after
{Heap after GC invocations=5 (full 0):
 garbage-first heap   total 227328K, used 23852K [0x0000000080000000, 0x0000000100000000)
  region size 1024K, 6 young (6144K), 6 survivors (6144K)
 Metaspace       used 35059K, capacity 35854K, committed 35968K, reserved 548864K
  class space    used 4558K, capacity 4880K, committed 4992K, reserved 516096K
}
Event: 60.316 GC heap before
{Heap before GC invocations=6 (full 0):
 garbage-first heap   total 227328K, used 130348K [0x0000000080000000, 0x0000000100000000)
  region size 1024K, 108 young (110592K), 6 survivors (6144K)
 Metaspace       used 42365K, capacity 43548K, committed 43648K, reserved 555008K
  class space    used 5442K, capacity 5922K, committed 6016K, reserved 516096K
}
Event: 60.440 GC heap after
{Heap after GC invocations=7 (full 0):
 garbage-first heap   total 227328K, used 30789K [0x0000000080000000, 0x0000000100000000)
  region size 1024K, 13 young (13312K), 13 survivors (13312K)
 Metaspace       used 42365K, capacity 43548K, committed 43648K, reserved 555008K
  class space    used 5442K, capacity 5922K, committed 6016K, reserved 516096K
}

Deoptimization events (10 events):
Event: 40.078 Thread 0x00000186fbb5e800 Uncommon trap: reason=class_check action=maybe_recompile pc=0x0000018687c3de80 method=java.util.regex.Pattern$Start.match(Ljava/util/regex/Matcher;ILjava/lang/CharSequence;)Z @ 44 c2
Event: 40.078 Thread 0x00000186fbb5e800 Uncommon trap: reason=class_check action=maybe_recompile pc=0x0000018687c3ec8c method=java.util.regex.Pattern$Start.match(Ljava/util/regex/Matcher;ILjava/lang/CharSequence;)Z @ 44 c2
Event: 58.930 Thread 0x00000186fbb5e800 Uncommon trap: reason=unstable_if action=reinterpret pc=0x0000018687b51990 method=java.io.BufferedReader.readLine(Z)Ljava/lang/String; @ 192 c2
Event: 58.973 Thread 0x00000186fbb5e800 Uncommon trap: reason=unstable_if action=reinterpret pc=0x0000018687bb4ea0 method=java.lang.Integer.stringSize(I)I @ 3 c2
Event: 59.508 Thread 0x00000186fbb5e800 Uncommon trap: reason=bimorphic_or_optimized_type_check action=maybe_recompile pc=0x0000018687cf3b2c method=java.util.regex.Pattern$Start.match(Ljava/util/regex/Matcher;ILjava/lang/CharSequence;)Z @ 44 c2
Event: 59.562 Thread 0x00000186fbb5e800 Uncommon trap: reason=unstable_if action=reinterpret pc=0x0000018687c297b4 method=java.util.Arrays.hashCode([Ljava/lang/Object;)I @ 34 c2
Event: 60.515 Thread 0x00000186fbb62800 Uncommon trap: reason=class_check action=maybe_recompile pc=0x0000018687c326cc method=jdk.internal.ref.PhantomCleanable.clean()V @ 12 c2
Event: 60.515 Thread 0x00000186fbb62800 Uncommon trap: reason=class_check action=maybe_recompile pc=0x0000018687c326cc method=jdk.internal.ref.PhantomCleanable.clean()V @ 12 c2
Event: 60.515 Thread 0x00000186fbb62800 Uncommon trap: reason=class_check action=maybe_recompile pc=0x0000018687c326cc method=jdk.internal.ref.PhantomCleanable.clean()V @ 12 c2
Event: 60.515 Thread 0x00000186fbb62800 Uncommon trap: reason=class_check action=maybe_recompile pc=0x0000018687c326cc method=jdk.internal.ref.PhantomCleanable.clean()V @ 12 c2

Classes redefined (0 events):
No events

Internal exceptions (10 events):
Event: 59.578 Thread 0x00000186fbb5e800 Exception <a 'java/lang/NoSuchMethodError'{0x0000000087eb4b80}: java.lang.invoke.DirectMethodHandle$Holder.invokeInterface(Ljava/lang/Object;Ljava/lang/Object;)V> (0x0000000087eb4b80) thrown at [./open/src/hotspot/share/interpreter/linkResolver.cpp, line 
Event: 60.029 Thread 0x00000186fbb5e800 Exception <a 'java/lang/NoSuchMethodError'{0x0000000087907ea8}: java.lang.invoke.DirectMethodHandle$Holder.invokeSpecial(Ljava/lang/Object;Ljava/lang/Object;Ljava/lang/Object;Ljava/lang/Object;Ljava/lang/Object;Ljava/lang/Object;Ljava/lang/Object;Ljava/la
Event: 60.030 Thread 0x00000186fbb5e800 Exception <a 'java/lang/NoSuchMethodError'{0x00000000879105d8}: java.lang.invoke.Invokers$Holder.invoker(Ljava/lang/Object;Ljava/lang/Object;Ljava/lang/Object;Ljava/lang/Object;Ljava/lang/Object;Ljava/lang/Object;Ljava/lang/Object;Ljava/lang/Object;Ljava/
Event: 60.064 Thread 0x00000186fbb5e800 Exception <a 'java/lang/NoSuchMethodError'{0x00000000878d5080}: java.lang.invoke.DelegatingMethodHandle$Holder.reinvoke_L(Ljava/lang/Object;Ljava/lang/Object;Ljava/lang/Object;Ljava/lang/Object;Ljava/lang/Object;Ljava/lang/Object;Ljava/lang/Object;Ljava/l
Event: 60.065 Thread 0x00000186fbb5e800 Exception <a 'java/lang/NoSuchMethodError'{0x00000000878e0a38}: java.lang.invoke.Invokers$Holder.invoker(Ljava/lang/Object;Ljava/lang/Object;Ljava/lang/Object;Ljava/lang/Object;Ljava/lang/Object;Ljava/lang/Object;Ljava/lang/Object;Ljava/lang/Object;Ljava/
Event: 60.066 Thread 0x00000186fbb5e800 Exception <a 'java/lang/NoSuchMethodError'{0x00000000878e7a60}: java.lang.invoke.DelegatingMethodHandle$Holder.delegate(Ljava/lang/Object;Ljava/lang/Object;Ljava/lang/Object;Ljava/lang/Object;Ljava/lang/Object;Ljava/lang/Object;Ljava/lang/Object;Ljava/lan
Event: 60.069 Thread 0x00000186fbb5e800 Exception <a 'java/lang/NoSuchMethodError'{0x000000008772c278}: java.lang.invoke.DirectMethodHandle$Holder.invokeStatic(Ljava/lang/Object;Ljava/lang/Object;Ljava/lang/Object;Ljava/lang/Object;Ljava/lang/Object;Ljava/lang/Object;Ljava/lang/Object;Ljava/lan
Event: 60.070 Thread 0x00000186fbb5e800 Exception <a 'java/lang/NoSuchMethodError'{0x000000008773c608}: java.lang.invoke.DirectMethodHandle$Holder.invokeStatic(Ljava/lang/Object;Ljava/lang/Object;Ljava/lang/Object;Ljava/lang/Object;Ljava/lang/Object;Ljava/lang/Object;Ljava/lang/Object;Ljava/lan
Event: 60.071 Thread 0x00000186fbb5e800 Exception <a 'java/lang/NoSuchMethodError'{0x000000008774c8a8}: java.lang.invoke.DelegatingMethodHandle$Holder.reinvoke_L(Ljava/lang/Object;Ljava/lang/Object;Ljava/lang/Object;Ljava/lang/Object;Ljava/lang/Object;Ljava/lang/Object;Ljava/lang/Object;Ljava/l
Event: 60.646 Thread 0x00000186fbb5e800 Exception <a 'java/lang/IncompatibleClassChangeError'{0x000000008d58d640}: Found class java.lang.Object, but interface was expected> (0x000000008d58d640) thrown at [./open/src/hotspot/share/interpreter/linkResolver.cpp, line 838]

Events (10 events):
Event: 63.817 loading class org/gradle/internal/execution/workspace/WorkspaceProvider$WorkspaceAction done
Event: 63.819 loading class org/gradle/internal/execution/workspace/WorkspaceProvider$WorkspaceAction
Event: 63.819 loading class org/gradle/internal/execution/workspace/WorkspaceProvider$WorkspaceAction done
Event: 63.819 loading class org/gradle/internal/execution/workspace/impl/DefaultImmutableWorkspaceProvider
Event: 63.819 loading class org/gradle/internal/execution/workspace/impl/DefaultImmutableWorkspaceProvider done
Event: 63.990 Executing VM operation: RevokeBias
Event: 63.990 Executing VM operation: RevokeBias done
Event: 63.990 Executing VM operation: RevokeBias
Event: 63.990 Executing VM operation: RevokeBias done
Event: 63.991 Executing VM operation: BulkRevokeBias


Dynamic libraries:
0x00007ff7bfe80000 - 0x00007ff7bfe90000 	C:\Program Files\Java\jdk-11\bin\java.exe
0x00007ffd65a50000 - 0x00007ffd65c64000 	C:\WINDOWS\SYSTEM32\ntdll.dll
0x00007ffd644f0000 - 0x00007ffd645b4000 	C:\WINDOWS\System32\KERNEL32.DLL
0x00007ffd633b0000 - 0x00007ffd63754000 	C:\WINDOWS\System32\KERNELBASE.dll
0x00007ffd63120000 - 0x00007ffd63231000 	C:\WINDOWS\System32\ucrtbase.dll
0x00007ffcf51a0000 - 0x00007ffcf51b8000 	C:\Program Files\Java\jdk-11\bin\jli.dll
0x00007ffcef5a0000 - 0x00007ffcef5bb000 	C:\Program Files\Java\jdk-11\bin\VCRUNTIME140.dll
0x00007ffd654e0000 - 0x00007ffd65590000 	C:\WINDOWS\System32\ADVAPI32.dll
0x00007ffd65170000 - 0x00007ffd65217000 	C:\WINDOWS\System32\msvcrt.dll
0x00007ffd64960000 - 0x00007ffd64a06000 	C:\WINDOWS\System32\sechost.dll
0x00007ffd63930000 - 0x00007ffd63a47000 	C:\WINDOWS\System32\RPCRT4.dll
0x00007ffd64a10000 - 0x00007ffd64bbe000 	C:\WINDOWS\System32\USER32.dll
0x00007ffd630f0000 - 0x00007ffd63116000 	C:\WINDOWS\System32\win32u.dll
0x00007ffd644c0000 - 0x00007ffd644e9000 	C:\WINDOWS\System32\GDI32.dll
0x00007ffd62e70000 - 0x00007ffd62f88000 	C:\WINDOWS\System32\gdi32full.dll
0x00007ffd63050000 - 0x00007ffd630ea000 	C:\WINDOWS\System32\msvcp_win.dll
0x00007ffd52dc0000 - 0x00007ffd53053000 	C:\WINDOWS\WinSxS\amd64_microsoft.windows.common-controls_6595b64144ccf1df_6.0.22621.2215_none_270d72677387dfc3\COMCTL32.dll
0x00007ffd5c500000 - 0x00007ffd5c50a000 	C:\WINDOWS\SYSTEM32\VERSION.dll
0x00007ffd65830000 - 0x00007ffd65861000 	C:\WINDOWS\System32\IMM32.DLL
0x00007ffd23510000 - 0x00007ffd2351c000 	C:\Program Files\Java\jdk-11\bin\vcruntime140_1.dll
0x00007ffcef510000 - 0x00007ffcef59e000 	C:\Program Files\Java\jdk-11\bin\msvcp140.dll
0x00007ffcee9a0000 - 0x00007ffcef508000 	C:\Program Files\Java\jdk-11\bin\server\jvm.dll
0x00007ffd65160000 - 0x00007ffd65168000 	C:\WINDOWS\System32\PSAPI.DLL
0x00007ffd49430000 - 0x00007ffd49439000 	C:\WINDOWS\SYSTEM32\WSOCK32.dll
0x00007ffd5c380000 - 0x00007ffd5c3b4000 	C:\WINDOWS\SYSTEM32\WINMM.dll
0x00007ffd65640000 - 0x00007ffd656b1000 	C:\WINDOWS\System32\WS2_32.dll
0x00007ffd61dc0000 - 0x00007ffd61dd8000 	C:\WINDOWS\SYSTEM32\kernel.appcore.dll
0x00007ffd13780000 - 0x00007ffd13790000 	C:\Program Files\Java\jdk-11\bin\verify.dll
0x00007ffd60850000 - 0x00007ffd60a7e000 	C:\WINDOWS\SYSTEM32\DBGHELP.DLL
0x00007ffd645c0000 - 0x00007ffd6494a000 	C:\WINDOWS\System32\combase.dll
0x00007ffd65750000 - 0x00007ffd65827000 	C:\WINDOWS\System32\OLEAUT32.dll
0x00007ffd4d920000 - 0x00007ffd4d952000 	C:\WINDOWS\SYSTEM32\dbgcore.DLL
0x00007ffd63760000 - 0x00007ffd637da000 	C:\WINDOWS\System32\bcryptPrimitives.dll
0x00007ffcee970000 - 0x00007ffcee998000 	C:\Program Files\Java\jdk-11\bin\java.dll
0x00007ffd0e580000 - 0x00007ffd0e58a000 	C:\Program Files\Java\jdk-11\bin\jimage.dll
0x00007ffcee950000 - 0x00007ffcee967000 	C:\Program Files\Java\jdk-11\bin\zip.dll
0x00007ffd63b50000 - 0x00007ffd64373000 	C:\WINDOWS\System32\SHELL32.dll
0x00007ffd60d40000 - 0x00007ffd6162a000 	C:\WINDOWS\SYSTEM32\windows.storage.dll
0x00007ffd60c00000 - 0x00007ffd60d3e000 	C:\WINDOWS\SYSTEM32\wintypes.dll
0x00007ffd63a50000 - 0x00007ffd63b43000 	C:\WINDOWS\System32\SHCORE.dll
0x00007ffd64460000 - 0x00007ffd644be000 	C:\WINDOWS\System32\shlwapi.dll
0x00007ffd62d30000 - 0x00007ffd62d56000 	C:\WINDOWS\SYSTEM32\profapi.dll
0x00007ffcee930000 - 0x00007ffcee949000 	C:\Program Files\Java\jdk-11\bin\net.dll
0x00007ffd5c150000 - 0x00007ffd5c287000 	C:\WINDOWS\SYSTEM32\WINHTTP.dll
0x00007ffd62280000 - 0x00007ffd622e9000 	C:\WINDOWS\system32\mswsock.dll
0x00007ffcee910000 - 0x00007ffcee922000 	C:\Program Files\Java\jdk-11\bin\nio.dll
0x00007ffd2d960000 - 0x00007ffd2d987000 	C:\Users\mrizk\.gradle\native\68d5fa5c4cc2d200863cafc0d521ce42e7d3e7ee720ec0a83991735586a16f82\windows-amd64\native-platform.dll
0x00007ffd150a0000 - 0x00007ffd151e4000 	C:\Users\mrizk\.gradle\native\e376f236ea51e6404a007f0833ffe2c6e607c4080706a723a18a27aeea778392\windows-amd64\native-platform-file-events.dll
0x00007ffd3d800000 - 0x00007ffd3d809000 	C:\Program Files\Java\jdk-11\bin\management.dll
0x00007ffd35190000 - 0x00007ffd3519b000 	C:\Program Files\Java\jdk-11\bin\management_ext.dll
0x00007ffd624b0000 - 0x00007ffd624cb000 	C:\WINDOWS\SYSTEM32\CRYPTSP.dll
0x00007ffd61d80000 - 0x00007ffd61db5000 	C:\WINDOWS\system32\rsaenh.dll
0x00007ffd62330000 - 0x00007ffd6235c000 	C:\WINDOWS\SYSTEM32\USERENV.dll
0x00007ffd626c0000 - 0x00007ffd626e8000 	C:\WINDOWS\SYSTEM32\bcrypt.dll
0x00007ffd624d0000 - 0x00007ffd624dc000 	C:\WINDOWS\SYSTEM32\CRYPTBASE.dll
0x00007ffd61890000 - 0x00007ffd618bd000 	C:\WINDOWS\SYSTEM32\IPHLPAPI.DLL
0x00007ffd65150000 - 0x00007ffd65159000 	C:\WINDOWS\System32\NSI.dll
0x00007ffd5c510000 - 0x00007ffd5c529000 	C:\WINDOWS\SYSTEM32\dhcpcsvc6.DLL
0x00007ffd5c360000 - 0x00007ffd5c37f000 	C:\WINDOWS\SYSTEM32\dhcpcsvc.DLL
0x00007ffd61900000 - 0x00007ffd619f2000 	C:\WINDOWS\SYSTEM32\DNSAPI.dll

dbghelp: loaded successfully - version: 4.0.5 - missing functions: none
symbol engine: initialized successfully - sym options: 0x614 - pdb path: .;C:\Program Files\Java\jdk-11\bin;C:\WINDOWS\SYSTEM32;C:\WINDOWS\WinSxS\amd64_microsoft.windows.common-controls_6595b64144ccf1df_6.0.22621.2215_none_270d72677387dfc3;C:\Program Files\Java\jdk-11\bin\server;C:\Users\mrizk\.gradle\native\68d5fa5c4cc2d200863cafc0d521ce42e7d3e7ee720ec0a83991735586a16f82\windows-amd64;C:\Users\mrizk\.gradle\native\e376f236ea51e6404a007f0833ffe2c6e607c4080706a723a18a27aeea778392\windows-amd64

VM Arguments:
jvm_args: -XX:MaxMetaspaceSize=512m --add-opens=java.base/java.util=ALL-UNNAMED --add-opens=java.base/java.lang=ALL-UNNAMED --add-opens=java.base/java.lang.invoke=ALL-UNNAMED --add-opens=java.prefs/java.util.prefs=ALL-UNNAMED --add-opens=java.base/java.nio.charset=ALL-UNNAMED --add-opens=java.base/java.net=ALL-UNNAMED --add-opens=java.base/java.util.concurrent.atomic=ALL-UNNAMED -Xmx2048m -Dfile.encoding=windows-1252 -Duser.country=ID -Duser.language=en -Duser.variant 
java_command: org.gradle.launcher.daemon.bootstrap.GradleDaemon 8.0.1
java_class_path (initial): C:\Users\mrizk\.gradle\wrapper\dists\gradle-8.0.1-all\aro4hu1c3oeioove7l0i4i14o\gradle-8.0.1\lib\gradle-launcher-8.0.1.jar
Launcher Type: SUN_STANDARD

[Global flags]
     intx CICompilerCount                          = 4                                         {product} {ergonomic}
   size_t CompressedClassSpaceSize                 = 528482304                                 {product} {ergonomic}
     uint ConcGCThreads                            = 3                                         {product} {ergonomic}
     uint G1ConcRefinementThreads                  = 10                                        {product} {ergonomic}
   size_t G1HeapRegionSize                         = 1048576                                   {product} {ergonomic}
    uintx GCDrainStackTargetSize                   = 64                                        {product} {ergonomic}
   size_t InitialHeapSize                          = 232783872                                 {product} {ergonomic}
   size_t MarkStackSize                            = 4194304                                   {product} {ergonomic}
   size_t MaxHeapSize                              = 2147483648                                {product} {command line}
   size_t MaxMetaspaceSize                         = 536870912                                 {product} {command line}
   size_t MaxNewSize                               = 1287651328                                {product} {ergonomic}
   size_t MinHeapDeltaBytes                        = 1048576                                   {product} {ergonomic}
    uintx NonNMethodCodeHeapSize                   = 5836300                                {pd product} {ergonomic}
    uintx NonProfiledCodeHeapSize                  = 122910970                              {pd product} {ergonomic}
    uintx ProfiledCodeHeapSize                     = 122910970                              {pd product} {ergonomic}
    uintx ReservedCodeCacheSize                    = 251658240                              {pd product} {ergonomic}
     bool SegmentedCodeCache                       = true                                      {product} {ergonomic}
     bool UseCompressedClassPointers               = true                                 {lp64_product} {ergonomic}
     bool UseCompressedOops                        = true                                 {lp64_product} {ergonomic}
     bool UseG1GC                                  = true                                      {product} {ergonomic}
     bool UseLargePagesIndividualAllocation        = false                                  {pd product} {ergonomic}

Logging:
Log output configuration:
 #0: stdout all=warning uptime,level,tags
 #1: stderr all=off uptime,level,tags

Environment Variables:
JAVA_HOME=C:\Program Files\Java\jdk-11
CLASSPATH=F:\drive-programming\00bootcamp\code\week9\tugas\recipe_rn\android\\gradle\wrapper\gradle-wrapper.jar
PATH=F:\drive-programming\00bootcamp\code\week9\tugas\recipe_rn\node_modules\.bin;F:\drive-programming\00bootcamp\code\week9\tugas\recipe_rn\node_modules\.bin;F:\drive-programming\00bootcamp\code\week9\tugas\node_modules\.bin;F:\drive-programming\00bootcamp\code\week9\node_modules\.bin;F:\drive-programming\00bootcamp\code\node_modules\.bin;F:\drive-programming\00bootcamp\node_modules\.bin;F:\drive-programming\node_modules\.bin;F:\node_modules\.bin;C:\Users\mrizk\AppData\Roaming\nvm\v18.13.0\node_modules\npm\node_modules\@npmcli\run-script\lib\node-gyp-bin;F:\drive-programming\00bootcamp\code\week9\tugas\recipe_rn\node_modules\.bin;F:\drive-programming\00bootcamp\code\week9\tugas\node_modules\.bin;F:\drive-programming\00bootcamp\code\week9\node_modules\.bin;F:\drive-programming\00bootcamp\code\node_modules\.bin;F:\drive-programming\00bootcamp\node_modules\.bin;F:\drive-programming\node_modules\.bin;F:\node_modules\.bin;C:\Users\mrizk\AppData\Roaming\nvm\v18.13.0\node_modules\npm\node_modules\@npmcli\run-script\lib\node-gyp-bin;C:\Users\mrizk\bin;C:\Program Files\Git\mingw64\bin;C:\Program Files\Git\usr\local\bin;C:\Program Files\Git\usr\bin;C:\Program Files\Git\usr\bin;C:\Program Files\Git\mingw64\bin;C:\Program Files\Git\usr\bin;C:\Users\mrizk\bin;C:\Program Files\Common Files\Oracle\Java\javapath;C:\Windows\system32;C:\Windows;C:\Windows\System32\Wbem;C:\Windows\System32\WindowsPowerShell\v1.0;C:\Windows\System32\OpenSSH;C:\Program Files (x86)\NVIDIA Corporation\PhysX\Common;C:\Program Files\Microsoft VS Code\bin;C:\Program Files\Git\cmd;C:\xampp\mysql\bin;C:\Program Files\MongoDB\Server\6.0\bin;C:\Program Files\mongosh\mongosh-1.6.0-win32-x64\bin;C:\Program Files\NVIDIA Corporation\NVIDIA NvDLISR;C:\Users\mrizk\AppData\Roaming\nvm;C:\Program Files\nodejs;C:\WINDOWS\system32;C:\WINDOWS;C:\WINDOWS\System32\Wbem;C:\WINDOWS\System32\WindowsPowerShell\v1.0;C:\WINDOWS\System32\OpenSSH;C:\Users\mrizk\AppData\Local\Android\Sdk\platform-tools;C:\Program Files\Java\jdk-11;C:\P
USERNAME=mrizk
SHELL=C:\Program Files\Git\usr\bin\bash.exe
DISPLAY=needs-to-be-defined
OS=Windows_NT
PROCESSOR_IDENTIFIER=AMD64 Family 25 Model 80 Stepping 0, AuthenticAMD



---------------  S Y S T E M  ---------------

OS: Windows 11 , 64 bit Build 22621 (10.0.22621.2215)
Hyper-V role detected

CPU:total 12 (initial active 12) (12 cores per cpu, 2 threads per core) family 25 model 80 stepping 0 microcode 0x0, cmov, cx8, fxsr, mmx, sse, sse2, sse3, ssse3, sse4.1, sse4.2, popcnt, avx, avx2, aes, clmul, erms, mmxext, 3dnowpref, lzcnt, sse4a, ht, tsc, tscinvbit, tscinv, bmi1, bmi2,

Memory: 4k page, system-wide physical 14188M (194M free)
TotalPageFile size 46729M (AvailPageFile size 5M)
current process WorkingSet (physical memory assigned to process): 195M, peak: 226M
current process commit charge ("private bytes"): 400M, peak: 432M

vm_info: Java HotSpot(TM) 64-Bit Server VM (11.0.18+9-LTS-195) for windows-amd64 JRE (11.0.18+9-LTS-195), built on Dec  6 2022 15:50:58 by "mach5one" with MS VC++ 17.1 (VS2022)

END.
