#
# There is insufficient memory for the Java Runtime Environment to continue.
# Native memory allocation (malloc) failed to allocate 998656 bytes for Chunk::new
# Possible reasons:
#   The system is out of physical RAM or swap space
#   The process is running with CompressedOops enabled, and the Java Heap may be blocking the growth of the native heap
# Possible solutions:
#   Reduce memory load on the system
#   Increase physical memory or swap space
#   Check if swap backing store is full
#   Decrease Java heap size (-Xmx/-Xms)
#   Decrease number of Java threads
#   Decrease Java thread stack sizes (-Xss)
#   Set larger code cache with -XX:ReservedCodeCacheSize=
#   JVM is running with Unscaled Compressed Oops mode in which the Java heap is
#     placed in the first 4GB address space. The Java Heap base address is the
#     maximum limit for the native heap growth. Please use -XX:HeapBaseMinAddress
#     to set the Java Heap base and to place the Java Heap above 4GB virtual address.
# This output file may be truncated or incomplete.
#
#  Out of Memory Error (./open/src/hotspot/share/memory/arena.cpp:197), pid=32596, tid=38308
#
# JRE version: Java(TM) SE Runtime Environment 18.9 (11.0.18+9) (build 11.0.18+9-LTS-195)
# Java VM: Java HotSpot(TM) 64-Bit Server VM 18.9 (11.0.18+9-LTS-195, mixed mode, tiered, compressed oops, g1 gc, windows-amd64)
# No core dump will be written. Minidumps are not enabled by default on client versions of Windows
#

---------------  S U M M A R Y ------------

Command Line: -XX:MaxMetaspaceSize=512m --add-opens=java.base/java.util=ALL-UNNAMED --add-opens=java.base/java.lang=ALL-UNNAMED --add-opens=java.base/java.lang.invoke=ALL-UNNAMED --add-opens=java.prefs/java.util.prefs=ALL-UNNAMED --add-opens=java.base/java.nio.charset=ALL-UNNAMED --add-opens=java.base/java.net=ALL-UNNAMED --add-opens=java.base/java.util.concurrent.atomic=ALL-UNNAMED -Xmx2048m -Dfile.encoding=windows-1252 -Duser.country=ID -Duser.language=en -Duser.variant org.gradle.launcher.daemon.bootstrap.GradleDaemon 8.0.1

Host: AMD Ryzen 5 5600H with Radeon Graphics         , 12 cores, 13G,  Windows 11 , 64 bit Build 22621 (10.0.22621.2215)
Time: Thu Oct  5 18:41:01 2023 SE Asia Standard Time elapsed time: 446.980142 seconds (0d 0h 7m 26s)

---------------  T H R E A D  ---------------

Current thread (0x0000016cf6ff5000):  JavaThread "C2 CompilerThread0" daemon [_thread_in_native, id=38308, stack(0x00000029e2800000,0x00000029e2900000)]


Current CompileTask:
C2: 446980 13592       4       org.gradle.api.internal.DefaultNamedDomainObjectCollection::findByName (61 bytes)

Stack: [0x00000029e2800000,0x00000029e2900000]
Native frames: (J=compiled Java code, j=interpreted, Vv=VM code, C=native code)
V  [jvm.dll+0x65d8aa]
V  [jvm.dll+0x79fc1f]
V  [jvm.dll+0x7a12e9]
V  [jvm.dll+0x7a1983]
V  [jvm.dll+0x2585b5]
V  [jvm.dll+0xb284c]
V  [jvm.dll+0xb2e0c]
V  [jvm.dll+0x2c9c42]
V  [jvm.dll+0x56d7dc]
V  [jvm.dll+0x21a251]
V  [jvm.dll+0x213a35]
V  [jvm.dll+0x210264]
V  [jvm.dll+0x18c641]
V  [jvm.dll+0x220609]
V  [jvm.dll+0x21e92c]
V  [jvm.dll+0x763f61]
V  [jvm.dll+0x75c924]
V  [jvm.dll+0x65c755]
C  [ucrtbase.dll+0x29363]
C  [KERNEL32.DLL+0x1257d]
C  [ntdll.dll+0x5aa68]


---------------  P R O C E S S  ---------------

Threads class SMR info:
_java_thread_list=0x0000016c80991650, length=184, elements={
0x0000016cd6355800, 0x0000016cf67ae800, 0x0000016cf67b1000, 0x0000016cf67bc000,
0x0000016cf67bd800, 0x0000016cf6ff2000, 0x0000016cf6ff5000, 0x0000016cf6ff6000,
0x0000016cf703d000, 0x0000016cf71a5000, 0x0000016cf88d3800, 0x0000016cf897a800,
0x0000016cf87c2000, 0x0000016cf82d4800, 0x0000016cf90cc000, 0x0000016cf813a800,
0x0000016cf91cc800, 0x0000016cf94f6000, 0x0000016cf7572000, 0x0000016cf7577000,
0x0000016cf7571800, 0x0000016cf7575800, 0x0000016cf7573000, 0x0000016cf7578000,
0x0000016cf7574800, 0x0000016cf7576000, 0x0000016cf7574000, 0x0000016cf9bfa800,
0x0000016cf9bfb000, 0x0000016cf9bfc000, 0x0000016cf9bf8800, 0x0000016cf9bf6000,
0x0000016cf9bfd000, 0x0000016cf9bfe800, 0x0000016cf9c00000, 0x0000016cf9bff000,
0x0000016cf9c01000, 0x0000016cf9c01800, 0x0000016cf9c02800, 0x0000016cf9bfd800,
0x0000016cf9c03800, 0x0000016cf9c04000, 0x0000016cf9c05000, 0x0000016cfb616800,
0x0000016cfb613800, 0x0000016cfb616000, 0x0000016cfb617800, 0x0000016cfb612800,
0x0000016cfb619000, 0x0000016cfb61a000, 0x0000016cfb618800, 0x0000016cfb614000,
0x0000016cfb61a800, 0x0000016cfb615000, 0x0000016cfb61f800, 0x0000016cfb620800,
0x0000016cfb61d000, 0x0000016cfb61e000, 0x0000016cfb61b800, 0x0000016cfb61c800,
0x0000016cfb61f000, 0x0000016cfb621800, 0x0000016cfccb8000, 0x0000016cfccb6800,
0x0000016cfccb3000, 0x0000016cfccb7800, 0x0000016cfccb2800, 0x0000016cfccb4000,
0x0000016cfccb9000, 0x0000016cfccb5000, 0x0000016cfccba800, 0x0000016cfccb9800,
0x0000016cfccb5800, 0x0000016cfccc0800, 0x0000016cfccbc000, 0x0000016cfccc1000,
0x0000016cfccbe800, 0x0000016cfccbd000, 0x0000016cfccbf800, 0x0000016c8009f800,
0x0000016c800a1000, 0x0000016c800a0800, 0x0000016c8009b800, 0x0000016c800a2000,
0x0000016c8009d000, 0x0000016c8009c800, 0x0000016c800a3000, 0x0000016c800a3800,
0x0000016c8009e000, 0x0000016c800a4800, 0x0000016c8009e800, 0x0000016c800a9800,
0x0000016c800aa000, 0x0000016c800a5800, 0x0000016c800a8800, 0x0000016c800a6000,
0x0000016c800a7000, 0x0000016c800a7800, 0x0000016cf9dae800, 0x0000016cf9daf000,
0x0000016cf9dac000, 0x0000016cf9db2800, 0x0000016cf9dac800, 0x0000016cf9dad800,
0x0000016cf9db1800, 0x0000016cf9db5800, 0x0000016cf9db3000, 0x0000016cf9db4000,
0x0000016cf9db5000, 0x0000016cf9db0000, 0x0000016cf9db1000, 0x0000016cf9dba800,
0x0000016cf9db8000, 0x0000016cf9db6800, 0x0000016cf9db9000, 0x0000016cf9dba000,
0x0000016cf9db7800, 0x0000016cfbb56800, 0x0000016cfbb53000, 0x0000016cfbb55800,
0x0000016cfbb54000, 0x0000016cfbb54800, 0x0000016cfbb57000, 0x0000016cfbb58000,
0x0000016cfbb52000, 0x0000016cfbb5d000, 0x0000016cfbb5e800, 0x0000016cfbb5a800,
0x0000016cfbb5c000, 0x0000016cfbb59800, 0x0000016cfbb58800, 0x0000016cfbb5d800,
0x0000016cfbb5f800, 0x0000016cfbb61000, 0x0000016cfbb5b000, 0x0000016cfbb60000,
0x0000016cfb93a000, 0x0000016cfb93f000, 0x0000016cfb940000, 0x0000016cfb93e000,
0x0000016cfb93c000, 0x0000016cfb940800, 0x0000016cfb93d800, 0x0000016cfb93b000,
0x0000016cfb941800, 0x0000016cfb942800, 0x0000016cfb93c800, 0x0000016cfb944000,
0x0000016cfb945800, 0x0000016cfb946800, 0x0000016cfb945000, 0x0000016cfb947000,
0x0000016cfb948000, 0x0000016cfb949000, 0x0000016cfb943000, 0x0000016cfd2dc800,
0x0000016cfd2de800, 0x0000016cfd2e3000, 0x0000016cfd2df800, 0x0000016cfd2e0800,
0x0000016cfd2e1000, 0x0000016cfd2dd000, 0x0000016cfd2e2000, 0x0000016cfd2e3800,
0x0000016cfd2de000, 0x0000016cfd2e7800, 0x0000016cfd2e6000, 0x0000016cfd2e8800,
0x0000016cfd2e9800, 0x0000016cfd2ea000, 0x0000016cfd2e7000, 0x0000016cfd2e4800,
0x0000016cfd2eb000, 0x0000016cfd2e5800, 0x0000016cfbf67800, 0x0000016cfbf68800,
0x0000016cfbf69000, 0x0000016cfbf6b000, 0x0000016cfbf6a000, 0x0000016cfbf6b800,
0x0000016cfbf66800, 0x0000016cfbf6e000, 0x0000016cfbf6f800, 0x0000016cfbf73000
}

Java Threads: ( => current thread )
  0x0000016cd6355800 JavaThread "main" [_thread_blocked, id=34908, stack(0x00000029e1c00000,0x00000029e1d00000)]
  0x0000016cf67ae800 JavaThread "Reference Handler" daemon [_thread_blocked, id=34968, stack(0x00000029e2300000,0x00000029e2400000)]
  0x0000016cf67b1000 JavaThread "Finalizer" daemon [_thread_blocked, id=37200, stack(0x00000029e2400000,0x00000029e2500000)]
  0x0000016cf67bc000 JavaThread "Signal Dispatcher" daemon [_thread_blocked, id=36988, stack(0x00000029e2500000,0x00000029e2600000)]
  0x0000016cf67bd800 JavaThread "Attach Listener" daemon [_thread_blocked, id=30432, stack(0x00000029e2600000,0x00000029e2700000)]
  0x0000016cf6ff2000 JavaThread "Service Thread" daemon [_thread_blocked, id=25048, stack(0x00000029e2700000,0x00000029e2800000)]
=>0x0000016cf6ff5000 JavaThread "C2 CompilerThread0" daemon [_thread_in_native, id=38308, stack(0x00000029e2800000,0x00000029e2900000)]
  0x0000016cf6ff6000 JavaThread "C1 CompilerThread0" daemon [_thread_blocked, id=30004, stack(0x00000029e2900000,0x00000029e2a00000)]
  0x0000016cf703d000 JavaThread "Sweeper thread" daemon [_thread_blocked, id=42836, stack(0x00000029e2a00000,0x00000029e2b00000)]
  0x0000016cf71a5000 JavaThread "Common-Cleaner" daemon [_thread_blocked, id=24376, stack(0x00000029e2b00000,0x00000029e2c00000)]
  0x0000016cf88d3800 JavaThread "Daemon health stats" [_thread_blocked, id=43052, stack(0x00000029e3100000,0x00000029e3200000)]
  0x0000016cf897a800 JavaThread "Incoming local TCP Connector on port 58804" [_thread_in_native, id=43404, stack(0x00000029e3200000,0x00000029e3300000)]
  0x0000016cf87c2000 JavaThread "Daemon periodic checks" [_thread_blocked, id=43440, stack(0x00000029e3400000,0x00000029e3500000)]
  0x0000016cf82d4800 JavaThread "Daemon" [_thread_blocked, id=43476, stack(0x00000029e3300000,0x00000029e3400000)]
  0x0000016cf90cc000 JavaThread "Handler for socket connection from /127.0.0.1:58804 to /127.0.0.1:58807" [_thread_in_native, id=43488, stack(0x00000029e3500000,0x00000029e3600000)]
  0x0000016cf813a800 JavaThread "Cancel handler" [_thread_blocked, id=43500, stack(0x00000029e3600000,0x00000029e3700000)]
  0x0000016cf91cc800 JavaThread "Daemon worker" [_thread_blocked, id=43588, stack(0x00000029e3700000,0x00000029e3800000)]
  0x0000016cf94f6000 JavaThread "Asynchronous log dispatcher for DefaultDaemonConnection: socket connection from /127.0.0.1:58804 to /127.0.0.1:58807" [_thread_blocked, id=43600, stack(0x00000029e3800000,0x00000029e3900000)]
  0x0000016cf7572000 JavaThread "Daemon client event forwarder" [_thread_blocked, id=43608, stack(0x00000029e3a00000,0x00000029e3b00000)]
  0x0000016cf7577000 JavaThread "Cache worker for journal cache (C:\Users\mrizk\.gradle\caches\journal-1)" [_thread_blocked, id=43804, stack(0x00000029e3b00000,0x00000029e3c00000)]
  0x0000016cf7571800 JavaThread "File lock request listener" [_thread_in_native, id=43816, stack(0x00000029e3c00000,0x00000029e3d00000)]
  0x0000016cf7575800 JavaThread "File lock release action executor" [_thread_blocked, id=43840, stack(0x00000029e3d00000,0x00000029e3e00000)]
  0x0000016cf7573000 JavaThread "Cache worker for file hash cache (C:\Users\mrizk\.gradle\caches\8.0.1\fileHashes)" [_thread_blocked, id=44012, stack(0x00000029e4500000,0x00000029e4600000)]
  0x0000016cf7578000 JavaThread "File watcher server" daemon [_thread_in_native, id=44644, stack(0x00000029e4600000,0x00000029e4700000)]
  0x0000016cf7574800 JavaThread "File watcher consumer" daemon [_thread_blocked, id=44648, stack(0x00000029e4700000,0x00000029e4800000)]
  0x0000016cf7576000 JavaThread "Cache worker for checksums cache (F:\drive-programming\00bootcamp\code\week9\tugas\recipe_rn\android\.gradle\8.0.1\checksums)" [_thread_blocked, id=44712, stack(0x00000029e4800000,0x00000029e4900000)]
  0x0000016cf7574000 JavaThread "Cache worker for cache directory md-rule (C:\Users\mrizk\.gradle\caches\8.0.1\md-rule)" [_thread_blocked, id=44716, stack(0x00000029e4900000,0x00000029e4a00000)]
  0x0000016cf9bfa800 JavaThread "Cache worker for file content cache (C:\Users\mrizk\.gradle\caches\8.0.1\fileContent)" [_thread_blocked, id=44724, stack(0x00000029e4a00000,0x00000029e4b00000)]
  0x0000016cf9bfb000 JavaThread "Cache worker for file hash cache (F:\drive-programming\00bootcamp\code\week9\tugas\recipe_rn\android\.gradle\8.0.1\fileHashes)" [_thread_blocked, id=44748, stack(0x00000029e4b00000,0x00000029e4c00000)]
  0x0000016cf9bfc000 JavaThread "Cache worker for cache directory md-supplier (C:\Users\mrizk\.gradle\caches\8.0.1\md-supplier)" [_thread_blocked, id=44752, stack(0x00000029e4c00000,0x00000029e4d00000)]
  0x0000016cf9bf8800 JavaThread "Cache worker for execution history cache (C:\Users\mrizk\.gradle\caches\8.0.1\executionHistory)" [_thread_blocked, id=44760, stack(0x00000029e4d00000,0x00000029e4e00000)]
  0x0000016cf9bf6000 JavaThread "jar transforms" [_thread_blocked, id=5848, stack(0x00000029e1900000,0x00000029e1a00000)]
  0x0000016cf9bfd000 JavaThread "jar transforms Thread 2" [_thread_blocked, id=26332, stack(0x00000029e5000000,0x00000029e5100000)]
  0x0000016cf9bfe800 JavaThread "jar transforms Thread 3" [_thread_blocked, id=44780, stack(0x00000029e5100000,0x00000029e5200000)]
  0x0000016cf9c00000 JavaThread "jar transforms Thread 4" [_thread_blocked, id=22012, stack(0x00000029e1a00000,0x00000029e1b00000)]
  0x0000016cf9bff000 JavaThread "Cache worker for kotlin-dsl (C:\Users\mrizk\.gradle\caches\8.0.1\kotlin-dsl)" [_thread_blocked, id=14260, stack(0x00000029e5200000,0x00000029e5300000)]
  0x0000016cf9c01000 JavaThread "jar transforms Thread 5" [_thread_blocked, id=21760, stack(0x00000029e1b00000,0x00000029e1c00000)]
  0x0000016cf9c01800 JavaThread "jar transforms Thread 6" [_thread_blocked, id=19028, stack(0x00000029e3900000,0x00000029e3a00000)]
  0x0000016cf9c02800 JavaThread "Cache worker for dependencies-accessors (F:\drive-programming\00bootcamp\code\week9\tugas\recipe_rn\android\.gradle\8.0.1\dependencies-accessors)" [_thread_blocked, id=34984, stack(0x00000029e4e00000,0x00000029e4f00000)]
  0x0000016cf9bfd800 JavaThread "Cache worker for Build Output Cleanup Cache (F:\drive-programming\00bootcamp\code\week9\tugas\recipe_rn\node_modules\@react-native\gradle-plugin\.gradle\buildOutputCleanup)" [_thread_blocked, id=35004, stack(0x00000029e4f00000,0x00000029e5000000)]
  0x0000016cf9c03800 JavaThread "jar transforms Thread 7" [_thread_blocked, id=42672, stack(0x00000029e5300000,0x00000029e5400000)]
  0x0000016cf9c04000 JavaThread "Unconstrained build operations" [_thread_blocked, id=45648, stack(0x00000029e5400000,0x00000029e5500000)]
  0x0000016cf9c05000 JavaThread "Unconstrained build operations Thread 2" [_thread_blocked, id=40368, stack(0x00000029e5500000,0x00000029e5600000)]
  0x0000016cfb616800 JavaThread "Unconstrained build operations Thread 3" [_thread_blocked, id=7544, stack(0x00000029e5600000,0x00000029e5700000)]
  0x0000016cfb613800 JavaThread "Unconstrained build operations Thread 4" [_thread_blocked, id=38484, stack(0x00000029e5700000,0x00000029e5800000)]
  0x0000016cfb616000 JavaThread "Unconstrained build operations Thread 5" [_thread_blocked, id=26908, stack(0x00000029e5800000,0x00000029e5900000)]
  0x0000016cfb617800 JavaThread "Unconstrained build operations Thread 6" [_thread_blocked, id=40472, stack(0x00000029e5900000,0x00000029e5a00000)]
  0x0000016cfb612800 JavaThread "Unconstrained build operations Thread 7" [_thread_blocked, id=38216, stack(0x00000029e5a00000,0x00000029e5b00000)]
  0x0000016cfb619000 JavaThread "Unconstrained build operations Thread 8" [_thread_blocked, id=9100, stack(0x00000029e5b00000,0x00000029e5c00000)]
  0x0000016cfb61a000 JavaThread "Unconstrained build operations Thread 9" [_thread_blocked, id=36392, stack(0x00000029e5c00000,0x00000029e5d00000)]
  0x0000016cfb618800 JavaThread "Unconstrained build operations Thread 10" [_thread_blocked, id=45344, stack(0x00000029e5d00000,0x00000029e5e00000)]
  0x0000016cfb614000 JavaThread "Unconstrained build operations Thread 11" [_thread_blocked, id=27772, stack(0x00000029e5e00000,0x00000029e5f00000)]
  0x0000016cfb61a800 JavaThread "Unconstrained build operations Thread 12" [_thread_blocked, id=28364, stack(0x00000029e5f00000,0x00000029e6000000)]
  0x0000016cfb615000 JavaThread "Unconstrained build operations Thread 13" [_thread_blocked, id=44908, stack(0x00000029e6000000,0x00000029e6100000)]
  0x0000016cfb61f800 JavaThread "Unconstrained build operations Thread 14" [_thread_blocked, id=15948, stack(0x00000029e6100000,0x00000029e6200000)]
  0x0000016cfb620800 JavaThread "Unconstrained build operations Thread 15" [_thread_blocked, id=2940, stack(0x00000029e6200000,0x00000029e6300000)]
  0x0000016cfb61d000 JavaThread "Unconstrained build operations Thread 16" [_thread_blocked, id=40488, stack(0x00000029e6300000,0x00000029e6400000)]
  0x0000016cfb61e000 JavaThread "Unconstrained build operations Thread 17" [_thread_blocked, id=30464, stack(0x00000029e6400000,0x00000029e6500000)]
  0x0000016cfb61b800 JavaThread "Unconstrained build operations Thread 18" [_thread_blocked, id=14984, stack(0x00000029e6500000,0x00000029e6600000)]
  0x0000016cfb61c800 JavaThread "Unconstrained build operations Thread 19" [_thread_blocked, id=28452, stack(0x00000029e6600000,0x00000029e6700000)]
  0x0000016cfb61f000 JavaThread "Unconstrained build operations Thread 20" [_thread_blocked, id=18668, stack(0x00000029e6700000,0x00000029e6800000)]
  0x0000016cfb621800 JavaThread "Unconstrained build operations Thread 21" [_thread_blocked, id=35196, stack(0x00000029e6800000,0x00000029e6900000)]
  0x0000016cfccb8000 JavaThread "Unconstrained build operations Thread 22" [_thread_blocked, id=38180, stack(0x00000029e6900000,0x00000029e6a00000)]
  0x0000016cfccb6800 JavaThread "Unconstrained build operations Thread 23" [_thread_blocked, id=39484, stack(0x00000029e6a00000,0x00000029e6b00000)]
  0x0000016cfccb3000 JavaThread "Unconstrained build operations Thread 24" [_thread_blocked, id=44128, stack(0x00000029e6b00000,0x00000029e6c00000)]
  0x0000016cfccb7800 JavaThread "Unconstrained build operations Thread 25" [_thread_blocked, id=43772, stack(0x00000029e6c00000,0x00000029e6d00000)]
  0x0000016cfccb2800 JavaThread "Unconstrained build operations Thread 26" [_thread_blocked, id=16776, stack(0x00000029e6d00000,0x00000029e6e00000)]
  0x0000016cfccb4000 JavaThread "jar transforms Thread 8" [_thread_blocked, id=23536, stack(0x00000029e6e00000,0x00000029e6f00000)]
  0x0000016cfccb9000 JavaThread "jar transforms Thread 9" [_thread_blocked, id=33232, stack(0x00000029e6f00000,0x00000029e7000000)]
  0x0000016cfccb5000 JavaThread "jar transforms Thread 10" [_thread_blocked, id=17760, stack(0x00000029e7000000,0x00000029e7100000)]
  0x0000016cfccba800 JavaThread "jar transforms Thread 11" [_thread_blocked, id=22484, stack(0x00000029e7100000,0x00000029e7200000)]
  0x0000016cfccb9800 JavaThread "jar transforms Thread 12" [_thread_blocked, id=32088, stack(0x00000029e7200000,0x00000029e7300000)]
  0x0000016cfccb5800 JavaThread "Memory manager" [_thread_blocked, id=6620, stack(0x00000029e7300000,0x00000029e7400000)]
  0x0000016cfccc0800 JavaThread "Cache worker for Build Output Cleanup Cache (F:\drive-programming\00bootcamp\code\week9\tugas\recipe_rn\android\.gradle\buildOutputCleanup)" [_thread_blocked, id=12216, stack(0x00000029e7400000,0x00000029e7500000)]
  0x0000016cfccbc000 JavaThread "Execution worker" [_thread_blocked, id=37400, stack(0x00000029e7700000,0x00000029e7800000)]
  0x0000016cfccc1000 JavaThread "Execution worker Thread 2" [_thread_blocked, id=30884, stack(0x00000029e7800000,0x00000029e7900000)]
  0x0000016cfccbe800 JavaThread "Execution worker Thread 3" [_thread_blocked, id=34628, stack(0x00000029e7900000,0x00000029e7a00000)]
  0x0000016cfccbd000 JavaThread "Execution worker Thread 4" [_thread_blocked, id=37980, stack(0x00000029e7a00000,0x00000029e7b00000)]
  0x0000016cfccbf800 JavaThread "Execution worker Thread 5" [_thread_blocked, id=19132, stack(0x00000029e7b00000,0x00000029e7c00000)]
  0x0000016c8009f800 JavaThread "Execution worker Thread 6" [_thread_in_Java, id=25812, stack(0x00000029e7c00000,0x00000029e7d00000)]
  0x0000016c800a1000 JavaThread "Execution worker Thread 7" [_thread_blocked, id=24812, stack(0x00000029e7d00000,0x00000029e7e00000)]
  0x0000016c800a0800 JavaThread "Execution worker Thread 8" [_thread_blocked, id=45156, stack(0x00000029e7e00000,0x00000029e7f00000)]
  0x0000016c8009b800 JavaThread "Execution worker Thread 9" [_thread_blocked, id=45536, stack(0x00000029e7f00000,0x00000029e8000000)]
  0x0000016c800a2000 JavaThread "Execution worker Thread 10" [_thread_blocked, id=8576, stack(0x00000029e8000000,0x00000029e8100000)]
  0x0000016c8009d000 JavaThread "Execution worker Thread 11" [_thread_blocked, id=27792, stack(0x00000029e8100000,0x00000029e8200000)]
  0x0000016c8009c800 JavaThread "Cache worker for execution history cache (F:\drive-programming\00bootcamp\code\week9\tugas\recipe_rn\node_modules\@react-native\gradle-plugin\.gradle\8.0.1\executionHistory)" [_thread_blocked, id=4708, stack(0x00000029e8200000,0x00000029e8300000)]
  0x0000016c800a3000 JavaThread "Unconstrained build operations Thread 27" [_thread_blocked, id=29156, stack(0x00000029e8300000,0x00000029e8400000)]
  0x0000016c800a3800 JavaThread "Unconstrained build operations Thread 28" [_thread_blocked, id=45084, stack(0x00000029e8400000,0x00000029e8500000)]
  0x0000016c8009e000 JavaThread "Unconstrained build operations Thread 29" [_thread_blocked, id=24496, stack(0x00000029e8500000,0x00000029e8600000)]
  0x0000016c800a4800 JavaThread "Unconstrained build operations Thread 30" [_thread_blocked, id=18252, stack(0x00000029e8600000,0x00000029e8700000)]
  0x0000016c8009e800 JavaThread "Unconstrained build operations Thread 31" [_thread_blocked, id=21280, stack(0x00000029e7500000,0x00000029e7600000)]
  0x0000016c800a9800 JavaThread "Unconstrained build operations Thread 32" [_thread_blocked, id=15780, stack(0x00000029e8700000,0x00000029e8800000)]
  0x0000016c800aa000 JavaThread "Unconstrained build operations Thread 33" [_thread_blocked, id=37048, stack(0x00000029e8800000,0x00000029e8900000)]
  0x0000016c800a5800 JavaThread "Unconstrained build operations Thread 34" [_thread_blocked, id=32492, stack(0x00000029e8900000,0x00000029e8a00000)]
  0x0000016c800a8800 JavaThread "Unconstrained build operations Thread 35" [_thread_blocked, id=15428, stack(0x00000029e8a00000,0x00000029e8b00000)]
  0x0000016c800a6000 JavaThread "Unconstrained build operations Thread 36" [_thread_blocked, id=39576, stack(0x00000029e8b00000,0x00000029e8c00000)]
  0x0000016c800a7000 JavaThread "Unconstrained build operations Thread 37" [_thread_blocked, id=10760, stack(0x00000029e8c00000,0x00000029e8d00000)]
  0x0000016c800a7800 JavaThread "Unconstrained build operations Thread 38" [_thread_blocked, id=14848, stack(0x00000029e8d00000,0x00000029e8e00000)]
  0x0000016cf9dae800 JavaThread "Unconstrained build operations Thread 39" [_thread_blocked, id=13636, stack(0x00000029e8e00000,0x00000029e8f00000)]
  0x0000016cf9daf000 JavaThread "Unconstrained build operations Thread 40" [_thread_blocked, id=25712, stack(0x00000029e8f00000,0x00000029e9000000)]
  0x0000016cf9dac000 JavaThread "Unconstrained build operations Thread 41" [_thread_blocked, id=23040, stack(0x00000029e9000000,0x00000029e9100000)]
  0x0000016cf9db2800 JavaThread "Unconstrained build operations Thread 42" [_thread_blocked, id=24740, stack(0x00000029e9100000,0x00000029e9200000)]
  0x0000016cf9dac800 JavaThread "Unconstrained build operations Thread 43" [_thread_blocked, id=7028, stack(0x00000029e9200000,0x00000029e9300000)]
  0x0000016cf9dad800 JavaThread "Unconstrained build operations Thread 44" [_thread_blocked, id=29488, stack(0x00000029e9300000,0x00000029e9400000)]
  0x0000016cf9db1800 JavaThread "Unconstrained build operations Thread 45" [_thread_blocked, id=26444, stack(0x00000029e9400000,0x00000029e9500000)]
  0x0000016cf9db5800 JavaThread "Unconstrained build operations Thread 46" [_thread_blocked, id=13300, stack(0x00000029e9500000,0x00000029e9600000)]
  0x0000016cf9db3000 JavaThread "Unconstrained build operations Thread 47" [_thread_blocked, id=40848, stack(0x00000029e9600000,0x00000029e9700000)]
  0x0000016cf9db4000 JavaThread "Unconstrained build operations Thread 48" [_thread_blocked, id=42364, stack(0x00000029e9700000,0x00000029e9800000)]
  0x0000016cf9db5000 JavaThread "Unconstrained build operations Thread 49" [_thread_blocked, id=44856, stack(0x00000029e9800000,0x00000029e9900000)]
  0x0000016cf9db0000 JavaThread "Unconstrained build operations Thread 50" [_thread_blocked, id=45160, stack(0x00000029e9900000,0x00000029e9a00000)]
  0x0000016cf9db1000 JavaThread "Unconstrained build operations Thread 51" [_thread_blocked, id=32680, stack(0x00000029e9a00000,0x00000029e9b00000)]
  0x0000016cf9dba800 JavaThread "Unconstrained build operations Thread 52" [_thread_blocked, id=46172, stack(0x00000029e9b00000,0x00000029e9c00000)]
  0x0000016cf9db8000 JavaThread "Unconstrained build operations Thread 53" [_thread_blocked, id=46292, stack(0x00000029e9c00000,0x00000029e9d00000)]
  0x0000016cf9db6800 JavaThread "Unconstrained build operations Thread 54" [_thread_blocked, id=46296, stack(0x00000029e9d00000,0x00000029e9e00000)]
  0x0000016cf9db9000 JavaThread "Unconstrained build operations Thread 55" [_thread_blocked, id=46300, stack(0x00000029e9e00000,0x00000029e9f00000)]
  0x0000016cf9dba000 JavaThread "Unconstrained build operations Thread 56" [_thread_blocked, id=46304, stack(0x00000029e9f00000,0x00000029ea000000)]
  0x0000016cf9db7800 JavaThread "Unconstrained build operations Thread 57" [_thread_blocked, id=46308, stack(0x00000029ea000000,0x00000029ea100000)]
  0x0000016cfbb56800 JavaThread "Unconstrained build operations Thread 58" [_thread_blocked, id=46312, stack(0x00000029ea100000,0x00000029ea200000)]
  0x0000016cfbb53000 JavaThread "Unconstrained build operations Thread 59" [_thread_blocked, id=46316, stack(0x00000029ea200000,0x00000029ea300000)]
  0x0000016cfbb55800 JavaThread "Unconstrained build operations Thread 60" [_thread_blocked, id=46320, stack(0x00000029ea300000,0x00000029ea400000)]
  0x0000016cfbb54000 JavaThread "Unconstrained build operations Thread 61" [_thread_blocked, id=46324, stack(0x00000029ea400000,0x00000029ea500000)]
  0x0000016cfbb54800 JavaThread "Unconstrained build operations Thread 62" [_thread_blocked, id=46328, stack(0x00000029ea500000,0x00000029ea600000)]
  0x0000016cfbb57000 JavaThread "Unconstrained build operations Thread 63" [_thread_blocked, id=46332, stack(0x00000029ea600000,0x00000029ea700000)]
  0x0000016cfbb58000 JavaThread "Unconstrained build operations Thread 64" [_thread_blocked, id=46336, stack(0x00000029ea700000,0x00000029ea800000)]
  0x0000016cfbb52000 JavaThread "Unconstrained build operations Thread 65" [_thread_blocked, id=46340, stack(0x00000029ea800000,0x00000029ea900000)]
  0x0000016cfbb5d000 JavaThread "Unconstrained build operations Thread 66" [_thread_blocked, id=46344, stack(0x00000029ea900000,0x00000029eaa00000)]
  0x0000016cfbb5e800 JavaThread "Unconstrained build operations Thread 67" [_thread_blocked, id=46348, stack(0x00000029eaa00000,0x00000029eab00000)]
  0x0000016cfbb5a800 JavaThread "Unconstrained build operations Thread 68" [_thread_blocked, id=46352, stack(0x00000029eab00000,0x00000029eac00000)]
  0x0000016cfbb5c000 JavaThread "Unconstrained build operations Thread 69" [_thread_blocked, id=46356, stack(0x00000029eac00000,0x00000029ead00000)]
  0x0000016cfbb59800 JavaThread "Unconstrained build operations Thread 70" [_thread_blocked, id=46360, stack(0x00000029ead00000,0x00000029eae00000)]
  0x0000016cfbb58800 JavaThread "Unconstrained build operations Thread 71" [_thread_blocked, id=46364, stack(0x00000029eae00000,0x00000029eaf00000)]
  0x0000016cfbb5d800 JavaThread "Unconstrained build operations Thread 72" [_thread_blocked, id=46368, stack(0x00000029eaf00000,0x00000029eb000000)]
  0x0000016cfbb5f800 JavaThread "Unconstrained build operations Thread 73" [_thread_blocked, id=46372, stack(0x00000029eb000000,0x00000029eb100000)]
  0x0000016cfbb61000 JavaThread "Unconstrained build operations Thread 74" [_thread_blocked, id=46376, stack(0x00000029eb100000,0x00000029eb200000)]
  0x0000016cfbb5b000 JavaThread "Unconstrained build operations Thread 75" [_thread_blocked, id=46380, stack(0x00000029eb200000,0x00000029eb300000)]
  0x0000016cfbb60000 JavaThread "Unconstrained build operations Thread 76" [_thread_blocked, id=46384, stack(0x00000029eb300000,0x00000029eb400000)]
  0x0000016cfb93a000 JavaThread "Unconstrained build operations Thread 77" [_thread_blocked, id=46388, stack(0x00000029eb400000,0x00000029eb500000)]
  0x0000016cfb93f000 JavaThread "Unconstrained build operations Thread 78" [_thread_blocked, id=46392, stack(0x00000029eb500000,0x00000029eb600000)]
  0x0000016cfb940000 JavaThread "Unconstrained build operations Thread 79" [_thread_blocked, id=46396, stack(0x00000029eb600000,0x00000029eb700000)]
  0x0000016cfb93e000 JavaThread "Unconstrained build operations Thread 80" [_thread_blocked, id=46400, stack(0x00000029eb700000,0x00000029eb800000)]
  0x0000016cfb93c000 JavaThread "Unconstrained build operations Thread 81" [_thread_blocked, id=46404, stack(0x00000029eb800000,0x00000029eb900000)]
  0x0000016cfb940800 JavaThread "Unconstrained build operations Thread 82" [_thread_blocked, id=46408, stack(0x00000029eb900000,0x00000029eba00000)]
  0x0000016cfb93d800 JavaThread "Unconstrained build operations Thread 83" [_thread_blocked, id=46412, stack(0x00000029eba00000,0x00000029ebb00000)]
  0x0000016cfb93b000 JavaThread "Unconstrained build operations Thread 84" [_thread_blocked, id=46416, stack(0x00000029ebb00000,0x00000029ebc00000)]
  0x0000016cfb941800 JavaThread "Unconstrained build operations Thread 85" [_thread_blocked, id=46420, stack(0x00000029ebc00000,0x00000029ebd00000)]
  0x0000016cfb942800 JavaThread "Unconstrained build operations Thread 86" [_thread_blocked, id=46424, stack(0x00000029ebd00000,0x00000029ebe00000)]
  0x0000016cfb93c800 JavaThread "Unconstrained build operations Thread 87" [_thread_blocked, id=46428, stack(0x00000029ebe00000,0x00000029ebf00000)]
  0x0000016cfb944000 JavaThread "Unconstrained build operations Thread 88" [_thread_blocked, id=46432, stack(0x00000029ebf00000,0x00000029ec000000)]
  0x0000016cfb945800 JavaThread "Unconstrained build operations Thread 89" [_thread_blocked, id=46436, stack(0x00000029ec000000,0x00000029ec100000)]
  0x0000016cfb946800 JavaThread "Unconstrained build operations Thread 90" [_thread_blocked, id=46440, stack(0x00000029ec100000,0x00000029ec200000)]
  0x0000016cfb945000 JavaThread "Unconstrained build operations Thread 91" [_thread_blocked, id=46444, stack(0x00000029ec200000,0x00000029ec300000)]
  0x0000016cfb947000 JavaThread "Unconstrained build operations Thread 92" [_thread_blocked, id=46448, stack(0x00000029ec300000,0x00000029ec400000)]
  0x0000016cfb948000 JavaThread "Unconstrained build operations Thread 93" [_thread_blocked, id=46452, stack(0x00000029ec400000,0x00000029ec500000)]
  0x0000016cfb949000 JavaThread "Unconstrained build operations Thread 94" [_thread_blocked, id=46456, stack(0x00000029ec500000,0x00000029ec600000)]
  0x0000016cfb943000 JavaThread "Unconstrained build operations Thread 95" [_thread_blocked, id=46460, stack(0x00000029ec600000,0x00000029ec700000)]
  0x0000016cfd2dc800 JavaThread "Unconstrained build operations Thread 96" [_thread_blocked, id=46464, stack(0x00000029ec700000,0x00000029ec800000)]
  0x0000016cfd2de800 JavaThread "Unconstrained build operations Thread 97" [_thread_blocked, id=46468, stack(0x00000029ec800000,0x00000029ec900000)]
  0x0000016cfd2e3000 JavaThread "Unconstrained build operations Thread 98" [_thread_blocked, id=46472, stack(0x00000029ec900000,0x00000029eca00000)]
  0x0000016cfd2df800 JavaThread "Unconstrained build operations Thread 99" [_thread_blocked, id=46476, stack(0x00000029eca00000,0x00000029ecb00000)]
  0x0000016cfd2e0800 JavaThread "Unconstrained build operations Thread 100" [_thread_blocked, id=46480, stack(0x00000029ecb00000,0x00000029ecc00000)]
  0x0000016cfd2e1000 JavaThread "Unconstrained build operations Thread 101" [_thread_blocked, id=46484, stack(0x00000029ecc00000,0x00000029ecd00000)]
  0x0000016cfd2dd000 JavaThread "Unconstrained build operations Thread 102" [_thread_blocked, id=46488, stack(0x00000029ecd00000,0x00000029ece00000)]
  0x0000016cfd2e2000 JavaThread "Unconstrained build operations Thread 103" [_thread_blocked, id=46492, stack(0x00000029ece00000,0x00000029ecf00000)]
  0x0000016cfd2e3800 JavaThread "Unconstrained build operations Thread 104" [_thread_blocked, id=46496, stack(0x00000029ecf00000,0x00000029ed000000)]
  0x0000016cfd2de000 JavaThread "Unconstrained build operations Thread 105" [_thread_blocked, id=46500, stack(0x00000029ed000000,0x00000029ed100000)]
  0x0000016cfd2e7800 JavaThread "Unconstrained build operations Thread 106" [_thread_blocked, id=46504, stack(0x00000029ed100000,0x00000029ed200000)]
  0x0000016cfd2e6000 JavaThread "Unconstrained build operations Thread 107" [_thread_blocked, id=46508, stack(0x00000029ed200000,0x00000029ed300000)]
  0x0000016cfd2e8800 JavaThread "Unconstrained build operations Thread 108" [_thread_blocked, id=46512, stack(0x00000029ed300000,0x00000029ed400000)]
  0x0000016cfd2e9800 JavaThread "Unconstrained build operations Thread 109" [_thread_blocked, id=46516, stack(0x00000029ed400000,0x00000029ed500000)]
  0x0000016cfd2ea000 JavaThread "Unconstrained build operations Thread 110" [_thread_blocked, id=46520, stack(0x00000029ed500000,0x00000029ed600000)]
  0x0000016cfd2e7000 JavaThread "Unconstrained build operations Thread 111" [_thread_blocked, id=46524, stack(0x00000029ed600000,0x00000029ed700000)]
  0x0000016cfd2e4800 JavaThread "Unconstrained build operations Thread 112" [_thread_blocked, id=46528, stack(0x00000029ed700000,0x00000029ed800000)]
  0x0000016cfd2eb000 JavaThread "Unconstrained build operations Thread 113" [_thread_blocked, id=46532, stack(0x00000029ed800000,0x00000029ed900000)]
  0x0000016cfd2e5800 JavaThread "Unconstrained build operations Thread 114" [_thread_blocked, id=46536, stack(0x00000029ed900000,0x00000029eda00000)]
  0x0000016cfbf67800 JavaThread "Unconstrained build operations Thread 115" [_thread_blocked, id=46540, stack(0x00000029eda00000,0x00000029edb00000)]
  0x0000016cfbf68800 JavaThread "Unconstrained build operations Thread 116" [_thread_blocked, id=46544, stack(0x00000029edb00000,0x00000029edc00000)]
  0x0000016cfbf69000 JavaThread "Unconstrained build operations Thread 117" [_thread_blocked, id=46548, stack(0x00000029edc00000,0x00000029edd00000)]
  0x0000016cfbf6b000 JavaThread "Unconstrained build operations Thread 118" [_thread_blocked, id=46552, stack(0x00000029edd00000,0x00000029ede00000)]
  0x0000016cfbf6a000 JavaThread "Unconstrained build operations Thread 119" [_thread_blocked, id=46556, stack(0x00000029ede00000,0x00000029edf00000)]
  0x0000016cfbf6b800 JavaThread "Unconstrained build operations Thread 120" [_thread_blocked, id=46560, stack(0x00000029edf00000,0x00000029ee000000)]
  0x0000016cfbf66800 JavaThread "pool-3-thread-1" [_thread_blocked, id=1216, stack(0x00000029e7600000,0x00000029e7700000)]
  0x0000016cfbf6e000 JavaThread "build event listener" [_thread_blocked, id=33088, stack(0x00000029ee000000,0x00000029ee100000)]
  0x0000016cfbf6f800 JavaThread "included builds Thread 2" [_thread_blocked, id=46992, stack(0x00000029ee200000,0x00000029ee300000)]
  0x0000016cfbf73000 JavaThread "Cache worker for execution history cache (F:\drive-programming\00bootcamp\code\week9\tugas\recipe_rn\android\.gradle\8.0.1\executionHistory)" [_thread_blocked, id=46964, stack(0x00000029ee300000,0x00000029ee400000)]

Other Threads:
  0x0000016cf67ac800 VMThread "VM Thread" [stack: 0x00000029e2200000,0x00000029e2300000] [id=40512]
  0x0000016cf722a000 WatcherThread [stack: 0x00000029e2c00000,0x00000029e2d00000] [id=41620]
  0x0000016cd636b000 GCTaskThread "GC Thread#0" [stack: 0x00000029e1d00000,0x00000029e1e00000] [id=14804]
  0x0000016cf7ed1800 GCTaskThread "GC Thread#1" [stack: 0x00000029e2d00000,0x00000029e2e00000] [id=42180]
  0x0000016cf7900800 GCTaskThread "GC Thread#2" [stack: 0x00000029e2e00000,0x00000029e2f00000] [id=42092]
  0x0000016cf81b2000 GCTaskThread "GC Thread#3" [stack: 0x00000029e2f00000,0x00000029e3000000] [id=7596]
  0x0000016cf7fba800 GCTaskThread "GC Thread#4" [stack: 0x00000029e3000000,0x00000029e3100000] [id=42144]
  0x0000016cf765b000 GCTaskThread "GC Thread#5" [stack: 0x00000029e3e00000,0x00000029e3f00000] [id=43844]
  0x0000016cf735b000 GCTaskThread "GC Thread#6" [stack: 0x00000029e3f00000,0x00000029e4000000] [id=43848]
  0x0000016cf735b800 GCTaskThread "GC Thread#7" [stack: 0x00000029e4000000,0x00000029e4100000] [id=43852]
  0x0000016cf7597800 GCTaskThread "GC Thread#8" [stack: 0x00000029e4100000,0x00000029e4200000] [id=43856]
  0x0000016cf7598000 GCTaskThread "GC Thread#9" [stack: 0x00000029e4200000,0x00000029e4300000] [id=43860]
  0x0000016cd639d800 ConcurrentGCThread "G1 Main Marker" [stack: 0x00000029e1e00000,0x00000029e1f00000] [id=28408]
  0x0000016cd63a1000 ConcurrentGCThread "G1 Conc#0" [stack: 0x00000029e1f00000,0x00000029e2000000] [id=28184]
  0x0000016cf7985800 ConcurrentGCThread "G1 Conc#1" [stack: 0x00000029e4300000,0x00000029e4400000] [id=43864]
  0x0000016cf75be000 ConcurrentGCThread "G1 Conc#2" [stack: 0x00000029e4400000,0x00000029e4500000] [id=43868]
  0x0000016cf663f000 ConcurrentGCThread "G1 Refine#0" [stack: 0x00000029e2000000,0x00000029e2100000] [id=18800]
  0x0000016cfbc98800 ConcurrentGCThread "G1 Refine#1" [stack: 0x00000029ee100000,0x00000029ee200000] [id=48692]
  0x0000016cf6640000 ConcurrentGCThread "G1 Young RemSet Sampling" [stack: 0x00000029e2100000,0x00000029e2200000] [id=30672]

Threads with active compile tasks:
C2 CompilerThread0   447022 13592       4       org.gradle.api.internal.DefaultNamedDomainObjectCollection::findByName (61 bytes)

VM state:not at safepoint (normal execution)

VM Mutex/Monitor currently owned by a thread: None

Heap address: 0x0000000080000000, size: 2048 MB, Compressed Oops mode: 32-bit
Narrow klass base: 0x0000000000000000, Narrow klass shift: 3
Compressed class space size: 528482304 Address: 0x0000000100000000

Heap:
 garbage-first heap   total 227328K, used 183178K [0x0000000080000000, 0x0000000100000000)
  region size 1024K, 36 young (36864K), 5 survivors (5120K)
 Metaspace       used 110042K, capacity 113967K, committed 114304K, reserved 614400K
  class space    used 14552K, capacity 16136K, committed 16256K, reserved 516096K
Heap Regions: E=young(eden), S=young(survivor), O=old, HS=humongous(starts), HC=humongous(continues), CS=collection set, F=free, A=archive, TAMS=top-at-mark-start (previous, next)
|   0|0x0000000080000000, 0x0000000080100000, 0x0000000080100000|100%|HS|  |TAMS 0x0000000080100000, 0x0000000080000000| Complete 
|   1|0x0000000080100000, 0x0000000080200000, 0x0000000080200000|100%|HC|  |TAMS 0x0000000080200000, 0x0000000080100000| Complete 
|   2|0x0000000080200000, 0x0000000080300000, 0x0000000080300000|100%|HC|  |TAMS 0x0000000080300000, 0x0000000080200000| Complete 
|   3|0x0000000080300000, 0x0000000080400000, 0x0000000080400000|100%|HC|  |TAMS 0x0000000080400000, 0x0000000080300000| Complete 
|   4|0x0000000080400000, 0x0000000080500000, 0x0000000080500000|100%| O|  |TAMS 0x0000000080500000, 0x0000000080400000| Untracked 
|   5|0x0000000080500000, 0x0000000080600000, 0x0000000080600000|100%| O|  |TAMS 0x0000000080600000, 0x0000000080500000| Untracked 
|   6|0x0000000080600000, 0x0000000080700000, 0x0000000080700000|100%| O|  |TAMS 0x0000000080700000, 0x0000000080600000| Untracked 
|   7|0x0000000080700000, 0x0000000080800000, 0x0000000080800000|100%| O|  |TAMS 0x0000000080800000, 0x0000000080700000| Untracked 
|   8|0x0000000080800000, 0x0000000080900000, 0x0000000080900000|100%| O|  |TAMS 0x0000000080900000, 0x0000000080800000| Untracked 
|   9|0x0000000080900000, 0x0000000080a00000, 0x0000000080a00000|100%| O|  |TAMS 0x0000000080a00000, 0x0000000080900000| Untracked 
|  10|0x0000000080a00000, 0x0000000080b00000, 0x0000000080b00000|100%| O|  |TAMS 0x0000000080b00000, 0x0000000080a00000| Untracked 
|  11|0x0000000080b00000, 0x0000000080c00000, 0x0000000080c00000|100%| O|  |TAMS 0x0000000080c00000, 0x0000000080b00000| Untracked 
|  12|0x0000000080c00000, 0x0000000080d00000, 0x0000000080d00000|100%| O|  |TAMS 0x0000000080d00000, 0x0000000080c00000| Untracked 
|  13|0x0000000080d00000, 0x0000000080e00000, 0x0000000080e00000|100%| O|  |TAMS 0x0000000080e00000, 0x0000000080d00000| Untracked 
|  14|0x0000000080e00000, 0x0000000080f00000, 0x0000000080f00000|100%| O|  |TAMS 0x0000000080f00000, 0x0000000080e00000| Untracked 
|  15|0x0000000080f00000, 0x0000000081000000, 0x0000000081000000|100%| O|  |TAMS 0x0000000081000000, 0x0000000080f00000| Untracked 
|  16|0x0000000081000000, 0x0000000081100000, 0x0000000081100000|100%| O|  |TAMS 0x0000000081100000, 0x0000000081000000| Untracked 
|  17|0x0000000081100000, 0x0000000081200000, 0x0000000081200000|100%| O|  |TAMS 0x0000000081200000, 0x0000000081100000| Untracked 
|  18|0x0000000081200000, 0x0000000081300000, 0x0000000081300000|100%| O|  |TAMS 0x0000000081300000, 0x0000000081200000| Untracked 
|  19|0x0000000081300000, 0x0000000081400000, 0x0000000081400000|100%| O|  |TAMS 0x0000000081400000, 0x0000000081300000| Untracked 
|  20|0x0000000081400000, 0x0000000081500000, 0x0000000081500000|100%| O|  |TAMS 0x0000000081500000, 0x0000000081400000| Untracked 
|  21|0x0000000081500000, 0x0000000081600000, 0x0000000081600000|100%| O|  |TAMS 0x0000000081600000, 0x0000000081500000| Untracked 
|  22|0x0000000081600000, 0x0000000081700000, 0x0000000081700000|100%| O|  |TAMS 0x0000000081700000, 0x0000000081600000| Untracked 
|  23|0x0000000081700000, 0x0000000081800000, 0x0000000081800000|100%| O|  |TAMS 0x0000000081800000, 0x0000000081700000| Untracked 
|  24|0x0000000081800000, 0x0000000081900000, 0x0000000081900000|100%|HS|  |TAMS 0x0000000081900000, 0x0000000081800000| Complete 
|  25|0x0000000081900000, 0x0000000081a00000, 0x0000000081a00000|100%|HC|  |TAMS 0x0000000081a00000, 0x0000000081900000| Complete 
|  26|0x0000000081a00000, 0x0000000081b00000, 0x0000000081b00000|100%|HS|  |TAMS 0x0000000081b00000, 0x0000000081a00000| Complete 
|  27|0x0000000081b00000, 0x0000000081c00000, 0x0000000081c00000|100%|HC|  |TAMS 0x0000000081c00000, 0x0000000081b00000| Complete 
|  28|0x0000000081c00000, 0x0000000081d00000, 0x0000000081d00000|100%|HC|  |TAMS 0x0000000081d00000, 0x0000000081c00000| Complete 
|  29|0x0000000081d00000, 0x0000000081e00000, 0x0000000081e00000|100%|HC|  |TAMS 0x0000000081e00000, 0x0000000081d00000| Complete 
|  30|0x0000000081e00000, 0x0000000081f00000, 0x0000000081f00000|100%| O|  |TAMS 0x0000000081f00000, 0x0000000081e00000| Untracked 
|  31|0x0000000081f00000, 0x0000000082000000, 0x0000000082000000|100%| O|  |TAMS 0x0000000082000000, 0x0000000081f00000| Untracked 
|  32|0x0000000082000000, 0x0000000082100000, 0x0000000082100000|100%| O|  |TAMS 0x0000000082100000, 0x0000000082000000| Untracked 
|  33|0x0000000082100000, 0x0000000082200000, 0x0000000082200000|100%| O|  |TAMS 0x0000000082200000, 0x0000000082100000| Untracked 
|  34|0x0000000082200000, 0x0000000082300000, 0x0000000082300000|100%| O|  |TAMS 0x0000000082300000, 0x0000000082200000| Untracked 
|  35|0x0000000082300000, 0x0000000082400000, 0x0000000082400000|100%| O|  |TAMS 0x0000000082400000, 0x0000000082300000| Untracked 
|  36|0x0000000082400000, 0x0000000082500000, 0x0000000082500000|100%|HS|  |TAMS 0x0000000082500000, 0x0000000082400000| Complete 
|  37|0x0000000082500000, 0x0000000082600000, 0x0000000082600000|100%|HS|  |TAMS 0x0000000082600000, 0x0000000082500000| Complete 
|  38|0x0000000082600000, 0x0000000082700000, 0x0000000082700000|100%| O|  |TAMS 0x0000000082700000, 0x0000000082600000| Untracked 
|  39|0x0000000082700000, 0x0000000082800000, 0x0000000082800000|100%| O|  |TAMS 0x0000000082800000, 0x0000000082700000| Untracked 
|  40|0x0000000082800000, 0x0000000082900000, 0x0000000082900000|100%| O|  |TAMS 0x0000000082900000, 0x0000000082800000| Untracked 
|  41|0x0000000082900000, 0x0000000082a00000, 0x0000000082a00000|100%| O|  |TAMS 0x0000000082a00000, 0x0000000082900000| Untracked 
|  42|0x0000000082a00000, 0x0000000082b00000, 0x0000000082b00000|100%| O|  |TAMS 0x0000000082b00000, 0x0000000082a00000| Untracked 
|  43|0x0000000082b00000, 0x0000000082c00000, 0x0000000082c00000|100%| O|  |TAMS 0x0000000082c00000, 0x0000000082b00000| Untracked 
|  44|0x0000000082c00000, 0x0000000082d00000, 0x0000000082d00000|100%| O|  |TAMS 0x0000000082d00000, 0x0000000082c00000| Untracked 
|  45|0x0000000082d00000, 0x0000000082e00000, 0x0000000082e00000|100%| O|  |TAMS 0x0000000082e00000, 0x0000000082d00000| Untracked 
|  46|0x0000000082e00000, 0x0000000082f00000, 0x0000000082f00000|100%| O|  |TAMS 0x0000000082f00000, 0x0000000082e00000| Untracked 
|  47|0x0000000082f00000, 0x0000000083000000, 0x0000000083000000|100%| O|  |TAMS 0x0000000083000000, 0x0000000082f00000| Untracked 
|  48|0x0000000083000000, 0x0000000083100000, 0x0000000083100000|100%| O|  |TAMS 0x0000000083100000, 0x0000000083000000| Untracked 
|  49|0x0000000083100000, 0x0000000083200000, 0x0000000083200000|100%| O|  |TAMS 0x0000000083200000, 0x0000000083100000| Untracked 
|  50|0x0000000083200000, 0x0000000083300000, 0x0000000083300000|100%| O|  |TAMS 0x0000000083300000, 0x0000000083200000| Untracked 
|  51|0x0000000083300000, 0x0000000083400000, 0x0000000083400000|100%| O|  |TAMS 0x0000000083400000, 0x0000000083300000| Untracked 
|  52|0x0000000083400000, 0x0000000083500000, 0x0000000083500000|100%| O|  |TAMS 0x0000000083500000, 0x0000000083400000| Untracked 
|  53|0x0000000083500000, 0x0000000083600000, 0x0000000083600000|100%| O|  |TAMS 0x0000000083600000, 0x0000000083500000| Untracked 
|  54|0x0000000083600000, 0x0000000083700000, 0x0000000083700000|100%| O|  |TAMS 0x0000000083700000, 0x0000000083600000| Untracked 
|  55|0x0000000083700000, 0x0000000083800000, 0x0000000083800000|100%| O|  |TAMS 0x0000000083800000, 0x0000000083700000| Untracked 
|  56|0x0000000083800000, 0x0000000083900000, 0x0000000083900000|100%| O|  |TAMS 0x0000000083900000, 0x0000000083800000| Untracked 
|  57|0x0000000083900000, 0x0000000083a00000, 0x0000000083a00000|100%| O|  |TAMS 0x0000000083a00000, 0x0000000083900000| Untracked 
|  58|0x0000000083a00000, 0x0000000083b00000, 0x0000000083b00000|100%| O|  |TAMS 0x0000000083b00000, 0x0000000083a00000| Untracked 
|  59|0x0000000083b00000, 0x0000000083c00000, 0x0000000083c00000|100%| O|  |TAMS 0x0000000083c00000, 0x0000000083b00000| Untracked 
|  60|0x0000000083c00000, 0x0000000083d00000, 0x0000000083d00000|100%| O|  |TAMS 0x0000000083d00000, 0x0000000083c00000| Untracked 
|  61|0x0000000083d00000, 0x0000000083e00000, 0x0000000083e00000|100%| O|  |TAMS 0x0000000083e00000, 0x0000000083d00000| Untracked 
|  62|0x0000000083e00000, 0x0000000083f00000, 0x0000000083f00000|100%| O|  |TAMS 0x0000000083f00000, 0x0000000083e00000| Untracked 
|  63|0x0000000083f00000, 0x0000000084000000, 0x0000000084000000|100%| O|  |TAMS 0x0000000084000000, 0x0000000083f00000| Untracked 
|  64|0x0000000084000000, 0x0000000084100000, 0x0000000084100000|100%| O|  |TAMS 0x0000000084100000, 0x0000000084000000| Untracked 
|  65|0x0000000084100000, 0x0000000084200000, 0x0000000084200000|100%| O|  |TAMS 0x0000000084200000, 0x0000000084100000| Untracked 
|  66|0x0000000084200000, 0x0000000084300000, 0x0000000084300000|100%| O|  |TAMS 0x0000000084300000, 0x0000000084200000| Untracked 
|  67|0x0000000084300000, 0x0000000084400000, 0x0000000084400000|100%| O|  |TAMS 0x0000000084400000, 0x0000000084300000| Untracked 
|  68|0x0000000084400000, 0x0000000084500000, 0x0000000084500000|100%| O|  |TAMS 0x0000000084500000, 0x0000000084400000| Untracked 
|  69|0x0000000084500000, 0x0000000084600000, 0x0000000084600000|100%| O|  |TAMS 0x0000000084600000, 0x0000000084500000| Untracked 
|  70|0x0000000084600000, 0x0000000084700000, 0x0000000084700000|100%|HS|  |TAMS 0x0000000084700000, 0x0000000084600000| Complete 
|  71|0x0000000084700000, 0x0000000084800000, 0x0000000084800000|100%|HS|  |TAMS 0x0000000084800000, 0x0000000084700000| Complete 
|  72|0x0000000084800000, 0x0000000084900000, 0x0000000084900000|100%|HS|  |TAMS 0x0000000084900000, 0x0000000084800000| Complete 
|  73|0x0000000084900000, 0x0000000084a00000, 0x0000000084a00000|100%|HS|  |TAMS 0x0000000084a00000, 0x0000000084900000| Complete 
|  74|0x0000000084a00000, 0x0000000084b00000, 0x0000000084b00000|100%|HC|  |TAMS 0x0000000084b00000, 0x0000000084a00000| Complete 
|  75|0x0000000084b00000, 0x0000000084c00000, 0x0000000084c00000|100%|HC|  |TAMS 0x0000000084c00000, 0x0000000084b00000| Complete 
|  76|0x0000000084c00000, 0x0000000084d00000, 0x0000000084d00000|100%|HS|  |TAMS 0x0000000084d00000, 0x0000000084c00000| Complete 
|  77|0x0000000084d00000, 0x0000000084e00000, 0x0000000084e00000|100%|HC|  |TAMS 0x0000000084e00000, 0x0000000084d00000| Complete 
|  78|0x0000000084e00000, 0x0000000084f00000, 0x0000000084f00000|100%| O|  |TAMS 0x0000000084f00000, 0x0000000084e00000| Untracked 
|  79|0x0000000084f00000, 0x0000000085000000, 0x0000000085000000|100%| O|  |TAMS 0x0000000085000000, 0x0000000084f00000| Untracked 
|  80|0x0000000085000000, 0x0000000085100000, 0x0000000085100000|100%| O|  |TAMS 0x0000000085100000, 0x0000000085000000| Untracked 
|  81|0x0000000085100000, 0x0000000085200000, 0x0000000085200000|100%| O|  |TAMS 0x0000000085200000, 0x0000000085100000| Untracked 
|  82|0x0000000085200000, 0x0000000085300000, 0x0000000085300000|100%| O|  |TAMS 0x0000000085300000, 0x0000000085200000| Untracked 
|  83|0x0000000085300000, 0x0000000085400000, 0x0000000085400000|100%| O|  |TAMS 0x0000000085400000, 0x0000000085300000| Untracked 
|  84|0x0000000085400000, 0x0000000085500000, 0x0000000085500000|100%| O|  |TAMS 0x0000000085500000, 0x0000000085400000| Untracked 
|  85|0x0000000085500000, 0x0000000085600000, 0x0000000085600000|100%| O|  |TAMS 0x0000000085600000, 0x0000000085500000| Untracked 
|  86|0x0000000085600000, 0x0000000085700000, 0x0000000085700000|100%| O|  |TAMS 0x0000000085700000, 0x0000000085600000| Untracked 
|  87|0x0000000085700000, 0x0000000085800000, 0x0000000085800000|100%| O|  |TAMS 0x0000000085800000, 0x0000000085700000| Untracked 
|  88|0x0000000085800000, 0x0000000085900000, 0x0000000085900000|100%| O|  |TAMS 0x0000000085900000, 0x0000000085800000| Untracked 
|  89|0x0000000085900000, 0x0000000085a00000, 0x0000000085a00000|100%| O|  |TAMS 0x0000000085a00000, 0x0000000085900000| Untracked 
|  90|0x0000000085a00000, 0x0000000085b00000, 0x0000000085b00000|100%| O|  |TAMS 0x0000000085b00000, 0x0000000085a00000| Untracked 
|  91|0x0000000085b00000, 0x0000000085c00000, 0x0000000085c00000|100%| O|  |TAMS 0x0000000085c00000, 0x0000000085b00000| Untracked 
|  92|0x0000000085c00000, 0x0000000085d00000, 0x0000000085d00000|100%| O|  |TAMS 0x0000000085d00000, 0x0000000085c00000| Untracked 
|  93|0x0000000085d00000, 0x0000000085e00000, 0x0000000085e00000|100%| O|  |TAMS 0x0000000085e00000, 0x0000000085d00000| Untracked 
|  94|0x0000000085e00000, 0x0000000085f00000, 0x0000000085f00000|100%| O|  |TAMS 0x0000000085f00000, 0x0000000085e00000| Untracked 
|  95|0x0000000085f00000, 0x0000000086000000, 0x0000000086000000|100%| O|  |TAMS 0x0000000086000000, 0x0000000085f00000| Untracked 
|  96|0x0000000086000000, 0x0000000086100000, 0x0000000086100000|100%| O|  |TAMS 0x0000000086100000, 0x0000000086000000| Untracked 
|  97|0x0000000086100000, 0x0000000086200000, 0x0000000086200000|100%| O|  |TAMS 0x0000000086200000, 0x0000000086100000| Untracked 
|  98|0x0000000086200000, 0x0000000086300000, 0x0000000086300000|100%|HS|  |TAMS 0x0000000086300000, 0x0000000086200000| Complete 
|  99|0x0000000086300000, 0x0000000086400000, 0x0000000086400000|100%|HS|  |TAMS 0x0000000086400000, 0x0000000086300000| Complete 
| 100|0x0000000086400000, 0x0000000086500000, 0x0000000086500000|100%| O|  |TAMS 0x0000000086500000, 0x0000000086400000| Untracked 
| 101|0x0000000086500000, 0x0000000086600000, 0x0000000086600000|100%| O|  |TAMS 0x0000000086600000, 0x0000000086500000| Untracked 
| 102|0x0000000086600000, 0x0000000086700000, 0x0000000086700000|100%| O|  |TAMS 0x0000000086700000, 0x0000000086600000| Untracked 
| 103|0x0000000086700000, 0x0000000086800000, 0x0000000086800000|100%| O|  |TAMS 0x0000000086800000, 0x0000000086700000| Untracked 
| 104|0x0000000086800000, 0x0000000086900000, 0x0000000086900000|100%| O|  |TAMS 0x0000000086900000, 0x0000000086800000| Untracked 
| 105|0x0000000086900000, 0x0000000086a00000, 0x0000000086a00000|100%| O|  |TAMS 0x0000000086a00000, 0x0000000086900000| Untracked 
| 106|0x0000000086a00000, 0x0000000086b00000, 0x0000000086b00000|100%|HS|  |TAMS 0x0000000086b00000, 0x0000000086a00000| Complete 
| 107|0x0000000086b00000, 0x0000000086c00000, 0x0000000086c00000|100%|HS|  |TAMS 0x0000000086c00000, 0x0000000086b00000| Complete 
| 108|0x0000000086c00000, 0x0000000086d00000, 0x0000000086d00000|100%|HC|  |TAMS 0x0000000086d00000, 0x0000000086c00000| Complete 
| 109|0x0000000086d00000, 0x0000000086e00000, 0x0000000086e00000|100%|HC|  |TAMS 0x0000000086e00000, 0x0000000086d00000| Complete 
| 110|0x0000000086e00000, 0x0000000086f00000, 0x0000000086f00000|100%| O|  |TAMS 0x0000000086f00000, 0x0000000086e00000| Untracked 
| 111|0x0000000086f00000, 0x0000000087000000, 0x0000000087000000|100%| O|  |TAMS 0x0000000087000000, 0x0000000086f00000| Untracked 
| 112|0x0000000087000000, 0x0000000087100000, 0x0000000087100000|100%| O|  |TAMS 0x0000000087100000, 0x0000000087000000| Untracked 
| 113|0x0000000087100000, 0x0000000087200000, 0x0000000087200000|100%| O|  |TAMS 0x0000000087200000, 0x0000000087100000| Untracked 
| 114|0x0000000087200000, 0x0000000087300000, 0x0000000087300000|100%| O|  |TAMS 0x0000000087300000, 0x0000000087200000| Untracked 
| 115|0x0000000087300000, 0x0000000087400000, 0x0000000087400000|100%| O|  |TAMS 0x0000000087400000, 0x0000000087300000| Untracked 
| 116|0x0000000087400000, 0x0000000087500000, 0x0000000087500000|100%| O|  |TAMS 0x0000000087500000, 0x0000000087400000| Untracked 
| 117|0x0000000087500000, 0x0000000087600000, 0x0000000087600000|100%| O|  |TAMS 0x0000000087600000, 0x0000000087500000| Untracked 
| 118|0x0000000087600000, 0x0000000087700000, 0x0000000087700000|100%| O|  |TAMS 0x0000000087700000, 0x0000000087600000| Untracked 
| 119|0x0000000087700000, 0x0000000087800000, 0x0000000087800000|100%|HS|  |TAMS 0x0000000087800000, 0x0000000087700000| Complete 
| 120|0x0000000087800000, 0x0000000087900000, 0x0000000087900000|100%| O|  |TAMS 0x0000000087900000, 0x0000000087800000| Untracked 
| 121|0x0000000087900000, 0x0000000087a00000, 0x0000000087a00000|100%| O|  |TAMS 0x0000000087a00000, 0x0000000087900000| Untracked 
| 122|0x0000000087a00000, 0x0000000087b00000, 0x0000000087b00000|100%| O|  |TAMS 0x0000000087b00000, 0x0000000087a00000| Untracked 
| 123|0x0000000087b00000, 0x0000000087c00000, 0x0000000087c00000|100%| O|  |TAMS 0x0000000087c00000, 0x0000000087b00000| Untracked 
| 124|0x0000000087c00000, 0x0000000087d00000, 0x0000000087d00000|100%| O|  |TAMS 0x0000000087d00000, 0x0000000087c00000| Untracked 
| 125|0x0000000087d00000, 0x0000000087e00000, 0x0000000087e00000|100%| O|  |TAMS 0x0000000087e00000, 0x0000000087d00000| Untracked 
| 126|0x0000000087e00000, 0x0000000087f00000, 0x0000000087f00000|100%| O|  |TAMS 0x0000000087f00000, 0x0000000087e00000| Untracked 
| 127|0x0000000087f00000, 0x0000000088000000, 0x0000000088000000|100%| O|  |TAMS 0x0000000088000000, 0x0000000087f00000| Untracked 
| 128|0x0000000088000000, 0x0000000088100000, 0x0000000088100000|100%| O|  |TAMS 0x0000000088100000, 0x0000000088000000| Untracked 
| 129|0x0000000088100000, 0x0000000088200000, 0x0000000088200000|100%|HS|  |TAMS 0x0000000088200000, 0x0000000088100000| Complete 
| 130|0x0000000088200000, 0x0000000088300000, 0x0000000088300000|100%|HS|  |TAMS 0x0000000088300000, 0x0000000088200000| Complete 
| 131|0x0000000088300000, 0x0000000088400000, 0x0000000088400000|100%| O|  |TAMS 0x0000000088400000, 0x0000000088300000| Untracked 
| 132|0x0000000088400000, 0x0000000088500000, 0x0000000088500000|100%| O|  |TAMS 0x0000000088500000, 0x0000000088400000| Untracked 
| 133|0x0000000088500000, 0x0000000088600000, 0x0000000088600000|100%| O|  |TAMS 0x0000000088600000, 0x0000000088500000| Untracked 
| 134|0x0000000088600000, 0x0000000088700000, 0x0000000088700000|100%| O|  |TAMS 0x0000000088700000, 0x0000000088600000| Untracked 
| 135|0x0000000088700000, 0x0000000088800000, 0x0000000088800000|100%| O|  |TAMS 0x0000000088800000, 0x0000000088700000| Untracked 
| 136|0x0000000088800000, 0x0000000088900000, 0x0000000088900000|100%| O|  |TAMS 0x0000000088900000, 0x0000000088800000| Untracked 
| 137|0x0000000088900000, 0x0000000088a00000, 0x0000000088a00000|100%| O|  |TAMS 0x0000000088a00000, 0x0000000088900000| Untracked 
| 138|0x0000000088a00000, 0x0000000088b00000, 0x0000000088b00000|100%| O|  |TAMS 0x0000000088b00000, 0x0000000088a00000| Untracked 
| 139|0x0000000088b00000, 0x0000000088c00000, 0x0000000088c00000|100%| O|  |TAMS 0x0000000088c00000, 0x0000000088b00000| Untracked 
| 140|0x0000000088c00000, 0x0000000088d00000, 0x0000000088d00000|100%| O|  |TAMS 0x0000000088d00000, 0x0000000088c00000| Untracked 
| 141|0x0000000088d00000, 0x0000000088e00000, 0x0000000088e00000|100%| O|  |TAMS 0x0000000088e00000, 0x0000000088d00000| Untracked 
| 142|0x0000000088e00000, 0x0000000088f00000, 0x0000000088f00000|100%| O|  |TAMS 0x0000000088f00000, 0x0000000088e00000| Untracked 
| 143|0x0000000088f00000, 0x0000000088fe6800, 0x0000000089000000| 90%| O|  |TAMS 0x0000000088fe6800, 0x0000000088f00000| Untracked 
| 144|0x0000000089000000, 0x0000000089000000, 0x0000000089100000|  0%| F|  |TAMS 0x0000000089000000, 0x0000000089000000| Untracked 
| 145|0x0000000089100000, 0x0000000089100000, 0x0000000089200000|  0%| F|  |TAMS 0x0000000089100000, 0x0000000089100000| Untracked 
| 146|0x0000000089200000, 0x0000000089200000, 0x0000000089300000|  0%| F|  |TAMS 0x0000000089200000, 0x0000000089200000| Untracked 
| 147|0x0000000089300000, 0x0000000089300000, 0x0000000089400000|  0%| F|  |TAMS 0x0000000089300000, 0x0000000089300000| Untracked 
| 148|0x0000000089400000, 0x0000000089400000, 0x0000000089500000|  0%| F|  |TAMS 0x0000000089400000, 0x0000000089400000| Untracked 
| 149|0x0000000089500000, 0x0000000089500000, 0x0000000089600000|  0%| F|  |TAMS 0x0000000089500000, 0x0000000089500000| Untracked 
| 150|0x0000000089600000, 0x0000000089600000, 0x0000000089700000|  0%| F|  |TAMS 0x0000000089600000, 0x0000000089600000| Untracked 
| 151|0x0000000089700000, 0x0000000089700000, 0x0000000089800000|  0%| F|  |TAMS 0x0000000089700000, 0x0000000089700000| Untracked 
| 152|0x0000000089800000, 0x0000000089800000, 0x0000000089900000|  0%| F|  |TAMS 0x0000000089800000, 0x0000000089800000| Untracked 
| 153|0x0000000089900000, 0x0000000089900000, 0x0000000089a00000|  0%| F|  |TAMS 0x0000000089900000, 0x0000000089900000| Untracked 
| 154|0x0000000089a00000, 0x0000000089a00000, 0x0000000089b00000|  0%| F|  |TAMS 0x0000000089a00000, 0x0000000089a00000| Untracked 
| 155|0x0000000089b00000, 0x0000000089b00000, 0x0000000089c00000|  0%| F|  |TAMS 0x0000000089b00000, 0x0000000089b00000| Untracked 
| 156|0x0000000089c00000, 0x0000000089c00000, 0x0000000089d00000|  0%| F|  |TAMS 0x0000000089c00000, 0x0000000089c00000| Untracked 
| 157|0x0000000089d00000, 0x0000000089d00000, 0x0000000089e00000|  0%| F|  |TAMS 0x0000000089d00000, 0x0000000089d00000| Untracked 
| 158|0x0000000089e00000, 0x0000000089e00000, 0x0000000089f00000|  0%| F|  |TAMS 0x0000000089e00000, 0x0000000089e00000| Untracked 
| 159|0x0000000089f00000, 0x0000000089f00000, 0x000000008a000000|  0%| F|  |TAMS 0x0000000089f00000, 0x0000000089f00000| Untracked 
| 160|0x000000008a000000, 0x000000008a000000, 0x000000008a100000|  0%| F|  |TAMS 0x000000008a000000, 0x000000008a000000| Untracked 
| 161|0x000000008a100000, 0x000000008a100000, 0x000000008a200000|  0%| F|  |TAMS 0x000000008a100000, 0x000000008a100000| Untracked 
| 162|0x000000008a200000, 0x000000008a200000, 0x000000008a300000|  0%| F|  |TAMS 0x000000008a200000, 0x000000008a200000| Untracked 
| 163|0x000000008a300000, 0x000000008a300000, 0x000000008a400000|  0%| F|  |TAMS 0x000000008a300000, 0x000000008a300000| Untracked 
| 164|0x000000008a400000, 0x000000008a400000, 0x000000008a500000|  0%| F|  |TAMS 0x000000008a400000, 0x000000008a400000| Untracked 
| 165|0x000000008a500000, 0x000000008a500000, 0x000000008a600000|  0%| F|  |TAMS 0x000000008a500000, 0x000000008a500000| Untracked 
| 166|0x000000008a600000, 0x000000008a600000, 0x000000008a700000|  0%| F|  |TAMS 0x000000008a600000, 0x000000008a600000| Untracked 
| 167|0x000000008a700000, 0x000000008a700000, 0x000000008a800000|  0%| F|  |TAMS 0x000000008a700000, 0x000000008a700000| Untracked 
| 168|0x000000008a800000, 0x000000008a800000, 0x000000008a900000|  0%| F|  |TAMS 0x000000008a800000, 0x000000008a800000| Untracked 
| 169|0x000000008a900000, 0x000000008a900000, 0x000000008aa00000|  0%| F|  |TAMS 0x000000008a900000, 0x000000008a900000| Untracked 
| 170|0x000000008aa00000, 0x000000008aa00000, 0x000000008ab00000|  0%| F|  |TAMS 0x000000008aa00000, 0x000000008aa00000| Untracked 
| 171|0x000000008ab00000, 0x000000008ab00000, 0x000000008ac00000|  0%| F|  |TAMS 0x000000008ab00000, 0x000000008ab00000| Untracked 
| 172|0x000000008ac00000, 0x000000008ac00000, 0x000000008ad00000|  0%| F|  |TAMS 0x000000008ac00000, 0x000000008ac00000| Untracked 
| 173|0x000000008ad00000, 0x000000008ad00000, 0x000000008ae00000|  0%| F|  |TAMS 0x000000008ad00000, 0x000000008ad00000| Untracked 
| 174|0x000000008ae00000, 0x000000008ae00000, 0x000000008af00000|  0%| F|  |TAMS 0x000000008ae00000, 0x000000008ae00000| Untracked 
| 175|0x000000008af00000, 0x000000008af00000, 0x000000008b000000|  0%| F|  |TAMS 0x000000008af00000, 0x000000008af00000| Untracked 
| 176|0x000000008b000000, 0x000000008b000000, 0x000000008b100000|  0%| F|  |TAMS 0x000000008b000000, 0x000000008b000000| Untracked 
| 177|0x000000008b100000, 0x000000008b100000, 0x000000008b200000|  0%| F|  |TAMS 0x000000008b100000, 0x000000008b100000| Untracked 
| 178|0x000000008b200000, 0x000000008b200000, 0x000000008b300000|  0%| F|  |TAMS 0x000000008b200000, 0x000000008b200000| Untracked 
| 179|0x000000008b300000, 0x000000008b300000, 0x000000008b400000|  0%| F|  |TAMS 0x000000008b300000, 0x000000008b300000| Untracked 
| 180|0x000000008b400000, 0x000000008b4fc2f0, 0x000000008b500000| 98%| S|CS|TAMS 0x000000008b400000, 0x000000008b400000| Complete 
| 181|0x000000008b500000, 0x000000008b600000, 0x000000008b600000|100%| S|CS|TAMS 0x000000008b500000, 0x000000008b500000| Complete 
| 182|0x000000008b600000, 0x000000008b700000, 0x000000008b700000|100%| S|CS|TAMS 0x000000008b600000, 0x000000008b600000| Complete 
| 183|0x000000008b700000, 0x000000008b800000, 0x000000008b800000|100%| S|CS|TAMS 0x000000008b700000, 0x000000008b700000| Complete 
| 184|0x000000008b800000, 0x000000008b900000, 0x000000008b900000|100%| S|CS|TAMS 0x000000008b800000, 0x000000008b800000| Complete 
| 185|0x000000008b900000, 0x000000008b900000, 0x000000008ba00000|  0%| F|  |TAMS 0x000000008b900000, 0x000000008b900000| Untracked 
| 186|0x000000008ba00000, 0x000000008ba00000, 0x000000008bb00000|  0%| F|  |TAMS 0x000000008ba00000, 0x000000008ba00000| Untracked 
| 187|0x000000008bb00000, 0x000000008bb00000, 0x000000008bc00000|  0%| F|  |TAMS 0x000000008bb00000, 0x000000008bb00000| Untracked 
| 188|0x000000008bc00000, 0x000000008bc00000, 0x000000008bd00000|  0%| F|  |TAMS 0x000000008bc00000, 0x000000008bc00000| Untracked 
| 189|0x000000008bd00000, 0x000000008bd00000, 0x000000008be00000|  0%| F|  |TAMS 0x000000008bd00000, 0x000000008bd00000| Untracked 
| 190|0x000000008be00000, 0x000000008be00000, 0x000000008bf00000|  0%| F|  |TAMS 0x000000008be00000, 0x000000008be00000| Untracked 
| 191|0x000000008bf00000, 0x000000008bf6f888, 0x000000008c000000| 43%| E|  |TAMS 0x000000008bf00000, 0x000000008bf00000| Complete 
| 192|0x000000008c000000, 0x000000008c100000, 0x000000008c100000|100%| E|CS|TAMS 0x000000008c000000, 0x000000008c000000| Complete 
| 193|0x000000008c100000, 0x000000008c200000, 0x000000008c200000|100%| E|CS|TAMS 0x000000008c100000, 0x000000008c100000| Complete 
| 194|0x000000008c200000, 0x000000008c300000, 0x000000008c300000|100%| E|CS|TAMS 0x000000008c200000, 0x000000008c200000| Complete 
| 195|0x000000008c300000, 0x000000008c400000, 0x000000008c400000|100%| E|CS|TAMS 0x000000008c300000, 0x000000008c300000| Complete 
| 196|0x000000008c400000, 0x000000008c500000, 0x000000008c500000|100%| E|CS|TAMS 0x000000008c400000, 0x000000008c400000| Complete 
| 197|0x000000008c500000, 0x000000008c600000, 0x000000008c600000|100%| E|CS|TAMS 0x000000008c500000, 0x000000008c500000| Complete 
| 198|0x000000008c600000, 0x000000008c700000, 0x000000008c700000|100%| E|CS|TAMS 0x000000008c600000, 0x000000008c600000| Complete 
| 199|0x000000008c700000, 0x000000008c800000, 0x000000008c800000|100%| E|CS|TAMS 0x000000008c700000, 0x000000008c700000| Complete 
| 200|0x000000008c800000, 0x000000008c900000, 0x000000008c900000|100%| E|CS|TAMS 0x000000008c800000, 0x000000008c800000| Complete 
| 201|0x000000008c900000, 0x000000008ca00000, 0x000000008ca00000|100%| E|CS|TAMS 0x000000008c900000, 0x000000008c900000| Complete 
| 202|0x000000008ca00000, 0x000000008cb00000, 0x000000008cb00000|100%| E|CS|TAMS 0x000000008ca00000, 0x000000008ca00000| Complete 
| 203|0x000000008cb00000, 0x000000008cc00000, 0x000000008cc00000|100%| E|CS|TAMS 0x000000008cb00000, 0x000000008cb00000| Complete 
| 204|0x000000008cc00000, 0x000000008cd00000, 0x000000008cd00000|100%| E|CS|TAMS 0x000000008cc00000, 0x000000008cc00000| Complete 
| 205|0x000000008cd00000, 0x000000008ce00000, 0x000000008ce00000|100%| E|CS|TAMS 0x000000008cd00000, 0x000000008cd00000| Complete 
| 206|0x000000008ce00000, 0x000000008cf00000, 0x000000008cf00000|100%| E|CS|TAMS 0x000000008ce00000, 0x000000008ce00000| Complete 
| 207|0x000000008cf00000, 0x000000008d000000, 0x000000008d000000|100%| E|CS|TAMS 0x000000008cf00000, 0x000000008cf00000| Complete 
| 208|0x000000008d000000, 0x000000008d100000, 0x000000008d100000|100%| E|CS|TAMS 0x000000008d000000, 0x000000008d000000| Complete 
| 209|0x000000008d100000, 0x000000008d200000, 0x000000008d200000|100%| E|CS|TAMS 0x000000008d100000, 0x000000008d100000| Complete 
| 210|0x000000008d200000, 0x000000008d300000, 0x000000008d300000|100%| E|CS|TAMS 0x000000008d200000, 0x000000008d200000| Complete 
| 211|0x000000008d300000, 0x000000008d400000, 0x000000008d400000|100%| E|CS|TAMS 0x000000008d300000, 0x000000008d300000| Complete 
| 212|0x000000008d400000, 0x000000008d500000, 0x000000008d500000|100%| E|CS|TAMS 0x000000008d400000, 0x000000008d400000| Complete 
| 213|0x000000008d500000, 0x000000008d600000, 0x000000008d600000|100%| E|CS|TAMS 0x000000008d500000, 0x000000008d500000| Complete 
| 214|0x000000008d600000, 0x000000008d700000, 0x000000008d700000|100%| E|CS|TAMS 0x000000008d600000, 0x000000008d600000| Complete 
| 215|0x000000008d700000, 0x000000008d800000, 0x000000008d800000|100%| E|CS|TAMS 0x000000008d700000, 0x000000008d700000| Complete 
| 216|0x000000008d800000, 0x000000008d900000, 0x000000008d900000|100%| E|CS|TAMS 0x000000008d800000, 0x000000008d800000| Complete 
| 217|0x000000008d900000, 0x000000008da00000, 0x000000008da00000|100%| E|CS|TAMS 0x000000008d900000, 0x000000008d900000| Complete 
| 218|0x000000008da00000, 0x000000008db00000, 0x000000008db00000|100%| E|CS|TAMS 0x000000008da00000, 0x000000008da00000| Complete 
| 219|0x000000008db00000, 0x000000008dc00000, 0x000000008dc00000|100%| E|CS|TAMS 0x000000008db00000, 0x000000008db00000| Complete 
| 220|0x000000008dc00000, 0x000000008dd00000, 0x000000008dd00000|100%| E|CS|TAMS 0x000000008dc00000, 0x000000008dc00000| Complete 
| 221|0x000000008dd00000, 0x000000008de00000, 0x000000008de00000|100%| E|CS|TAMS 0x000000008dd00000, 0x000000008dd00000| Complete 

Card table byte_map: [0x0000016cef280000,0x0000016cef680000] _byte_map_base: 0x0000016ceee80000

Marking Bits (Prev, Next): (CMBitMap*) 0x0000016cd6394a08, (CMBitMap*) 0x0000016cd6394a40
 Prev Bits: [0x0000016cefa80000, 0x0000016cf1a80000)
 Next Bits: [0x0000016cf1a80000, 0x0000016cf3a80000)

Polling page: 0x0000016cd6420000

Metaspace:

Usage:
  Non-class:     95.54 MB capacity,    93.26 MB ( 98%) used,     1.93 MB (  2%) free+waste,   351.81 KB ( <1%) overhead. 
      Class:     15.76 MB capacity,    14.21 MB ( 90%) used,     1.38 MB (  9%) free+waste,   165.88 KB (  1%) overhead. 
       Both:    111.30 MB capacity,   107.47 MB ( 97%) used,     3.32 MB (  3%) free+waste,   517.69 KB ( <1%) overhead. 

Virtual space:
  Non-class space:       96.00 MB reserved,      95.75 MB (>99%) committed 
      Class space:      504.00 MB reserved,      15.88 MB (  3%) committed 
             Both:      600.00 MB reserved,     111.62 MB ( 19%) committed 

Chunk freelists:
   Non-Class:  128 bytes
       Class:  3.00 KB
        Both:  3.12 KB

CodeHeap 'non-profiled nmethods': size=120000Kb used=8632Kb max_used=8632Kb free=111367Kb
 bounds [0x0000016ce6cc0000, 0x0000016ce7530000, 0x0000016cee1f0000]
CodeHeap 'profiled nmethods': size=120000Kb used=30609Kb max_used=30609Kb free=89390Kb
 bounds [0x0000016cdf790000, 0x0000016ce1580000, 0x0000016ce6cc0000]
CodeHeap 'non-nmethods': size=5760Kb used=2315Kb max_used=2359Kb free=3444Kb
 bounds [0x0000016cdf1f0000, 0x0000016cdf460000, 0x0000016cdf790000]
 total_blobs=14522 nmethods=13587 adapters=846
 compilation: enabled
              stopped_count=0, restarted_count=0
 full_count=0

Compilation events (10 events):
Event: 446.953 Thread 0x0000016cf6ff6000 13655       3       org.gradle.api.internal.provider.DefaultProperty::convention (41 bytes)
Event: 446.954 Thread 0x0000016cf6ff6000 nmethod 13655 0x0000016ce1555e10 code [0x0000016ce1556060, 0x0000016ce1556d48]
Event: 446.955 Thread 0x0000016cf6ff6000 13656       3       com.android.build.gradle.internal.dependency.VariantDependencies::getArtifactFileCollection$default (21 bytes)
Event: 446.956 Thread 0x0000016cf6ff6000 nmethod 13656 0x0000016ce1557090 code [0x0000016ce1557240, 0x0000016ce15573a8]
Event: 446.958 Thread 0x0000016cf6ff6000 13657   !   3       java.lang.Class::getEnumConstantsShared (71 bytes)
Event: 446.959 Thread 0x0000016cf6ff6000 nmethod 13657 0x0000016ce1557490 code [0x0000016ce1557720, 0x0000016ce1558318]
Event: 446.959 Thread 0x0000016cf6ff6000 13658       3       org.gradle.api.DefaultTask::getOutputs (5 bytes)
Event: 446.960 Thread 0x0000016cf6ff6000 nmethod 13658 0x0000016ce1558810 code [0x0000016ce15589a0, 0x0000016ce1558b98]
Event: 446.962 Thread 0x0000016cf6ff6000 13659       3       com.google.common.collect.RegularImmutableMap::makeImmutable (44 bytes)
Event: 446.963 Thread 0x0000016cf6ff6000 nmethod 13659 0x0000016ce1558c90 code [0x0000016ce1558ea0, 0x0000016ce15596d8]

GC Heap History (10 events):
Event: 442.744 GC heap before
{Heap before GC invocations=26 (full 0):
 garbage-first heap   total 227328K, used 137006K [0x0000000080000000, 0x0000000100000000)
  region size 1024K, 5 young (5120K), 3 survivors (3072K)
 Metaspace       used 101654K, capacity 105293K, committed 105600K, reserved 608256K
  class space    used 13469K, capacity 14902K, committed 14976K, reserved 516096K
}
Event: 442.748 GC heap after
{Heap after GC invocations=27 (full 0):
 garbage-first heap   total 227328K, used 136832K [0x0000000080000000, 0x0000000100000000)
  region size 1024K, 4 young (4096K), 4 survivors (4096K)
 Metaspace       used 101654K, capacity 105293K, committed 105600K, reserved 608256K
  class space    used 13469K, capacity 14902K, committed 14976K, reserved 516096K
}
Event: 444.042 GC heap before
{Heap before GC invocations=28 (full 0):
 garbage-first heap   total 227328K, used 172672K [0x0000000080000000, 0x0000000100000000)
  region size 1024K, 39 young (39936K), 4 survivors (4096K)
 Metaspace       used 102902K, capacity 106622K, committed 106752K, reserved 608256K
  class space    used 13590K, capacity 15058K, committed 15104K, reserved 516096K
}
Event: 444.084 GC heap after
{Heap after GC invocations=29 (full 0):
 garbage-first heap   total 227328K, used 145821K [0x0000000080000000, 0x0000000100000000)
  region size 1024K, 5 young (5120K), 5 survivors (5120K)
 Metaspace       used 102902K, capacity 106622K, committed 106752K, reserved 608256K
  class space    used 13590K, capacity 15058K, committed 15104K, reserved 516096K
}
Event: 444.748 GC heap before
{Heap before GC invocations=29 (full 0):
 garbage-first heap   total 227328K, used 177565K [0x0000000080000000, 0x0000000100000000)
  region size 1024K, 37 young (37888K), 5 survivors (5120K)
 Metaspace       used 104904K, capacity 108615K, committed 108928K, reserved 610304K
  class space    used 13860K, capacity 15398K, committed 15488K, reserved 516096K
}
Event: 444.760 GC heap after
{Heap after GC invocations=30 (full 0):
 garbage-first heap   total 227328K, used 147580K [0x0000000080000000, 0x0000000100000000)
  region size 1024K, 2 young (2048K), 2 survivors (2048K)
 Metaspace       used 104904K, capacity 108615K, committed 108928K, reserved 610304K
  class space    used 13860K, capacity 15398K, committed 15488K, reserved 516096K
}
Event: 445.447 GC heap before
{Heap before GC invocations=31 (full 0):
 garbage-first heap   total 227328K, used 180348K [0x0000000080000000, 0x0000000100000000)
  region size 1024K, 34 young (34816K), 2 survivors (2048K)
 Metaspace       used 106874K, capacity 110640K, committed 110720K, reserved 612352K
  class space    used 14137K, capacity 15682K, committed 15744K, reserved 516096K
}
Event: 445.451 GC heap after
{Heap after GC invocations=32 (full 0):
 garbage-first heap   total 227328K, used 149065K [0x0000000080000000, 0x0000000100000000)
  region size 1024K, 3 young (3072K), 3 survivors (3072K)
 Metaspace       used 106874K, capacity 110640K, committed 110720K, reserved 612352K
  class space    used 14137K, capacity 15682K, committed 15744K, reserved 516096K
}
Event: 446.090 GC heap before
{Heap before GC invocations=32 (full 0):
 garbage-first heap   total 227328K, used 183881K [0x0000000080000000, 0x0000000100000000)
  region size 1024K, 37 young (37888K), 3 survivors (3072K)
 Metaspace       used 108706K, capacity 112523K, committed 112768K, reserved 614400K
  class space    used 14392K, capacity 15956K, committed 16000K, reserved 516096K
}
Event: 446.112 GC heap after
{Heap after GC invocations=33 (full 0):
 garbage-first heap   total 227328K, used 152458K [0x0000000080000000, 0x0000000100000000)
  region size 1024K, 5 young (5120K), 5 survivors (5120K)
 Metaspace       used 108706K, capacity 112523K, committed 112768K, reserved 614400K
  class space    used 14392K, capacity 15956K, committed 16000K, reserved 516096K
}

Deoptimization events (10 events):
Event: 444.491 Thread 0x0000016c8009f800 Uncommon trap: reason=unstable_if action=reinterpret pc=0x0000016ce6f09ab0 method=jdk.internal.org.objectweb.asm.ByteVector.putInt(I)Ljdk/internal/org/objectweb/asm/ByteVector; @ 13 c2
Event: 444.704 Thread 0x0000016c8009f800 Uncommon trap: reason=null_check action=make_not_entrant pc=0x0000016ce74bc858 method=org.gradle.internal.instantiation.generator.AbstractClassGenerator$DslMixInPropertyType.visitProperty(Lorg/gradle/internal/instantiation/generator/AbstractClassGenerator
Event: 444.796 Thread 0x0000016c8009f800 Uncommon trap: reason=null_check action=make_not_entrant pc=0x0000016ce74c0f18 method=org.gradle.internal.instantiation.generator.AbstractClassGenerator.isPropertyType(Ljava/lang/Class;)Z @ 3 c2
Event: 444.870 Thread 0x0000016c8009f800 Uncommon trap: reason=null_check action=make_not_entrant pc=0x0000016ce74c170c method=org.gradle.internal.instantiation.generator.AbstractClassGenerator.isPropertyType(Ljava/lang/Class;)Z @ 12 c2
Event: 444.897 Thread 0x0000016c8009f800 Uncommon trap: reason=null_check action=make_not_entrant pc=0x0000016ce74c4490 method=org.gradle.internal.instantiation.generator.AbstractClassGenerator.isPropertyType(Ljava/lang/Class;)Z @ 21 c2
Event: 445.006 Thread 0x0000016c8009f800 Uncommon trap: reason=null_check action=make_not_entrant pc=0x0000016ce74c8ffc method=org.gradle.internal.instantiation.generator.AbstractClassGenerator$PropertyMetadata.addGetter(Lorg/gradle/internal/instantiation/generator/AbstractClassGenerator$MethodM
Event: 445.427 Thread 0x0000016c8009f800 Uncommon trap: reason=class_check action=maybe_recompile pc=0x0000016ce73ec3f0 method=java.lang.invoke.LambdaForm$MH/0x000000010017f040.invoke(Ljava/lang/Object;Ljava/lang/Object;Ljava/lang/Object;)Ljava/lang/Object; @ 28 c2
Event: 445.579 Thread 0x0000016c8009f800 Uncommon trap: reason=null_check action=make_not_entrant pc=0x0000016ce74e61e4 method=org.gradle.internal.instantiation.generator.AbstractClassGenerator.isIneligibleForConventionMapping(Lorg/gradle/internal/instantiation/generator/AbstractClassGenerator$P
Event: 445.590 Thread 0x0000016c8009f800 Uncommon trap: reason=class_check action=maybe_recompile pc=0x0000016ce73ec3f0 method=java.lang.invoke.LambdaForm$MH/0x000000010017f040.invoke(Ljava/lang/Object;Ljava/lang/Object;Ljava/lang/Object;)Ljava/lang/Object; @ 28 c2
Event: 445.813 Thread 0x0000016c8009f800 Uncommon trap: reason=unstable_if action=reinterpret pc=0x0000016ce6f08d74 method=jdk.internal.org.objectweb.asm.Type.getType([CI)Ljdk/internal/org/objectweb/asm/Type; @ 3 c2

Classes redefined (0 events):
No events

Internal exceptions (10 events):
Event: 444.704 Thread 0x0000016c8009f800 Implicit null exception at 0x0000016ce74bc14e to 0x0000016ce74bc848
Event: 444.796 Thread 0x0000016c8009f800 Implicit null exception at 0x0000016ce74c0e30 to 0x0000016ce74c0f08
Event: 444.870 Thread 0x0000016c8009f800 Implicit null exception at 0x0000016ce74c160c to 0x0000016ce74c16fa
Event: 444.897 Thread 0x0000016c8009f800 Implicit null exception at 0x0000016ce74c43ca to 0x0000016ce74c4483
Event: 445.006 Thread 0x0000016c8009f800 Implicit null exception at 0x0000016ce74c88f0 to 0x0000016ce74c8fe8
Event: 445.258 Thread 0x0000016c8009f800 Exception <a 'java/lang/NoSuchMethodError'{0x000000008c83e540}: java.lang.invoke.DirectMethodHandle$Holder.invokeStatic(Ljava/lang/Object;Ljava/lang/Object;Ljava/lang/Object;Ljava/lang/Object;Ljava/lang/Object;Ljava/lang/Object;I)Ljava/lang/Object;> (0x00
Event: 445.261 Thread 0x0000016c8009f800 Exception <a 'java/lang/NoSuchMethodError'{0x000000008c8560a0}: java.lang.invoke.DirectMethodHandle$Holder.invokeStatic(Ljava/lang/Object;Ljava/lang/Object;Ljava/lang/Object;Ljava/lang/Object;Ljava/lang/Object;Ljava/lang/Object;II)Ljava/lang/Object;> (0x0
Event: 445.262 Thread 0x0000016c8009f800 Exception <a 'java/lang/NoSuchMethodError'{0x000000008c86e8a8}: java.lang.invoke.DirectMethodHandle$Holder.invokeStatic(Ljava/lang/Object;Ljava/lang/Object;Ljava/lang/Object;Ljava/lang/Object;Ljava/lang/Object;Ljava/lang/Object;IILjava/lang/Object;)Ljava/
Event: 445.579 Thread 0x0000016c8009f800 Implicit null exception at 0x0000016ce74e5914 to 0x0000016ce74e61d8
Event: 445.812 Thread 0x0000016c8009f800 Exception <a 'java/lang/NoSuchMethodError'{0x000000008c9d3210}: java.lang.invoke.DirectMethodHandle$Holder.invokeStatic(Ljava/lang/Object;IILjava/lang/Object;)I> (0x000000008c9d3210) thrown at [./open/src/hotspot/share/interpreter/linkResolver.cpp, line 7

Events (10 events):
Event: 446.876 Executing VM operation: RevokeBias
Event: 446.876 Executing VM operation: RevokeBias done
Event: 446.880 Executing VM operation: RevokeBias
Event: 446.881 Executing VM operation: RevokeBias done
Event: 446.884 Thread 0x0000016c8009f800 DEOPT PACKING pc=0x0000016ce13ec21a sp=0x00000029e7cfa0a0
Event: 446.884 Thread 0x0000016c8009f800 DEOPT UNPACKING pc=0x0000016cdf216dde sp=0x00000029e7cf9548 mode 0
Event: 446.904 Thread 0x0000016c8009f800 DEOPT PACKING pc=0x0000016ce13ec21a sp=0x00000029e7cfa0a0
Event: 446.904 Thread 0x0000016c8009f800 DEOPT UNPACKING pc=0x0000016cdf216dde sp=0x00000029e7cf9548 mode 0
Event: 446.925 Thread 0x0000016c8009f800 DEOPT PACKING pc=0x0000016ce13ec21a sp=0x00000029e7cfa0a0
Event: 446.925 Thread 0x0000016c8009f800 DEOPT UNPACKING pc=0x0000016cdf216dde sp=0x00000029e7cf9548 mode 0


Dynamic libraries:
0x00007ff7bfe80000 - 0x00007ff7bfe90000 	C:\Program Files\Java\jdk-11\bin\java.exe
0x00007ffd65a50000 - 0x00007ffd65c64000 	C:\WINDOWS\SYSTEM32\ntdll.dll
0x00007ffd644f0000 - 0x00007ffd645b4000 	C:\WINDOWS\System32\KERNEL32.DLL
0x00007ffd633b0000 - 0x00007ffd63754000 	C:\WINDOWS\System32\KERNELBASE.dll
0x00007ffd63120000 - 0x00007ffd63231000 	C:\WINDOWS\System32\ucrtbase.dll
0x00007ffcf51a0000 - 0x00007ffcf51b8000 	C:\Program Files\Java\jdk-11\bin\jli.dll
0x00007ffd654e0000 - 0x00007ffd65590000 	C:\WINDOWS\System32\ADVAPI32.dll
0x00007ffd65170000 - 0x00007ffd65217000 	C:\WINDOWS\System32\msvcrt.dll
0x00007ffcef5a0000 - 0x00007ffcef5bb000 	C:\Program Files\Java\jdk-11\bin\VCRUNTIME140.dll
0x00007ffd64960000 - 0x00007ffd64a06000 	C:\WINDOWS\System32\sechost.dll
0x00007ffd63930000 - 0x00007ffd63a47000 	C:\WINDOWS\System32\RPCRT4.dll
0x00007ffd64a10000 - 0x00007ffd64bbe000 	C:\WINDOWS\System32\USER32.dll
0x00007ffd630f0000 - 0x00007ffd63116000 	C:\WINDOWS\System32\win32u.dll
0x00007ffd644c0000 - 0x00007ffd644e9000 	C:\WINDOWS\System32\GDI32.dll
0x00007ffd62e70000 - 0x00007ffd62f88000 	C:\WINDOWS\System32\gdi32full.dll
0x00007ffd63050000 - 0x00007ffd630ea000 	C:\WINDOWS\System32\msvcp_win.dll
0x00007ffd52dc0000 - 0x00007ffd53053000 	C:\WINDOWS\WinSxS\amd64_microsoft.windows.common-controls_6595b64144ccf1df_6.0.22621.2215_none_270d72677387dfc3\COMCTL32.dll
0x00007ffd5c500000 - 0x00007ffd5c50a000 	C:\WINDOWS\SYSTEM32\VERSION.dll
0x00007ffd65830000 - 0x00007ffd65861000 	C:\WINDOWS\System32\IMM32.DLL
0x00007ffd23510000 - 0x00007ffd2351c000 	C:\Program Files\Java\jdk-11\bin\vcruntime140_1.dll
0x00007ffcef510000 - 0x00007ffcef59e000 	C:\Program Files\Java\jdk-11\bin\msvcp140.dll
0x00007ffcee9a0000 - 0x00007ffcef508000 	C:\Program Files\Java\jdk-11\bin\server\jvm.dll
0x00007ffd65160000 - 0x00007ffd65168000 	C:\WINDOWS\System32\PSAPI.DLL
0x00007ffd49430000 - 0x00007ffd49439000 	C:\WINDOWS\SYSTEM32\WSOCK32.dll
0x00007ffd65640000 - 0x00007ffd656b1000 	C:\WINDOWS\System32\WS2_32.dll
0x00007ffd5c380000 - 0x00007ffd5c3b4000 	C:\WINDOWS\SYSTEM32\WINMM.dll
0x00007ffd61dc0000 - 0x00007ffd61dd8000 	C:\WINDOWS\SYSTEM32\kernel.appcore.dll
0x00007ffd13780000 - 0x00007ffd13790000 	C:\Program Files\Java\jdk-11\bin\verify.dll
0x00007ffd60850000 - 0x00007ffd60a7e000 	C:\WINDOWS\SYSTEM32\DBGHELP.DLL
0x00007ffd645c0000 - 0x00007ffd6494a000 	C:\WINDOWS\System32\combase.dll
0x00007ffd65750000 - 0x00007ffd65827000 	C:\WINDOWS\System32\OLEAUT32.dll
0x00007ffd4d920000 - 0x00007ffd4d952000 	C:\WINDOWS\SYSTEM32\dbgcore.DLL
0x00007ffd63760000 - 0x00007ffd637da000 	C:\WINDOWS\System32\bcryptPrimitives.dll
0x00007ffcee970000 - 0x00007ffcee998000 	C:\Program Files\Java\jdk-11\bin\java.dll
0x00007ffd0e580000 - 0x00007ffd0e58a000 	C:\Program Files\Java\jdk-11\bin\jimage.dll
0x00007ffcee950000 - 0x00007ffcee967000 	C:\Program Files\Java\jdk-11\bin\zip.dll
0x00007ffd63b50000 - 0x00007ffd64373000 	C:\WINDOWS\System32\SHELL32.dll
0x00007ffd60d40000 - 0x00007ffd6162a000 	C:\WINDOWS\SYSTEM32\windows.storage.dll
0x00007ffd60c00000 - 0x00007ffd60d3e000 	C:\WINDOWS\SYSTEM32\wintypes.dll
0x00007ffd63a50000 - 0x00007ffd63b43000 	C:\WINDOWS\System32\SHCORE.dll
0x00007ffd64460000 - 0x00007ffd644be000 	C:\WINDOWS\System32\shlwapi.dll
0x00007ffd62d30000 - 0x00007ffd62d56000 	C:\WINDOWS\SYSTEM32\profapi.dll
0x00007ffcee930000 - 0x00007ffcee949000 	C:\Program Files\Java\jdk-11\bin\net.dll
0x00007ffd5c150000 - 0x00007ffd5c287000 	C:\WINDOWS\SYSTEM32\WINHTTP.dll
0x00007ffd62280000 - 0x00007ffd622e9000 	C:\WINDOWS\system32\mswsock.dll
0x00007ffcee910000 - 0x00007ffcee922000 	C:\Program Files\Java\jdk-11\bin\nio.dll
0x00007ffd2d960000 - 0x00007ffd2d987000 	C:\Users\mrizk\.gradle\native\68d5fa5c4cc2d200863cafc0d521ce42e7d3e7ee720ec0a83991735586a16f82\windows-amd64\native-platform.dll
0x00007ffd150a0000 - 0x00007ffd151e4000 	C:\Users\mrizk\.gradle\native\e376f236ea51e6404a007f0833ffe2c6e607c4080706a723a18a27aeea778392\windows-amd64\native-platform-file-events.dll
0x00007ffd3d800000 - 0x00007ffd3d809000 	C:\Program Files\Java\jdk-11\bin\management.dll
0x00007ffd35190000 - 0x00007ffd3519b000 	C:\Program Files\Java\jdk-11\bin\management_ext.dll
0x00007ffd624b0000 - 0x00007ffd624cb000 	C:\WINDOWS\SYSTEM32\CRYPTSP.dll
0x00007ffd61d80000 - 0x00007ffd61db5000 	C:\WINDOWS\system32\rsaenh.dll
0x00007ffd62330000 - 0x00007ffd6235c000 	C:\WINDOWS\SYSTEM32\USERENV.dll
0x00007ffd626c0000 - 0x00007ffd626e8000 	C:\WINDOWS\SYSTEM32\bcrypt.dll
0x00007ffd624d0000 - 0x00007ffd624dc000 	C:\WINDOWS\SYSTEM32\CRYPTBASE.dll
0x00007ffd61890000 - 0x00007ffd618bd000 	C:\WINDOWS\SYSTEM32\IPHLPAPI.DLL
0x00007ffd65150000 - 0x00007ffd65159000 	C:\WINDOWS\System32\NSI.dll
0x00007ffd5c510000 - 0x00007ffd5c529000 	C:\WINDOWS\SYSTEM32\dhcpcsvc6.DLL
0x00007ffd5c360000 - 0x00007ffd5c37f000 	C:\WINDOWS\SYSTEM32\dhcpcsvc.DLL
0x00007ffd61900000 - 0x00007ffd619f2000 	C:\WINDOWS\SYSTEM32\DNSAPI.dll

dbghelp: loaded successfully - version: 4.0.5 - missing functions: none
symbol engine: initialized successfully - sym options: 0x614 - pdb path: .;C:\Program Files\Java\jdk-11\bin;C:\WINDOWS\SYSTEM32;C:\WINDOWS\WinSxS\amd64_microsoft.windows.common-controls_6595b64144ccf1df_6.0.22621.2215_none_270d72677387dfc3;C:\Program Files\Java\jdk-11\bin\server;C:\Users\mrizk\.gradle\native\68d5fa5c4cc2d200863cafc0d521ce42e7d3e7ee720ec0a83991735586a16f82\windows-amd64;C:\Users\mrizk\.gradle\native\e376f236ea51e6404a007f0833ffe2c6e607c4080706a723a18a27aeea778392\windows-amd64

VM Arguments:
jvm_args: -XX:MaxMetaspaceSize=512m --add-opens=java.base/java.util=ALL-UNNAMED --add-opens=java.base/java.lang=ALL-UNNAMED --add-opens=java.base/java.lang.invoke=ALL-UNNAMED --add-opens=java.prefs/java.util.prefs=ALL-UNNAMED --add-opens=java.base/java.nio.charset=ALL-UNNAMED --add-opens=java.base/java.net=ALL-UNNAMED --add-opens=java.base/java.util.concurrent.atomic=ALL-UNNAMED -Xmx2048m -Dfile.encoding=windows-1252 -Duser.country=ID -Duser.language=en -Duser.variant 
java_command: org.gradle.launcher.daemon.bootstrap.GradleDaemon 8.0.1
java_class_path (initial): C:\Users\mrizk\.gradle\wrapper\dists\gradle-8.0.1-all\aro4hu1c3oeioove7l0i4i14o\gradle-8.0.1\lib\gradle-launcher-8.0.1.jar
Launcher Type: SUN_STANDARD

[Global flags]
     intx CICompilerCount                          = 4                                         {product} {ergonomic}
   size_t CompressedClassSpaceSize                 = 528482304                                 {product} {ergonomic}
     uint ConcGCThreads                            = 3                                         {product} {ergonomic}
     uint G1ConcRefinementThreads                  = 10                                        {product} {ergonomic}
   size_t G1HeapRegionSize                         = 1048576                                   {product} {ergonomic}
    uintx GCDrainStackTargetSize                   = 64                                        {product} {ergonomic}
   size_t InitialHeapSize                          = 232783872                                 {product} {ergonomic}
   size_t MarkStackSize                            = 4194304                                   {product} {ergonomic}
   size_t MaxHeapSize                              = 2147483648                                {product} {command line}
   size_t MaxMetaspaceSize                         = 536870912                                 {product} {command line}
   size_t MaxNewSize                               = 1287651328                                {product} {ergonomic}
   size_t MinHeapDeltaBytes                        = 1048576                                   {product} {ergonomic}
    uintx NonNMethodCodeHeapSize                   = 5836300                                {pd product} {ergonomic}
    uintx NonProfiledCodeHeapSize                  = 122910970                              {pd product} {ergonomic}
    uintx ProfiledCodeHeapSize                     = 122910970                              {pd product} {ergonomic}
    uintx ReservedCodeCacheSize                    = 251658240                              {pd product} {ergonomic}
     bool SegmentedCodeCache                       = true                                      {product} {ergonomic}
     bool UseCompressedClassPointers               = true                                 {lp64_product} {ergonomic}
     bool UseCompressedOops                        = true                                 {lp64_product} {ergonomic}
     bool UseG1GC                                  = true                                      {product} {ergonomic}
     bool UseLargePagesIndividualAllocation        = false                                  {pd product} {ergonomic}

Logging:
Log output configuration:
 #0: stdout all=warning uptime,level,tags
 #1: stderr all=off uptime,level,tags

Environment Variables:
JAVA_HOME=C:\Program Files\Java\jdk-11
CLASSPATH=F:\drive-programming\00bootcamp\code\week9\tugas\recipe_rn\android\\gradle\wrapper\gradle-wrapper.jar
PATH=F:\drive-programming\00bootcamp\code\week9\tugas\recipe_rn\node_modules\.bin;F:\drive-programming\00bootcamp\code\week9\tugas\recipe_rn\node_modules\.bin;F:\drive-programming\00bootcamp\code\week9\tugas\node_modules\.bin;F:\drive-programming\00bootcamp\code\week9\node_modules\.bin;F:\drive-programming\00bootcamp\code\node_modules\.bin;F:\drive-programming\00bootcamp\node_modules\.bin;F:\drive-programming\node_modules\.bin;F:\node_modules\.bin;C:\Users\mrizk\AppData\Roaming\nvm\v18.13.0\node_modules\npm\node_modules\@npmcli\run-script\lib\node-gyp-bin;F:\drive-programming\00bootcamp\code\week9\tugas\recipe_rn\node_modules\.bin;F:\drive-programming\00bootcamp\code\week9\tugas\node_modules\.bin;F:\drive-programming\00bootcamp\code\week9\node_modules\.bin;F:\drive-programming\00bootcamp\code\node_modules\.bin;F:\drive-programming\00bootcamp\node_modules\.bin;F:\drive-programming\node_modules\.bin;F:\node_modules\.bin;C:\Users\mrizk\AppData\Roaming\nvm\v18.13.0\node_modules\npm\node_modules\@npmcli\run-script\lib\node-gyp-bin;C:\Users\mrizk\bin;C:\Program Files\Git\mingw64\bin;C:\Program Files\Git\usr\local\bin;C:\Program Files\Git\usr\bin;C:\Program Files\Git\usr\bin;C:\Program Files\Git\mingw64\bin;C:\Program Files\Git\usr\bin;C:\Users\mrizk\bin;C:\Program Files\Common Files\Oracle\Java\javapath;C:\Windows\system32;C:\Windows;C:\Windows\System32\Wbem;C:\Windows\System32\WindowsPowerShell\v1.0;C:\Windows\System32\OpenSSH;C:\Program Files (x86)\NVIDIA Corporation\PhysX\Common;C:\Program Files\Microsoft VS Code\bin;C:\Program Files\Git\cmd;C:\xampp\mysql\bin;C:\Program Files\MongoDB\Server\6.0\bin;C:\Program Files\mongosh\mongosh-1.6.0-win32-x64\bin;C:\Program Files\NVIDIA Corporation\NVIDIA NvDLISR;C:\Users\mrizk\AppData\Roaming\nvm;C:\Program Files\nodejs;C:\WINDOWS\system32;C:\WINDOWS;C:\WINDOWS\System32\Wbem;C:\WINDOWS\System32\WindowsPowerShell\v1.0;C:\WINDOWS\System32\OpenSSH;C:\Users\mrizk\AppData\Local\Android\Sdk\platform-tools;C:\Program Files\Java\jdk-11;C:\P
USERNAME=mrizk
SHELL=C:\Program Files\Git\usr\bin\bash.exe
DISPLAY=needs-to-be-defined
OS=Windows_NT
PROCESSOR_IDENTIFIER=AMD64 Family 25 Model 80 Stepping 0, AuthenticAMD



---------------  S Y S T E M  ---------------

OS: Windows 11 , 64 bit Build 22621 (10.0.22621.2215)
Hyper-V role detected

CPU:total 12 (initial active 12) (12 cores per cpu, 2 threads per core) family 25 model 80 stepping 0 microcode 0x0, cmov, cx8, fxsr, mmx, sse, sse2, sse3, ssse3, sse4.1, sse4.2, popcnt, avx, avx2, aes, clmul, erms, mmxext, 3dnowpref, lzcnt, sse4a, ht, tsc, tscinvbit, tscinv, bmi1, bmi2,

Memory: 4k page, system-wide physical 14188M (205M free)
TotalPageFile size 46729M (AvailPageFile size 0M)
current process WorkingSet (physical memory assigned to process): 389M, peak: 394M
current process commit charge ("private bytes"): 579M, peak: 582M

vm_info: Java HotSpot(TM) 64-Bit Server VM (11.0.18+9-LTS-195) for windows-amd64 JRE (11.0.18+9-LTS-195), built on Dec  6 2022 15:50:58 by "mach5one" with MS VC++ 17.1 (VS2022)

END.
