#
# There is insufficient memory for the Java Runtime Environment to continue.
# Native memory allocation (malloc) failed to allocate 989056 bytes for Chunk::new
# Possible reasons:
#   The system is out of physical RAM or swap space
#   The process is running with CompressedOops enabled, and the Java Heap may be blocking the growth of the native heap
# Possible solutions:
#   Reduce memory load on the system
#   Increase physical memory or swap space
#   Check if swap backing store is full
#   Decrease Java heap size (-Xmx/-Xms)
#   Decrease number of Java threads
#   Decrease Java thread stack sizes (-Xss)
#   Set larger code cache with -XX:ReservedCodeCacheSize=
#   JVM is running with Unscaled Compressed Oops mode in which the Java heap is
#     placed in the first 4GB address space. The Java Heap base address is the
#     maximum limit for the native heap growth. Please use -XX:HeapBaseMinAddress
#     to set the Java Heap base and to place the Java Heap above 4GB virtual address.
# This output file may be truncated or incomplete.
#
#  Out of Memory Error (./open/src/hotspot/share/memory/arena.cpp:197), pid=35852, tid=25420
#
# JRE version: Java(TM) SE Runtime Environment 18.9 (11.0.18+9) (build 11.0.18+9-LTS-195)
# Java VM: Java HotSpot(TM) 64-Bit Server VM 18.9 (11.0.18+9-LTS-195, mixed mode, tiered, compressed oops, g1 gc, windows-amd64)
# No core dump will be written. Minidumps are not enabled by default on client versions of Windows
#

---------------  S U M M A R Y ------------

Command Line: -XX:MaxMetaspaceSize=512m --add-opens=java.base/java.util=ALL-UNNAMED --add-opens=java.base/java.lang=ALL-UNNAMED --add-opens=java.base/java.lang.invoke=ALL-UNNAMED --add-opens=java.prefs/java.util.prefs=ALL-UNNAMED --add-opens=java.base/java.nio.charset=ALL-UNNAMED --add-opens=java.base/java.net=ALL-UNNAMED --add-opens=java.base/java.util.concurrent.atomic=ALL-UNNAMED -Xmx2048m -Dfile.encoding=windows-1252 -Duser.country=ID -Duser.language=en -Duser.variant org.gradle.launcher.daemon.bootstrap.GradleDaemon 8.0.1

Host: AMD Ryzen 5 5600H with Radeon Graphics         , 12 cores, 13G,  Windows 11 , 64 bit Build 22621 (10.0.22621.2215)
Time: Thu Oct  5 18:40:18 2023 SE Asia Standard Time elapsed time: 355.725078 seconds (0d 0h 5m 55s)

---------------  T H R E A D  ---------------

Current thread (0x00000278ac4e7000):  JavaThread "C2 CompilerThread0" daemon [_thread_in_native, id=25420, stack(0x0000007a3fb00000,0x0000007a3fc00000)]


Current CompileTask:
C2: 355725 8858       4       org.objectweb.asm.Frame::execute (2318 bytes)

Stack: [0x0000007a3fb00000,0x0000007a3fc00000]
Native frames: (J=compiled Java code, j=interpreted, Vv=VM code, C=native code)
V  [jvm.dll+0x65d8aa]
V  [jvm.dll+0x79fc1f]
V  [jvm.dll+0x7a12e9]
V  [jvm.dll+0x7a1983]
V  [jvm.dll+0x2585b5]
V  [jvm.dll+0xb284c]
V  [jvm.dll+0xb2e0c]
V  [jvm.dll+0x2c9c42]
V  [jvm.dll+0x56d7dc]
V  [jvm.dll+0x21a251]
V  [jvm.dll+0x213a35]
V  [jvm.dll+0x210264]
V  [jvm.dll+0x18c641]
V  [jvm.dll+0x220609]
V  [jvm.dll+0x21e92c]
V  [jvm.dll+0x763f61]
V  [jvm.dll+0x75c924]
V  [jvm.dll+0x65c755]
C  [ucrtbase.dll+0x29363]
C  [KERNEL32.DLL+0x1257d]
C  [ntdll.dll+0x5aa68]


---------------  P R O C E S S  ---------------

Threads class SMR info:
_java_thread_list=0x00000278b0e5a220, length=180, elements={
0x000002788d7e6000, 0x00000278abca0000, 0x00000278ac4d8800, 0x00000278abcae800,
0x00000278ac4e1800, 0x00000278ac4e3800, 0x00000278ac4e7000, 0x00000278ac4e8000,
0x00000278ac561000, 0x00000278ac6c6800, 0x00000278adfb0800, 0x00000278ad79c800,
0x00000278ae3eb800, 0x00000278adf60800, 0x00000278ac65f000, 0x00000278acbb8800,
0x00000278ad69e800, 0x00000278aca95000, 0x00000278ae6c1800, 0x00000278ae6c3000,
0x00000278ae6c8000, 0x00000278ae6c3800, 0x00000278ae6c4800, 0x00000278ae6c5800,
0x00000278ae6c6000, 0x00000278ae6c7000, 0x00000278b07bc800, 0x00000278b07ba000,
0x00000278b07bd000, 0x00000278b07be000, 0x00000278b07bf000, 0x00000278b07ba800,
0x00000278b07c7000, 0x00000278b07c2000, 0x00000278b07c3800, 0x00000278b07c3000,
0x00000278b07c6000, 0x00000278b07c4800, 0x00000278b07c5800, 0x00000278ae6c2000,
0x00000278b0cc2800, 0x00000278b0cc2000, 0x00000278b0cc3800, 0x00000278b0cc5000,
0x00000278b0cc6000, 0x00000278b0cc4800, 0x00000278b0cc0000, 0x00000278b0cc6800,
0x00000278b0cc1000, 0x00000278b0ccb000, 0x00000278b0cc9000, 0x00000278b0cca000,
0x00000278b0ccb800, 0x00000278b0ccc800, 0x00000278b0ccd800, 0x00000278b0cc7800,
0x00000278b0cce000, 0x00000278b0cc8800, 0x00000278b0ccf000, 0x00000278aef24000,
0x00000278aef25800, 0x00000278aef27000, 0x00000278aef26800, 0x00000278aef23000,
0x00000278aef22800, 0x00000278aef24800, 0x00000278aef29000, 0x00000278aef29800,
0x00000278aef2a800, 0x00000278aef2b800, 0x00000278aef28000, 0x00000278aef2c000,
0x00000278aef2d000, 0x00000278aef2d800, 0x00000278aef2e800, 0x00000278aef2f800,
0x00000278b0b99000, 0x00000278b0b95800, 0x00000278b0b96800, 0x00000278b0b9a000,
0x00000278b0b97800, 0x00000278b0b94000, 0x00000278b0b95000, 0x00000278b0b9a800,
0x00000278b0b98000, 0x00000278b0b9f800, 0x00000278b0b9c800, 0x00000278b0b9e000,
0x00000278b0ba0800, 0x00000278b0ba1000, 0x00000278b0b9d000, 0x00000278b0b9e800,
0x00000278b0b9b800, 0x00000278b0ba2000, 0x00000278b0ba3000, 0x00000278aed95000,
0x00000278aed92000, 0x00000278aed92800, 0x00000278aed93800, 0x00000278aed96000,
0x00000278aed91000, 0x00000278aed90000, 0x00000278aed96800, 0x00000278aed97800,
0x00000278aed98800, 0x00000278aed99000, 0x00000278aed9a000, 0x00000278aed94000,
0x00000278aed9c800, 0x00000278aed9b800, 0x00000278aed9f000, 0x00000278aed9d000,
0x00000278aed9a800, 0x00000278aed9e000, 0x00000278b0fca800, 0x00000278b0fce000,
0x00000278b0fce800, 0x00000278b0fc9000, 0x00000278b0fcb800, 0x00000278b0fcc000,
0x00000278b0fcd000, 0x00000278b0fcf800, 0x00000278b0fca000, 0x00000278b0fd3800,
0x00000278b0fd5000, 0x00000278b0fd2000, 0x00000278b0fd4800, 0x00000278b0fd6000,
0x00000278b0fd0800, 0x00000278b0fd7000, 0x00000278b0fd2800, 0x00000278b0fd1000,
0x00000278b0fd7800, 0x00000278b0bc2000, 0x00000278b0bc3800, 0x00000278b0bc0800,
0x00000278b0bc2800, 0x00000278b0bbe000, 0x00000278b0bc4800, 0x00000278b0bc1000,
0x00000278b0bbe800, 0x00000278b0bbf800, 0x00000278b4fea000, 0x00000278b4feb000,
0x00000278b4fe9800, 0x00000278b4fe7000, 0x00000278b4fe5800, 0x00000278b4fec000,
0x00000278b4fe6000, 0x00000278b4fec800, 0x00000278b4fe8800, 0x00000278b4fed800,
0x00000278b4fe7800, 0x00000278b4fee800, 0x00000278b4fef000, 0x00000278b4ff0000,
0x00000278b4ff3000, 0x00000278b4ff0800, 0x00000278b4ff1800, 0x00000278b4ff2800,
0x00000278b4ff4000, 0x00000278b09a7800, 0x00000278b09a5800, 0x00000278b09a5000,
0x00000278b09aa800, 0x00000278b09a8000, 0x00000278b09a9800, 0x00000278b09ab800,
0x00000278b09a9000, 0x00000278b09ac000, 0x00000278b09a6800, 0x00000278b09af800,
0x00000278b09ae000, 0x00000278b09b2800, 0x00000278b09b1000, 0x00000278b09b0800,
0x00000278b09ad000, 0x00000278b09b2000, 0x00000278b09ae800, 0x00000278b09b3800
}

Java Threads: ( => current thread )
  0x000002788d7e6000 JavaThread "main" [_thread_blocked, id=32864, stack(0x0000007a3ef00000,0x0000007a3f000000)]
  0x00000278abca0000 JavaThread "Reference Handler" daemon [_thread_blocked, id=41724, stack(0x0000007a3f600000,0x0000007a3f700000)]
  0x00000278ac4d8800 JavaThread "Finalizer" daemon [_thread_blocked, id=28708, stack(0x0000007a3f700000,0x0000007a3f800000)]
  0x00000278abcae800 JavaThread "Signal Dispatcher" daemon [_thread_blocked, id=25248, stack(0x0000007a3f800000,0x0000007a3f900000)]
  0x00000278ac4e1800 JavaThread "Attach Listener" daemon [_thread_blocked, id=32300, stack(0x0000007a3f900000,0x0000007a3fa00000)]
  0x00000278ac4e3800 JavaThread "Service Thread" daemon [_thread_blocked, id=42432, stack(0x0000007a3fa00000,0x0000007a3fb00000)]
=>0x00000278ac4e7000 JavaThread "C2 CompilerThread0" daemon [_thread_in_native, id=25420, stack(0x0000007a3fb00000,0x0000007a3fc00000)]
  0x00000278ac4e8000 JavaThread "C1 CompilerThread0" daemon [_thread_blocked, id=1216, stack(0x0000007a3fc00000,0x0000007a3fd00000)]
  0x00000278ac561000 JavaThread "Sweeper thread" daemon [_thread_blocked, id=15824, stack(0x0000007a3fd00000,0x0000007a3fe00000)]
  0x00000278ac6c6800 JavaThread "Common-Cleaner" daemon [_thread_blocked, id=22152, stack(0x0000007a3fe00000,0x0000007a3ff00000)]
  0x00000278adfb0800 JavaThread "Daemon health stats" [_thread_blocked, id=30076, stack(0x0000007a40400000,0x0000007a40500000)]
  0x00000278ad79c800 JavaThread "Incoming local TCP Connector on port 51846" [_thread_in_native, id=26112, stack(0x0000007a40500000,0x0000007a40600000)]
  0x00000278ae3eb800 JavaThread "Daemon periodic checks" [_thread_blocked, id=2884, stack(0x0000007a40600000,0x0000007a40700000)]
  0x00000278adf60800 JavaThread "Daemon" [_thread_blocked, id=20080, stack(0x0000007a40700000,0x0000007a40800000)]
  0x00000278ac65f000 JavaThread "Handler for socket connection from /127.0.0.1:51846 to /127.0.0.1:51858" [_thread_in_native, id=30664, stack(0x0000007a40800000,0x0000007a40900000)]
  0x00000278acbb8800 JavaThread "Cancel handler" [_thread_blocked, id=17972, stack(0x0000007a40900000,0x0000007a40a00000)]
  0x00000278ad69e800 JavaThread "Daemon worker" [_thread_in_Java, id=44120, stack(0x0000007a40a00000,0x0000007a40b00000)]
  0x00000278aca95000 JavaThread "Asynchronous log dispatcher for DefaultDaemonConnection: socket connection from /127.0.0.1:51846 to /127.0.0.1:51858" [_thread_blocked, id=44284, stack(0x0000007a40b00000,0x0000007a40c00000)]
  0x00000278ae6c1800 JavaThread "Daemon client event forwarder" [_thread_blocked, id=30584, stack(0x0000007a40d00000,0x0000007a40e00000)]
  0x00000278ae6c3000 JavaThread "Cache worker for journal cache (C:\Users\mrizk\.gradle\caches\journal-1)" [_thread_blocked, id=18460, stack(0x0000007a40e00000,0x0000007a40f00000)]
  0x00000278ae6c8000 JavaThread "File lock request listener" [_thread_in_native, id=18820, stack(0x0000007a40f00000,0x0000007a41000000)]
  0x00000278ae6c3800 JavaThread "Cache worker for file hash cache (C:\Users\mrizk\.gradle\caches\8.0.1\fileHashes)" [_thread_blocked, id=28944, stack(0x0000007a41800000,0x0000007a41900000)]
  0x00000278ae6c4800 JavaThread "File watcher server" daemon [_thread_in_native, id=31896, stack(0x0000007a41900000,0x0000007a41a00000)]
  0x00000278ae6c5800 JavaThread "File watcher consumer" daemon [_thread_blocked, id=24084, stack(0x0000007a41a00000,0x0000007a41b00000)]
  0x00000278ae6c6000 JavaThread "Cache worker for checksums cache (F:\drive-programming\00bootcamp\code\week9\tugas\recipe_rn\android\.gradle\8.0.1\checksums)" [_thread_blocked, id=42972, stack(0x0000007a41b00000,0x0000007a41c00000)]
  0x00000278ae6c7000 JavaThread "Cache worker for cache directory md-rule (C:\Users\mrizk\.gradle\caches\8.0.1\md-rule)" [_thread_blocked, id=14900, stack(0x0000007a41c00000,0x0000007a41d00000)]
  0x00000278b07bc800 JavaThread "Cache worker for file content cache (C:\Users\mrizk\.gradle\caches\8.0.1\fileContent)" [_thread_blocked, id=17240, stack(0x0000007a41d00000,0x0000007a41e00000)]
  0x00000278b07ba000 JavaThread "Cache worker for file hash cache (F:\drive-programming\00bootcamp\code\week9\tugas\recipe_rn\android\.gradle\8.0.1\fileHashes)" [_thread_blocked, id=46040, stack(0x0000007a41e00000,0x0000007a41f00000)]
  0x00000278b07bd000 JavaThread "Cache worker for cache directory md-supplier (C:\Users\mrizk\.gradle\caches\8.0.1\md-supplier)" [_thread_blocked, id=46036, stack(0x0000007a41f00000,0x0000007a42000000)]
  0x00000278b07be000 JavaThread "Cache worker for execution history cache (C:\Users\mrizk\.gradle\caches\8.0.1\executionHistory)" [_thread_blocked, id=35416, stack(0x0000007a42000000,0x0000007a42100000)]
  0x00000278b07bf000 JavaThread "jar transforms" [_thread_blocked, id=22692, stack(0x0000007a42300000,0x0000007a42400000)]
  0x00000278b07ba800 JavaThread "jar transforms Thread 2" [_thread_blocked, id=28504, stack(0x0000007a42400000,0x0000007a42500000)]
  0x00000278b07c7000 JavaThread "jar transforms Thread 3" [_thread_blocked, id=23504, stack(0x0000007a3ec00000,0x0000007a3ed00000)]
  0x00000278b07c2000 JavaThread "File lock release action executor Thread 2" [_thread_blocked, id=41324, stack(0x0000007a3ed00000,0x0000007a3ee00000)]
  0x00000278b07c3800 JavaThread "jar transforms Thread 4" [_thread_blocked, id=16812, stack(0x0000007a3ee00000,0x0000007a3ef00000)]
  0x00000278b07c3000 JavaThread "Cache worker for kotlin-dsl (C:\Users\mrizk\.gradle\caches\8.0.1\kotlin-dsl)" [_thread_blocked, id=31208, stack(0x0000007a41000000,0x0000007a41100000)]
  0x00000278b07c6000 JavaThread "jar transforms Thread 5" [_thread_blocked, id=46180, stack(0x0000007a40c00000,0x0000007a40d00000)]
  0x00000278b07c4800 JavaThread "jar transforms Thread 6" [_thread_blocked, id=47612, stack(0x0000007a42100000,0x0000007a42200000)]
  0x00000278b07c5800 JavaThread "Cache worker for dependencies-accessors (F:\drive-programming\00bootcamp\code\week9\tugas\recipe_rn\android\.gradle\8.0.1\dependencies-accessors)" [_thread_blocked, id=47724, stack(0x0000007a42200000,0x0000007a42300000)]
  0x00000278ae6c2000 JavaThread "Cache worker for Build Output Cleanup Cache (F:\drive-programming\00bootcamp\code\week9\tugas\recipe_rn\node_modules\@react-native\gradle-plugin\.gradle\buildOutputCleanup)" [_thread_blocked, id=47560, stack(0x0000007a42600000,0x0000007a42700000)]
  0x00000278b0cc2800 JavaThread "jar transforms Thread 7" [_thread_blocked, id=48968, stack(0x0000007a42500000,0x0000007a42600000)]
  0x00000278b0cc2000 JavaThread "Unconstrained build operations" [_thread_blocked, id=49572, stack(0x0000007a42700000,0x0000007a42800000)]
  0x00000278b0cc3800 JavaThread "Unconstrained build operations Thread 2" [_thread_blocked, id=49576, stack(0x0000007a42800000,0x0000007a42900000)]
  0x00000278b0cc5000 JavaThread "Unconstrained build operations Thread 3" [_thread_blocked, id=49580, stack(0x0000007a42900000,0x0000007a42a00000)]
  0x00000278b0cc6000 JavaThread "Unconstrained build operations Thread 4" [_thread_blocked, id=49584, stack(0x0000007a42a00000,0x0000007a42b00000)]
  0x00000278b0cc4800 JavaThread "Unconstrained build operations Thread 5" [_thread_blocked, id=49588, stack(0x0000007a42b00000,0x0000007a42c00000)]
  0x00000278b0cc0000 JavaThread "Unconstrained build operations Thread 6" [_thread_blocked, id=49592, stack(0x0000007a42c00000,0x0000007a42d00000)]
  0x00000278b0cc6800 JavaThread "Unconstrained build operations Thread 7" [_thread_blocked, id=49596, stack(0x0000007a42d00000,0x0000007a42e00000)]
  0x00000278b0cc1000 JavaThread "Unconstrained build operations Thread 8" [_thread_blocked, id=49600, stack(0x0000007a42e00000,0x0000007a42f00000)]
  0x00000278b0ccb000 JavaThread "Unconstrained build operations Thread 9" [_thread_blocked, id=49604, stack(0x0000007a42f00000,0x0000007a43000000)]
  0x00000278b0cc9000 JavaThread "Unconstrained build operations Thread 10" [_thread_blocked, id=49608, stack(0x0000007a43000000,0x0000007a43100000)]
  0x00000278b0cca000 JavaThread "Unconstrained build operations Thread 11" [_thread_blocked, id=49612, stack(0x0000007a43100000,0x0000007a43200000)]
  0x00000278b0ccb800 JavaThread "Unconstrained build operations Thread 12" [_thread_blocked, id=49616, stack(0x0000007a43200000,0x0000007a43300000)]
  0x00000278b0ccc800 JavaThread "Unconstrained build operations Thread 13" [_thread_blocked, id=49620, stack(0x0000007a43300000,0x0000007a43400000)]
  0x00000278b0ccd800 JavaThread "Unconstrained build operations Thread 14" [_thread_blocked, id=49624, stack(0x0000007a43400000,0x0000007a43500000)]
  0x00000278b0cc7800 JavaThread "Unconstrained build operations Thread 15" [_thread_blocked, id=49628, stack(0x0000007a43500000,0x0000007a43600000)]
  0x00000278b0cce000 JavaThread "Unconstrained build operations Thread 16" [_thread_blocked, id=49632, stack(0x0000007a43600000,0x0000007a43700000)]
  0x00000278b0cc8800 JavaThread "Unconstrained build operations Thread 17" [_thread_blocked, id=49636, stack(0x0000007a43700000,0x0000007a43800000)]
  0x00000278b0ccf000 JavaThread "Unconstrained build operations Thread 18" [_thread_blocked, id=49640, stack(0x0000007a43800000,0x0000007a43900000)]
  0x00000278aef24000 JavaThread "Unconstrained build operations Thread 19" [_thread_blocked, id=49644, stack(0x0000007a43900000,0x0000007a43a00000)]
  0x00000278aef25800 JavaThread "Unconstrained build operations Thread 20" [_thread_blocked, id=49648, stack(0x0000007a43a00000,0x0000007a43b00000)]
  0x00000278aef27000 JavaThread "Unconstrained build operations Thread 21" [_thread_blocked, id=49652, stack(0x0000007a43b00000,0x0000007a43c00000)]
  0x00000278aef26800 JavaThread "Unconstrained build operations Thread 22" [_thread_blocked, id=49656, stack(0x0000007a43c00000,0x0000007a43d00000)]
  0x00000278aef23000 JavaThread "Unconstrained build operations Thread 23" [_thread_blocked, id=49660, stack(0x0000007a43d00000,0x0000007a43e00000)]
  0x00000278aef22800 JavaThread "Unconstrained build operations Thread 24" [_thread_blocked, id=49664, stack(0x0000007a43e00000,0x0000007a43f00000)]
  0x00000278aef24800 JavaThread "Unconstrained build operations Thread 25" [_thread_blocked, id=49668, stack(0x0000007a43f00000,0x0000007a44000000)]
  0x00000278aef29000 JavaThread "Unconstrained build operations Thread 26" [_thread_blocked, id=49672, stack(0x0000007a44000000,0x0000007a44100000)]
  0x00000278aef29800 JavaThread "jar transforms Thread 8" [_thread_blocked, id=50704, stack(0x0000007a44100000,0x0000007a44200000)]
  0x00000278aef2a800 JavaThread "jar transforms Thread 9" [_thread_blocked, id=50700, stack(0x0000007a44200000,0x0000007a44300000)]
  0x00000278aef2b800 JavaThread "jar transforms Thread 10" [_thread_blocked, id=50716, stack(0x0000007a44300000,0x0000007a44400000)]
  0x00000278aef28000 JavaThread "jar transforms Thread 11" [_thread_blocked, id=50720, stack(0x0000007a44400000,0x0000007a44500000)]
  0x00000278aef2c000 JavaThread "jar transforms Thread 12" [_thread_blocked, id=50692, stack(0x0000007a44500000,0x0000007a44600000)]
  0x00000278aef2d000 JavaThread "Memory manager" [_thread_blocked, id=28644, stack(0x0000007a44600000,0x0000007a44700000)]
  0x00000278aef2d800 JavaThread "Cache worker for Build Output Cleanup Cache (F:\drive-programming\00bootcamp\code\week9\tugas\recipe_rn\android\.gradle\buildOutputCleanup)" [_thread_blocked, id=51632, stack(0x0000007a44700000,0x0000007a44800000)]
  0x00000278aef2e800 JavaThread "Execution worker" [_thread_blocked, id=51716, stack(0x0000007a44900000,0x0000007a44a00000)]
  0x00000278aef2f800 JavaThread "Execution worker Thread 2" [_thread_blocked, id=51720, stack(0x0000007a44a00000,0x0000007a44b00000)]
  0x00000278b0b99000 JavaThread "Execution worker Thread 3" [_thread_blocked, id=51724, stack(0x0000007a44b00000,0x0000007a44c00000)]
  0x00000278b0b95800 JavaThread "Execution worker Thread 4" [_thread_blocked, id=51728, stack(0x0000007a44c00000,0x0000007a44d00000)]
  0x00000278b0b96800 JavaThread "Execution worker Thread 5" [_thread_blocked, id=51736, stack(0x0000007a44d00000,0x0000007a44e00000)]
  0x00000278b0b9a000 JavaThread "Execution worker Thread 6" [_thread_blocked, id=51740, stack(0x0000007a44e00000,0x0000007a44f00000)]
  0x00000278b0b97800 JavaThread "Execution worker Thread 7" [_thread_blocked, id=51744, stack(0x0000007a44f00000,0x0000007a45000000)]
  0x00000278b0b94000 JavaThread "Execution worker Thread 8" [_thread_blocked, id=51748, stack(0x0000007a45000000,0x0000007a45100000)]
  0x00000278b0b95000 JavaThread "Execution worker Thread 9" [_thread_blocked, id=51752, stack(0x0000007a45100000,0x0000007a45200000)]
  0x00000278b0b9a800 JavaThread "Execution worker Thread 10" [_thread_blocked, id=51756, stack(0x0000007a45200000,0x0000007a45300000)]
  0x00000278b0b98000 JavaThread "Execution worker Thread 11" [_thread_blocked, id=51760, stack(0x0000007a45300000,0x0000007a45400000)]
  0x00000278b0b9f800 JavaThread "Cache worker for execution history cache (F:\drive-programming\00bootcamp\code\week9\tugas\recipe_rn\node_modules\@react-native\gradle-plugin\.gradle\8.0.1\executionHistory)" [_thread_blocked, id=51776, stack(0x0000007a45400000,0x0000007a45500000)]
  0x00000278b0b9c800 JavaThread "Unconstrained build operations Thread 27" [_thread_blocked, id=51920, stack(0x0000007a45500000,0x0000007a45600000)]
  0x00000278b0b9e000 JavaThread "Unconstrained build operations Thread 28" [_thread_blocked, id=51924, stack(0x0000007a45600000,0x0000007a45700000)]
  0x00000278b0ba0800 JavaThread "Unconstrained build operations Thread 29" [_thread_blocked, id=51928, stack(0x0000007a45700000,0x0000007a45800000)]
  0x00000278b0ba1000 JavaThread "Unconstrained build operations Thread 30" [_thread_blocked, id=51932, stack(0x0000007a45800000,0x0000007a45900000)]
  0x00000278b0b9d000 JavaThread "Unconstrained build operations Thread 31" [_thread_blocked, id=52004, stack(0x0000007a45900000,0x0000007a45a00000)]
  0x00000278b0b9e800 JavaThread "Unconstrained build operations Thread 32" [_thread_blocked, id=52008, stack(0x0000007a45a00000,0x0000007a45b00000)]
  0x00000278b0b9b800 JavaThread "Unconstrained build operations Thread 33" [_thread_blocked, id=52012, stack(0x0000007a45b00000,0x0000007a45c00000)]
  0x00000278b0ba2000 JavaThread "Unconstrained build operations Thread 34" [_thread_blocked, id=52016, stack(0x0000007a45c00000,0x0000007a45d00000)]
  0x00000278b0ba3000 JavaThread "Unconstrained build operations Thread 35" [_thread_blocked, id=52020, stack(0x0000007a45d00000,0x0000007a45e00000)]
  0x00000278aed95000 JavaThread "Unconstrained build operations Thread 36" [_thread_blocked, id=52024, stack(0x0000007a45e00000,0x0000007a45f00000)]
  0x00000278aed92000 JavaThread "Unconstrained build operations Thread 37" [_thread_blocked, id=52028, stack(0x0000007a45f00000,0x0000007a46000000)]
  0x00000278aed92800 JavaThread "Unconstrained build operations Thread 38" [_thread_blocked, id=52032, stack(0x0000007a46000000,0x0000007a46100000)]
  0x00000278aed93800 JavaThread "Unconstrained build operations Thread 39" [_thread_blocked, id=52036, stack(0x0000007a46100000,0x0000007a46200000)]
  0x00000278aed96000 JavaThread "Unconstrained build operations Thread 40" [_thread_blocked, id=52040, stack(0x0000007a46200000,0x0000007a46300000)]
  0x00000278aed91000 JavaThread "Unconstrained build operations Thread 41" [_thread_blocked, id=52044, stack(0x0000007a46300000,0x0000007a46400000)]
  0x00000278aed90000 JavaThread "Unconstrained build operations Thread 42" [_thread_blocked, id=52048, stack(0x0000007a46400000,0x0000007a46500000)]
  0x00000278aed96800 JavaThread "Unconstrained build operations Thread 43" [_thread_blocked, id=52052, stack(0x0000007a46500000,0x0000007a46600000)]
  0x00000278aed97800 JavaThread "Unconstrained build operations Thread 44" [_thread_blocked, id=52056, stack(0x0000007a46600000,0x0000007a46700000)]
  0x00000278aed98800 JavaThread "Unconstrained build operations Thread 45" [_thread_blocked, id=52060, stack(0x0000007a46700000,0x0000007a46800000)]
  0x00000278aed99000 JavaThread "Unconstrained build operations Thread 46" [_thread_blocked, id=52064, stack(0x0000007a46800000,0x0000007a46900000)]
  0x00000278aed9a000 JavaThread "Unconstrained build operations Thread 47" [_thread_blocked, id=52068, stack(0x0000007a46900000,0x0000007a46a00000)]
  0x00000278aed94000 JavaThread "Unconstrained build operations Thread 48" [_thread_blocked, id=52072, stack(0x0000007a46a00000,0x0000007a46b00000)]
  0x00000278aed9c800 JavaThread "Unconstrained build operations Thread 49" [_thread_blocked, id=52076, stack(0x0000007a46b00000,0x0000007a46c00000)]
  0x00000278aed9b800 JavaThread "Unconstrained build operations Thread 50" [_thread_blocked, id=52080, stack(0x0000007a46c00000,0x0000007a46d00000)]
  0x00000278aed9f000 JavaThread "Unconstrained build operations Thread 51" [_thread_blocked, id=52084, stack(0x0000007a46d00000,0x0000007a46e00000)]
  0x00000278aed9d000 JavaThread "Unconstrained build operations Thread 52" [_thread_blocked, id=52180, stack(0x0000007a46e00000,0x0000007a46f00000)]
  0x00000278aed9a800 JavaThread "Unconstrained build operations Thread 53" [_thread_blocked, id=52220, stack(0x0000007a46f00000,0x0000007a47000000)]
  0x00000278aed9e000 JavaThread "Unconstrained build operations Thread 54" [_thread_blocked, id=28680, stack(0x0000007a47000000,0x0000007a47100000)]
  0x00000278b0fca800 JavaThread "Unconstrained build operations Thread 55" [_thread_blocked, id=27080, stack(0x0000007a47100000,0x0000007a47200000)]
  0x00000278b0fce000 JavaThread "Unconstrained build operations Thread 56" [_thread_blocked, id=51240, stack(0x0000007a47200000,0x0000007a47300000)]
  0x00000278b0fce800 JavaThread "Unconstrained build operations Thread 57" [_thread_blocked, id=51236, stack(0x0000007a47300000,0x0000007a47400000)]
  0x00000278b0fc9000 JavaThread "Unconstrained build operations Thread 58" [_thread_blocked, id=7520, stack(0x0000007a47400000,0x0000007a47500000)]
  0x00000278b0fcb800 JavaThread "Unconstrained build operations Thread 59" [_thread_blocked, id=15752, stack(0x0000007a47500000,0x0000007a47600000)]
  0x00000278b0fcc000 JavaThread "Unconstrained build operations Thread 60" [_thread_blocked, id=2412, stack(0x0000007a47600000,0x0000007a47700000)]
  0x00000278b0fcd000 JavaThread "Unconstrained build operations Thread 61" [_thread_blocked, id=29580, stack(0x0000007a47700000,0x0000007a47800000)]
  0x00000278b0fcf800 JavaThread "Unconstrained build operations Thread 62" [_thread_blocked, id=49312, stack(0x0000007a47800000,0x0000007a47900000)]
  0x00000278b0fca000 JavaThread "Unconstrained build operations Thread 63" [_thread_blocked, id=17028, stack(0x0000007a47900000,0x0000007a47a00000)]
  0x00000278b0fd3800 JavaThread "Unconstrained build operations Thread 64" [_thread_blocked, id=51032, stack(0x0000007a47a00000,0x0000007a47b00000)]
  0x00000278b0fd5000 JavaThread "Unconstrained build operations Thread 65" [_thread_blocked, id=50724, stack(0x0000007a47b00000,0x0000007a47c00000)]
  0x00000278b0fd2000 JavaThread "Unconstrained build operations Thread 66" [_thread_blocked, id=788, stack(0x0000007a47c00000,0x0000007a47d00000)]
  0x00000278b0fd4800 JavaThread "Unconstrained build operations Thread 67" [_thread_blocked, id=26972, stack(0x0000007a47d00000,0x0000007a47e00000)]
  0x00000278b0fd6000 JavaThread "Unconstrained build operations Thread 68" [_thread_blocked, id=32004, stack(0x0000007a47e00000,0x0000007a47f00000)]
  0x00000278b0fd0800 JavaThread "Unconstrained build operations Thread 69" [_thread_blocked, id=50504, stack(0x0000007a47f00000,0x0000007a48000000)]
  0x00000278b0fd7000 JavaThread "Unconstrained build operations Thread 70" [_thread_blocked, id=38072, stack(0x0000007a48000000,0x0000007a48100000)]
  0x00000278b0fd2800 JavaThread "Unconstrained build operations Thread 71" [_thread_blocked, id=29292, stack(0x0000007a48100000,0x0000007a48200000)]
  0x00000278b0fd1000 JavaThread "Unconstrained build operations Thread 72" [_thread_blocked, id=45836, stack(0x0000007a48200000,0x0000007a48300000)]
  0x00000278b0fd7800 JavaThread "Unconstrained build operations Thread 73" [_thread_blocked, id=28104, stack(0x0000007a48300000,0x0000007a48400000)]
  0x00000278b0bc2000 JavaThread "Unconstrained build operations Thread 74" [_thread_blocked, id=50500, stack(0x0000007a48400000,0x0000007a48500000)]
  0x00000278b0bc3800 JavaThread "Unconstrained build operations Thread 75" [_thread_blocked, id=34712, stack(0x0000007a48500000,0x0000007a48600000)]
  0x00000278b0bc0800 JavaThread "Unconstrained build operations Thread 76" [_thread_blocked, id=12904, stack(0x0000007a48600000,0x0000007a48700000)]
  0x00000278b0bc2800 JavaThread "Unconstrained build operations Thread 77" [_thread_blocked, id=31372, stack(0x0000007a48700000,0x0000007a48800000)]
  0x00000278b0bbe000 JavaThread "Unconstrained build operations Thread 78" [_thread_blocked, id=19780, stack(0x0000007a48800000,0x0000007a48900000)]
  0x00000278b0bc4800 JavaThread "Unconstrained build operations Thread 79" [_thread_blocked, id=29396, stack(0x0000007a48900000,0x0000007a48a00000)]
  0x00000278b0bc1000 JavaThread "Unconstrained build operations Thread 80" [_thread_blocked, id=29932, stack(0x0000007a48a00000,0x0000007a48b00000)]
  0x00000278b0bbe800 JavaThread "Unconstrained build operations Thread 81" [_thread_blocked, id=29304, stack(0x0000007a48b00000,0x0000007a48c00000)]
  0x00000278b0bbf800 JavaThread "Unconstrained build operations Thread 82" [_thread_blocked, id=45596, stack(0x0000007a48c00000,0x0000007a48d00000)]
  0x00000278b4fea000 JavaThread "Unconstrained build operations Thread 83" [_thread_blocked, id=42964, stack(0x0000007a48d00000,0x0000007a48e00000)]
  0x00000278b4feb000 JavaThread "Unconstrained build operations Thread 84" [_thread_blocked, id=26956, stack(0x0000007a48e00000,0x0000007a48f00000)]
  0x00000278b4fe9800 JavaThread "Unconstrained build operations Thread 85" [_thread_blocked, id=43000, stack(0x0000007a48f00000,0x0000007a49000000)]
  0x00000278b4fe7000 JavaThread "Unconstrained build operations Thread 86" [_thread_blocked, id=23832, stack(0x0000007a49000000,0x0000007a49100000)]
  0x00000278b4fe5800 JavaThread "Unconstrained build operations Thread 87" [_thread_blocked, id=20648, stack(0x0000007a49100000,0x0000007a49200000)]
  0x00000278b4fec000 JavaThread "Unconstrained build operations Thread 88" [_thread_blocked, id=40720, stack(0x0000007a49200000,0x0000007a49300000)]
  0x00000278b4fe6000 JavaThread "Unconstrained build operations Thread 89" [_thread_blocked, id=50280, stack(0x0000007a49300000,0x0000007a49400000)]
  0x00000278b4fec800 JavaThread "Unconstrained build operations Thread 90" [_thread_blocked, id=40644, stack(0x0000007a49400000,0x0000007a49500000)]
  0x00000278b4fe8800 JavaThread "Unconstrained build operations Thread 91" [_thread_blocked, id=51244, stack(0x0000007a49500000,0x0000007a49600000)]
  0x00000278b4fed800 JavaThread "Unconstrained build operations Thread 92" [_thread_blocked, id=51248, stack(0x0000007a49600000,0x0000007a49700000)]
  0x00000278b4fe7800 JavaThread "Unconstrained build operations Thread 93" [_thread_blocked, id=40636, stack(0x0000007a49700000,0x0000007a49800000)]
  0x00000278b4fee800 JavaThread "Unconstrained build operations Thread 94" [_thread_blocked, id=9672, stack(0x0000007a49800000,0x0000007a49900000)]
  0x00000278b4fef000 JavaThread "Unconstrained build operations Thread 95" [_thread_blocked, id=36744, stack(0x0000007a49900000,0x0000007a49a00000)]
  0x00000278b4ff0000 JavaThread "Unconstrained build operations Thread 96" [_thread_blocked, id=17960, stack(0x0000007a49a00000,0x0000007a49b00000)]
  0x00000278b4ff3000 JavaThread "Unconstrained build operations Thread 97" [_thread_blocked, id=24464, stack(0x0000007a49b00000,0x0000007a49c00000)]
  0x00000278b4ff0800 JavaThread "Unconstrained build operations Thread 98" [_thread_blocked, id=29496, stack(0x0000007a49c00000,0x0000007a49d00000)]
  0x00000278b4ff1800 JavaThread "Unconstrained build operations Thread 99" [_thread_blocked, id=24680, stack(0x0000007a49d00000,0x0000007a49e00000)]
  0x00000278b4ff2800 JavaThread "Unconstrained build operations Thread 100" [_thread_blocked, id=17444, stack(0x0000007a49e00000,0x0000007a49f00000)]
  0x00000278b4ff4000 JavaThread "Unconstrained build operations Thread 101" [_thread_blocked, id=42956, stack(0x0000007a49f00000,0x0000007a4a000000)]
  0x00000278b09a7800 JavaThread "Unconstrained build operations Thread 102" [_thread_blocked, id=30844, stack(0x0000007a4a000000,0x0000007a4a100000)]
  0x00000278b09a5800 JavaThread "Unconstrained build operations Thread 103" [_thread_blocked, id=11084, stack(0x0000007a4a100000,0x0000007a4a200000)]
  0x00000278b09a5000 JavaThread "Unconstrained build operations Thread 104" [_thread_blocked, id=38592, stack(0x0000007a4a200000,0x0000007a4a300000)]
  0x00000278b09aa800 JavaThread "Unconstrained build operations Thread 105" [_thread_blocked, id=38376, stack(0x0000007a4a300000,0x0000007a4a400000)]
  0x00000278b09a8000 JavaThread "Unconstrained build operations Thread 106" [_thread_blocked, id=44260, stack(0x0000007a4a400000,0x0000007a4a500000)]
  0x00000278b09a9800 JavaThread "Unconstrained build operations Thread 107" [_thread_blocked, id=19212, stack(0x0000007a4a500000,0x0000007a4a600000)]
  0x00000278b09ab800 JavaThread "Unconstrained build operations Thread 108" [_thread_blocked, id=41204, stack(0x0000007a4a600000,0x0000007a4a700000)]
  0x00000278b09a9000 JavaThread "Unconstrained build operations Thread 109" [_thread_blocked, id=21848, stack(0x0000007a4a700000,0x0000007a4a800000)]
  0x00000278b09ac000 JavaThread "Unconstrained build operations Thread 110" [_thread_blocked, id=19268, stack(0x0000007a4a800000,0x0000007a4a900000)]
  0x00000278b09a6800 JavaThread "Unconstrained build operations Thread 111" [_thread_blocked, id=45364, stack(0x0000007a4a900000,0x0000007a4aa00000)]
  0x00000278b09af800 JavaThread "Unconstrained build operations Thread 112" [_thread_blocked, id=41048, stack(0x0000007a4aa00000,0x0000007a4ab00000)]
  0x00000278b09ae000 JavaThread "Unconstrained build operations Thread 113" [_thread_blocked, id=44208, stack(0x0000007a4ab00000,0x0000007a4ac00000)]
  0x00000278b09b2800 JavaThread "Unconstrained build operations Thread 114" [_thread_blocked, id=44204, stack(0x0000007a4ac00000,0x0000007a4ad00000)]
  0x00000278b09b1000 JavaThread "Unconstrained build operations Thread 115" [_thread_blocked, id=16568, stack(0x0000007a4ad00000,0x0000007a4ae00000)]
  0x00000278b09b0800 JavaThread "Unconstrained build operations Thread 116" [_thread_blocked, id=7320, stack(0x0000007a4ae00000,0x0000007a4af00000)]
  0x00000278b09ad000 JavaThread "Unconstrained build operations Thread 117" [_thread_blocked, id=44104, stack(0x0000007a4af00000,0x0000007a4b000000)]
  0x00000278b09b2000 JavaThread "Unconstrained build operations Thread 118" [_thread_blocked, id=44188, stack(0x0000007a4b000000,0x0000007a4b100000)]
  0x00000278b09ae800 JavaThread "Unconstrained build operations Thread 119" [_thread_blocked, id=26152, stack(0x0000007a4b100000,0x0000007a4b200000)]
  0x00000278b09b3800 JavaThread "Unconstrained build operations Thread 120" [_thread_blocked, id=32224, stack(0x0000007a4b200000,0x0000007a4b300000)]

Other Threads:
  0x00000278abc9e800 VMThread "VM Thread" [stack: 0x0000007a3f500000,0x0000007a3f600000] [id=29092]
  0x00000278ac6fc800 WatcherThread [stack: 0x0000007a3ff00000,0x0000007a40000000] [id=29540]
  0x000002788d7fc800 GCTaskThread "GC Thread#0" [stack: 0x0000007a3f000000,0x0000007a3f100000] [id=19192]
  0x00000278ad150000 GCTaskThread "GC Thread#1" [stack: 0x0000007a40000000,0x0000007a40100000] [id=25876]
  0x00000278acd32000 GCTaskThread "GC Thread#2" [stack: 0x0000007a40100000,0x0000007a40200000] [id=22032]
  0x00000278ac753000 GCTaskThread "GC Thread#3" [stack: 0x0000007a40200000,0x0000007a40300000] [id=27700]
  0x00000278ad5ce800 GCTaskThread "GC Thread#4" [stack: 0x0000007a40300000,0x0000007a40400000] [id=22544]
  0x00000278ad6a0000 GCTaskThread "GC Thread#5" [stack: 0x0000007a41100000,0x0000007a41200000] [id=14720]
  0x00000278aca93800 GCTaskThread "GC Thread#6" [stack: 0x0000007a41200000,0x0000007a41300000] [id=8128]
  0x00000278ac896000 GCTaskThread "GC Thread#7" [stack: 0x0000007a41300000,0x0000007a41400000] [id=15296]
  0x00000278aca88000 GCTaskThread "GC Thread#8" [stack: 0x0000007a41400000,0x0000007a41500000] [id=36104]
  0x00000278ad97e800 GCTaskThread "GC Thread#9" [stack: 0x0000007a41500000,0x0000007a41600000] [id=45452]
  0x000002788d82e800 ConcurrentGCThread "G1 Main Marker" [stack: 0x0000007a3f100000,0x0000007a3f200000] [id=11672]
  0x000002788d830000 ConcurrentGCThread "G1 Conc#0" [stack: 0x0000007a3f200000,0x0000007a3f300000] [id=11524]
  0x00000278ad5cb000 ConcurrentGCThread "G1 Conc#1" [stack: 0x0000007a41600000,0x0000007a41700000] [id=34240]
  0x00000278acf44800 ConcurrentGCThread "G1 Conc#2" [stack: 0x0000007a41700000,0x0000007a41800000] [id=34336]
  0x00000278abb31800 ConcurrentGCThread "G1 Refine#0" [stack: 0x0000007a3f300000,0x0000007a3f400000] [id=18900]
  0x00000278abb32800 ConcurrentGCThread "G1 Young RemSet Sampling" [stack: 0x0000007a3f400000,0x0000007a3f500000] [id=13772]

Threads with active compile tasks:
C2 CompilerThread0   355767 8858       4       org.objectweb.asm.Frame::execute (2318 bytes)

VM state:not at safepoint (normal execution)

VM Mutex/Monitor currently owned by a thread: None

Heap address: 0x0000000080000000, size: 2048 MB, Compressed Oops mode: 32-bit
Narrow klass base: 0x0000000000000000, Narrow klass shift: 3
Compressed class space size: 528482304 Address: 0x0000000100000000

Heap:
 garbage-first heap   total 227328K, used 88808K [0x0000000080000000, 0x0000000100000000)
  region size 1024K, 43 young (44032K), 14 survivors (14336K)
 Metaspace       used 73690K, capacity 75896K, committed 76196K, reserved 581632K
  class space    used 9715K, capacity 10641K, committed 10752K, reserved 516096K
Heap Regions: E=young(eden), S=young(survivor), O=old, HS=humongous(starts), HC=humongous(continues), CS=collection set, F=free, A=archive, TAMS=top-at-mark-start (previous, next)
|   0|0x0000000080000000, 0x0000000080100000, 0x0000000080100000|100%|HS|  |TAMS 0x0000000080100000, 0x0000000080000000| Complete 
|   1|0x0000000080100000, 0x0000000080200000, 0x0000000080200000|100%|HC|  |TAMS 0x0000000080200000, 0x0000000080100000| Complete 
|   2|0x0000000080200000, 0x0000000080300000, 0x0000000080300000|100%|HC|  |TAMS 0x0000000080300000, 0x0000000080200000| Complete 
|   3|0x0000000080300000, 0x0000000080400000, 0x0000000080400000|100%|HC|  |TAMS 0x0000000080400000, 0x0000000080300000| Complete 
|   4|0x0000000080400000, 0x0000000080500000, 0x0000000080500000|100%| O|  |TAMS 0x0000000080500000, 0x0000000080400000| Untracked 
|   5|0x0000000080500000, 0x0000000080600000, 0x0000000080600000|100%| O|  |TAMS 0x0000000080600000, 0x0000000080500000| Untracked 
|   6|0x0000000080600000, 0x0000000080700000, 0x0000000080700000|100%| O|  |TAMS 0x0000000080700000, 0x0000000080600000| Untracked 
|   7|0x0000000080700000, 0x0000000080800000, 0x0000000080800000|100%| O|  |TAMS 0x0000000080800000, 0x0000000080700000| Untracked 
|   8|0x0000000080800000, 0x0000000080900000, 0x0000000080900000|100%| O|  |TAMS 0x0000000080900000, 0x0000000080800000| Untracked 
|   9|0x0000000080900000, 0x0000000080a00000, 0x0000000080a00000|100%| O|  |TAMS 0x0000000080a00000, 0x0000000080900000| Untracked 
|  10|0x0000000080a00000, 0x0000000080b00000, 0x0000000080b00000|100%| O|  |TAMS 0x0000000080b00000, 0x0000000080a00000| Untracked 
|  11|0x0000000080b00000, 0x0000000080c00000, 0x0000000080c00000|100%| O|  |TAMS 0x0000000080c00000, 0x0000000080b00000| Untracked 
|  12|0x0000000080c00000, 0x0000000080d00000, 0x0000000080d00000|100%| O|  |TAMS 0x0000000080d00000, 0x0000000080c00000| Untracked 
|  13|0x0000000080d00000, 0x0000000080e00000, 0x0000000080e00000|100%| O|  |TAMS 0x0000000080e00000, 0x0000000080d00000| Untracked 
|  14|0x0000000080e00000, 0x0000000080f00000, 0x0000000080f00000|100%| O|  |TAMS 0x0000000080f00000, 0x0000000080e00000| Untracked 
|  15|0x0000000080f00000, 0x0000000081000000, 0x0000000081000000|100%| O|  |TAMS 0x0000000081000000, 0x0000000080f00000| Untracked 
|  16|0x0000000081000000, 0x0000000081100000, 0x0000000081100000|100%| O|  |TAMS 0x0000000081100000, 0x0000000081000000| Untracked 
|  17|0x0000000081100000, 0x0000000081200000, 0x0000000081200000|100%| O|  |TAMS 0x0000000081200000, 0x0000000081100000| Untracked 
|  18|0x0000000081200000, 0x0000000081300000, 0x0000000081300000|100%| O|  |TAMS 0x0000000081200000, 0x0000000081200000| Untracked 
|  19|0x0000000081300000, 0x0000000081400000, 0x0000000081400000|100%| O|  |TAMS 0x0000000081400000, 0x0000000081300000| Untracked 
|  20|0x0000000081400000, 0x0000000081500000, 0x0000000081500000|100%| O|  |TAMS 0x0000000081500000, 0x0000000081400000| Untracked 
|  21|0x0000000081500000, 0x0000000081600000, 0x0000000081600000|100%| O|  |TAMS 0x0000000081600000, 0x0000000081500000| Untracked 
|  22|0x0000000081600000, 0x0000000081700000, 0x0000000081700000|100%| O|  |TAMS 0x0000000081700000, 0x0000000081600000| Untracked 
|  23|0x0000000081700000, 0x0000000081800000, 0x0000000081800000|100%| O|  |TAMS 0x00000000817ef400, 0x0000000081700000| Untracked 
|  24|0x0000000081800000, 0x0000000081900000, 0x0000000081900000|100%|HS|  |TAMS 0x0000000081900000, 0x0000000081800000| Complete 
|  25|0x0000000081900000, 0x0000000081a00000, 0x0000000081a00000|100%|HC|  |TAMS 0x0000000081a00000, 0x0000000081900000| Complete 
|  26|0x0000000081a00000, 0x0000000081b00000, 0x0000000081b00000|100%|HS|  |TAMS 0x0000000081b00000, 0x0000000081a00000| Complete 
|  27|0x0000000081b00000, 0x0000000081c00000, 0x0000000081c00000|100%|HC|  |TAMS 0x0000000081c00000, 0x0000000081b00000| Complete 
|  28|0x0000000081c00000, 0x0000000081d00000, 0x0000000081d00000|100%|HC|  |TAMS 0x0000000081d00000, 0x0000000081c00000| Complete 
|  29|0x0000000081d00000, 0x0000000081e00000, 0x0000000081e00000|100%|HC|  |TAMS 0x0000000081e00000, 0x0000000081d00000| Complete 
|  30|0x0000000081e00000, 0x0000000081f00000, 0x0000000081f00000|100%| O|  |TAMS 0x0000000081e00000, 0x0000000081e00000| Untracked 
|  31|0x0000000081f00000, 0x0000000082000000, 0x0000000082000000|100%| O|  |TAMS 0x0000000081f00000, 0x0000000081f00000| Untracked 
|  32|0x0000000082000000, 0x0000000082100000, 0x0000000082100000|100%| O|  |TAMS 0x0000000082000000, 0x0000000082000000| Untracked 
|  33|0x0000000082100000, 0x0000000082200000, 0x0000000082200000|100%| O|  |TAMS 0x0000000082100000, 0x0000000082100000| Untracked 
|  34|0x0000000082200000, 0x0000000082300000, 0x0000000082300000|100%| O|  |TAMS 0x0000000082200000, 0x0000000082200000| Untracked 
|  35|0x0000000082300000, 0x0000000082400000, 0x0000000082400000|100%| O|  |TAMS 0x0000000082300000, 0x0000000082300000| Untracked 
|  36|0x0000000082400000, 0x0000000082500000, 0x0000000082500000|100%| O|  |TAMS 0x0000000082400000, 0x0000000082400000| Untracked 
|  37|0x0000000082500000, 0x0000000082600000, 0x0000000082600000|100%| O|  |TAMS 0x0000000082500000, 0x0000000082500000| Untracked 
|  38|0x0000000082600000, 0x0000000082700000, 0x0000000082700000|100%| O|  |TAMS 0x0000000082600000, 0x0000000082600000| Untracked 
|  39|0x0000000082700000, 0x0000000082800000, 0x0000000082800000|100%| O|  |TAMS 0x0000000082700000, 0x0000000082700000| Untracked 
|  40|0x0000000082800000, 0x0000000082900000, 0x0000000082900000|100%| O|  |TAMS 0x0000000082800000, 0x0000000082800000| Untracked 
|  41|0x0000000082900000, 0x0000000082a00000, 0x0000000082a00000|100%| O|  |TAMS 0x0000000082900000, 0x0000000082900000| Untracked 
|  42|0x0000000082a00000, 0x0000000082b00000, 0x0000000082b00000|100%| O|  |TAMS 0x0000000082a00000, 0x0000000082a00000| Untracked 
|  43|0x0000000082b00000, 0x0000000082c00000, 0x0000000082c00000|100%|HS|  |TAMS 0x0000000082b00000, 0x0000000082b00000| Complete 
|  44|0x0000000082c00000, 0x0000000082d00000, 0x0000000082d00000|100%|HS|  |TAMS 0x0000000082c00000, 0x0000000082c00000| Complete 
|  45|0x0000000082d00000, 0x0000000082d00000, 0x0000000082e00000|  0%| F|  |TAMS 0x0000000082d00000, 0x0000000082d00000| Untracked 
|  46|0x0000000082e00000, 0x0000000082e00000, 0x0000000082f00000|  0%| F|  |TAMS 0x0000000082e00000, 0x0000000082e00000| Untracked 
|  47|0x0000000082f00000, 0x0000000082f00000, 0x0000000083000000|  0%| F|  |TAMS 0x0000000082f00000, 0x0000000082f00000| Untracked 
|  48|0x0000000083000000, 0x0000000083000000, 0x0000000083100000|  0%| F|  |TAMS 0x0000000083000000, 0x0000000083000000| Untracked 
|  49|0x0000000083100000, 0x0000000083100000, 0x0000000083200000|  0%| F|  |TAMS 0x0000000083100000, 0x0000000083100000| Untracked 
|  50|0x0000000083200000, 0x0000000083200000, 0x0000000083300000|  0%| F|  |TAMS 0x0000000083200000, 0x0000000083200000| Untracked 
|  51|0x0000000083300000, 0x0000000083300000, 0x0000000083400000|  0%| F|  |TAMS 0x0000000083300000, 0x0000000083300000| Untracked 
|  52|0x0000000083400000, 0x0000000083400000, 0x0000000083500000|  0%| F|  |TAMS 0x0000000083400000, 0x0000000083400000| Untracked 
|  53|0x0000000083500000, 0x0000000083500000, 0x0000000083600000|  0%| F|  |TAMS 0x0000000083500000, 0x0000000083500000| Untracked 
|  54|0x0000000083600000, 0x0000000083600000, 0x0000000083700000|  0%| F|  |TAMS 0x0000000083600000, 0x0000000083600000| Untracked 
|  55|0x0000000083700000, 0x0000000083700000, 0x0000000083800000|  0%| F|  |TAMS 0x0000000083700000, 0x0000000083700000| Untracked 
|  56|0x0000000083800000, 0x0000000083800000, 0x0000000083900000|  0%| F|  |TAMS 0x0000000083800000, 0x0000000083800000| Untracked 
|  57|0x0000000083900000, 0x0000000083900000, 0x0000000083a00000|  0%| F|  |TAMS 0x0000000083900000, 0x0000000083900000| Untracked 
|  58|0x0000000083a00000, 0x0000000083a00000, 0x0000000083b00000|  0%| F|  |TAMS 0x0000000083a00000, 0x0000000083a00000| Untracked 
|  59|0x0000000083b00000, 0x0000000083b00000, 0x0000000083c00000|  0%| F|  |TAMS 0x0000000083b00000, 0x0000000083b00000| Untracked 
|  60|0x0000000083c00000, 0x0000000083c00000, 0x0000000083d00000|  0%| F|  |TAMS 0x0000000083c00000, 0x0000000083c00000| Untracked 
|  61|0x0000000083d00000, 0x0000000083d00000, 0x0000000083e00000|  0%| F|  |TAMS 0x0000000083d00000, 0x0000000083d00000| Untracked 
|  62|0x0000000083e00000, 0x0000000083e00000, 0x0000000083f00000|  0%| F|  |TAMS 0x0000000083e00000, 0x0000000083e00000| Untracked 
|  63|0x0000000083f00000, 0x0000000083f00000, 0x0000000084000000|  0%| F|  |TAMS 0x0000000083f00000, 0x0000000083f00000| Untracked 
|  64|0x0000000084000000, 0x0000000084000000, 0x0000000084100000|  0%| F|  |TAMS 0x0000000084000000, 0x0000000084000000| Untracked 
|  65|0x0000000084100000, 0x0000000084100000, 0x0000000084200000|  0%| F|  |TAMS 0x0000000084100000, 0x0000000084100000| Untracked 
|  66|0x0000000084200000, 0x0000000084200000, 0x0000000084300000|  0%| F|  |TAMS 0x0000000084200000, 0x0000000084200000| Untracked 
|  67|0x0000000084300000, 0x0000000084300000, 0x0000000084400000|  0%| F|  |TAMS 0x0000000084300000, 0x0000000084300000| Untracked 
|  68|0x0000000084400000, 0x0000000084400000, 0x0000000084500000|  0%| F|  |TAMS 0x0000000084400000, 0x0000000084400000| Untracked 
|  69|0x0000000084500000, 0x0000000084500000, 0x0000000084600000|  0%| F|  |TAMS 0x0000000084500000, 0x0000000084500000| Untracked 
|  70|0x0000000084600000, 0x0000000084600000, 0x0000000084700000|  0%| F|  |TAMS 0x0000000084600000, 0x0000000084600000| Untracked 
|  71|0x0000000084700000, 0x0000000084700000, 0x0000000084800000|  0%| F|  |TAMS 0x0000000084700000, 0x0000000084700000| Untracked 
|  72|0x0000000084800000, 0x0000000084800000, 0x0000000084900000|  0%| F|  |TAMS 0x0000000084800000, 0x0000000084800000| Untracked 
|  73|0x0000000084900000, 0x0000000084900000, 0x0000000084a00000|  0%| F|  |TAMS 0x0000000084900000, 0x0000000084900000| Untracked 
|  74|0x0000000084a00000, 0x0000000084a00000, 0x0000000084b00000|  0%| F|  |TAMS 0x0000000084a00000, 0x0000000084a00000| Untracked 
|  75|0x0000000084b00000, 0x0000000084b00000, 0x0000000084c00000|  0%| F|  |TAMS 0x0000000084b00000, 0x0000000084b00000| Untracked 
|  76|0x0000000084c00000, 0x0000000084c00000, 0x0000000084d00000|  0%| F|  |TAMS 0x0000000084c00000, 0x0000000084c00000| Untracked 
|  77|0x0000000084d00000, 0x0000000084d00000, 0x0000000084e00000|  0%| F|  |TAMS 0x0000000084d00000, 0x0000000084d00000| Untracked 
|  78|0x0000000084e00000, 0x0000000084e00000, 0x0000000084f00000|  0%| F|  |TAMS 0x0000000084e00000, 0x0000000084e00000| Untracked 
|  79|0x0000000084f00000, 0x0000000084f00000, 0x0000000085000000|  0%| F|  |TAMS 0x0000000084f00000, 0x0000000084f00000| Untracked 
|  80|0x0000000085000000, 0x0000000085000000, 0x0000000085100000|  0%| F|  |TAMS 0x0000000085000000, 0x0000000085000000| Untracked 
|  81|0x0000000085100000, 0x0000000085100000, 0x0000000085200000|  0%| F|  |TAMS 0x0000000085100000, 0x0000000085100000| Untracked 
|  82|0x0000000085200000, 0x0000000085200000, 0x0000000085300000|  0%| F|  |TAMS 0x0000000085200000, 0x0000000085200000| Untracked 
|  83|0x0000000085300000, 0x00000000853ba078, 0x0000000085400000| 72%| S|CS|TAMS 0x0000000085300000, 0x0000000085300000| Complete 
|  84|0x0000000085400000, 0x0000000085500000, 0x0000000085500000|100%| S|CS|TAMS 0x0000000085400000, 0x0000000085400000| Complete 
|  85|0x0000000085500000, 0x0000000085500000, 0x0000000085600000|  0%| F|  |TAMS 0x0000000085500000, 0x0000000085500000| Untracked 
|  86|0x0000000085600000, 0x0000000085600000, 0x0000000085700000|  0%| F|  |TAMS 0x0000000085600000, 0x0000000085600000| Untracked 
|  87|0x0000000085700000, 0x0000000085700000, 0x0000000085800000|  0%| F|  |TAMS 0x0000000085700000, 0x0000000085700000| Untracked 
|  88|0x0000000085800000, 0x0000000085800000, 0x0000000085900000|  0%| F|  |TAMS 0x0000000085800000, 0x0000000085800000| Untracked 
|  89|0x0000000085900000, 0x0000000085900000, 0x0000000085a00000|  0%| F|  |TAMS 0x0000000085900000, 0x0000000085900000| Untracked 
|  90|0x0000000085a00000, 0x0000000085a00000, 0x0000000085b00000|  0%| F|  |TAMS 0x0000000085a00000, 0x0000000085a00000| Untracked 
|  91|0x0000000085b00000, 0x0000000085c00000, 0x0000000085c00000|100%| S|CS|TAMS 0x0000000085b00000, 0x0000000085b00000| Complete 
|  92|0x0000000085c00000, 0x0000000085d00000, 0x0000000085d00000|100%| S|CS|TAMS 0x0000000085c00000, 0x0000000085c00000| Complete 
|  93|0x0000000085d00000, 0x0000000085e00000, 0x0000000085e00000|100%| S|CS|TAMS 0x0000000085d00000, 0x0000000085d00000| Complete 
|  94|0x0000000085e00000, 0x0000000085f00000, 0x0000000085f00000|100%| S|CS|TAMS 0x0000000085e00000, 0x0000000085e00000| Complete 
|  95|0x0000000085f00000, 0x0000000086000000, 0x0000000086000000|100%| S|CS|TAMS 0x0000000085f00000, 0x0000000085f00000| Complete 
|  96|0x0000000086000000, 0x0000000086100000, 0x0000000086100000|100%| S|CS|TAMS 0x0000000086000000, 0x0000000086000000| Complete 
|  97|0x0000000086100000, 0x0000000086200000, 0x0000000086200000|100%| S|CS|TAMS 0x0000000086100000, 0x0000000086100000| Complete 
|  98|0x0000000086200000, 0x0000000086300000, 0x0000000086300000|100%| S|CS|TAMS 0x0000000086200000, 0x0000000086200000| Complete 
|  99|0x0000000086300000, 0x0000000086400000, 0x0000000086400000|100%| S|CS|TAMS 0x0000000086300000, 0x0000000086300000| Complete 
| 100|0x0000000086400000, 0x0000000086500000, 0x0000000086500000|100%| S|CS|TAMS 0x0000000086400000, 0x0000000086400000| Complete 
| 101|0x0000000086500000, 0x0000000086600000, 0x0000000086600000|100%| S|CS|TAMS 0x0000000086500000, 0x0000000086500000| Complete 
| 102|0x0000000086600000, 0x0000000086700000, 0x0000000086700000|100%| S|CS|TAMS 0x0000000086600000, 0x0000000086600000| Complete 
| 103|0x0000000086700000, 0x0000000086700000, 0x0000000086800000|  0%| F|  |TAMS 0x0000000086700000, 0x0000000086700000| Untracked 
| 104|0x0000000086800000, 0x0000000086800000, 0x0000000086900000|  0%| F|  |TAMS 0x0000000086800000, 0x0000000086800000| Untracked 
| 105|0x0000000086900000, 0x0000000086900000, 0x0000000086a00000|  0%| F|  |TAMS 0x0000000086900000, 0x0000000086900000| Untracked 
| 106|0x0000000086a00000, 0x0000000086a00000, 0x0000000086b00000|  0%| F|  |TAMS 0x0000000086a00000, 0x0000000086a00000| Untracked 
| 107|0x0000000086b00000, 0x0000000086b00000, 0x0000000086c00000|  0%| F|  |TAMS 0x0000000086b00000, 0x0000000086b00000| Untracked 
| 108|0x0000000086c00000, 0x0000000086c00000, 0x0000000086d00000|  0%| F|  |TAMS 0x0000000086c00000, 0x0000000086c00000| Untracked 
| 109|0x0000000086d00000, 0x0000000086d00000, 0x0000000086e00000|  0%| F|  |TAMS 0x0000000086d00000, 0x0000000086d00000| Untracked 
| 110|0x0000000086e00000, 0x0000000086e00000, 0x0000000086f00000|  0%| F|  |TAMS 0x0000000086e00000, 0x0000000086e00000| Untracked 
| 111|0x0000000086f00000, 0x0000000086f00000, 0x0000000087000000|  0%| F|  |TAMS 0x0000000086f00000, 0x0000000086f00000| Untracked 
| 112|0x0000000087000000, 0x0000000087000000, 0x0000000087100000|  0%| F|  |TAMS 0x0000000087000000, 0x0000000087000000| Untracked 
| 113|0x0000000087100000, 0x0000000087100000, 0x0000000087200000|  0%| F|  |TAMS 0x0000000087100000, 0x0000000087100000| Untracked 
| 114|0x0000000087200000, 0x0000000087200000, 0x0000000087300000|  0%| F|  |TAMS 0x0000000087200000, 0x0000000087200000| Untracked 
| 115|0x0000000087300000, 0x0000000087300000, 0x0000000087400000|  0%| F|  |TAMS 0x0000000087300000, 0x0000000087300000| Untracked 
| 116|0x0000000087400000, 0x0000000087400000, 0x0000000087500000|  0%| F|  |TAMS 0x0000000087400000, 0x0000000087400000| Untracked 
| 117|0x0000000087500000, 0x0000000087500000, 0x0000000087600000|  0%| F|  |TAMS 0x0000000087500000, 0x0000000087500000| Untracked 
| 118|0x0000000087600000, 0x0000000087600000, 0x0000000087700000|  0%| F|  |TAMS 0x0000000087600000, 0x0000000087600000| Untracked 
| 119|0x0000000087700000, 0x0000000087700000, 0x0000000087800000|  0%| F|  |TAMS 0x0000000087700000, 0x0000000087700000| Untracked 
| 120|0x0000000087800000, 0x0000000087800000, 0x0000000087900000|  0%| F|  |TAMS 0x0000000087800000, 0x0000000087800000| Untracked 
| 121|0x0000000087900000, 0x0000000087900000, 0x0000000087a00000|  0%| F|  |TAMS 0x0000000087900000, 0x0000000087900000| Untracked 
| 122|0x0000000087a00000, 0x0000000087a00000, 0x0000000087b00000|  0%| F|  |TAMS 0x0000000087a00000, 0x0000000087a00000| Untracked 
| 123|0x0000000087b00000, 0x0000000087b00000, 0x0000000087c00000|  0%| F|  |TAMS 0x0000000087b00000, 0x0000000087b00000| Untracked 
| 124|0x0000000087c00000, 0x0000000087c00000, 0x0000000087d00000|  0%| F|  |TAMS 0x0000000087c00000, 0x0000000087c00000| Untracked 
| 125|0x0000000087d00000, 0x0000000087d00000, 0x0000000087e00000|  0%| F|  |TAMS 0x0000000087d00000, 0x0000000087d00000| Untracked 
| 126|0x0000000087e00000, 0x0000000087e00000, 0x0000000087f00000|  0%| F|  |TAMS 0x0000000087e00000, 0x0000000087e00000| Untracked 
| 127|0x0000000087f00000, 0x0000000087f00000, 0x0000000088000000|  0%| F|  |TAMS 0x0000000087f00000, 0x0000000087f00000| Untracked 
| 128|0x0000000088000000, 0x0000000088000000, 0x0000000088100000|  0%| F|  |TAMS 0x0000000088000000, 0x0000000088000000| Untracked 
| 129|0x0000000088100000, 0x0000000088100000, 0x0000000088200000|  0%| F|  |TAMS 0x0000000088100000, 0x0000000088100000| Untracked 
| 130|0x0000000088200000, 0x0000000088200000, 0x0000000088300000|  0%| F|  |TAMS 0x0000000088200000, 0x0000000088200000| Untracked 
| 131|0x0000000088300000, 0x0000000088300000, 0x0000000088400000|  0%| F|  |TAMS 0x0000000088300000, 0x0000000088300000| Untracked 
| 132|0x0000000088400000, 0x0000000088400000, 0x0000000088500000|  0%| F|  |TAMS 0x0000000088400000, 0x0000000088400000| Untracked 
| 133|0x0000000088500000, 0x0000000088500000, 0x0000000088600000|  0%| F|  |TAMS 0x0000000088500000, 0x0000000088500000| Untracked 
| 134|0x0000000088600000, 0x0000000088600000, 0x0000000088700000|  0%| F|  |TAMS 0x0000000088600000, 0x0000000088600000| Untracked 
| 135|0x0000000088700000, 0x0000000088700000, 0x0000000088800000|  0%| F|  |TAMS 0x0000000088700000, 0x0000000088700000| Untracked 
| 136|0x0000000088800000, 0x0000000088800000, 0x0000000088900000|  0%| F|  |TAMS 0x0000000088800000, 0x0000000088800000| Untracked 
| 137|0x0000000088900000, 0x0000000088900000, 0x0000000088a00000|  0%| F|  |TAMS 0x0000000088900000, 0x0000000088900000| Untracked 
| 138|0x0000000088a00000, 0x0000000088a00000, 0x0000000088b00000|  0%| F|  |TAMS 0x0000000088a00000, 0x0000000088a00000| Untracked 
| 139|0x0000000088b00000, 0x0000000088b00000, 0x0000000088c00000|  0%| F|  |TAMS 0x0000000088b00000, 0x0000000088b00000| Untracked 
| 140|0x0000000088c00000, 0x0000000088c00000, 0x0000000088d00000|  0%| F|  |TAMS 0x0000000088c00000, 0x0000000088c00000| Untracked 
| 141|0x0000000088d00000, 0x0000000088d00000, 0x0000000088e00000|  0%| F|  |TAMS 0x0000000088d00000, 0x0000000088d00000| Untracked 
| 142|0x0000000088e00000, 0x0000000088e00000, 0x0000000088f00000|  0%| F|  |TAMS 0x0000000088e00000, 0x0000000088e00000| Untracked 
| 143|0x0000000088f00000, 0x0000000088f00000, 0x0000000089000000|  0%| F|  |TAMS 0x0000000088f00000, 0x0000000088f00000| Untracked 
| 144|0x0000000089000000, 0x0000000089000000, 0x0000000089100000|  0%| F|  |TAMS 0x0000000089000000, 0x0000000089000000| Untracked 
| 145|0x0000000089100000, 0x0000000089100000, 0x0000000089200000|  0%| F|  |TAMS 0x0000000089100000, 0x0000000089100000| Untracked 
| 146|0x0000000089200000, 0x0000000089200000, 0x0000000089300000|  0%| F|  |TAMS 0x0000000089200000, 0x0000000089200000| Untracked 
| 147|0x0000000089300000, 0x0000000089300000, 0x0000000089400000|  0%| F|  |TAMS 0x0000000089300000, 0x0000000089300000| Untracked 
| 148|0x0000000089400000, 0x0000000089400000, 0x0000000089500000|  0%| F|  |TAMS 0x0000000089400000, 0x0000000089400000| Untracked 
| 149|0x0000000089500000, 0x0000000089500000, 0x0000000089600000|  0%| F|  |TAMS 0x0000000089500000, 0x0000000089500000| Untracked 
| 150|0x0000000089600000, 0x0000000089600000, 0x0000000089700000|  0%| F|  |TAMS 0x0000000089600000, 0x0000000089600000| Untracked 
| 151|0x0000000089700000, 0x0000000089700000, 0x0000000089800000|  0%| F|  |TAMS 0x0000000089700000, 0x0000000089700000| Untracked 
| 152|0x0000000089800000, 0x0000000089800000, 0x0000000089900000|  0%| F|  |TAMS 0x0000000089800000, 0x0000000089800000| Untracked 
| 153|0x0000000089900000, 0x0000000089900000, 0x0000000089a00000|  0%| F|  |TAMS 0x0000000089900000, 0x0000000089900000| Untracked 
| 154|0x0000000089a00000, 0x0000000089a00000, 0x0000000089b00000|  0%| F|  |TAMS 0x0000000089a00000, 0x0000000089a00000| Untracked 
| 155|0x0000000089b00000, 0x0000000089b00000, 0x0000000089c00000|  0%| F|  |TAMS 0x0000000089b00000, 0x0000000089b00000| Untracked 
| 156|0x0000000089c00000, 0x0000000089c00000, 0x0000000089d00000|  0%| F|  |TAMS 0x0000000089c00000, 0x0000000089c00000| Untracked 
| 157|0x0000000089d00000, 0x0000000089d00000, 0x0000000089e00000|  0%| F|  |TAMS 0x0000000089d00000, 0x0000000089d00000| Untracked 
| 158|0x0000000089e00000, 0x0000000089e00000, 0x0000000089f00000|  0%| F|  |TAMS 0x0000000089e00000, 0x0000000089e00000| Untracked 
| 159|0x0000000089f00000, 0x0000000089f00000, 0x000000008a000000|  0%| F|  |TAMS 0x0000000089f00000, 0x0000000089f00000| Untracked 
| 160|0x000000008a000000, 0x000000008a000000, 0x000000008a100000|  0%| F|  |TAMS 0x000000008a000000, 0x000000008a000000| Untracked 
| 161|0x000000008a100000, 0x000000008a100000, 0x000000008a200000|  0%| F|  |TAMS 0x000000008a100000, 0x000000008a100000| Untracked 
| 162|0x000000008a200000, 0x000000008a200000, 0x000000008a300000|  0%| F|  |TAMS 0x000000008a200000, 0x000000008a200000| Untracked 
| 163|0x000000008a300000, 0x000000008a300000, 0x000000008a400000|  0%| F|  |TAMS 0x000000008a300000, 0x000000008a300000| Untracked 
| 164|0x000000008a400000, 0x000000008a400000, 0x000000008a500000|  0%| F|  |TAMS 0x000000008a400000, 0x000000008a400000| Untracked 
| 165|0x000000008a500000, 0x000000008a500000, 0x000000008a600000|  0%| F|  |TAMS 0x000000008a500000, 0x000000008a500000| Untracked 
| 166|0x000000008a600000, 0x000000008a600000, 0x000000008a700000|  0%| F|  |TAMS 0x000000008a600000, 0x000000008a600000| Untracked 
| 167|0x000000008a700000, 0x000000008a700000, 0x000000008a800000|  0%| F|  |TAMS 0x000000008a700000, 0x000000008a700000| Untracked 
| 168|0x000000008a800000, 0x000000008a800000, 0x000000008a900000|  0%| F|  |TAMS 0x000000008a800000, 0x000000008a800000| Untracked 
| 169|0x000000008a900000, 0x000000008a900000, 0x000000008aa00000|  0%| F|  |TAMS 0x000000008a900000, 0x000000008a900000| Untracked 
| 170|0x000000008aa00000, 0x000000008aa00000, 0x000000008ab00000|  0%| F|  |TAMS 0x000000008aa00000, 0x000000008aa00000| Untracked 
| 171|0x000000008ab00000, 0x000000008ab00000, 0x000000008ac00000|  0%| F|  |TAMS 0x000000008ab00000, 0x000000008ab00000| Untracked 
| 172|0x000000008ac00000, 0x000000008ac00000, 0x000000008ad00000|  0%| F|  |TAMS 0x000000008ac00000, 0x000000008ac00000| Untracked 
| 173|0x000000008ad00000, 0x000000008ad00000, 0x000000008ae00000|  0%| F|  |TAMS 0x000000008ad00000, 0x000000008ad00000| Untracked 
| 174|0x000000008ae00000, 0x000000008ae00000, 0x000000008af00000|  0%| F|  |TAMS 0x000000008ae00000, 0x000000008ae00000| Untracked 
| 175|0x000000008af00000, 0x000000008af00000, 0x000000008b000000|  0%| F|  |TAMS 0x000000008af00000, 0x000000008af00000| Untracked 
| 176|0x000000008b000000, 0x000000008b000000, 0x000000008b100000|  0%| F|  |TAMS 0x000000008b000000, 0x000000008b000000| Untracked 
| 177|0x000000008b100000, 0x000000008b100000, 0x000000008b200000|  0%| F|  |TAMS 0x000000008b100000, 0x000000008b100000| Untracked 
| 178|0x000000008b200000, 0x000000008b200000, 0x000000008b300000|  0%| F|  |TAMS 0x000000008b200000, 0x000000008b200000| Untracked 
| 179|0x000000008b300000, 0x000000008b300000, 0x000000008b400000|  0%| F|  |TAMS 0x000000008b300000, 0x000000008b300000| Untracked 
| 180|0x000000008b400000, 0x000000008b400000, 0x000000008b500000|  0%| F|  |TAMS 0x000000008b400000, 0x000000008b400000| Untracked 
| 181|0x000000008b500000, 0x000000008b500000, 0x000000008b600000|  0%| F|  |TAMS 0x000000008b500000, 0x000000008b500000| Untracked 
| 182|0x000000008b600000, 0x000000008b600000, 0x000000008b700000|  0%| F|  |TAMS 0x000000008b600000, 0x000000008b600000| Untracked 
| 183|0x000000008b700000, 0x000000008b700000, 0x000000008b800000|  0%| F|  |TAMS 0x000000008b700000, 0x000000008b700000| Untracked 
| 184|0x000000008b800000, 0x000000008b800000, 0x000000008b900000|  0%| F|  |TAMS 0x000000008b800000, 0x000000008b800000| Untracked 
| 185|0x000000008b900000, 0x000000008b900000, 0x000000008ba00000|  0%| F|  |TAMS 0x000000008b900000, 0x000000008b900000| Untracked 
| 186|0x000000008ba00000, 0x000000008ba00000, 0x000000008bb00000|  0%| F|  |TAMS 0x000000008ba00000, 0x000000008ba00000| Untracked 
| 187|0x000000008bb00000, 0x000000008bb00000, 0x000000008bc00000|  0%| F|  |TAMS 0x000000008bb00000, 0x000000008bb00000| Untracked 
| 188|0x000000008bc00000, 0x000000008bc00000, 0x000000008bd00000|  0%| F|  |TAMS 0x000000008bc00000, 0x000000008bc00000| Untracked 
| 189|0x000000008bd00000, 0x000000008bd00000, 0x000000008be00000|  0%| F|  |TAMS 0x000000008bd00000, 0x000000008bd00000| Untracked 
| 190|0x000000008be00000, 0x000000008be00000, 0x000000008bf00000|  0%| F|  |TAMS 0x000000008be00000, 0x000000008be00000| Untracked 
| 191|0x000000008bf00000, 0x000000008bf00000, 0x000000008c000000|  0%| F|  |TAMS 0x000000008bf00000, 0x000000008bf00000| Untracked 
| 192|0x000000008c000000, 0x000000008c000000, 0x000000008c100000|  0%| F|  |TAMS 0x000000008c000000, 0x000000008c000000| Untracked 
| 193|0x000000008c100000, 0x000000008c180800, 0x000000008c200000| 50%| E|  |TAMS 0x000000008c100000, 0x000000008c100000| Complete 
| 194|0x000000008c200000, 0x000000008c300000, 0x000000008c300000|100%| E|CS|TAMS 0x000000008c200000, 0x000000008c200000| Complete 
| 195|0x000000008c300000, 0x000000008c400000, 0x000000008c400000|100%| E|CS|TAMS 0x000000008c300000, 0x000000008c300000| Complete 
| 196|0x000000008c400000, 0x000000008c500000, 0x000000008c500000|100%| E|CS|TAMS 0x000000008c400000, 0x000000008c400000| Complete 
| 197|0x000000008c500000, 0x000000008c600000, 0x000000008c600000|100%| E|CS|TAMS 0x000000008c500000, 0x000000008c500000| Complete 
| 198|0x000000008c600000, 0x000000008c700000, 0x000000008c700000|100%| E|CS|TAMS 0x000000008c600000, 0x000000008c600000| Complete 
| 199|0x000000008c700000, 0x000000008c800000, 0x000000008c800000|100%| E|CS|TAMS 0x000000008c700000, 0x000000008c700000| Complete 
| 200|0x000000008c800000, 0x000000008c900000, 0x000000008c900000|100%| E|CS|TAMS 0x000000008c800000, 0x000000008c800000| Complete 
| 201|0x000000008c900000, 0x000000008ca00000, 0x000000008ca00000|100%| E|CS|TAMS 0x000000008c900000, 0x000000008c900000| Complete 
| 202|0x000000008ca00000, 0x000000008cb00000, 0x000000008cb00000|100%| E|CS|TAMS 0x000000008ca00000, 0x000000008ca00000| Complete 
| 203|0x000000008cb00000, 0x000000008cc00000, 0x000000008cc00000|100%| E|CS|TAMS 0x000000008cb00000, 0x000000008cb00000| Complete 
| 204|0x000000008cc00000, 0x000000008cd00000, 0x000000008cd00000|100%| E|CS|TAMS 0x000000008cc00000, 0x000000008cc00000| Complete 
| 205|0x000000008cd00000, 0x000000008ce00000, 0x000000008ce00000|100%| E|CS|TAMS 0x000000008cd00000, 0x000000008cd00000| Complete 
| 206|0x000000008ce00000, 0x000000008cf00000, 0x000000008cf00000|100%| E|CS|TAMS 0x000000008ce00000, 0x000000008ce00000| Complete 
| 207|0x000000008cf00000, 0x000000008d000000, 0x000000008d000000|100%| E|CS|TAMS 0x000000008cf00000, 0x000000008cf00000| Complete 
| 208|0x000000008d000000, 0x000000008d100000, 0x000000008d100000|100%| E|CS|TAMS 0x000000008d000000, 0x000000008d000000| Complete 
| 209|0x000000008d100000, 0x000000008d200000, 0x000000008d200000|100%| E|CS|TAMS 0x000000008d100000, 0x000000008d100000| Complete 
| 210|0x000000008d200000, 0x000000008d300000, 0x000000008d300000|100%| E|CS|TAMS 0x000000008d200000, 0x000000008d200000| Complete 
| 211|0x000000008d300000, 0x000000008d400000, 0x000000008d400000|100%| E|CS|TAMS 0x000000008d300000, 0x000000008d300000| Complete 
| 212|0x000000008d400000, 0x000000008d500000, 0x000000008d500000|100%| E|CS|TAMS 0x000000008d400000, 0x000000008d400000| Complete 
| 213|0x000000008d500000, 0x000000008d600000, 0x000000008d600000|100%| E|CS|TAMS 0x000000008d500000, 0x000000008d500000| Complete 
| 214|0x000000008d600000, 0x000000008d700000, 0x000000008d700000|100%| E|CS|TAMS 0x000000008d600000, 0x000000008d600000| Complete 
| 215|0x000000008d700000, 0x000000008d800000, 0x000000008d800000|100%| E|CS|TAMS 0x000000008d700000, 0x000000008d700000| Complete 
| 216|0x000000008d800000, 0x000000008d900000, 0x000000008d900000|100%| E|CS|TAMS 0x000000008d800000, 0x000000008d800000| Complete 
| 217|0x000000008d900000, 0x000000008da00000, 0x000000008da00000|100%| E|CS|TAMS 0x000000008d900000, 0x000000008d900000| Complete 
| 218|0x000000008da00000, 0x000000008db00000, 0x000000008db00000|100%| E|CS|TAMS 0x000000008da00000, 0x000000008da00000| Complete 
| 219|0x000000008db00000, 0x000000008dc00000, 0x000000008dc00000|100%| E|CS|TAMS 0x000000008db00000, 0x000000008db00000| Complete 
| 220|0x000000008dc00000, 0x000000008dd00000, 0x000000008dd00000|100%| E|CS|TAMS 0x000000008dc00000, 0x000000008dc00000| Complete 
| 221|0x000000008dd00000, 0x000000008de00000, 0x000000008de00000|100%| E|CS|TAMS 0x000000008dd00000, 0x000000008dd00000| Complete 

Card table byte_map: [0x00000278a4800000,0x00000278a4c00000] _byte_map_base: 0x00000278a4400000

Marking Bits (Prev, Next): (CMBitMap*) 0x000002788d825d80, (CMBitMap*) 0x000002788d825d48
 Prev Bits: [0x00000278a7000000, 0x00000278a9000000)
 Next Bits: [0x00000278a5000000, 0x00000278a7000000)

Polling page: 0x000002788cfb0000

Metaspace:

Usage:
  Non-class:     63.73 MB capacity,    62.48 MB ( 98%) used,     1.02 MB (  2%) free+waste,   239.00 KB ( <1%) overhead. 
      Class:     10.39 MB capacity,     9.49 MB ( 91%) used,   807.95 KB (  8%) free+waste,   117.62 KB (  1%) overhead. 
       Both:     74.12 MB capacity,    71.96 MB ( 97%) used,     1.81 MB (  2%) free+waste,   356.62 KB ( <1%) overhead. 

Virtual space:
  Non-class space:       64.00 MB reserved,      63.91 MB (>99%) committed 
      Class space:      504.00 MB reserved,      10.50 MB (  2%) committed 
             Both:      568.00 MB reserved,      74.41 MB ( 13%) committed 

Chunk freelists:
   Non-Class:  7.62 KB
       Class:  1.88 KB
        Both:  9.50 KB

CodeHeap 'non-profiled nmethods': size=120000Kb used=4841Kb max_used=4841Kb free=115158Kb
 bounds [0x000002789c980000, 0x000002789ce40000, 0x00000278a3eb0000]
CodeHeap 'profiled nmethods': size=120000Kb used=18777Kb max_used=18777Kb free=101222Kb
 bounds [0x0000027895450000, 0x00000278966b0000, 0x000002789c980000]
CodeHeap 'non-nmethods': size=5760Kb used=2280Kb max_used=2318Kb free=3479Kb
 bounds [0x0000027894eb0000, 0x0000027895120000, 0x0000027895450000]
 total_blobs=9690 nmethods=8809 adapters=791
 compilation: enabled
              stopped_count=0, restarted_count=0
 full_count=0

Compilation events (10 events):
Event: 355.505 Thread 0x00000278ac4e7000 nmethod 8853 0x000002789ce39d90 code [0x000002789ce39f00, 0x000002789ce39f78]
Event: 355.516 Thread 0x00000278ac4e8000 8854       3       sun.reflect.generics.parser.SignatureParser::parseSuperInterfaces (51 bytes)
Event: 355.517 Thread 0x00000278ac4e8000 nmethod 8854 0x00000278966a4a90 code [0x00000278966a4ce0, 0x00000278966a57f8]
Event: 355.517 Thread 0x00000278ac4e8000 8855       3       sun.reflect.generics.tree.ClassSignature::make (11 bytes)
Event: 355.517 Thread 0x00000278ac4e8000 nmethod 8855 0x00000278966a5b90 code [0x00000278966a5d40, 0x00000278966a6058]
Event: 355.517 Thread 0x00000278ac4e8000 8856       3       sun.reflect.generics.tree.ClassSignature::<init> (20 bytes)
Event: 355.517 Thread 0x00000278ac4e8000 nmethod 8856 0x00000278966a6190 code [0x00000278966a6340, 0x00000278966a65b8]
Event: 355.653 Thread 0x00000278ac4e7000 8857       4       java.lang.Class::isAnnotation (17 bytes)
Event: 355.653 Thread 0x00000278ac4e7000 nmethod 8857 0x000002789ce3a090 code [0x000002789ce3a200, 0x000002789ce3a298]
Event: 355.653 Thread 0x00000278ac4e7000 8858       4       org.objectweb.asm.Frame::execute (2318 bytes)

GC Heap History (10 events):
Event: 146.053 GC heap before
{Heap before GC invocations=6 (full 0):
 garbage-first heap   total 227328K, used 135536K [0x0000000080000000, 0x0000000100000000)
  region size 1024K, 113 young (115712K), 6 survivors (6144K)
 Metaspace       used 41486K, capacity 42536K, committed 42624K, reserved 552960K
  class space    used 5297K, capacity 5730K, committed 5760K, reserved 516096K
}
Event: 146.081 GC heap after
{Heap after GC invocations=7 (full 0):
 garbage-first heap   total 227328K, used 30363K [0x0000000080000000, 0x0000000100000000)
  region size 1024K, 12 young (12288K), 12 survivors (12288K)
 Metaspace       used 41486K, capacity 42536K, committed 42624K, reserved 552960K
  class space    used 5297K, capacity 5730K, committed 5760K, reserved 516096K
}
Event: 222.753 GC heap before
{Heap before GC invocations=7 (full 0):
 garbage-first heap   total 227328K, used 148123K [0x0000000080000000, 0x0000000100000000)
  region size 1024K, 127 young (130048K), 12 survivors (12288K)
 Metaspace       used 49132K, capacity 50554K, committed 50816K, reserved 561152K
  class space    used 6392K, capacity 6976K, committed 7040K, reserved 516096K
}
Event: 222.889 GC heap after
{Heap after GC invocations=8 (full 0):
 garbage-first heap   total 227328K, used 33075K [0x0000000080000000, 0x0000000100000000)
  region size 1024K, 10 young (10240K), 10 survivors (10240K)
 Metaspace       used 49132K, capacity 50554K, committed 50816K, reserved 561152K
  class space    used 6392K, capacity 6976K, committed 7040K, reserved 516096K
}
Event: 254.241 GC heap before
{Heap before GC invocations=8 (full 0):
 garbage-first heap   total 227328K, used 154931K [0x0000000080000000, 0x0000000100000000)
  region size 1024K, 124 young (126976K), 10 survivors (10240K)
 Metaspace       used 58448K, capacity 60184K, committed 60376K, reserved 569344K
  class space    used 7685K, capacity 8448K, committed 8448K, reserved 516096K
}
Event: 254.304 GC heap after
{Heap after GC invocations=9 (full 0):
 garbage-first heap   total 227328K, used 44316K [0x0000000080000000, 0x0000000100000000)
  region size 1024K, 15 young (15360K), 15 survivors (15360K)
 Metaspace       used 58448K, capacity 60184K, committed 60376K, reserved 569344K
  class space    used 7685K, capacity 8448K, committed 8448K, reserved 516096K
}
Event: 278.346 GC heap before
{Heap before GC invocations=10 (full 0):
 garbage-first heap   total 227328K, used 164124K [0x0000000080000000, 0x0000000100000000)
  region size 1024K, 133 young (136192K), 15 survivors (15360K)
 Metaspace       used 65840K, capacity 67784K, committed 68132K, reserved 575488K
  class space    used 8667K, capacity 9499K, committed 9600K, reserved 516096K
}
Event: 278.451 GC heap after
{Heap after GC invocations=11 (full 0):
 garbage-first heap   total 227328K, used 49687K [0x0000000080000000, 0x0000000100000000)
  region size 1024K, 14 young (14336K), 14 survivors (14336K)
 Metaspace       used 65840K, capacity 67784K, committed 68132K, reserved 575488K
  class space    used 8667K, capacity 9499K, committed 9600K, reserved 516096K
}
Event: 310.224 GC heap before
{Heap before GC invocations=11 (full 0):
 garbage-first heap   total 227328K, used 171543K [0x0000000080000000, 0x0000000100000000)
  region size 1024K, 133 young (136192K), 14 survivors (14336K)
 Metaspace       used 72022K, capacity 74249K, committed 74404K, reserved 581632K
  class space    used 9504K, capacity 10436K, committed 10496K, reserved 516096K
}
Event: 310.275 GC heap after
{Heap after GC invocations=12 (full 0):
 garbage-first heap   total 227328K, used 58088K [0x0000000080000000, 0x0000000100000000)
  region size 1024K, 14 young (14336K), 14 survivors (14336K)
 Metaspace       used 72022K, capacity 74249K, committed 74404K, reserved 581632K
  class space    used 9504K, capacity 10436K, committed 10496K, reserved 516096K
}

Deoptimization events (10 events):
Event: 291.174 Thread 0x00000278aef31000 Uncommon trap: reason=class_check action=maybe_recompile pc=0x000002789ca9f8f0 method=java.util.Collections$SetFromMap.remove(Ljava/lang/Object;)Z @ 5 c2
Event: 291.762 Thread 0x00000278aef31000 Uncommon trap: reason=class_check action=maybe_recompile pc=0x000002789ca9f8f0 method=java.util.Collections$SetFromMap.remove(Ljava/lang/Object;)Z @ 5 c2
Event: 292.451 Thread 0x00000278ad69e800 Uncommon trap: reason=bimorphic_or_optimized_type_check action=maybe_recompile pc=0x000002789cd7c470 method=com.google.common.collect.ImmutableList.copyOf(Ljava/util/Collection;)Lcom/google/common/collect/ImmutableList; @ 16 c2
Event: 292.482 Thread 0x00000278b4fed800 Uncommon trap: reason=unstable_if action=reinterpret pc=0x000002789ccd88d0 method=java.util.concurrent.ConcurrentHashMap.addCount(JI)V @ 171 c2
Event: 292.482 Thread 0x00000278b0bc0800 Uncommon trap: reason=unstable_if action=reinterpret pc=0x000002789ccd88d0 method=java.util.concurrent.ConcurrentHashMap.addCount(JI)V @ 171 c2
Event: 353.401 Thread 0x00000278ad69e800 Uncommon trap: reason=unstable_if action=reinterpret pc=0x000002789cbe1ed8 method=java.util.zip.ZipFile.getInputStream(Ljava/util/zip/ZipEntry;)Ljava/io/InputStream; @ 150 c2
Event: 353.489 Thread 0x00000278ad69e800 Uncommon trap: reason=unstable_if action=reinterpret pc=0x000002789cd2dda4 method=java.util.regex.Pattern.escape(ZZZ)I @ 916 c2
Event: 355.062 Thread 0x00000278ad69e800 Uncommon trap: reason=unstable_if action=reinterpret pc=0x000002789cc93c50 method=com.google.common.reflect.TypeResolver$TypeVariableKey.equalsTypeVariable(Ljava/lang/reflect/TypeVariable;)Z @ 39 c2
Event: 355.546 Thread 0x00000278ad69e800 Uncommon trap: reason=class_check action=make_not_entrant pc=0x000002789ce34f48 method=java.util.ArrayList.toArray([Ljava/lang/Object;)[Ljava/lang/Object; @ 21 c2
Event: 355.667 Thread 0x00000278ad69e800 Uncommon trap: reason=null_check action=make_not_entrant pc=0x000002789ce3a268 method=java.lang.Class.isAnnotation()Z @ 1 c2

Classes redefined (0 events):
No events

Internal exceptions (10 events):
Event: 354.695 Thread 0x00000278ad69e800 Exception <a 'java/security/PrivilegedActionException'{0x000000008c984d08}> (0x000000008c984d08) thrown at [./open/src/hotspot/share/prims/jvm.cpp, line 1305]
Event: 354.695 Thread 0x00000278ad69e800 Exception <a 'java/security/PrivilegedActionException'{0x000000008c986270}> (0x000000008c986270) thrown at [./open/src/hotspot/share/prims/jvm.cpp, line 1305]
Event: 354.695 Thread 0x00000278ad69e800 Exception <a 'java/security/PrivilegedActionException'{0x000000008c989488}> (0x000000008c989488) thrown at [./open/src/hotspot/share/prims/jvm.cpp, line 1305]
Event: 354.695 Thread 0x00000278ad69e800 Exception <a 'java/security/PrivilegedActionException'{0x000000008c98a9f0}> (0x000000008c98a9f0) thrown at [./open/src/hotspot/share/prims/jvm.cpp, line 1305]
Event: 354.696 Thread 0x00000278ad69e800 Exception <a 'java/security/PrivilegedActionException'{0x000000008c98db58}> (0x000000008c98db58) thrown at [./open/src/hotspot/share/prims/jvm.cpp, line 1305]
Event: 354.696 Thread 0x00000278ad69e800 Exception <a 'java/security/PrivilegedActionException'{0x000000008c98f0c0}> (0x000000008c98f0c0) thrown at [./open/src/hotspot/share/prims/jvm.cpp, line 1305]
Event: 354.696 Thread 0x00000278ad69e800 Exception <a 'java/security/PrivilegedActionException'{0x000000008c992278}> (0x000000008c992278) thrown at [./open/src/hotspot/share/prims/jvm.cpp, line 1305]
Event: 354.696 Thread 0x00000278ad69e800 Exception <a 'java/security/PrivilegedActionException'{0x000000008c9937e0}> (0x000000008c9937e0) thrown at [./open/src/hotspot/share/prims/jvm.cpp, line 1305]
Event: 354.697 Thread 0x00000278ad69e800 Exception <a 'java/security/PrivilegedActionException'{0x000000008c9969f8}> (0x000000008c9969f8) thrown at [./open/src/hotspot/share/prims/jvm.cpp, line 1305]
Event: 354.697 Thread 0x00000278ad69e800 Exception <a 'java/security/PrivilegedActionException'{0x000000008c997f60}> (0x000000008c997f60) thrown at [./open/src/hotspot/share/prims/jvm.cpp, line 1305]

Events (10 events):
Event: 355.701 loading class com/google/common/collect/ImmutableBiMapFauxverideShim
Event: 355.701 loading class com/google/common/collect/ImmutableBiMapFauxverideShim done
Event: 355.702 loading class com/google/common/collect/ImmutableMap$1
Event: 355.702 loading class com/google/common/collect/ImmutableMap$1 done
Event: 355.704 loading class com/google/common/collect/ImmutableMap$MapViewOfValuesAsSingletonSets
Event: 355.704 loading class com/google/common/collect/ImmutableMap$MapViewOfValuesAsSingletonSets done
Event: 355.708 loading class com/google/common/collect/Iterables
Event: 355.708 loading class com/google/common/collect/Iterables done
Event: 355.717 loading class com/google/common/collect/RegularImmutableMap
Event: 355.717 loading class com/google/common/collect/RegularImmutableMap done


Dynamic libraries:
0x00007ff7bfe80000 - 0x00007ff7bfe90000 	C:\Program Files\Java\jdk-11\bin\java.exe
0x00007ffd65a50000 - 0x00007ffd65c64000 	C:\WINDOWS\SYSTEM32\ntdll.dll
0x00007ffd644f0000 - 0x00007ffd645b4000 	C:\WINDOWS\System32\KERNEL32.DLL
0x00007ffd633b0000 - 0x00007ffd63754000 	C:\WINDOWS\System32\KERNELBASE.dll
0x00007ffd63120000 - 0x00007ffd63231000 	C:\WINDOWS\System32\ucrtbase.dll
0x00007ffcef5a0000 - 0x00007ffcef5bb000 	C:\Program Files\Java\jdk-11\bin\VCRUNTIME140.dll
0x00007ffcf51a0000 - 0x00007ffcf51b8000 	C:\Program Files\Java\jdk-11\bin\jli.dll
0x00007ffd654e0000 - 0x00007ffd65590000 	C:\WINDOWS\System32\ADVAPI32.dll
0x00007ffd65170000 - 0x00007ffd65217000 	C:\WINDOWS\System32\msvcrt.dll
0x00007ffd64960000 - 0x00007ffd64a06000 	C:\WINDOWS\System32\sechost.dll
0x00007ffd63930000 - 0x00007ffd63a47000 	C:\WINDOWS\System32\RPCRT4.dll
0x00007ffd64a10000 - 0x00007ffd64bbe000 	C:\WINDOWS\System32\USER32.dll
0x00007ffd630f0000 - 0x00007ffd63116000 	C:\WINDOWS\System32\win32u.dll
0x00007ffd644c0000 - 0x00007ffd644e9000 	C:\WINDOWS\System32\GDI32.dll
0x00007ffd52dc0000 - 0x00007ffd53053000 	C:\WINDOWS\WinSxS\amd64_microsoft.windows.common-controls_6595b64144ccf1df_6.0.22621.2215_none_270d72677387dfc3\COMCTL32.dll
0x00007ffd62e70000 - 0x00007ffd62f88000 	C:\WINDOWS\System32\gdi32full.dll
0x00007ffd63050000 - 0x00007ffd630ea000 	C:\WINDOWS\System32\msvcp_win.dll
0x00007ffd5c500000 - 0x00007ffd5c50a000 	C:\WINDOWS\SYSTEM32\VERSION.dll
0x00007ffd65830000 - 0x00007ffd65861000 	C:\WINDOWS\System32\IMM32.DLL
0x00007ffd23510000 - 0x00007ffd2351c000 	C:\Program Files\Java\jdk-11\bin\vcruntime140_1.dll
0x00007ffcef510000 - 0x00007ffcef59e000 	C:\Program Files\Java\jdk-11\bin\msvcp140.dll
0x00007ffcee9a0000 - 0x00007ffcef508000 	C:\Program Files\Java\jdk-11\bin\server\jvm.dll
0x00007ffd65160000 - 0x00007ffd65168000 	C:\WINDOWS\System32\PSAPI.DLL
0x00007ffd5c380000 - 0x00007ffd5c3b4000 	C:\WINDOWS\SYSTEM32\WINMM.dll
0x00007ffd49430000 - 0x00007ffd49439000 	C:\WINDOWS\SYSTEM32\WSOCK32.dll
0x00007ffd65640000 - 0x00007ffd656b1000 	C:\WINDOWS\System32\WS2_32.dll
0x00007ffd61dc0000 - 0x00007ffd61dd8000 	C:\WINDOWS\SYSTEM32\kernel.appcore.dll
0x00007ffd13780000 - 0x00007ffd13790000 	C:\Program Files\Java\jdk-11\bin\verify.dll
0x00007ffd60850000 - 0x00007ffd60a7e000 	C:\WINDOWS\SYSTEM32\DBGHELP.DLL
0x00007ffd645c0000 - 0x00007ffd6494a000 	C:\WINDOWS\System32\combase.dll
0x00007ffd65750000 - 0x00007ffd65827000 	C:\WINDOWS\System32\OLEAUT32.dll
0x00007ffd4d920000 - 0x00007ffd4d952000 	C:\WINDOWS\SYSTEM32\dbgcore.DLL
0x00007ffd63760000 - 0x00007ffd637da000 	C:\WINDOWS\System32\bcryptPrimitives.dll
0x00007ffcee970000 - 0x00007ffcee998000 	C:\Program Files\Java\jdk-11\bin\java.dll
0x00007ffd0e580000 - 0x00007ffd0e58a000 	C:\Program Files\Java\jdk-11\bin\jimage.dll
0x00007ffcee950000 - 0x00007ffcee967000 	C:\Program Files\Java\jdk-11\bin\zip.dll
0x00007ffd63b50000 - 0x00007ffd64373000 	C:\WINDOWS\System32\SHELL32.dll
0x00007ffd60d40000 - 0x00007ffd6162a000 	C:\WINDOWS\SYSTEM32\windows.storage.dll
0x00007ffd60c00000 - 0x00007ffd60d3e000 	C:\WINDOWS\SYSTEM32\wintypes.dll
0x00007ffd63a50000 - 0x00007ffd63b43000 	C:\WINDOWS\System32\SHCORE.dll
0x00007ffd64460000 - 0x00007ffd644be000 	C:\WINDOWS\System32\shlwapi.dll
0x00007ffd62d30000 - 0x00007ffd62d56000 	C:\WINDOWS\SYSTEM32\profapi.dll
0x00007ffcee930000 - 0x00007ffcee949000 	C:\Program Files\Java\jdk-11\bin\net.dll
0x00007ffd5c150000 - 0x00007ffd5c287000 	C:\WINDOWS\SYSTEM32\WINHTTP.dll
0x00007ffd62280000 - 0x00007ffd622e9000 	C:\WINDOWS\system32\mswsock.dll
0x00007ffcee910000 - 0x00007ffcee922000 	C:\Program Files\Java\jdk-11\bin\nio.dll
0x00007ffd2d960000 - 0x00007ffd2d987000 	C:\Users\mrizk\.gradle\native\68d5fa5c4cc2d200863cafc0d521ce42e7d3e7ee720ec0a83991735586a16f82\windows-amd64\native-platform.dll
0x00007ffd150a0000 - 0x00007ffd151e4000 	C:\Users\mrizk\.gradle\native\e376f236ea51e6404a007f0833ffe2c6e607c4080706a723a18a27aeea778392\windows-amd64\native-platform-file-events.dll
0x00007ffd3d800000 - 0x00007ffd3d809000 	C:\Program Files\Java\jdk-11\bin\management.dll
0x00007ffd35190000 - 0x00007ffd3519b000 	C:\Program Files\Java\jdk-11\bin\management_ext.dll
0x00007ffd624b0000 - 0x00007ffd624cb000 	C:\WINDOWS\SYSTEM32\CRYPTSP.dll
0x00007ffd61d80000 - 0x00007ffd61db5000 	C:\WINDOWS\system32\rsaenh.dll
0x00007ffd62330000 - 0x00007ffd6235c000 	C:\WINDOWS\SYSTEM32\USERENV.dll
0x00007ffd626c0000 - 0x00007ffd626e8000 	C:\WINDOWS\SYSTEM32\bcrypt.dll
0x00007ffd624d0000 - 0x00007ffd624dc000 	C:\WINDOWS\SYSTEM32\CRYPTBASE.dll
0x00007ffd61890000 - 0x00007ffd618bd000 	C:\WINDOWS\SYSTEM32\IPHLPAPI.DLL
0x00007ffd65150000 - 0x00007ffd65159000 	C:\WINDOWS\System32\NSI.dll
0x00007ffd5c510000 - 0x00007ffd5c529000 	C:\WINDOWS\SYSTEM32\dhcpcsvc6.DLL
0x00007ffd5c360000 - 0x00007ffd5c37f000 	C:\WINDOWS\SYSTEM32\dhcpcsvc.DLL
0x00007ffd61900000 - 0x00007ffd619f2000 	C:\WINDOWS\SYSTEM32\DNSAPI.dll

dbghelp: loaded successfully - version: 4.0.5 - missing functions: none
symbol engine: initialized successfully - sym options: 0x614 - pdb path: .;C:\Program Files\Java\jdk-11\bin;C:\WINDOWS\SYSTEM32;C:\WINDOWS\WinSxS\amd64_microsoft.windows.common-controls_6595b64144ccf1df_6.0.22621.2215_none_270d72677387dfc3;C:\Program Files\Java\jdk-11\bin\server;C:\Users\mrizk\.gradle\native\68d5fa5c4cc2d200863cafc0d521ce42e7d3e7ee720ec0a83991735586a16f82\windows-amd64;C:\Users\mrizk\.gradle\native\e376f236ea51e6404a007f0833ffe2c6e607c4080706a723a18a27aeea778392\windows-amd64

VM Arguments:
jvm_args: -XX:MaxMetaspaceSize=512m --add-opens=java.base/java.util=ALL-UNNAMED --add-opens=java.base/java.lang=ALL-UNNAMED --add-opens=java.base/java.lang.invoke=ALL-UNNAMED --add-opens=java.prefs/java.util.prefs=ALL-UNNAMED --add-opens=java.base/java.nio.charset=ALL-UNNAMED --add-opens=java.base/java.net=ALL-UNNAMED --add-opens=java.base/java.util.concurrent.atomic=ALL-UNNAMED -Xmx2048m -Dfile.encoding=windows-1252 -Duser.country=ID -Duser.language=en -Duser.variant 
java_command: org.gradle.launcher.daemon.bootstrap.GradleDaemon 8.0.1
java_class_path (initial): C:\Users\mrizk\.gradle\wrapper\dists\gradle-8.0.1-all\aro4hu1c3oeioove7l0i4i14o\gradle-8.0.1\lib\gradle-launcher-8.0.1.jar
Launcher Type: SUN_STANDARD

[Global flags]
     intx CICompilerCount                          = 4                                         {product} {ergonomic}
   size_t CompressedClassSpaceSize                 = 528482304                                 {product} {ergonomic}
     uint ConcGCThreads                            = 3                                         {product} {ergonomic}
     uint G1ConcRefinementThreads                  = 10                                        {product} {ergonomic}
   size_t G1HeapRegionSize                         = 1048576                                   {product} {ergonomic}
    uintx GCDrainStackTargetSize                   = 64                                        {product} {ergonomic}
   size_t InitialHeapSize                          = 232783872                                 {product} {ergonomic}
   size_t MarkStackSize                            = 4194304                                   {product} {ergonomic}
   size_t MaxHeapSize                              = 2147483648                                {product} {command line}
   size_t MaxMetaspaceSize                         = 536870912                                 {product} {command line}
   size_t MaxNewSize                               = 1287651328                                {product} {ergonomic}
   size_t MinHeapDeltaBytes                        = 1048576                                   {product} {ergonomic}
    uintx NonNMethodCodeHeapSize                   = 5836300                                {pd product} {ergonomic}
    uintx NonProfiledCodeHeapSize                  = 122910970                              {pd product} {ergonomic}
    uintx ProfiledCodeHeapSize                     = 122910970                              {pd product} {ergonomic}
    uintx ReservedCodeCacheSize                    = 251658240                              {pd product} {ergonomic}
     bool SegmentedCodeCache                       = true                                      {product} {ergonomic}
     bool UseCompressedClassPointers               = true                                 {lp64_product} {ergonomic}
     bool UseCompressedOops                        = true                                 {lp64_product} {ergonomic}
     bool UseG1GC                                  = true                                      {product} {ergonomic}
     bool UseLargePagesIndividualAllocation        = false                                  {pd product} {ergonomic}

Logging:
Log output configuration:
 #0: stdout all=warning uptime,level,tags
 #1: stderr all=off uptime,level,tags

Environment Variables:
JAVA_HOME=C:\Program Files\Java\jdk-11
CLASSPATH=F:\drive-programming\00bootcamp\code\week9\tugas\recipe_rn\android\\gradle\wrapper\gradle-wrapper.jar
PATH=F:\drive-programming\00bootcamp\code\week9\tugas\recipe_rn\node_modules\.bin;F:\drive-programming\00bootcamp\code\week9\tugas\recipe_rn\node_modules\.bin;F:\drive-programming\00bootcamp\code\week9\tugas\node_modules\.bin;F:\drive-programming\00bootcamp\code\week9\node_modules\.bin;F:\drive-programming\00bootcamp\code\node_modules\.bin;F:\drive-programming\00bootcamp\node_modules\.bin;F:\drive-programming\node_modules\.bin;F:\node_modules\.bin;C:\Users\mrizk\AppData\Roaming\nvm\v18.13.0\node_modules\npm\node_modules\@npmcli\run-script\lib\node-gyp-bin;F:\drive-programming\00bootcamp\code\week9\tugas\recipe_rn\node_modules\.bin;F:\drive-programming\00bootcamp\code\week9\tugas\node_modules\.bin;F:\drive-programming\00bootcamp\code\week9\node_modules\.bin;F:\drive-programming\00bootcamp\code\node_modules\.bin;F:\drive-programming\00bootcamp\node_modules\.bin;F:\drive-programming\node_modules\.bin;F:\node_modules\.bin;C:\Users\mrizk\AppData\Roaming\nvm\v18.13.0\node_modules\npm\node_modules\@npmcli\run-script\lib\node-gyp-bin;C:\Users\mrizk\bin;C:\Program Files\Git\mingw64\bin;C:\Program Files\Git\usr\local\bin;C:\Program Files\Git\usr\bin;C:\Program Files\Git\usr\bin;C:\Program Files\Git\mingw64\bin;C:\Program Files\Git\usr\bin;C:\Users\mrizk\bin;C:\Program Files\Common Files\Oracle\Java\javapath;C:\Windows\system32;C:\Windows;C:\Windows\System32\Wbem;C:\Windows\System32\WindowsPowerShell\v1.0;C:\Windows\System32\OpenSSH;C:\Program Files (x86)\NVIDIA Corporation\PhysX\Common;C:\Program Files\Microsoft VS Code\bin;C:\Program Files\Git\cmd;C:\xampp\mysql\bin;C:\Program Files\MongoDB\Server\6.0\bin;C:\Program Files\mongosh\mongosh-1.6.0-win32-x64\bin;C:\Program Files\NVIDIA Corporation\NVIDIA NvDLISR;C:\Users\mrizk\AppData\Roaming\nvm;C:\Program Files\nodejs;C:\WINDOWS\system32;C:\WINDOWS;C:\WINDOWS\System32\Wbem;C:\WINDOWS\System32\WindowsPowerShell\v1.0;C:\WINDOWS\System32\OpenSSH;C:\Users\mrizk\AppData\Local\Android\Sdk\platform-tools;C:\Program Files\Java\jdk-11;C:\P
USERNAME=mrizk
SHELL=C:\Program Files\Git\usr\bin\bash.exe
DISPLAY=needs-to-be-defined
OS=Windows_NT
PROCESSOR_IDENTIFIER=AMD64 Family 25 Model 80 Stepping 0, AuthenticAMD



---------------  S Y S T E M  ---------------

OS: Windows 11 , 64 bit Build 22621 (10.0.22621.2215)
Hyper-V role detected

CPU:total 12 (initial active 12) (12 cores per cpu, 2 threads per core) family 25 model 80 stepping 0 microcode 0x0, cmov, cx8, fxsr, mmx, sse, sse2, sse3, ssse3, sse4.1, sse4.2, popcnt, avx, avx2, aes, clmul, erms, mmxext, 3dnowpref, lzcnt, sse4a, ht, tsc, tscinvbit, tscinv, bmi1, bmi2,

Memory: 4k page, system-wide physical 14188M (56M free)
TotalPageFile size 46729M (AvailPageFile size 18M)
current process WorkingSet (physical memory assigned to process): 117M, peak: 298M
current process commit charge ("private bytes"): 478M, peak: 482M

vm_info: Java HotSpot(TM) 64-Bit Server VM (11.0.18+9-LTS-195) for windows-amd64 JRE (11.0.18+9-LTS-195), built on Dec  6 2022 15:50:58 by "mach5one" with MS VC++ 17.1 (VS2022)

END.
