#
# There is insufficient memory for the Java Runtime Environment to continue.
# Native memory allocation (malloc) failed to allocate 1013776 bytes for Chunk::new
# Possible reasons:
#   The system is out of physical RAM or swap space
#   The process is running with CompressedOops enabled, and the Java Heap may be blocking the growth of the native heap
# Possible solutions:
#   Reduce memory load on the system
#   Increase physical memory or swap space
#   Check if swap backing store is full
#   Decrease Java heap size (-Xmx/-Xms)
#   Decrease number of Java threads
#   Decrease Java thread stack sizes (-Xss)
#   Set larger code cache with -XX:ReservedCodeCacheSize=
#   JVM is running with Unscaled Compressed Oops mode in which the Java heap is
#     placed in the first 4GB address space. The Java Heap base address is the
#     maximum limit for the native heap growth. Please use -XX:HeapBaseMinAddress
#     to set the Java Heap base and to place the Java Heap above 4GB virtual address.
# This output file may be truncated or incomplete.
#
#  Out of Memory Error (./open/src/hotspot/share/memory/arena.cpp:197), pid=50016, tid=48784
#
# JRE version: Java(TM) SE Runtime Environment 18.9 (11.0.18+9) (build 11.0.18+9-LTS-195)
# Java VM: Java HotSpot(TM) 64-Bit Server VM 18.9 (11.0.18+9-LTS-195, mixed mode, tiered, compressed oops, g1 gc, windows-amd64)
# No core dump will be written. Minidumps are not enabled by default on client versions of Windows
#

---------------  S U M M A R Y ------------

Command Line: -XX:MaxMetaspaceSize=512m --add-opens=java.base/java.util=ALL-UNNAMED --add-opens=java.base/java.lang=ALL-UNNAMED --add-opens=java.base/java.lang.invoke=ALL-UNNAMED --add-opens=java.prefs/java.util.prefs=ALL-UNNAMED --add-opens=java.base/java.nio.charset=ALL-UNNAMED --add-opens=java.base/java.net=ALL-UNNAMED --add-opens=java.base/java.util.concurrent.atomic=ALL-UNNAMED -Xmx2048m -Dfile.encoding=windows-1252 -Duser.country=ID -Duser.language=en -Duser.variant org.gradle.launcher.daemon.bootstrap.GradleDaemon 8.0.1

Host: AMD Ryzen 5 5600H with Radeon Graphics         , 12 cores, 13G,  Windows 11 , 64 bit Build 22621 (10.0.22621.2215)
Time: Thu Oct  5 18:40:18 2023 SE Asia Standard Time elapsed time: 129.670837 seconds (0d 0h 2m 9s)

---------------  T H R E A D  ---------------

Current thread (0x000001d4f8257000):  JavaThread "C2 CompilerThread0" daemon [_thread_in_native, id=48784, stack(0x000000a52b900000,0x000000a52ba00000)]


Current CompileTask:
C2: 129670 4108       4       org.codehaus.groovy.runtime.metaclass.MetaMethodIndex::addMethodToList (131 bytes)

Stack: [0x000000a52b900000,0x000000a52ba00000]
Native frames: (J=compiled Java code, j=interpreted, Vv=VM code, C=native code)
V  [jvm.dll+0x65d8aa]
V  [jvm.dll+0x79fc1f]
V  [jvm.dll+0x7a12e9]
V  [jvm.dll+0x7a1983]
V  [jvm.dll+0x2585b5]
V  [jvm.dll+0xb284c]
V  [jvm.dll+0xb2e0c]
V  [jvm.dll+0x365e21]
V  [jvm.dll+0x1a2232]
V  [jvm.dll+0x2114fd]
V  [jvm.dll+0x210378]
V  [jvm.dll+0x18c641]
V  [jvm.dll+0x220609]
V  [jvm.dll+0x21e92c]
V  [jvm.dll+0x763f61]
V  [jvm.dll+0x75c924]
V  [jvm.dll+0x65c755]
C  [ucrtbase.dll+0x29363]
C  [KERNEL32.DLL+0x1257d]
C  [ntdll.dll+0x5aa68]


---------------  P R O C E S S  ---------------

Threads class SMR info:
_java_thread_list=0x000001d4fac041a0, length=35, elements={
0x000001d4d9555800, 0x000001d4f7a12000, 0x000001d4f824c800, 0x000001d4f8252800,
0x000001d4f8253800, 0x000001d4f8256000, 0x000001d4f8257000, 0x000001d4f82a5800,
0x000001d4f82a7000, 0x000001d4f840b000, 0x000001d4f9b86800, 0x000001d4f9850000,
0x000001d4f975c800, 0x000001d4f9899800, 0x000001d4f968c000, 0x000001d4f96c4000,
0x000001d4fae00000, 0x000001d4fa539800, 0x000001d4f9e14800, 0x000001d4f9e15800,
0x000001d4f9e14000, 0x000001d4f9e16000, 0x000001d4f9e11800, 0x000001d4f9e17000,
0x000001d4f9e18000, 0x000001d4f9e12000, 0x000001d4f9e13000, 0x000001d4fa84a000,
0x000001d4fa84f000, 0x000001d4fa850800, 0x000001d4fa84b000, 0x000001d4fa84e000,
0x000001d4fa84d800, 0x000001d4fa84c800, 0x000001d4fa84c000
}

Java Threads: ( => current thread )
  0x000001d4d9555800 JavaThread "main" [_thread_blocked, id=29348, stack(0x000000a52ad00000,0x000000a52ae00000)]
  0x000001d4f7a12000 JavaThread "Reference Handler" daemon [_thread_blocked, id=46240, stack(0x000000a52b400000,0x000000a52b500000)]
  0x000001d4f824c800 JavaThread "Finalizer" daemon [_thread_blocked, id=48732, stack(0x000000a52b500000,0x000000a52b600000)]
  0x000001d4f8252800 JavaThread "Signal Dispatcher" daemon [_thread_blocked, id=48712, stack(0x000000a52b600000,0x000000a52b700000)]
  0x000001d4f8253800 JavaThread "Attach Listener" daemon [_thread_blocked, id=48756, stack(0x000000a52b700000,0x000000a52b800000)]
  0x000001d4f8256000 JavaThread "Service Thread" daemon [_thread_blocked, id=48760, stack(0x000000a52b800000,0x000000a52b900000)]
=>0x000001d4f8257000 JavaThread "C2 CompilerThread0" daemon [_thread_in_native, id=48784, stack(0x000000a52b900000,0x000000a52ba00000)]
  0x000001d4f82a5800 JavaThread "C1 CompilerThread0" daemon [_thread_blocked, id=48772, stack(0x000000a52ba00000,0x000000a52bb00000)]
  0x000001d4f82a7000 JavaThread "Sweeper thread" daemon [_thread_blocked, id=48776, stack(0x000000a52bb00000,0x000000a52bc00000)]
  0x000001d4f840b000 JavaThread "Common-Cleaner" daemon [_thread_blocked, id=48780, stack(0x000000a52bc00000,0x000000a52bd00000)]
  0x000001d4f9b86800 JavaThread "Daemon health stats" [_thread_blocked, id=48752, stack(0x000000a52c200000,0x000000a52c300000)]
  0x000001d4f9850000 JavaThread "Incoming local TCP Connector on port 52290" [_thread_in_native, id=49168, stack(0x000000a52c300000,0x000000a52c400000)]
  0x000001d4f975c800 JavaThread "Daemon periodic checks" [_thread_blocked, id=38984, stack(0x000000a52c400000,0x000000a52c500000)]
  0x000001d4f9899800 JavaThread "Daemon" [_thread_blocked, id=48604, stack(0x000000a52c500000,0x000000a52c600000)]
  0x000001d4f968c000 JavaThread "Handler for socket connection from /127.0.0.1:52290 to /127.0.0.1:52303" [_thread_in_native, id=47688, stack(0x000000a52c600000,0x000000a52c700000)]
  0x000001d4f96c4000 JavaThread "Cancel handler" [_thread_blocked, id=22624, stack(0x000000a52c700000,0x000000a52c800000)]
  0x000001d4fae00000 JavaThread "Daemon worker" [_thread_in_Java, id=3784, stack(0x000000a52c800000,0x000000a52c900000)]
  0x000001d4fa539800 JavaThread "Asynchronous log dispatcher for DefaultDaemonConnection: socket connection from /127.0.0.1:52290 to /127.0.0.1:52303" [_thread_blocked, id=49740, stack(0x000000a52c900000,0x000000a52ca00000)]
  0x000001d4f9e14800 JavaThread "Daemon client event forwarder" [_thread_blocked, id=49784, stack(0x000000a52cb00000,0x000000a52cc00000)]
  0x000001d4f9e15800 JavaThread "Cache worker for journal cache (C:\Users\mrizk\.gradle\caches\journal-1)" [_thread_blocked, id=25912, stack(0x000000a52cc00000,0x000000a52cd00000)]
  0x000001d4f9e14000 JavaThread "File lock request listener" [_thread_in_native, id=14316, stack(0x000000a52cd00000,0x000000a52ce00000)]
  0x000001d4f9e16000 JavaThread "File lock release action executor" [_thread_blocked, id=27472, stack(0x000000a52ce00000,0x000000a52cf00000)]
  0x000001d4f9e11800 JavaThread "Cache worker for file hash cache (C:\Users\mrizk\.gradle\caches\8.0.1\fileHashes)" [_thread_blocked, id=19640, stack(0x000000a52d600000,0x000000a52d700000)]
  0x000001d4f9e17000 JavaThread "File watcher server" daemon [_thread_in_native, id=48568, stack(0x000000a52d700000,0x000000a52d800000)]
  0x000001d4f9e18000 JavaThread "File watcher consumer" daemon [_thread_blocked, id=46084, stack(0x000000a52d800000,0x000000a52d900000)]
  0x000001d4f9e12000 JavaThread "Cache worker for checksums cache (F:\drive-programming\00bootcamp\code\week9\tugas\recipe_rn\android\.gradle\8.0.1\checksums)" [_thread_blocked, id=15572, stack(0x000000a52d900000,0x000000a52da00000)]
  0x000001d4f9e13000 JavaThread "Cache worker for cache directory md-rule (C:\Users\mrizk\.gradle\caches\8.0.1\md-rule)" [_thread_blocked, id=46608, stack(0x000000a52da00000,0x000000a52db00000)]
  0x000001d4fa84a000 JavaThread "Cache worker for file content cache (C:\Users\mrizk\.gradle\caches\8.0.1\fileContent)" [_thread_blocked, id=46600, stack(0x000000a52db00000,0x000000a52dc00000)]
  0x000001d4fa84f000 JavaThread "Cache worker for file hash cache (F:\drive-programming\00bootcamp\code\week9\tugas\recipe_rn\android\.gradle\8.0.1\fileHashes)" [_thread_blocked, id=19380, stack(0x000000a52dc00000,0x000000a52dd00000)]
  0x000001d4fa850800 JavaThread "Cache worker for cache directory md-supplier (C:\Users\mrizk\.gradle\caches\8.0.1\md-supplier)" [_thread_blocked, id=49760, stack(0x000000a52dd00000,0x000000a52de00000)]
  0x000001d4fa84b000 JavaThread "Cache worker for execution history cache (C:\Users\mrizk\.gradle\caches\8.0.1\executionHistory)" [_thread_blocked, id=38736, stack(0x000000a52de00000,0x000000a52df00000)]
  0x000001d4fa84e000 JavaThread "jar transforms" [_thread_blocked, id=44268, stack(0x000000a52aa00000,0x000000a52ab00000)]
  0x000001d4fa84d800 JavaThread "jar transforms Thread 2" [_thread_blocked, id=27624, stack(0x000000a52ab00000,0x000000a52ac00000)]
  0x000001d4fa84c800 JavaThread "jar transforms Thread 3" [_thread_blocked, id=52556, stack(0x000000a52ac00000,0x000000a52ad00000)]
  0x000001d4fa84c000 JavaThread "jar transforms Thread 4" [_thread_blocked, id=55028, stack(0x000000a52ca00000,0x000000a52cb00000)]

Other Threads:
  0x000001d4f7a10000 VMThread "VM Thread" [stack: 0x000000a52b300000,0x000000a52b400000] [id=7236]
  0x000001d4f843b800 WatcherThread [stack: 0x000000a52bd00000,0x000000a52be00000] [id=18592]
  0x000001d4d956c000 GCTaskThread "GC Thread#0" [stack: 0x000000a52ae00000,0x000000a52af00000] [id=37684]
  0x000001d4f915f800 GCTaskThread "GC Thread#1" [stack: 0x000000a52be00000,0x000000a52bf00000] [id=48168]
  0x000001d4f8f7d800 GCTaskThread "GC Thread#2" [stack: 0x000000a52bf00000,0x000000a52c000000] [id=48708]
  0x000001d4f9282800 GCTaskThread "GC Thread#3" [stack: 0x000000a52c000000,0x000000a52c100000] [id=49728]
  0x000001d4f9283800 GCTaskThread "GC Thread#4" [stack: 0x000000a52c100000,0x000000a52c200000] [id=49724]
  0x000001d4fa2dd000 GCTaskThread "GC Thread#5" [stack: 0x000000a52cf00000,0x000000a52d000000] [id=27104]
  0x000001d4f856b800 GCTaskThread "GC Thread#6" [stack: 0x000000a52d000000,0x000000a52d100000] [id=10724]
  0x000001d4f875d000 GCTaskThread "GC Thread#7" [stack: 0x000000a52d100000,0x000000a52d200000] [id=12992]
  0x000001d4f875e000 GCTaskThread "GC Thread#8" [stack: 0x000000a52d200000,0x000000a52d300000] [id=31036]
  0x000001d4f8306800 GCTaskThread "GC Thread#9" [stack: 0x000000a52d300000,0x000000a52d400000] [id=27540]
  0x000001d4d959f800 ConcurrentGCThread "G1 Main Marker" [stack: 0x000000a52af00000,0x000000a52b000000] [id=31788]
  0x000001d4d95a1000 ConcurrentGCThread "G1 Conc#0" [stack: 0x000000a52b000000,0x000000a52b100000] [id=39932]
  0x000001d4f8307000 ConcurrentGCThread "G1 Conc#1" [stack: 0x000000a52d400000,0x000000a52d500000] [id=30140]
  0x000001d4f855a800 ConcurrentGCThread "G1 Conc#2" [stack: 0x000000a52d500000,0x000000a52d600000] [id=23776]
  0x000001d4f789c000 ConcurrentGCThread "G1 Refine#0" [stack: 0x000000a52b100000,0x000000a52b200000] [id=16804]
  0x000001d4f789d000 ConcurrentGCThread "G1 Young RemSet Sampling" [stack: 0x000000a52b200000,0x000000a52b300000] [id=7508]

Threads with active compile tasks:
C2 CompilerThread0   129733 4108       4       org.codehaus.groovy.runtime.metaclass.MetaMethodIndex::addMethodToList (131 bytes)

VM state:not at safepoint (normal execution)

VM Mutex/Monitor currently owned by a thread: None

Heap address: 0x0000000080000000, size: 2048 MB, Compressed Oops mode: 32-bit
Narrow klass base: 0x0000000000000000, Narrow klass shift: 3
Compressed class space size: 528482304 Address: 0x0000000100000000

Heap:
 garbage-first heap   total 227328K, used 102456K [0x0000000080000000, 0x0000000100000000)
  region size 1024K, 82 young (83968K), 6 survivors (6144K)
 Metaspace       used 40361K, capacity 41340K, committed 41472K, reserved 552960K
  class space    used 5132K, capacity 5533K, committed 5632K, reserved 516096K
Heap Regions: E=young(eden), S=young(survivor), O=old, HS=humongous(starts), HC=humongous(continues), CS=collection set, F=free, A=archive, TAMS=top-at-mark-start (previous, next)
|   0|0x0000000080000000, 0x0000000080100000, 0x0000000080100000|100%|HS|  |TAMS 0x0000000080100000, 0x0000000080000000| Complete 
|   1|0x0000000080100000, 0x0000000080200000, 0x0000000080200000|100%|HC|  |TAMS 0x0000000080200000, 0x0000000080100000| Complete 
|   2|0x0000000080200000, 0x0000000080300000, 0x0000000080300000|100%|HC|  |TAMS 0x0000000080300000, 0x0000000080200000| Complete 
|   3|0x0000000080300000, 0x0000000080400000, 0x0000000080400000|100%|HC|  |TAMS 0x0000000080400000, 0x0000000080300000| Complete 
|   4|0x0000000080400000, 0x0000000080500000, 0x0000000080500000|100%| O|  |TAMS 0x0000000080500000, 0x0000000080400000| Untracked 
|   5|0x0000000080500000, 0x0000000080600000, 0x0000000080600000|100%| O|  |TAMS 0x0000000080600000, 0x0000000080500000| Untracked 
|   6|0x0000000080600000, 0x0000000080700000, 0x0000000080700000|100%| O|  |TAMS 0x0000000080700000, 0x0000000080600000| Untracked 
|   7|0x0000000080700000, 0x0000000080800000, 0x0000000080800000|100%| O|  |TAMS 0x0000000080800000, 0x0000000080700000| Untracked 
|   8|0x0000000080800000, 0x0000000080900000, 0x0000000080900000|100%| O|  |TAMS 0x0000000080900000, 0x0000000080800000| Untracked 
|   9|0x0000000080900000, 0x0000000080a00000, 0x0000000080a00000|100%| O|  |TAMS 0x0000000080a00000, 0x0000000080900000| Untracked 
|  10|0x0000000080a00000, 0x0000000080b00000, 0x0000000080b00000|100%| O|  |TAMS 0x0000000080b00000, 0x0000000080a00000| Untracked 
|  11|0x0000000080b00000, 0x0000000080c00000, 0x0000000080c00000|100%| O|  |TAMS 0x0000000080c00000, 0x0000000080b00000| Untracked 
|  12|0x0000000080c00000, 0x0000000080d00000, 0x0000000080d00000|100%| O|  |TAMS 0x0000000080d00000, 0x0000000080c00000| Untracked 
|  13|0x0000000080d00000, 0x0000000080e00000, 0x0000000080e00000|100%| O|  |TAMS 0x0000000080e00000, 0x0000000080d00000| Untracked 
|  14|0x0000000080e00000, 0x0000000080f00000, 0x0000000080f00000|100%| O|  |TAMS 0x0000000080f00000, 0x0000000080e00000| Untracked 
|  15|0x0000000080f00000, 0x0000000081000000, 0x0000000081000000|100%| O|  |TAMS 0x0000000081000000, 0x0000000080f00000| Untracked 
|  16|0x0000000081000000, 0x0000000081100000, 0x0000000081100000|100%| O|  |TAMS 0x0000000081100000, 0x0000000081000000| Untracked 
|  17|0x0000000081100000, 0x0000000081171800, 0x0000000081200000| 44%| O|  |TAMS 0x0000000081171800, 0x0000000081100000| Untracked 
|  18|0x0000000081200000, 0x0000000081300000, 0x0000000081300000|100%|HS|  |TAMS 0x0000000081200000, 0x0000000081200000| Complete 
|  19|0x0000000081300000, 0x0000000081400000, 0x0000000081400000|100%|HS|  |TAMS 0x0000000081300000, 0x0000000081300000| Complete 
|  20|0x0000000081400000, 0x0000000081500000, 0x0000000081500000|100%|HC|  |TAMS 0x0000000081400000, 0x0000000081400000| Complete 
|  21|0x0000000081500000, 0x0000000081500000, 0x0000000081600000|  0%| F|  |TAMS 0x0000000081500000, 0x0000000081500000| Untracked 
|  22|0x0000000081600000, 0x0000000081600000, 0x0000000081700000|  0%| F|  |TAMS 0x0000000081600000, 0x0000000081600000| Untracked 
|  23|0x0000000081700000, 0x0000000081700000, 0x0000000081800000|  0%| F|  |TAMS 0x0000000081700000, 0x0000000081700000| Untracked 
|  24|0x0000000081800000, 0x0000000081800000, 0x0000000081900000|  0%| F|  |TAMS 0x0000000081800000, 0x0000000081800000| Untracked 
|  25|0x0000000081900000, 0x0000000081900000, 0x0000000081a00000|  0%| F|  |TAMS 0x0000000081900000, 0x0000000081900000| Untracked 
|  26|0x0000000081a00000, 0x0000000081a00000, 0x0000000081b00000|  0%| F|  |TAMS 0x0000000081a00000, 0x0000000081a00000| Untracked 
|  27|0x0000000081b00000, 0x0000000081b00000, 0x0000000081c00000|  0%| F|  |TAMS 0x0000000081b00000, 0x0000000081b00000| Untracked 
|  28|0x0000000081c00000, 0x0000000081c00000, 0x0000000081d00000|  0%| F|  |TAMS 0x0000000081c00000, 0x0000000081c00000| Untracked 
|  29|0x0000000081d00000, 0x0000000081d00000, 0x0000000081e00000|  0%| F|  |TAMS 0x0000000081d00000, 0x0000000081d00000| Untracked 
|  30|0x0000000081e00000, 0x0000000081e00000, 0x0000000081f00000|  0%| F|  |TAMS 0x0000000081e00000, 0x0000000081e00000| Untracked 
|  31|0x0000000081f00000, 0x0000000081f00000, 0x0000000082000000|  0%| F|  |TAMS 0x0000000081f00000, 0x0000000081f00000| Untracked 
|  32|0x0000000082000000, 0x0000000082000000, 0x0000000082100000|  0%| F|  |TAMS 0x0000000082000000, 0x0000000082000000| Untracked 
|  33|0x0000000082100000, 0x0000000082100000, 0x0000000082200000|  0%| F|  |TAMS 0x0000000082100000, 0x0000000082100000| Untracked 
|  34|0x0000000082200000, 0x0000000082200000, 0x0000000082300000|  0%| F|  |TAMS 0x0000000082200000, 0x0000000082200000| Untracked 
|  35|0x0000000082300000, 0x0000000082300000, 0x0000000082400000|  0%| F|  |TAMS 0x0000000082300000, 0x0000000082300000| Untracked 
|  36|0x0000000082400000, 0x0000000082400000, 0x0000000082500000|  0%| F|  |TAMS 0x0000000082400000, 0x0000000082400000| Untracked 
|  37|0x0000000082500000, 0x0000000082500000, 0x0000000082600000|  0%| F|  |TAMS 0x0000000082500000, 0x0000000082500000| Untracked 
|  38|0x0000000082600000, 0x0000000082600000, 0x0000000082700000|  0%| F|  |TAMS 0x0000000082600000, 0x0000000082600000| Untracked 
|  39|0x0000000082700000, 0x0000000082700000, 0x0000000082800000|  0%| F|  |TAMS 0x0000000082700000, 0x0000000082700000| Untracked 
|  40|0x0000000082800000, 0x0000000082800000, 0x0000000082900000|  0%| F|  |TAMS 0x0000000082800000, 0x0000000082800000| Untracked 
|  41|0x0000000082900000, 0x0000000082900000, 0x0000000082a00000|  0%| F|  |TAMS 0x0000000082900000, 0x0000000082900000| Untracked 
|  42|0x0000000082a00000, 0x0000000082a00000, 0x0000000082b00000|  0%| F|  |TAMS 0x0000000082a00000, 0x0000000082a00000| Untracked 
|  43|0x0000000082b00000, 0x0000000082b00000, 0x0000000082c00000|  0%| F|  |TAMS 0x0000000082b00000, 0x0000000082b00000| Untracked 
|  44|0x0000000082c00000, 0x0000000082c00000, 0x0000000082d00000|  0%| F|  |TAMS 0x0000000082c00000, 0x0000000082c00000| Untracked 
|  45|0x0000000082d00000, 0x0000000082d00000, 0x0000000082e00000|  0%| F|  |TAMS 0x0000000082d00000, 0x0000000082d00000| Untracked 
|  46|0x0000000082e00000, 0x0000000082e00000, 0x0000000082f00000|  0%| F|  |TAMS 0x0000000082e00000, 0x0000000082e00000| Untracked 
|  47|0x0000000082f00000, 0x0000000082f00000, 0x0000000083000000|  0%| F|  |TAMS 0x0000000082f00000, 0x0000000082f00000| Untracked 
|  48|0x0000000083000000, 0x0000000083000000, 0x0000000083100000|  0%| F|  |TAMS 0x0000000083000000, 0x0000000083000000| Untracked 
|  49|0x0000000083100000, 0x0000000083100000, 0x0000000083200000|  0%| F|  |TAMS 0x0000000083100000, 0x0000000083100000| Untracked 
|  50|0x0000000083200000, 0x0000000083200000, 0x0000000083300000|  0%| F|  |TAMS 0x0000000083200000, 0x0000000083200000| Untracked 
|  51|0x0000000083300000, 0x0000000083300000, 0x0000000083400000|  0%| F|  |TAMS 0x0000000083300000, 0x0000000083300000| Untracked 
|  52|0x0000000083400000, 0x0000000083400000, 0x0000000083500000|  0%| F|  |TAMS 0x0000000083400000, 0x0000000083400000| Untracked 
|  53|0x0000000083500000, 0x0000000083500000, 0x0000000083600000|  0%| F|  |TAMS 0x0000000083500000, 0x0000000083500000| Untracked 
|  54|0x0000000083600000, 0x0000000083600000, 0x0000000083700000|  0%| F|  |TAMS 0x0000000083600000, 0x0000000083600000| Untracked 
|  55|0x0000000083700000, 0x0000000083700000, 0x0000000083800000|  0%| F|  |TAMS 0x0000000083700000, 0x0000000083700000| Untracked 
|  56|0x0000000083800000, 0x0000000083800000, 0x0000000083900000|  0%| F|  |TAMS 0x0000000083800000, 0x0000000083800000| Untracked 
|  57|0x0000000083900000, 0x0000000083900000, 0x0000000083a00000|  0%| F|  |TAMS 0x0000000083900000, 0x0000000083900000| Untracked 
|  58|0x0000000083a00000, 0x0000000083a00000, 0x0000000083b00000|  0%| F|  |TAMS 0x0000000083a00000, 0x0000000083a00000| Untracked 
|  59|0x0000000083b00000, 0x0000000083b00000, 0x0000000083c00000|  0%| F|  |TAMS 0x0000000083b00000, 0x0000000083b00000| Untracked 
|  60|0x0000000083c00000, 0x0000000083c00000, 0x0000000083d00000|  0%| F|  |TAMS 0x0000000083c00000, 0x0000000083c00000| Untracked 
|  61|0x0000000083d00000, 0x0000000083d00000, 0x0000000083e00000|  0%| F|  |TAMS 0x0000000083d00000, 0x0000000083d00000| Untracked 
|  62|0x0000000083e00000, 0x0000000083e00000, 0x0000000083f00000|  0%| F|  |TAMS 0x0000000083e00000, 0x0000000083e00000| Untracked 
|  63|0x0000000083f00000, 0x0000000083f00000, 0x0000000084000000|  0%| F|  |TAMS 0x0000000083f00000, 0x0000000083f00000| Untracked 
|  64|0x0000000084000000, 0x0000000084000000, 0x0000000084100000|  0%| F|  |TAMS 0x0000000084000000, 0x0000000084000000| Untracked 
|  65|0x0000000084100000, 0x0000000084100000, 0x0000000084200000|  0%| F|  |TAMS 0x0000000084100000, 0x0000000084100000| Untracked 
|  66|0x0000000084200000, 0x0000000084200000, 0x0000000084300000|  0%| F|  |TAMS 0x0000000084200000, 0x0000000084200000| Untracked 
|  67|0x0000000084300000, 0x0000000084300000, 0x0000000084400000|  0%| F|  |TAMS 0x0000000084300000, 0x0000000084300000| Untracked 
|  68|0x0000000084400000, 0x0000000084400000, 0x0000000084500000|  0%| F|  |TAMS 0x0000000084400000, 0x0000000084400000| Untracked 
|  69|0x0000000084500000, 0x0000000084500000, 0x0000000084600000|  0%| F|  |TAMS 0x0000000084500000, 0x0000000084500000| Untracked 
|  70|0x0000000084600000, 0x0000000084600000, 0x0000000084700000|  0%| F|  |TAMS 0x0000000084600000, 0x0000000084600000| Untracked 
|  71|0x0000000084700000, 0x0000000084700000, 0x0000000084800000|  0%| F|  |TAMS 0x0000000084700000, 0x0000000084700000| Untracked 
|  72|0x0000000084800000, 0x0000000084800000, 0x0000000084900000|  0%| F|  |TAMS 0x0000000084800000, 0x0000000084800000| Untracked 
|  73|0x0000000084900000, 0x0000000084900000, 0x0000000084a00000|  0%| F|  |TAMS 0x0000000084900000, 0x0000000084900000| Untracked 
|  74|0x0000000084a00000, 0x0000000084a00000, 0x0000000084b00000|  0%| F|  |TAMS 0x0000000084a00000, 0x0000000084a00000| Untracked 
|  75|0x0000000084b00000, 0x0000000084b00000, 0x0000000084c00000|  0%| F|  |TAMS 0x0000000084b00000, 0x0000000084b00000| Untracked 
|  76|0x0000000084c00000, 0x0000000084c00000, 0x0000000084d00000|  0%| F|  |TAMS 0x0000000084c00000, 0x0000000084c00000| Untracked 
|  77|0x0000000084d00000, 0x0000000084d00000, 0x0000000084e00000|  0%| F|  |TAMS 0x0000000084d00000, 0x0000000084d00000| Untracked 
|  78|0x0000000084e00000, 0x0000000084e00000, 0x0000000084f00000|  0%| F|  |TAMS 0x0000000084e00000, 0x0000000084e00000| Untracked 
|  79|0x0000000084f00000, 0x0000000084f00000, 0x0000000085000000|  0%| F|  |TAMS 0x0000000084f00000, 0x0000000084f00000| Untracked 
|  80|0x0000000085000000, 0x0000000085000000, 0x0000000085100000|  0%| F|  |TAMS 0x0000000085000000, 0x0000000085000000| Untracked 
|  81|0x0000000085100000, 0x0000000085100000, 0x0000000085200000|  0%| F|  |TAMS 0x0000000085100000, 0x0000000085100000| Untracked 
|  82|0x0000000085200000, 0x0000000085200000, 0x0000000085300000|  0%| F|  |TAMS 0x0000000085200000, 0x0000000085200000| Untracked 
|  83|0x0000000085300000, 0x0000000085300000, 0x0000000085400000|  0%| F|  |TAMS 0x0000000085300000, 0x0000000085300000| Untracked 
|  84|0x0000000085400000, 0x0000000085400000, 0x0000000085500000|  0%| F|  |TAMS 0x0000000085400000, 0x0000000085400000| Untracked 
|  85|0x0000000085500000, 0x0000000085500000, 0x0000000085600000|  0%| F|  |TAMS 0x0000000085500000, 0x0000000085500000| Untracked 
|  86|0x0000000085600000, 0x0000000085600000, 0x0000000085700000|  0%| F|  |TAMS 0x0000000085600000, 0x0000000085600000| Untracked 
|  87|0x0000000085700000, 0x0000000085700000, 0x0000000085800000|  0%| F|  |TAMS 0x0000000085700000, 0x0000000085700000| Untracked 
|  88|0x0000000085800000, 0x0000000085800000, 0x0000000085900000|  0%| F|  |TAMS 0x0000000085800000, 0x0000000085800000| Untracked 
|  89|0x0000000085900000, 0x0000000085900000, 0x0000000085a00000|  0%| F|  |TAMS 0x0000000085900000, 0x0000000085900000| Untracked 
|  90|0x0000000085a00000, 0x0000000085a00000, 0x0000000085b00000|  0%| F|  |TAMS 0x0000000085a00000, 0x0000000085a00000| Untracked 
|  91|0x0000000085b00000, 0x0000000085b00000, 0x0000000085c00000|  0%| F|  |TAMS 0x0000000085b00000, 0x0000000085b00000| Untracked 
|  92|0x0000000085c00000, 0x0000000085c00000, 0x0000000085d00000|  0%| F|  |TAMS 0x0000000085c00000, 0x0000000085c00000| Untracked 
|  93|0x0000000085d00000, 0x0000000085d00000, 0x0000000085e00000|  0%| F|  |TAMS 0x0000000085d00000, 0x0000000085d00000| Untracked 
|  94|0x0000000085e00000, 0x0000000085e00000, 0x0000000085f00000|  0%| F|  |TAMS 0x0000000085e00000, 0x0000000085e00000| Untracked 
|  95|0x0000000085f00000, 0x0000000085f00000, 0x0000000086000000|  0%| F|  |TAMS 0x0000000085f00000, 0x0000000085f00000| Untracked 
|  96|0x0000000086000000, 0x0000000086000000, 0x0000000086100000|  0%| F|  |TAMS 0x0000000086000000, 0x0000000086000000| Untracked 
|  97|0x0000000086100000, 0x0000000086100000, 0x0000000086200000|  0%| F|  |TAMS 0x0000000086100000, 0x0000000086100000| Untracked 
|  98|0x0000000086200000, 0x0000000086200000, 0x0000000086300000|  0%| F|  |TAMS 0x0000000086200000, 0x0000000086200000| Untracked 
|  99|0x0000000086300000, 0x0000000086300000, 0x0000000086400000|  0%| F|  |TAMS 0x0000000086300000, 0x0000000086300000| Untracked 
| 100|0x0000000086400000, 0x0000000086400000, 0x0000000086500000|  0%| F|  |TAMS 0x0000000086400000, 0x0000000086400000| Untracked 
| 101|0x0000000086500000, 0x0000000086500000, 0x0000000086600000|  0%| F|  |TAMS 0x0000000086500000, 0x0000000086500000| Untracked 
| 102|0x0000000086600000, 0x0000000086600000, 0x0000000086700000|  0%| F|  |TAMS 0x0000000086600000, 0x0000000086600000| Untracked 
| 103|0x0000000086700000, 0x0000000086700000, 0x0000000086800000|  0%| F|  |TAMS 0x0000000086700000, 0x0000000086700000| Untracked 
| 104|0x0000000086800000, 0x0000000086800000, 0x0000000086900000|  0%| F|  |TAMS 0x0000000086800000, 0x0000000086800000| Untracked 
| 105|0x0000000086900000, 0x0000000086900000, 0x0000000086a00000|  0%| F|  |TAMS 0x0000000086900000, 0x0000000086900000| Untracked 
| 106|0x0000000086a00000, 0x0000000086a00000, 0x0000000086b00000|  0%| F|  |TAMS 0x0000000086a00000, 0x0000000086a00000| Untracked 
| 107|0x0000000086b00000, 0x0000000086b00000, 0x0000000086c00000|  0%| F|  |TAMS 0x0000000086b00000, 0x0000000086b00000| Untracked 
| 108|0x0000000086c00000, 0x0000000086c00000, 0x0000000086d00000|  0%| F|  |TAMS 0x0000000086c00000, 0x0000000086c00000| Untracked 
| 109|0x0000000086d00000, 0x0000000086d00000, 0x0000000086e00000|  0%| F|  |TAMS 0x0000000086d00000, 0x0000000086d00000| Untracked 
| 110|0x0000000086e00000, 0x0000000086e00000, 0x0000000086f00000|  0%| F|  |TAMS 0x0000000086e00000, 0x0000000086e00000| Untracked 
| 111|0x0000000086f00000, 0x0000000086f00000, 0x0000000087000000|  0%| F|  |TAMS 0x0000000086f00000, 0x0000000086f00000| Untracked 
| 112|0x0000000087000000, 0x0000000087000000, 0x0000000087100000|  0%| F|  |TAMS 0x0000000087000000, 0x0000000087000000| Untracked 
| 113|0x0000000087100000, 0x0000000087100000, 0x0000000087200000|  0%| F|  |TAMS 0x0000000087100000, 0x0000000087100000| Untracked 
| 114|0x0000000087200000, 0x0000000087200000, 0x0000000087300000|  0%| F|  |TAMS 0x0000000087200000, 0x0000000087200000| Untracked 
| 115|0x0000000087300000, 0x0000000087300000, 0x0000000087400000|  0%| F|  |TAMS 0x0000000087300000, 0x0000000087300000| Untracked 
| 116|0x0000000087400000, 0x0000000087400000, 0x0000000087500000|  0%| F|  |TAMS 0x0000000087400000, 0x0000000087400000| Untracked 
| 117|0x0000000087500000, 0x0000000087500000, 0x0000000087600000|  0%| F|  |TAMS 0x0000000087500000, 0x0000000087500000| Untracked 
| 118|0x0000000087600000, 0x0000000087600000, 0x0000000087700000|  0%| F|  |TAMS 0x0000000087600000, 0x0000000087600000| Untracked 
| 119|0x0000000087700000, 0x0000000087700000, 0x0000000087800000|  0%| F|  |TAMS 0x0000000087700000, 0x0000000087700000| Untracked 
| 120|0x0000000087800000, 0x0000000087800000, 0x0000000087900000|  0%| F|  |TAMS 0x0000000087800000, 0x0000000087800000| Untracked 
| 121|0x0000000087900000, 0x0000000087900000, 0x0000000087a00000|  0%| F|  |TAMS 0x0000000087900000, 0x0000000087900000| Untracked 
| 122|0x0000000087a00000, 0x0000000087a00000, 0x0000000087b00000|  0%| F|  |TAMS 0x0000000087a00000, 0x0000000087a00000| Untracked 
| 123|0x0000000087b00000, 0x0000000087b00000, 0x0000000087c00000|  0%| F|  |TAMS 0x0000000087b00000, 0x0000000087b00000| Untracked 
| 124|0x0000000087c00000, 0x0000000087c00000, 0x0000000087d00000|  0%| F|  |TAMS 0x0000000087c00000, 0x0000000087c00000| Untracked 
| 125|0x0000000087d00000, 0x0000000087d00000, 0x0000000087e00000|  0%| F|  |TAMS 0x0000000087d00000, 0x0000000087d00000| Untracked 
| 126|0x0000000087e00000, 0x0000000087e00000, 0x0000000087f00000|  0%| F|  |TAMS 0x0000000087e00000, 0x0000000087e00000| Untracked 
| 127|0x0000000087f00000, 0x0000000087f00000, 0x0000000088000000|  0%| F|  |TAMS 0x0000000087f00000, 0x0000000087f00000| Untracked 
| 128|0x0000000088000000, 0x0000000088000000, 0x0000000088100000|  0%| F|  |TAMS 0x0000000088000000, 0x0000000088000000| Untracked 
| 129|0x0000000088100000, 0x0000000088100000, 0x0000000088200000|  0%| F|  |TAMS 0x0000000088100000, 0x0000000088100000| Untracked 
| 130|0x0000000088200000, 0x0000000088200000, 0x0000000088300000|  0%| F|  |TAMS 0x0000000088200000, 0x0000000088200000| Untracked 
| 131|0x0000000088300000, 0x0000000088300000, 0x0000000088400000|  0%| F|  |TAMS 0x0000000088300000, 0x0000000088300000| Untracked 
| 132|0x0000000088400000, 0x0000000088400000, 0x0000000088500000|  0%| F|  |TAMS 0x0000000088400000, 0x0000000088400000| Untracked 
| 133|0x0000000088500000, 0x0000000088500000, 0x0000000088600000|  0%| F|  |TAMS 0x0000000088500000, 0x0000000088500000| Untracked 
| 134|0x0000000088600000, 0x0000000088600000, 0x0000000088700000|  0%| F|  |TAMS 0x0000000088600000, 0x0000000088600000| Untracked 
| 135|0x0000000088700000, 0x0000000088700000, 0x0000000088800000|  0%| F|  |TAMS 0x0000000088700000, 0x0000000088700000| Untracked 
| 136|0x0000000088800000, 0x0000000088800000, 0x0000000088900000|  0%| F|  |TAMS 0x0000000088800000, 0x0000000088800000| Untracked 
| 137|0x0000000088900000, 0x0000000088900000, 0x0000000088a00000|  0%| F|  |TAMS 0x0000000088900000, 0x0000000088900000| Untracked 
| 138|0x0000000088a00000, 0x0000000088a00000, 0x0000000088b00000|  0%| F|  |TAMS 0x0000000088a00000, 0x0000000088a00000| Untracked 
| 139|0x0000000088b00000, 0x0000000088b00000, 0x0000000088c00000|  0%| F|  |TAMS 0x0000000088b00000, 0x0000000088b00000| Untracked 
| 140|0x0000000088c00000, 0x0000000088d00000, 0x0000000088d00000|100%| E|  |TAMS 0x0000000088c00000, 0x0000000088c00000| Complete 
| 141|0x0000000088d00000, 0x0000000088e00000, 0x0000000088e00000|100%| E|CS|TAMS 0x0000000088d00000, 0x0000000088d00000| Complete 
| 142|0x0000000088e00000, 0x0000000088f00000, 0x0000000088f00000|100%| E|CS|TAMS 0x0000000088e00000, 0x0000000088e00000| Complete 
| 143|0x0000000088f00000, 0x0000000089000000, 0x0000000089000000|100%| E|CS|TAMS 0x0000000088f00000, 0x0000000088f00000| Complete 
| 144|0x0000000089000000, 0x0000000089100000, 0x0000000089100000|100%| E|CS|TAMS 0x0000000089000000, 0x0000000089000000| Complete 
| 145|0x0000000089100000, 0x0000000089200000, 0x0000000089200000|100%| E|CS|TAMS 0x0000000089100000, 0x0000000089100000| Complete 
| 146|0x0000000089200000, 0x0000000089300000, 0x0000000089300000|100%| E|CS|TAMS 0x0000000089200000, 0x0000000089200000| Complete 
| 147|0x0000000089300000, 0x0000000089400000, 0x0000000089400000|100%| E|CS|TAMS 0x0000000089300000, 0x0000000089300000| Complete 
| 148|0x0000000089400000, 0x0000000089500000, 0x0000000089500000|100%| E|CS|TAMS 0x0000000089400000, 0x0000000089400000| Complete 
| 149|0x0000000089500000, 0x0000000089600000, 0x0000000089600000|100%| E|CS|TAMS 0x0000000089500000, 0x0000000089500000| Complete 
| 150|0x0000000089600000, 0x0000000089700000, 0x0000000089700000|100%| E|CS|TAMS 0x0000000089600000, 0x0000000089600000| Complete 
| 151|0x0000000089700000, 0x0000000089800000, 0x0000000089800000|100%| E|CS|TAMS 0x0000000089700000, 0x0000000089700000| Complete 
| 152|0x0000000089800000, 0x0000000089900000, 0x0000000089900000|100%| E|CS|TAMS 0x0000000089800000, 0x0000000089800000| Complete 
| 153|0x0000000089900000, 0x0000000089a00000, 0x0000000089a00000|100%| E|CS|TAMS 0x0000000089900000, 0x0000000089900000| Complete 
| 154|0x0000000089a00000, 0x0000000089b00000, 0x0000000089b00000|100%| E|CS|TAMS 0x0000000089a00000, 0x0000000089a00000| Complete 
| 155|0x0000000089b00000, 0x0000000089c00000, 0x0000000089c00000|100%| E|CS|TAMS 0x0000000089b00000, 0x0000000089b00000| Complete 
| 156|0x0000000089c00000, 0x0000000089d00000, 0x0000000089d00000|100%| E|CS|TAMS 0x0000000089c00000, 0x0000000089c00000| Complete 
| 157|0x0000000089d00000, 0x0000000089e00000, 0x0000000089e00000|100%| E|CS|TAMS 0x0000000089d00000, 0x0000000089d00000| Complete 
| 158|0x0000000089e00000, 0x0000000089f00000, 0x0000000089f00000|100%| E|CS|TAMS 0x0000000089e00000, 0x0000000089e00000| Complete 
| 159|0x0000000089f00000, 0x000000008a000000, 0x000000008a000000|100%| E|CS|TAMS 0x0000000089f00000, 0x0000000089f00000| Complete 
| 160|0x000000008a000000, 0x000000008a100000, 0x000000008a100000|100%| E|CS|TAMS 0x000000008a000000, 0x000000008a000000| Complete 
| 161|0x000000008a100000, 0x000000008a200000, 0x000000008a200000|100%| E|  |TAMS 0x000000008a100000, 0x000000008a100000| Complete 
| 162|0x000000008a200000, 0x000000008a300000, 0x000000008a300000|100%| E|CS|TAMS 0x000000008a200000, 0x000000008a200000| Complete 
| 163|0x000000008a300000, 0x000000008a400000, 0x000000008a400000|100%| E|CS|TAMS 0x000000008a300000, 0x000000008a300000| Complete 
| 164|0x000000008a400000, 0x000000008a500000, 0x000000008a500000|100%| E|CS|TAMS 0x000000008a400000, 0x000000008a400000| Complete 
| 165|0x000000008a500000, 0x000000008a600000, 0x000000008a600000|100%| E|CS|TAMS 0x000000008a500000, 0x000000008a500000| Complete 
| 166|0x000000008a600000, 0x000000008a700000, 0x000000008a700000|100%| E|CS|TAMS 0x000000008a600000, 0x000000008a600000| Complete 
| 167|0x000000008a700000, 0x000000008a800000, 0x000000008a800000|100%| E|CS|TAMS 0x000000008a700000, 0x000000008a700000| Complete 
| 168|0x000000008a800000, 0x000000008a900000, 0x000000008a900000|100%| E|CS|TAMS 0x000000008a800000, 0x000000008a800000| Complete 
| 169|0x000000008a900000, 0x000000008aa00000, 0x000000008aa00000|100%| E|CS|TAMS 0x000000008a900000, 0x000000008a900000| Complete 
| 170|0x000000008aa00000, 0x000000008ab00000, 0x000000008ab00000|100%| E|CS|TAMS 0x000000008aa00000, 0x000000008aa00000| Complete 
| 171|0x000000008ab00000, 0x000000008ac00000, 0x000000008ac00000|100%| E|CS|TAMS 0x000000008ab00000, 0x000000008ab00000| Complete 
| 172|0x000000008ac00000, 0x000000008ad00000, 0x000000008ad00000|100%| E|CS|TAMS 0x000000008ac00000, 0x000000008ac00000| Complete 
| 173|0x000000008ad00000, 0x000000008ae00000, 0x000000008ae00000|100%| E|CS|TAMS 0x000000008ad00000, 0x000000008ad00000| Complete 
| 174|0x000000008ae00000, 0x000000008af00000, 0x000000008af00000|100%| E|CS|TAMS 0x000000008ae00000, 0x000000008ae00000| Complete 
| 175|0x000000008af00000, 0x000000008b000000, 0x000000008b000000|100%| E|CS|TAMS 0x000000008af00000, 0x000000008af00000| Complete 
| 176|0x000000008b000000, 0x000000008b100000, 0x000000008b100000|100%| E|CS|TAMS 0x000000008b000000, 0x000000008b000000| Complete 
| 177|0x000000008b100000, 0x000000008b200000, 0x000000008b200000|100%| E|CS|TAMS 0x000000008b100000, 0x000000008b100000| Complete 
| 178|0x000000008b200000, 0x000000008b300000, 0x000000008b300000|100%| E|CS|TAMS 0x000000008b200000, 0x000000008b200000| Complete 
| 179|0x000000008b300000, 0x000000008b400000, 0x000000008b400000|100%| E|CS|TAMS 0x000000008b300000, 0x000000008b300000| Complete 
| 180|0x000000008b400000, 0x000000008b500000, 0x000000008b500000|100%| E|CS|TAMS 0x000000008b400000, 0x000000008b400000| Complete 
| 181|0x000000008b500000, 0x000000008b600000, 0x000000008b600000|100%| E|CS|TAMS 0x000000008b500000, 0x000000008b500000| Complete 
| 182|0x000000008b600000, 0x000000008b700000, 0x000000008b700000|100%| E|CS|TAMS 0x000000008b600000, 0x000000008b600000| Complete 
| 183|0x000000008b700000, 0x000000008b800000, 0x000000008b800000|100%| E|CS|TAMS 0x000000008b700000, 0x000000008b700000| Complete 
| 184|0x000000008b800000, 0x000000008b900000, 0x000000008b900000|100%| E|CS|TAMS 0x000000008b800000, 0x000000008b800000| Complete 
| 185|0x000000008b900000, 0x000000008ba00000, 0x000000008ba00000|100%| E|CS|TAMS 0x000000008b900000, 0x000000008b900000| Complete 
| 186|0x000000008ba00000, 0x000000008bb00000, 0x000000008bb00000|100%| E|CS|TAMS 0x000000008ba00000, 0x000000008ba00000| Complete 
| 187|0x000000008bb00000, 0x000000008bc00000, 0x000000008bc00000|100%| E|CS|TAMS 0x000000008bb00000, 0x000000008bb00000| Complete 
| 188|0x000000008bc00000, 0x000000008bd00000, 0x000000008bd00000|100%| E|CS|TAMS 0x000000008bc00000, 0x000000008bc00000| Complete 
| 189|0x000000008bd00000, 0x000000008be00000, 0x000000008be00000|100%| E|CS|TAMS 0x000000008bd00000, 0x000000008bd00000| Complete 
| 190|0x000000008be00000, 0x000000008bf00000, 0x000000008bf00000|100%| E|CS|TAMS 0x000000008be00000, 0x000000008be00000| Complete 
| 191|0x000000008bf00000, 0x000000008c000000, 0x000000008c000000|100%| E|CS|TAMS 0x000000008bf00000, 0x000000008bf00000| Complete 
| 192|0x000000008c000000, 0x000000008c100000, 0x000000008c100000|100%| E|CS|TAMS 0x000000008c000000, 0x000000008c000000| Complete 
| 193|0x000000008c100000, 0x000000008c200000, 0x000000008c200000|100%| E|CS|TAMS 0x000000008c100000, 0x000000008c100000| Complete 
| 194|0x000000008c200000, 0x000000008c300000, 0x000000008c300000|100%| E|CS|TAMS 0x000000008c200000, 0x000000008c200000| Complete 
| 195|0x000000008c300000, 0x000000008c400000, 0x000000008c400000|100%| E|CS|TAMS 0x000000008c300000, 0x000000008c300000| Complete 
| 196|0x000000008c400000, 0x000000008c500000, 0x000000008c500000|100%| E|CS|TAMS 0x000000008c400000, 0x000000008c400000| Complete 
| 197|0x000000008c500000, 0x000000008c600000, 0x000000008c600000|100%| E|CS|TAMS 0x000000008c500000, 0x000000008c500000| Complete 
| 198|0x000000008c600000, 0x000000008c700000, 0x000000008c700000|100%| E|CS|TAMS 0x000000008c600000, 0x000000008c600000| Complete 
| 199|0x000000008c700000, 0x000000008c800000, 0x000000008c800000|100%| E|CS|TAMS 0x000000008c700000, 0x000000008c700000| Complete 
| 200|0x000000008c800000, 0x000000008c900000, 0x000000008c900000|100%| E|CS|TAMS 0x000000008c800000, 0x000000008c800000| Complete 
| 201|0x000000008c900000, 0x000000008ca00000, 0x000000008ca00000|100%| E|CS|TAMS 0x000000008c900000, 0x000000008c900000| Complete 
| 202|0x000000008ca00000, 0x000000008cb00000, 0x000000008cb00000|100%| E|CS|TAMS 0x000000008ca00000, 0x000000008ca00000| Complete 
| 203|0x000000008cb00000, 0x000000008cc00000, 0x000000008cc00000|100%| E|CS|TAMS 0x000000008cb00000, 0x000000008cb00000| Complete 
| 204|0x000000008cc00000, 0x000000008cc9ca40, 0x000000008cd00000| 61%| S|CS|TAMS 0x000000008cc00000, 0x000000008cc00000| Complete 
| 205|0x000000008cd00000, 0x000000008ce00000, 0x000000008ce00000|100%| S|CS|TAMS 0x000000008cd00000, 0x000000008cd00000| Complete 
| 206|0x000000008ce00000, 0x000000008cf00000, 0x000000008cf00000|100%| S|CS|TAMS 0x000000008ce00000, 0x000000008ce00000| Complete 
| 207|0x000000008cf00000, 0x000000008d000000, 0x000000008d000000|100%| S|CS|TAMS 0x000000008cf00000, 0x000000008cf00000| Complete 
| 208|0x000000008d000000, 0x000000008d100000, 0x000000008d100000|100%| S|CS|TAMS 0x000000008d000000, 0x000000008d000000| Complete 
| 209|0x000000008d100000, 0x000000008d200000, 0x000000008d200000|100%| S|CS|TAMS 0x000000008d100000, 0x000000008d100000| Complete 
| 210|0x000000008d200000, 0x000000008d300000, 0x000000008d300000|100%| E|CS|TAMS 0x000000008d200000, 0x000000008d200000| Complete 
| 211|0x000000008d300000, 0x000000008d400000, 0x000000008d400000|100%| E|CS|TAMS 0x000000008d300000, 0x000000008d300000| Complete 
| 212|0x000000008d400000, 0x000000008d500000, 0x000000008d500000|100%| E|CS|TAMS 0x000000008d400000, 0x000000008d400000| Complete 
| 213|0x000000008d500000, 0x000000008d600000, 0x000000008d600000|100%| E|CS|TAMS 0x000000008d500000, 0x000000008d500000| Complete 
| 214|0x000000008d600000, 0x000000008d700000, 0x000000008d700000|100%| E|CS|TAMS 0x000000008d600000, 0x000000008d600000| Complete 
| 215|0x000000008d700000, 0x000000008d800000, 0x000000008d800000|100%| E|CS|TAMS 0x000000008d700000, 0x000000008d700000| Complete 
| 216|0x000000008d800000, 0x000000008d900000, 0x000000008d900000|100%| E|CS|TAMS 0x000000008d800000, 0x000000008d800000| Complete 
| 217|0x000000008d900000, 0x000000008da00000, 0x000000008da00000|100%| E|CS|TAMS 0x000000008d900000, 0x000000008d900000| Complete 
| 218|0x000000008da00000, 0x000000008db00000, 0x000000008db00000|100%| E|CS|TAMS 0x000000008da00000, 0x000000008da00000| Complete 
| 219|0x000000008db00000, 0x000000008dc00000, 0x000000008dc00000|100%| E|CS|TAMS 0x000000008db00000, 0x000000008db00000| Complete 
| 220|0x000000008dc00000, 0x000000008dd00000, 0x000000008dd00000|100%| E|CS|TAMS 0x000000008dc00000, 0x000000008dc00000| Complete 
| 221|0x000000008dd00000, 0x000000008de00000, 0x000000008de00000|100%| E|CS|TAMS 0x000000008dd00000, 0x000000008dd00000| Complete 

Card table byte_map: [0x000001d4f0570000,0x000001d4f0970000] _byte_map_base: 0x000001d4f0170000

Marking Bits (Prev, Next): (CMBitMap*) 0x000001d4d9596a88, (CMBitMap*) 0x000001d4d9596ac0
 Prev Bits: [0x000001d4f0d70000, 0x000001d4f2d70000)
 Next Bits: [0x000001d4f2d70000, 0x000001d4f4d70000)

Polling page: 0x000001d4d7520000

Metaspace:

Usage:
  Non-class:     34.97 MB capacity,    34.40 MB ( 98%) used,   476.23 KB (  1%) free+waste,   101.75 KB ( <1%) overhead. 
      Class:      5.40 MB capacity,     5.01 MB ( 93%) used,   349.58 KB (  6%) free+waste,    50.75 KB ( <1%) overhead. 
       Both:     40.37 MB capacity,    39.42 MB ( 98%) used,   825.80 KB (  2%) free+waste,   152.50 KB ( <1%) overhead. 

Virtual space:
  Non-class space:       36.00 MB reserved,      35.00 MB ( 97%) committed 
      Class space:      504.00 MB reserved,       5.50 MB (  1%) committed 
             Both:      540.00 MB reserved,      40.50 MB (  8%) committed 

Chunk freelists:
   Non-Class:  4.12 KB
       Class:  384 bytes
        Both:  4.50 KB

CodeHeap 'non-profiled nmethods': size=120000Kb used=2101Kb max_used=2101Kb free=117898Kb
 bounds [0x000001d4e86f0000, 0x000001d4e8960000, 0x000001d4efc20000]
CodeHeap 'profiled nmethods': size=120000Kb used=8484Kb max_used=8484Kb free=111515Kb
 bounds [0x000001d4e11c0000, 0x000001d4e1a10000, 0x000001d4e86f0000]
CodeHeap 'non-nmethods': size=5760Kb used=2204Kb max_used=2243Kb free=3555Kb
 bounds [0x000001d4e0c20000, 0x000001d4e0e90000, 0x000001d4e11c0000]
 total_blobs=4864 nmethods=4095 adapters=679
 compilation: enabled
              stopped_count=0, restarted_count=0
 full_count=0

Compilation events (10 events):
Event: 129.655 Thread 0x000001d4f82a5800 4109       3       sun.reflect.generics.reflectiveObjects.ParameterizedTypeImpl::<init> (35 bytes)
Event: 129.655 Thread 0x000001d4f82a5800 nmethod 4109 0x000001d4e1a00b10 code [0x000001d4e1a00d20, 0x000001d4e1a012f8]
Event: 129.655 Thread 0x000001d4f82a5800 4110       3       sun.reflect.generics.reflectiveObjects.TypeVariableImpl::hashCode (16 bytes)
Event: 129.656 Thread 0x000001d4f82a5800 nmethod 4110 0x000001d4e1a01510 code [0x000001d4e1a016c0, 0x000001d4e1a018d8]
Event: 129.656 Thread 0x000001d4f82a5800 4111       3       java.beans.Introspector::addPropertyDescriptor (265 bytes)
Event: 129.662 Thread 0x000001d4f82a5800 nmethod 4111 0x000001d4e1a01a10 code [0x000001d4e1a02080, 0x000001d4e1a06a98]
Event: 129.662 Thread 0x000001d4f82a5800 4112       3       java.util.HashMap$Values::iterator (12 bytes)
Event: 129.662 Thread 0x000001d4f82a5800 nmethod 4112 0x000001d4e1a07d90 code [0x000001d4e1a07f40, 0x000001d4e1a081a8]
Event: 129.663 Thread 0x000001d4f82a5800 4113       3       com.google.common.collect.MapMakerInternalMap::hash (14 bytes)
Event: 129.663 Thread 0x000001d4f82a5800 nmethod 4113 0x000001d4e1a08290 code [0x000001d4e1a08440, 0x000001d4e1a086d8]

GC Heap History (10 events):
Event: 1.551 GC heap before
{Heap before GC invocations=0 (full 0):
 garbage-first heap   total 227328K, used 27648K [0x0000000080000000, 0x0000000100000000)
  region size 1024K, 24 young (24576K), 0 survivors (0K)
 Metaspace       used 9929K, capacity 10130K, committed 10368K, reserved 526336K
  class space    used 1030K, capacity 1106K, committed 1152K, reserved 516096K
}
Event: 1.556 GC heap after
{Heap after GC invocations=1 (full 0):
 garbage-first heap   total 227328K, used 10483K [0x0000000080000000, 0x0000000100000000)
  region size 1024K, 3 young (3072K), 3 survivors (3072K)
 Metaspace       used 9929K, capacity 10130K, committed 10368K, reserved 526336K
  class space    used 1030K, capacity 1106K, committed 1152K, reserved 516096K
}
Event: 6.902 GC heap before
{Heap before GC invocations=1 (full 0):
 garbage-first heap   total 227328K, used 105715K [0x0000000080000000, 0x0000000100000000)
  region size 1024K, 96 young (98304K), 3 survivors (3072K)
 Metaspace       used 20741K, capacity 21224K, committed 21296K, reserved 536576K
  class space    used 2510K, capacity 2688K, committed 2688K, reserved 516096K
}
Event: 6.923 GC heap after
{Heap after GC invocations=2 (full 0):
 garbage-first heap   total 227328K, used 18489K [0x0000000080000000, 0x0000000100000000)
  region size 1024K, 11 young (11264K), 11 survivors (11264K)
 Metaspace       used 20741K, capacity 21224K, committed 21296K, reserved 536576K
  class space    used 2510K, capacity 2688K, committed 2688K, reserved 516096K
}
Event: 7.673 GC heap before
{Heap before GC invocations=3 (full 0):
 garbage-first heap   total 227328K, used 52281K [0x0000000080000000, 0x0000000100000000)
  region size 1024K, 44 young (45056K), 11 survivors (11264K)
 Metaspace       used 23778K, capacity 24344K, committed 24576K, reserved 538624K
  class space    used 3018K, capacity 3244K, committed 3328K, reserved 516096K
}
Event: 7.700 GC heap after
{Heap after GC invocations=4 (full 0):
 garbage-first heap   total 227328K, used 19379K [0x0000000080000000, 0x0000000100000000)
  region size 1024K, 2 young (2048K), 2 survivors (2048K)
 Metaspace       used 23778K, capacity 24344K, committed 24576K, reserved 538624K
  class space    used 3018K, capacity 3244K, committed 3328K, reserved 516096K
}
Event: 9.708 GC heap before
{Heap before GC invocations=4 (full 0):
 garbage-first heap   total 227328K, used 102323K [0x0000000080000000, 0x0000000100000000)
  region size 1024K, 83 young (84992K), 2 survivors (2048K)
 Metaspace       used 31394K, capacity 32142K, committed 32256K, reserved 544768K
  class space    used 4203K, capacity 4513K, committed 4608K, reserved 516096K
}
Event: 9.711 GC heap after
{Heap after GC invocations=5 (full 0):
 garbage-first heap   total 227328K, used 21805K [0x0000000080000000, 0x0000000100000000)
  region size 1024K, 4 young (4096K), 4 survivors (4096K)
 Metaspace       used 31394K, capacity 32142K, committed 32256K, reserved 544768K
  class space    used 4203K, capacity 4513K, committed 4608K, reserved 516096K
}
Event: 10.251 GC heap before
{Heap before GC invocations=5 (full 0):
 garbage-first heap   total 227328K, used 33069K [0x0000000080000000, 0x0000000100000000)
  region size 1024K, 16 young (16384K), 4 survivors (4096K)
 Metaspace       used 35073K, capacity 35855K, committed 35968K, reserved 548864K
  class space    used 4561K, capacity 4880K, committed 4992K, reserved 516096K
}
Event: 10.259 GC heap after
{Heap after GC invocations=6 (full 0):
 garbage-first heap   total 227328K, used 23608K [0x0000000080000000, 0x0000000100000000)
  region size 1024K, 6 young (6144K), 6 survivors (6144K)
 Metaspace       used 35073K, capacity 35855K, committed 35968K, reserved 548864K
  class space    used 4561K, capacity 4880K, committed 4992K, reserved 516096K
}

Deoptimization events (10 events):
Event: 69.931 Thread 0x000001d4f9e15800 Uncommon trap: reason=bimorphic_or_optimized_type_check action=maybe_recompile pc=0x000001d4e88c241c method=java.io.BufferedInputStream.read([BII)I @ 101 c2
Event: 70.096 Thread 0x000001d4fae00000 Uncommon trap: reason=unstable_if action=reinterpret pc=0x000001d4e876c048 method=java.util.zip.ZipFile$Source.initCEN(ILjava/util/zip/ZipCoder;)V @ 617 c2
Event: 70.112 Thread 0x000001d4fae00000 Uncommon trap: reason=unstable_if action=reinterpret pc=0x000001d4e8833840 method=java.lang.Class.getPackageName()Ljava/lang/String; @ 55 c2
Event: 70.231 Thread 0x000001d4fae00000 Uncommon trap: reason=unstable_if action=reinterpret pc=0x000001d4e889ff4c method=java.util.stream.StreamOpFlag.fromCharacteristics(Ljava/util/Spliterator;)I @ 10 c2
Event: 70.577 Thread 0x000001d4fae00000 Uncommon trap: reason=class_check action=maybe_recompile pc=0x000001d4e88825a0 method=java.util.regex.Pattern$Start.match(Ljava/util/regex/Matcher;ILjava/lang/CharSequence;)Z @ 44 c2
Event: 70.600 Thread 0x000001d4fae00000 Uncommon trap: reason=class_check action=maybe_recompile pc=0x000001d4e88825a0 method=java.util.regex.Pattern$Start.match(Ljava/util/regex/Matcher;ILjava/lang/CharSequence;)Z @ 44 c2
Event: 71.632 Thread 0x000001d4fae00000 Uncommon trap: reason=class_check action=maybe_recompile pc=0x000001d4e88825a0 method=java.util.regex.Pattern$Start.match(Ljava/util/regex/Matcher;ILjava/lang/CharSequence;)Z @ 44 c2
Event: 72.445 Thread 0x000001d4fae00000 Uncommon trap: reason=unstable_if action=reinterpret pc=0x000001d4e8739f7c method=java.lang.StringCoding.encodeUTF8(B[BZ)[B @ 2 c2
Event: 111.450 Thread 0x000001d4f9e15800 Uncommon trap: reason=bimorphic_or_optimized_type_check action=maybe_recompile pc=0x000001d4e88c241c method=java.io.BufferedInputStream.read([BII)I @ 101 c2
Event: 128.257 Thread 0x000001d4f9e11800 Uncommon trap: reason=unstable_if action=reinterpret pc=0x000001d4e88e1658 method=java.util.concurrent.locks.AbstractQueuedSynchronizer$ConditionObject.awaitNanos(J)J @ 52 c2

Classes redefined (0 events):
No events

Internal exceptions (10 events):
Event: 71.008 Thread 0x000001d4fae00000 Exception <a 'java/lang/ClassNotFoundException'{0x000000008a3a2108}: org/gradle/initialization/DefaultSettingsCustomizer> (0x000000008a3a2108) thrown at [./open/src/hotspot/share/classfile/systemDictionary.cpp, line 226]
Event: 71.029 Thread 0x000001d4fae00000 Exception <a 'java/lang/ClassNotFoundException'{0x000000008a3fcd60}: org/gradle/initialization/DefaultSettings_DecoratedCustomizer> (0x000000008a3fcd60) thrown at [./open/src/hotspot/share/classfile/systemDictionary.cpp, line 226]
Event: 71.071 Thread 0x000001d4fae00000 Exception <a 'java/lang/ClassNotFoundException'{0x000000008a2c2890}: org/gradle/initialization/DefaultProjectDescriptorBeanInfo> (0x000000008a2c2890) thrown at [./open/src/hotspot/share/classfile/systemDictionary.cpp, line 226]
Event: 71.072 Thread 0x000001d4fae00000 Exception <a 'java/lang/ClassNotFoundException'{0x000000008a2e9ff0}: org/gradle/initialization/DefaultProjectDescriptorCustomizer> (0x000000008a2e9ff0) thrown at [./open/src/hotspot/share/classfile/systemDictionary.cpp, line 226]
Event: 71.629 Thread 0x000001d4fae00000 Exception <a 'java/lang/ClassNotFoundException'{0x0000000089fd9c20}: org/gradle/api/internal/plugins/DefaultObjectConfigurationActionBeanInfo> (0x0000000089fd9c20) thrown at [./open/src/hotspot/share/classfile/systemDictionary.cpp, line 226]
Event: 71.631 Thread 0x000001d4fae00000 Exception <a 'java/lang/ClassNotFoundException'{0x0000000089e04eb8}: org/gradle/api/internal/plugins/DefaultObjectConfigurationActionCustomizer> (0x0000000089e04eb8) thrown at [./open/src/hotspot/share/classfile/systemDictionary.cpp, line 226]
Event: 129.267 Thread 0x000001d4fae00000 Exception <a 'java/lang/ClassNotFoundException'{0x0000000088d634a0}: native_modules_9q8xsrqo0ikpbf4rog31leaulBeanInfo> (0x0000000088d634a0) thrown at [./open/src/hotspot/share/classfile/systemDictionary.cpp, line 226]
Event: 129.268 Thread 0x000001d4fae00000 Exception <a 'java/lang/ClassNotFoundException'{0x0000000088d69740}: native_modules_9q8xsrqo0ikpbf4rog31leaulCustomizer> (0x0000000088d69740) thrown at [./open/src/hotspot/share/classfile/systemDictionary.cpp, line 226]
Event: 129.647 Thread 0x000001d4fae00000 Exception <a 'java/lang/ClassNotFoundException'{0x0000000088dcb960}: groovy/lang/ReferenceBeanInfo> (0x0000000088dcb960) thrown at [./open/src/hotspot/share/classfile/systemDictionary.cpp, line 226]
Event: 129.653 Thread 0x000001d4fae00000 Exception <a 'java/lang/ClassNotFoundException'{0x0000000088c01850}: groovy/lang/ReferenceCustomizer> (0x0000000088c01850) thrown at [./open/src/hotspot/share/classfile/systemDictionary.cpp, line 226]

Events (10 events):
Event: 129.647 loading class groovy/lang/ReferenceCustomizer
Event: 129.647 loading class groovy/lang/ReferenceCustomizer done
Event: 129.648 loading class groovy/lang/ReferenceCustomizer
Event: 129.648 loading class groovy/lang/ReferenceCustomizer done
Event: 129.648 loading class groovy/lang/ReferenceCustomizer
Event: 129.648 loading class groovy/lang/ReferenceCustomizer done
Event: 129.653 loading class groovy/lang/ReferenceCustomizer
Event: 129.653 loading class groovy/lang/ReferenceCustomizer done
Event: 129.658 loading class org/codehaus/groovy/runtime/GStringImpl
Event: 129.658 loading class org/codehaus/groovy/runtime/GStringImpl done


Dynamic libraries:
0x00007ff7bfe80000 - 0x00007ff7bfe90000 	C:\Program Files\Java\jdk-11\bin\java.exe
0x00007ffd65a50000 - 0x00007ffd65c64000 	C:\WINDOWS\SYSTEM32\ntdll.dll
0x00007ffd644f0000 - 0x00007ffd645b4000 	C:\WINDOWS\System32\KERNEL32.DLL
0x00007ffd633b0000 - 0x00007ffd63754000 	C:\WINDOWS\System32\KERNELBASE.dll
0x00007ffd63120000 - 0x00007ffd63231000 	C:\WINDOWS\System32\ucrtbase.dll
0x00007ffcef5a0000 - 0x00007ffcef5bb000 	C:\Program Files\Java\jdk-11\bin\VCRUNTIME140.dll
0x00007ffcf51a0000 - 0x00007ffcf51b8000 	C:\Program Files\Java\jdk-11\bin\jli.dll
0x00007ffd654e0000 - 0x00007ffd65590000 	C:\WINDOWS\System32\ADVAPI32.dll
0x00007ffd65170000 - 0x00007ffd65217000 	C:\WINDOWS\System32\msvcrt.dll
0x00007ffd64960000 - 0x00007ffd64a06000 	C:\WINDOWS\System32\sechost.dll
0x00007ffd63930000 - 0x00007ffd63a47000 	C:\WINDOWS\System32\RPCRT4.dll
0x00007ffd64a10000 - 0x00007ffd64bbe000 	C:\WINDOWS\System32\USER32.dll
0x00007ffd52dc0000 - 0x00007ffd53053000 	C:\WINDOWS\WinSxS\amd64_microsoft.windows.common-controls_6595b64144ccf1df_6.0.22621.2215_none_270d72677387dfc3\COMCTL32.dll
0x00007ffd644c0000 - 0x00007ffd644e9000 	C:\WINDOWS\System32\GDI32.dll
0x00007ffd630f0000 - 0x00007ffd63116000 	C:\WINDOWS\System32\win32u.dll
0x00007ffd62e70000 - 0x00007ffd62f88000 	C:\WINDOWS\System32\gdi32full.dll
0x00007ffd63050000 - 0x00007ffd630ea000 	C:\WINDOWS\System32\msvcp_win.dll
0x00007ffd5c500000 - 0x00007ffd5c50a000 	C:\WINDOWS\SYSTEM32\VERSION.dll
0x00007ffd65830000 - 0x00007ffd65861000 	C:\WINDOWS\System32\IMM32.DLL
0x00007ffd23510000 - 0x00007ffd2351c000 	C:\Program Files\Java\jdk-11\bin\vcruntime140_1.dll
0x00007ffcef510000 - 0x00007ffcef59e000 	C:\Program Files\Java\jdk-11\bin\msvcp140.dll
0x00007ffcee9a0000 - 0x00007ffcef508000 	C:\Program Files\Java\jdk-11\bin\server\jvm.dll
0x00007ffd65160000 - 0x00007ffd65168000 	C:\WINDOWS\System32\PSAPI.DLL
0x00007ffd49430000 - 0x00007ffd49439000 	C:\WINDOWS\SYSTEM32\WSOCK32.dll
0x00007ffd65640000 - 0x00007ffd656b1000 	C:\WINDOWS\System32\WS2_32.dll
0x00007ffd5c380000 - 0x00007ffd5c3b4000 	C:\WINDOWS\SYSTEM32\WINMM.dll
0x00007ffd61dc0000 - 0x00007ffd61dd8000 	C:\WINDOWS\SYSTEM32\kernel.appcore.dll
0x00007ffd13780000 - 0x00007ffd13790000 	C:\Program Files\Java\jdk-11\bin\verify.dll
0x00007ffd60850000 - 0x00007ffd60a7e000 	C:\WINDOWS\SYSTEM32\DBGHELP.DLL
0x00007ffd645c0000 - 0x00007ffd6494a000 	C:\WINDOWS\System32\combase.dll
0x00007ffd65750000 - 0x00007ffd65827000 	C:\WINDOWS\System32\OLEAUT32.dll
0x00007ffd4d920000 - 0x00007ffd4d952000 	C:\WINDOWS\SYSTEM32\dbgcore.DLL
0x00007ffd63760000 - 0x00007ffd637da000 	C:\WINDOWS\System32\bcryptPrimitives.dll
0x00007ffcee970000 - 0x00007ffcee998000 	C:\Program Files\Java\jdk-11\bin\java.dll
0x00007ffd0e580000 - 0x00007ffd0e58a000 	C:\Program Files\Java\jdk-11\bin\jimage.dll
0x00007ffcee950000 - 0x00007ffcee967000 	C:\Program Files\Java\jdk-11\bin\zip.dll
0x00007ffd63b50000 - 0x00007ffd64373000 	C:\WINDOWS\System32\SHELL32.dll
0x00007ffd60d40000 - 0x00007ffd6162a000 	C:\WINDOWS\SYSTEM32\windows.storage.dll
0x00007ffd60c00000 - 0x00007ffd60d3e000 	C:\WINDOWS\SYSTEM32\wintypes.dll
0x00007ffd63a50000 - 0x00007ffd63b43000 	C:\WINDOWS\System32\SHCORE.dll
0x00007ffd64460000 - 0x00007ffd644be000 	C:\WINDOWS\System32\shlwapi.dll
0x00007ffd62d30000 - 0x00007ffd62d56000 	C:\WINDOWS\SYSTEM32\profapi.dll
0x00007ffcee930000 - 0x00007ffcee949000 	C:\Program Files\Java\jdk-11\bin\net.dll
0x00007ffd5c150000 - 0x00007ffd5c287000 	C:\WINDOWS\SYSTEM32\WINHTTP.dll
0x00007ffd62280000 - 0x00007ffd622e9000 	C:\WINDOWS\system32\mswsock.dll
0x00007ffcee910000 - 0x00007ffcee922000 	C:\Program Files\Java\jdk-11\bin\nio.dll
0x00007ffd2d960000 - 0x00007ffd2d987000 	C:\Users\mrizk\.gradle\native\68d5fa5c4cc2d200863cafc0d521ce42e7d3e7ee720ec0a83991735586a16f82\windows-amd64\native-platform.dll
0x00007ffd150a0000 - 0x00007ffd151e4000 	C:\Users\mrizk\.gradle\native\e376f236ea51e6404a007f0833ffe2c6e607c4080706a723a18a27aeea778392\windows-amd64\native-platform-file-events.dll
0x00007ffd3d800000 - 0x00007ffd3d809000 	C:\Program Files\Java\jdk-11\bin\management.dll
0x00007ffd35190000 - 0x00007ffd3519b000 	C:\Program Files\Java\jdk-11\bin\management_ext.dll
0x00007ffd624b0000 - 0x00007ffd624cb000 	C:\WINDOWS\SYSTEM32\CRYPTSP.dll
0x00007ffd61d80000 - 0x00007ffd61db5000 	C:\WINDOWS\system32\rsaenh.dll
0x00007ffd62330000 - 0x00007ffd6235c000 	C:\WINDOWS\SYSTEM32\USERENV.dll
0x00007ffd626c0000 - 0x00007ffd626e8000 	C:\WINDOWS\SYSTEM32\bcrypt.dll
0x00007ffd624d0000 - 0x00007ffd624dc000 	C:\WINDOWS\SYSTEM32\CRYPTBASE.dll
0x00007ffd61890000 - 0x00007ffd618bd000 	C:\WINDOWS\SYSTEM32\IPHLPAPI.DLL
0x00007ffd65150000 - 0x00007ffd65159000 	C:\WINDOWS\System32\NSI.dll
0x00007ffd5c510000 - 0x00007ffd5c529000 	C:\WINDOWS\SYSTEM32\dhcpcsvc6.DLL
0x00007ffd5c360000 - 0x00007ffd5c37f000 	C:\WINDOWS\SYSTEM32\dhcpcsvc.DLL
0x00007ffd61900000 - 0x00007ffd619f2000 	C:\WINDOWS\SYSTEM32\DNSAPI.dll

dbghelp: loaded successfully - version: 4.0.5 - missing functions: none
symbol engine: initialized successfully - sym options: 0x614 - pdb path: .;C:\Program Files\Java\jdk-11\bin;C:\WINDOWS\SYSTEM32;C:\WINDOWS\WinSxS\amd64_microsoft.windows.common-controls_6595b64144ccf1df_6.0.22621.2215_none_270d72677387dfc3;C:\Program Files\Java\jdk-11\bin\server;C:\Users\mrizk\.gradle\native\68d5fa5c4cc2d200863cafc0d521ce42e7d3e7ee720ec0a83991735586a16f82\windows-amd64;C:\Users\mrizk\.gradle\native\e376f236ea51e6404a007f0833ffe2c6e607c4080706a723a18a27aeea778392\windows-amd64

VM Arguments:
jvm_args: -XX:MaxMetaspaceSize=512m --add-opens=java.base/java.util=ALL-UNNAMED --add-opens=java.base/java.lang=ALL-UNNAMED --add-opens=java.base/java.lang.invoke=ALL-UNNAMED --add-opens=java.prefs/java.util.prefs=ALL-UNNAMED --add-opens=java.base/java.nio.charset=ALL-UNNAMED --add-opens=java.base/java.net=ALL-UNNAMED --add-opens=java.base/java.util.concurrent.atomic=ALL-UNNAMED -Xmx2048m -Dfile.encoding=windows-1252 -Duser.country=ID -Duser.language=en -Duser.variant 
java_command: org.gradle.launcher.daemon.bootstrap.GradleDaemon 8.0.1
java_class_path (initial): C:\Users\mrizk\.gradle\wrapper\dists\gradle-8.0.1-all\aro4hu1c3oeioove7l0i4i14o\gradle-8.0.1\lib\gradle-launcher-8.0.1.jar
Launcher Type: SUN_STANDARD

[Global flags]
     intx CICompilerCount                          = 4                                         {product} {ergonomic}
   size_t CompressedClassSpaceSize                 = 528482304                                 {product} {ergonomic}
     uint ConcGCThreads                            = 3                                         {product} {ergonomic}
     uint G1ConcRefinementThreads                  = 10                                        {product} {ergonomic}
   size_t G1HeapRegionSize                         = 1048576                                   {product} {ergonomic}
    uintx GCDrainStackTargetSize                   = 64                                        {product} {ergonomic}
   size_t InitialHeapSize                          = 232783872                                 {product} {ergonomic}
   size_t MarkStackSize                            = 4194304                                   {product} {ergonomic}
   size_t MaxHeapSize                              = 2147483648                                {product} {command line}
   size_t MaxMetaspaceSize                         = 536870912                                 {product} {command line}
   size_t MaxNewSize                               = 1287651328                                {product} {ergonomic}
   size_t MinHeapDeltaBytes                        = 1048576                                   {product} {ergonomic}
    uintx NonNMethodCodeHeapSize                   = 5836300                                {pd product} {ergonomic}
    uintx NonProfiledCodeHeapSize                  = 122910970                              {pd product} {ergonomic}
    uintx ProfiledCodeHeapSize                     = 122910970                              {pd product} {ergonomic}
    uintx ReservedCodeCacheSize                    = 251658240                              {pd product} {ergonomic}
     bool SegmentedCodeCache                       = true                                      {product} {ergonomic}
     bool UseCompressedClassPointers               = true                                 {lp64_product} {ergonomic}
     bool UseCompressedOops                        = true                                 {lp64_product} {ergonomic}
     bool UseG1GC                                  = true                                      {product} {ergonomic}
     bool UseLargePagesIndividualAllocation        = false                                  {pd product} {ergonomic}

Logging:
Log output configuration:
 #0: stdout all=warning uptime,level,tags
 #1: stderr all=off uptime,level,tags

Environment Variables:
JAVA_HOME=C:\Program Files\Java\jdk-11
CLASSPATH=F:\drive-programming\00bootcamp\code\week9\tugas\recipe_rn\android\\gradle\wrapper\gradle-wrapper.jar
PATH=F:\drive-programming\00bootcamp\code\week9\tugas\recipe_rn\node_modules\.bin;F:\drive-programming\00bootcamp\code\week9\tugas\recipe_rn\node_modules\.bin;F:\drive-programming\00bootcamp\code\week9\tugas\node_modules\.bin;F:\drive-programming\00bootcamp\code\week9\node_modules\.bin;F:\drive-programming\00bootcamp\code\node_modules\.bin;F:\drive-programming\00bootcamp\node_modules\.bin;F:\drive-programming\node_modules\.bin;F:\node_modules\.bin;C:\Users\mrizk\AppData\Roaming\nvm\v18.13.0\node_modules\npm\node_modules\@npmcli\run-script\lib\node-gyp-bin;F:\drive-programming\00bootcamp\code\week9\tugas\recipe_rn\node_modules\.bin;F:\drive-programming\00bootcamp\code\week9\tugas\node_modules\.bin;F:\drive-programming\00bootcamp\code\week9\node_modules\.bin;F:\drive-programming\00bootcamp\code\node_modules\.bin;F:\drive-programming\00bootcamp\node_modules\.bin;F:\drive-programming\node_modules\.bin;F:\node_modules\.bin;C:\Users\mrizk\AppData\Roaming\nvm\v18.13.0\node_modules\npm\node_modules\@npmcli\run-script\lib\node-gyp-bin;C:\Users\mrizk\bin;C:\Program Files\Git\mingw64\bin;C:\Program Files\Git\usr\local\bin;C:\Program Files\Git\usr\bin;C:\Program Files\Git\usr\bin;C:\Program Files\Git\mingw64\bin;C:\Program Files\Git\usr\bin;C:\Users\mrizk\bin;C:\Program Files\Common Files\Oracle\Java\javapath;C:\Windows\system32;C:\Windows;C:\Windows\System32\Wbem;C:\Windows\System32\WindowsPowerShell\v1.0;C:\Windows\System32\OpenSSH;C:\Program Files (x86)\NVIDIA Corporation\PhysX\Common;C:\Program Files\Microsoft VS Code\bin;C:\Program Files\Git\cmd;C:\xampp\mysql\bin;C:\Program Files\MongoDB\Server\6.0\bin;C:\Program Files\mongosh\mongosh-1.6.0-win32-x64\bin;C:\Program Files\NVIDIA Corporation\NVIDIA NvDLISR;C:\Users\mrizk\AppData\Roaming\nvm;C:\Program Files\nodejs;C:\WINDOWS\system32;C:\WINDOWS;C:\WINDOWS\System32\Wbem;C:\WINDOWS\System32\WindowsPowerShell\v1.0;C:\WINDOWS\System32\OpenSSH;C:\Users\mrizk\AppData\Local\Android\Sdk\platform-tools;C:\Program Files\Java\jdk-11;C:\P
USERNAME=mrizk
SHELL=C:\Program Files\Git\usr\bin\bash.exe
DISPLAY=needs-to-be-defined
OS=Windows_NT
PROCESSOR_IDENTIFIER=AMD64 Family 25 Model 80 Stepping 0, AuthenticAMD



---------------  S Y S T E M  ---------------

OS: Windows 11 , 64 bit Build 22621 (10.0.22621.2215)
Hyper-V role detected

CPU:total 12 (initial active 12) (12 cores per cpu, 2 threads per core) family 25 model 80 stepping 0 microcode 0x0, cmov, cx8, fxsr, mmx, sse, sse2, sse3, ssse3, sse4.1, sse4.2, popcnt, avx, avx2, aes, clmul, erms, mmxext, 3dnowpref, lzcnt, sse4a, ht, tsc, tscinvbit, tscinv, bmi1, bmi2,

Memory: 4k page, system-wide physical 14188M (49M free)
TotalPageFile size 46729M (AvailPageFile size 0M)
current process WorkingSet (physical memory assigned to process): 77M, peak: 236M
current process commit charge ("private bytes"): 408M, peak: 410M

vm_info: Java HotSpot(TM) 64-Bit Server VM (11.0.18+9-LTS-195) for windows-amd64 JRE (11.0.18+9-LTS-195), built on Dec  6 2022 15:50:58 by "mach5one" with MS VC++ 17.1 (VS2022)

END.
