#
# There is insufficient memory for the Java Runtime Environment to continue.
# Native memory allocation (malloc) failed to allocate 1112496 bytes for Chunk::new
# Possible reasons:
#   The system is out of physical RAM or swap space
#   The process is running with CompressedOops enabled, and the Java Heap may be blocking the growth of the native heap
# Possible solutions:
#   Reduce memory load on the system
#   Increase physical memory or swap space
#   Check if swap backing store is full
#   Decrease Java heap size (-Xmx/-Xms)
#   Decrease number of Java threads
#   Decrease Java thread stack sizes (-Xss)
#   Set larger code cache with -XX:ReservedCodeCacheSize=
#   JVM is running with Unscaled Compressed Oops mode in which the Java heap is
#     placed in the first 4GB address space. The Java Heap base address is the
#     maximum limit for the native heap growth. Please use -XX:HeapBaseMinAddress
#     to set the Java Heap base and to place the Java Heap above 4GB virtual address.
# This output file may be truncated or incomplete.
#
#  Out of Memory Error (./open/src/hotspot/share/memory/arena.cpp:197), pid=38344, tid=28208
#
# JRE version: Java(TM) SE Runtime Environment 18.9 (11.0.18+9) (build 11.0.18+9-LTS-195)
# Java VM: Java HotSpot(TM) 64-Bit Server VM 18.9 (11.0.18+9-LTS-195, mixed mode, tiered, compressed oops, g1 gc, windows-amd64)
# No core dump will be written. Minidumps are not enabled by default on client versions of Windows
#

---------------  S U M M A R Y ------------

Command Line: -XX:MaxMetaspaceSize=512m --add-opens=java.base/java.util=ALL-UNNAMED --add-opens=java.base/java.lang=ALL-UNNAMED --add-opens=java.base/java.lang.invoke=ALL-UNNAMED --add-opens=java.prefs/java.util.prefs=ALL-UNNAMED --add-opens=java.base/java.nio.charset=ALL-UNNAMED --add-opens=java.base/java.net=ALL-UNNAMED --add-opens=java.base/java.util.concurrent.atomic=ALL-UNNAMED -Xmx2048m -Dfile.encoding=windows-1252 -Duser.country=ID -Duser.language=en -Duser.variant org.gradle.launcher.daemon.bootstrap.GradleDaemon 8.0.1

Host: AMD Ryzen 5 5600H with Radeon Graphics         , 12 cores, 13G,  Windows 11 , 64 bit Build 22621 (10.0.22621.2215)
Time: Thu Oct  5 18:41:01 2023 SE Asia Standard Time elapsed time: 548.584468 seconds (0d 0h 9m 8s)

---------------  T H R E A D  ---------------

Current thread (0x000002a3dc4ff000):  JavaThread "C2 CompilerThread0" daemon [_thread_in_native, id=28208, stack(0x000000d8e7200000,0x000000d8e7300000)]


Current CompileTask:
C2: 548584 12554       4       org.gradle.internal.operations.DefaultBuildOperationRunner::execute (147 bytes)

Stack: [0x000000d8e7200000,0x000000d8e7300000]
Native frames: (J=compiled Java code, j=interpreted, Vv=VM code, C=native code)
V  [jvm.dll+0x65d8aa]
V  [jvm.dll+0x79fc1f]
V  [jvm.dll+0x7a12e9]
V  [jvm.dll+0x7a1983]
V  [jvm.dll+0x2585b5]
V  [jvm.dll+0xb284c]
V  [jvm.dll+0xb2e0c]
V  [jvm.dll+0x365e21]
V  [jvm.dll+0x1a2232]
V  [jvm.dll+0x2114fd]
V  [jvm.dll+0x210378]
V  [jvm.dll+0x18c641]
V  [jvm.dll+0x220609]
V  [jvm.dll+0x21e92c]
V  [jvm.dll+0x763f61]
V  [jvm.dll+0x75c924]
V  [jvm.dll+0x65c755]
C  [ucrtbase.dll+0x29363]
C  [KERNEL32.DLL+0x1257d]
C  [ntdll.dll+0x5aa68]


---------------  P R O C E S S  ---------------

Threads class SMR info:
_java_thread_list=0x000002a3e675e400, length=180, elements={
0x000002a3bd7a5800, 0x000002a3dbc74000, 0x000002a3dc4a8800, 0x000002a3dc4b1800,
0x000002a3dc4b3000, 0x000002a3dc4b5000, 0x000002a3dc4ff000, 0x000002a3dc500000,
0x000002a3dc505000, 0x000002a3dc670000, 0x000002a3dd3f4800, 0x000002a3dddeb000,
0x000002a3de3f7800, 0x000002a3dd8c6800, 0x000002a3dd8c7800, 0x000002a3de096800,
0x000002a3de3af800, 0x000002a3de839000, 0x000002a3de665000, 0x000002a3de661000,
0x000002a3de663800, 0x000002a3de666800, 0x000002a3de666000, 0x000002a3de667800,
0x000002a3de661800, 0x000002a3de662800, 0x000002a3de664000, 0x000002a3e06cc000,
0x000002a3e06d0000, 0x000002a3e06ca000, 0x000002a3e06cc800, 0x000002a3e06cd800,
0x000002a3e06ce800, 0x000002a3e06d0800, 0x000002a3e06d1800, 0x000002a3e06d3000,
0x000002a3e06d4000, 0x000002a3e06d5000, 0x000002a3e06cf000, 0x000002a3e06d8000,
0x000002a3e06d5800, 0x000002a3e06d6800, 0x000002a3e06d7000, 0x000002a3e06d9000,
0x000002a3e0fd2000, 0x000002a3e0fd4800, 0x000002a3e0fd0000, 0x000002a3e0fd2800,
0x000002a3e0fd3800, 0x000002a3e0fd1000, 0x000002a3e0fda000, 0x000002a3e0fd7000,
0x000002a3e0fd8800, 0x000002a3e0fd7800, 0x000002a3e0fd9000, 0x000002a3e0fd5000,
0x000002a3e0fd6000, 0x000002a3e0fdb800, 0x000002a3e0fde000, 0x000002a3e0fdb000,
0x000002a3e0fdf000, 0x000002a3e0fdc800, 0x000002a3e0fdd800, 0x000002a3e066c000,
0x000002a3e0668000, 0x000002a3e066d000, 0x000002a3e066e800, 0x000002a3e066b800,
0x000002a3e0669800, 0x000002a3e066e000, 0x000002a3e0669000, 0x000002a3e066f800,
0x000002a3e066a800, 0x000002a3e0673800, 0x000002a3e0671000, 0x000002a3e0674800,
0x000002a3e0672000, 0x000002a3e0672800, 0x000002a3e0677000, 0x000002a3e0675000,
0x000002a3e3ee1000, 0x000002a3e3ee1800, 0x000002a3e3ee3800, 0x000002a3e3ee5800,
0x000002a3e3ee4000, 0x000002a3e3ee5000, 0x000002a3e3ee6800, 0x000002a3e3ee7800,
0x000002a3e3ee8000, 0x000002a3e3ee2800, 0x000002a3e3eee800, 0x000002a3e3eec000,
0x000002a3e3eee000, 0x000002a3e3ee9000, 0x000002a3e3eed000, 0x000002a3e3eef800,
0x000002a3e3eea000, 0x000002a3e3eea800, 0x000002a3e3eeb800, 0x000002a3e118b800,
0x000002a3e118e000, 0x000002a3e118a000, 0x000002a3e118b000, 0x000002a3e1190800,
0x000002a3e118f000, 0x000002a3e1191800, 0x000002a3e118f800, 0x000002a3e1192000,
0x000002a3e118c800, 0x000002a3e1193000, 0x000002a3e118d800, 0x000002a3e1194000,
0x000002a3e1198000, 0x000002a3e1198800, 0x000002a3e1194800, 0x000002a3e1195800,
0x000002a3e1196800, 0x000002a3e1197000, 0x000002a3dd66e000, 0x000002a3dd66c800,
0x000002a3dd66d800, 0x000002a3dd670000, 0x000002a3dd670800, 0x000002a3dd671800,
0x000002a3dd66b800, 0x000002a3dd66f000, 0x000002a3dd673000, 0x000002a3dd677000,
0x000002a3dd674000, 0x000002a3dd674800, 0x000002a3dd675800, 0x000002a3dd678000,
0x000002a3dd672000, 0x000002a3dd679000, 0x000002a3dd67a800, 0x000002a3dd676800,
0x000002a3dd679800, 0x000002a3e27c9000, 0x000002a3e27cd000, 0x000002a3e27c9800,
0x000002a3e27cc000, 0x000002a3e27c7000, 0x000002a3e27cd800, 0x000002a3e27ca800,
0x000002a3e27cb000, 0x000002a3e27c8000, 0x000002a3e27d2000, 0x000002a3e27cf800,
0x000002a3e27d2800, 0x000002a3e27d0000, 0x000002a3e27d1000, 0x000002a3e27d3800,
0x000002a3e27d4000, 0x000002a3e27ce800, 0x000002a3e27d5000, 0x000002a3e27d6000,
0x000002a3df2ba000, 0x000002a3df2be000, 0x000002a3df2ba800, 0x000002a3df2bb800,
0x000002a3df2bc800, 0x000002a3df2bd000, 0x000002a3df2b8000, 0x000002a3df2bf000,
0x000002a3df2b9000, 0x000002a3df2c3800, 0x000002a3df2c4800, 0x000002a3df2c2000,
0x000002a3df2c3000, 0x000002a3df2c5800, 0x000002a3df2bf800, 0x000002a3df2c1000,
0x000002a3df2c6000, 0x000002a3df2c0800, 0x000002a3df2c7000, 0x000002a3e0a2d000,
0x000002a3e0a32000, 0x000002a3e0a32800, 0x000002a3e0a33800, 0x000002a3e0a2f800
}

Java Threads: ( => current thread )
  0x000002a3bd7a5800 JavaThread "main" [_thread_blocked, id=28148, stack(0x000000d8e6600000,0x000000d8e6700000)]
  0x000002a3dbc74000 JavaThread "Reference Handler" daemon [_thread_blocked, id=38124, stack(0x000000d8e6d00000,0x000000d8e6e00000)]
  0x000002a3dc4a8800 JavaThread "Finalizer" daemon [_thread_blocked, id=28624, stack(0x000000d8e6e00000,0x000000d8e6f00000)]
  0x000002a3dc4b1800 JavaThread "Signal Dispatcher" daemon [_thread_blocked, id=19592, stack(0x000000d8e6f00000,0x000000d8e7000000)]
  0x000002a3dc4b3000 JavaThread "Attach Listener" daemon [_thread_blocked, id=28756, stack(0x000000d8e7000000,0x000000d8e7100000)]
  0x000002a3dc4b5000 JavaThread "Service Thread" daemon [_thread_blocked, id=38340, stack(0x000000d8e7100000,0x000000d8e7200000)]
=>0x000002a3dc4ff000 JavaThread "C2 CompilerThread0" daemon [_thread_in_native, id=28208, stack(0x000000d8e7200000,0x000000d8e7300000)]
  0x000002a3dc500000 JavaThread "C1 CompilerThread0" daemon [_thread_blocked, id=37560, stack(0x000000d8e7300000,0x000000d8e7400000)]
  0x000002a3dc505000 JavaThread "Sweeper thread" daemon [_thread_blocked, id=9432, stack(0x000000d8e7400000,0x000000d8e7500000)]
  0x000002a3dc670000 JavaThread "Common-Cleaner" daemon [_thread_blocked, id=22028, stack(0x000000d8e7500000,0x000000d8e7600000)]
  0x000002a3dd3f4800 JavaThread "Daemon health stats" [_thread_blocked, id=26396, stack(0x000000d8e7b00000,0x000000d8e7c00000)]
  0x000002a3dddeb000 JavaThread "Incoming local TCP Connector on port 53580" [_thread_in_native, id=39064, stack(0x000000d8e7c00000,0x000000d8e7d00000)]
  0x000002a3de3f7800 JavaThread "Daemon periodic checks" [_thread_blocked, id=39072, stack(0x000000d8e7d00000,0x000000d8e7e00000)]
  0x000002a3dd8c6800 JavaThread "Daemon" [_thread_blocked, id=39080, stack(0x000000d8e7e00000,0x000000d8e7f00000)]
  0x000002a3dd8c7800 JavaThread "Handler for socket connection from /127.0.0.1:53580 to /127.0.0.1:53581" [_thread_in_native, id=39084, stack(0x000000d8e7f00000,0x000000d8e8000000)]
  0x000002a3de096800 JavaThread "Cancel handler" [_thread_blocked, id=39172, stack(0x000000d8e8000000,0x000000d8e8100000)]
  0x000002a3de3af800 JavaThread "Daemon worker" [_thread_blocked, id=39180, stack(0x000000d8e8100000,0x000000d8e8200000)]
  0x000002a3de839000 JavaThread "Asynchronous log dispatcher for DefaultDaemonConnection: socket connection from /127.0.0.1:53580 to /127.0.0.1:53581" [_thread_blocked, id=39192, stack(0x000000d8e8200000,0x000000d8e8300000)]
  0x000002a3de665000 JavaThread "Daemon client event forwarder" [_thread_blocked, id=39200, stack(0x000000d8e8400000,0x000000d8e8500000)]
  0x000002a3de661000 JavaThread "Cache worker for journal cache (C:\Users\mrizk\.gradle\caches\journal-1)" [_thread_blocked, id=20412, stack(0x000000d8e8500000,0x000000d8e8600000)]
  0x000002a3de663800 JavaThread "File lock request listener" [_thread_in_native, id=23940, stack(0x000000d8e8600000,0x000000d8e8700000)]
  0x000002a3de666800 JavaThread "File lock release action executor" [_thread_blocked, id=13164, stack(0x000000d8e8700000,0x000000d8e8800000)]
  0x000002a3de666000 JavaThread "Cache worker for file hash cache (C:\Users\mrizk\.gradle\caches\8.0.1\fileHashes)" [_thread_blocked, id=22832, stack(0x000000d8e8f00000,0x000000d8e9000000)]
  0x000002a3de667800 JavaThread "File watcher server" daemon [_thread_in_native, id=40328, stack(0x000000d8e9000000,0x000000d8e9100000)]
  0x000002a3de661800 JavaThread "File watcher consumer" daemon [_thread_blocked, id=40332, stack(0x000000d8e9100000,0x000000d8e9200000)]
  0x000002a3de662800 JavaThread "Cache worker for checksums cache (F:\drive-programming\00bootcamp\code\week9\tugas\recipe_rn\android\.gradle\8.0.1\checksums)" [_thread_blocked, id=40344, stack(0x000000d8e9200000,0x000000d8e9300000)]
  0x000002a3de664000 JavaThread "Cache worker for cache directory md-rule (C:\Users\mrizk\.gradle\caches\8.0.1\md-rule)" [_thread_blocked, id=40348, stack(0x000000d8e9300000,0x000000d8e9400000)]
  0x000002a3e06cc000 JavaThread "Cache worker for file content cache (C:\Users\mrizk\.gradle\caches\8.0.1\fileContent)" [_thread_blocked, id=40356, stack(0x000000d8e9500000,0x000000d8e9600000)]
  0x000002a3e06d0000 JavaThread "Cache worker for file hash cache (F:\drive-programming\00bootcamp\code\week9\tugas\recipe_rn\android\.gradle\8.0.1\fileHashes)" [_thread_blocked, id=40388, stack(0x000000d8e9600000,0x000000d8e9700000)]
  0x000002a3e06ca000 JavaThread "Cache worker for cache directory md-supplier (C:\Users\mrizk\.gradle\caches\8.0.1\md-supplier)" [_thread_blocked, id=40432, stack(0x000000d8e9400000,0x000000d8e9500000)]
  0x000002a3e06cc800 JavaThread "Cache worker for execution history cache (C:\Users\mrizk\.gradle\caches\8.0.1\executionHistory)" [_thread_blocked, id=40452, stack(0x000000d8e9700000,0x000000d8e9800000)]
  0x000002a3e06cd800 JavaThread "jar transforms" [_thread_blocked, id=41320, stack(0x000000d8e9800000,0x000000d8e9900000)]
  0x000002a3e06ce800 JavaThread "jar transforms Thread 2" [_thread_blocked, id=24764, stack(0x000000d8e9900000,0x000000d8e9a00000)]
  0x000002a3e06d0800 JavaThread "jar transforms Thread 3" [_thread_blocked, id=20300, stack(0x000000d8e9c00000,0x000000d8e9d00000)]
  0x000002a3e06d1800 JavaThread "jar transforms Thread 4" [_thread_blocked, id=19252, stack(0x000000d8e9d00000,0x000000d8e9e00000)]
  0x000002a3e06d3000 JavaThread "Cache worker for kotlin-dsl (C:\Users\mrizk\.gradle\caches\8.0.1\kotlin-dsl)" [_thread_blocked, id=26036, stack(0x000000d8e6400000,0x000000d8e6500000)]
  0x000002a3e06d4000 JavaThread "jar transforms Thread 5" [_thread_blocked, id=42332, stack(0x000000d8e6300000,0x000000d8e6400000)]
  0x000002a3e06d5000 JavaThread "jar transforms Thread 6" [_thread_blocked, id=45320, stack(0x000000d8e6500000,0x000000d8e6600000)]
  0x000002a3e06cf000 JavaThread "Cache worker for dependencies-accessors (F:\drive-programming\00bootcamp\code\week9\tugas\recipe_rn\android\.gradle\8.0.1\dependencies-accessors)" [_thread_blocked, id=45472, stack(0x000000d8e8300000,0x000000d8e8400000)]
  0x000002a3e06d8000 JavaThread "Cache worker for Build Output Cleanup Cache (F:\drive-programming\00bootcamp\code\week9\tugas\recipe_rn\node_modules\@react-native\gradle-plugin\.gradle\buildOutputCleanup)" [_thread_blocked, id=45692, stack(0x000000d8e9e00000,0x000000d8e9f00000)]
  0x000002a3e06d5800 JavaThread "jar transforms Thread 7" [_thread_blocked, id=7332, stack(0x000000d8e9a00000,0x000000d8e9b00000)]
  0x000002a3e06d6800 JavaThread "Unconstrained build operations" [_thread_blocked, id=1916, stack(0x000000d8e9b00000,0x000000d8e9c00000)]
  0x000002a3e06d7000 JavaThread "Unconstrained build operations Thread 2" [_thread_blocked, id=1844, stack(0x000000d8e9f00000,0x000000d8ea000000)]
  0x000002a3e06d9000 JavaThread "Unconstrained build operations Thread 3" [_thread_blocked, id=1848, stack(0x000000d8ea000000,0x000000d8ea100000)]
  0x000002a3e0fd2000 JavaThread "Unconstrained build operations Thread 4" [_thread_blocked, id=18928, stack(0x000000d8ea100000,0x000000d8ea200000)]
  0x000002a3e0fd4800 JavaThread "Unconstrained build operations Thread 5" [_thread_blocked, id=17720, stack(0x000000d8ea200000,0x000000d8ea300000)]
  0x000002a3e0fd0000 JavaThread "Unconstrained build operations Thread 6" [_thread_blocked, id=17848, stack(0x000000d8ea300000,0x000000d8ea400000)]
  0x000002a3e0fd2800 JavaThread "Unconstrained build operations Thread 7" [_thread_blocked, id=17652, stack(0x000000d8ea400000,0x000000d8ea500000)]
  0x000002a3e0fd3800 JavaThread "Unconstrained build operations Thread 8" [_thread_blocked, id=17920, stack(0x000000d8ea500000,0x000000d8ea600000)]
  0x000002a3e0fd1000 JavaThread "Unconstrained build operations Thread 9" [_thread_blocked, id=39612, stack(0x000000d8ea600000,0x000000d8ea700000)]
  0x000002a3e0fda000 JavaThread "Unconstrained build operations Thread 10" [_thread_blocked, id=39620, stack(0x000000d8ea700000,0x000000d8ea800000)]
  0x000002a3e0fd7000 JavaThread "Unconstrained build operations Thread 11" [_thread_blocked, id=39644, stack(0x000000d8ea800000,0x000000d8ea900000)]
  0x000002a3e0fd8800 JavaThread "Unconstrained build operations Thread 12" [_thread_blocked, id=39628, stack(0x000000d8ea900000,0x000000d8eaa00000)]
  0x000002a3e0fd7800 JavaThread "Unconstrained build operations Thread 13" [_thread_blocked, id=39648, stack(0x000000d8eaa00000,0x000000d8eab00000)]
  0x000002a3e0fd9000 JavaThread "Unconstrained build operations Thread 14" [_thread_blocked, id=20976, stack(0x000000d8eab00000,0x000000d8eac00000)]
  0x000002a3e0fd5000 JavaThread "Unconstrained build operations Thread 15" [_thread_blocked, id=8208, stack(0x000000d8eac00000,0x000000d8ead00000)]
  0x000002a3e0fd6000 JavaThread "Unconstrained build operations Thread 16" [_thread_blocked, id=23212, stack(0x000000d8ead00000,0x000000d8eae00000)]
  0x000002a3e0fdb800 JavaThread "Unconstrained build operations Thread 17" [_thread_blocked, id=20320, stack(0x000000d8eae00000,0x000000d8eaf00000)]
  0x000002a3e0fde000 JavaThread "Unconstrained build operations Thread 18" [_thread_blocked, id=12436, stack(0x000000d8eaf00000,0x000000d8eb000000)]
  0x000002a3e0fdb000 JavaThread "Unconstrained build operations Thread 19" [_thread_blocked, id=9560, stack(0x000000d8eb000000,0x000000d8eb100000)]
  0x000002a3e0fdf000 JavaThread "Unconstrained build operations Thread 20" [_thread_blocked, id=22384, stack(0x000000d8eb100000,0x000000d8eb200000)]
  0x000002a3e0fdc800 JavaThread "Unconstrained build operations Thread 21" [_thread_blocked, id=40116, stack(0x000000d8eb200000,0x000000d8eb300000)]
  0x000002a3e0fdd800 JavaThread "Unconstrained build operations Thread 22" [_thread_blocked, id=38704, stack(0x000000d8eb300000,0x000000d8eb400000)]
  0x000002a3e066c000 JavaThread "Unconstrained build operations Thread 23" [_thread_blocked, id=40120, stack(0x000000d8eb400000,0x000000d8eb500000)]
  0x000002a3e0668000 JavaThread "Unconstrained build operations Thread 24" [_thread_blocked, id=17088, stack(0x000000d8eb500000,0x000000d8eb600000)]
  0x000002a3e066d000 JavaThread "Unconstrained build operations Thread 25" [_thread_blocked, id=3804, stack(0x000000d8eb600000,0x000000d8eb700000)]
  0x000002a3e066e800 JavaThread "Unconstrained build operations Thread 26" [_thread_blocked, id=8328, stack(0x000000d8eb700000,0x000000d8eb800000)]
  0x000002a3e066b800 JavaThread "jar transforms Thread 8" [_thread_blocked, id=15980, stack(0x000000d8eb800000,0x000000d8eb900000)]
  0x000002a3e0669800 JavaThread "jar transforms Thread 9" [_thread_blocked, id=13468, stack(0x000000d8eb900000,0x000000d8eba00000)]
  0x000002a3e066e000 JavaThread "jar transforms Thread 10" [_thread_blocked, id=9808, stack(0x000000d8eba00000,0x000000d8ebb00000)]
  0x000002a3e0669000 JavaThread "jar transforms Thread 11" [_thread_blocked, id=33716, stack(0x000000d8ebb00000,0x000000d8ebc00000)]
  0x000002a3e066f800 JavaThread "jar transforms Thread 12" [_thread_blocked, id=14096, stack(0x000000d8ebc00000,0x000000d8ebd00000)]
  0x000002a3e066a800 JavaThread "Memory manager" [_thread_blocked, id=31260, stack(0x000000d8ebd00000,0x000000d8ebe00000)]
  0x000002a3e0673800 JavaThread "Cache worker for Build Output Cleanup Cache (F:\drive-programming\00bootcamp\code\week9\tugas\recipe_rn\android\.gradle\buildOutputCleanup)" [_thread_blocked, id=41212, stack(0x000000d8ebe00000,0x000000d8ebf00000)]
  0x000002a3e0671000 JavaThread "Execution worker" [_thread_blocked, id=34948, stack(0x000000d8ec000000,0x000000d8ec100000)]
  0x000002a3e0674800 JavaThread "Execution worker Thread 2" [_thread_blocked, id=6492, stack(0x000000d8ec100000,0x000000d8ec200000)]
  0x000002a3e0672000 JavaThread "Execution worker Thread 3" [_thread_blocked, id=4212, stack(0x000000d8ec200000,0x000000d8ec300000)]
  0x000002a3e0672800 JavaThread "Execution worker Thread 4" [_thread_blocked, id=21520, stack(0x000000d8ec300000,0x000000d8ec400000)]
  0x000002a3e0677000 JavaThread "Execution worker Thread 5" [_thread_blocked, id=20228, stack(0x000000d8ec400000,0x000000d8ec500000)]
  0x000002a3e0675000 JavaThread "Execution worker Thread 6" [_thread_blocked, id=23436, stack(0x000000d8ec500000,0x000000d8ec600000)]
  0x000002a3e3ee1000 JavaThread "Execution worker Thread 7" [_thread_blocked, id=33204, stack(0x000000d8ec600000,0x000000d8ec700000)]
  0x000002a3e3ee1800 JavaThread "Execution worker Thread 8" [_thread_blocked, id=28128, stack(0x000000d8ec700000,0x000000d8ec800000)]
  0x000002a3e3ee3800 JavaThread "Execution worker Thread 9" [_thread_blocked, id=1716, stack(0x000000d8ec800000,0x000000d8ec900000)]
  0x000002a3e3ee5800 JavaThread "Execution worker Thread 10" [_thread_blocked, id=6264, stack(0x000000d8ec900000,0x000000d8eca00000)]
  0x000002a3e3ee4000 JavaThread "Execution worker Thread 11" [_thread_blocked, id=26944, stack(0x000000d8eca00000,0x000000d8ecb00000)]
  0x000002a3e3ee5000 JavaThread "Cache worker for execution history cache (F:\drive-programming\00bootcamp\code\week9\tugas\recipe_rn\node_modules\@react-native\gradle-plugin\.gradle\8.0.1\executionHistory)" [_thread_blocked, id=20432, stack(0x000000d8ecb00000,0x000000d8ecc00000)]
  0x000002a3e3ee6800 JavaThread "Unconstrained build operations Thread 27" [_thread_blocked, id=7432, stack(0x000000d8ecc00000,0x000000d8ecd00000)]
  0x000002a3e3ee7800 JavaThread "Unconstrained build operations Thread 28" [_thread_blocked, id=17104, stack(0x000000d8ecd00000,0x000000d8ece00000)]
  0x000002a3e3ee8000 JavaThread "Unconstrained build operations Thread 29" [_thread_blocked, id=23056, stack(0x000000d8ece00000,0x000000d8ecf00000)]
  0x000002a3e3ee2800 JavaThread "Unconstrained build operations Thread 30" [_thread_blocked, id=22944, stack(0x000000d8ecf00000,0x000000d8ed000000)]
  0x000002a3e3eee800 JavaThread "Unconstrained build operations Thread 31" [_thread_blocked, id=32988, stack(0x000000d8ed000000,0x000000d8ed100000)]
  0x000002a3e3eec000 JavaThread "Unconstrained build operations Thread 32" [_thread_blocked, id=26780, stack(0x000000d8ed100000,0x000000d8ed200000)]
  0x000002a3e3eee000 JavaThread "Unconstrained build operations Thread 33" [_thread_blocked, id=35100, stack(0x000000d8ed200000,0x000000d8ed300000)]
  0x000002a3e3ee9000 JavaThread "Unconstrained build operations Thread 34" [_thread_blocked, id=19328, stack(0x000000d8ed300000,0x000000d8ed400000)]
  0x000002a3e3eed000 JavaThread "Unconstrained build operations Thread 35" [_thread_blocked, id=42024, stack(0x000000d8ed400000,0x000000d8ed500000)]
  0x000002a3e3eef800 JavaThread "Unconstrained build operations Thread 36" [_thread_blocked, id=38016, stack(0x000000d8ed500000,0x000000d8ed600000)]
  0x000002a3e3eea000 JavaThread "Unconstrained build operations Thread 37" [_thread_blocked, id=42732, stack(0x000000d8ed600000,0x000000d8ed700000)]
  0x000002a3e3eea800 JavaThread "Unconstrained build operations Thread 38" [_thread_blocked, id=33028, stack(0x000000d8ed700000,0x000000d8ed800000)]
  0x000002a3e3eeb800 JavaThread "Unconstrained build operations Thread 39" [_thread_blocked, id=24856, stack(0x000000d8ed800000,0x000000d8ed900000)]
  0x000002a3e118b800 JavaThread "Unconstrained build operations Thread 40" [_thread_blocked, id=27136, stack(0x000000d8ed900000,0x000000d8eda00000)]
  0x000002a3e118e000 JavaThread "Unconstrained build operations Thread 41" [_thread_blocked, id=23992, stack(0x000000d8eda00000,0x000000d8edb00000)]
  0x000002a3e118a000 JavaThread "Unconstrained build operations Thread 42" [_thread_blocked, id=32876, stack(0x000000d8edb00000,0x000000d8edc00000)]
  0x000002a3e118b000 JavaThread "Unconstrained build operations Thread 43" [_thread_blocked, id=38640, stack(0x000000d8edc00000,0x000000d8edd00000)]
  0x000002a3e1190800 JavaThread "Unconstrained build operations Thread 44" [_thread_blocked, id=1340, stack(0x000000d8edd00000,0x000000d8ede00000)]
  0x000002a3e118f000 JavaThread "Unconstrained build operations Thread 45" [_thread_blocked, id=17772, stack(0x000000d8ede00000,0x000000d8edf00000)]
  0x000002a3e1191800 JavaThread "Unconstrained build operations Thread 46" [_thread_blocked, id=20136, stack(0x000000d8edf00000,0x000000d8ee000000)]
  0x000002a3e118f800 JavaThread "Unconstrained build operations Thread 47" [_thread_blocked, id=10268, stack(0x000000d8ee000000,0x000000d8ee100000)]
  0x000002a3e1192000 JavaThread "Unconstrained build operations Thread 48" [_thread_blocked, id=18848, stack(0x000000d8ee100000,0x000000d8ee200000)]
  0x000002a3e118c800 JavaThread "Unconstrained build operations Thread 49" [_thread_blocked, id=7472, stack(0x000000d8ee200000,0x000000d8ee300000)]
  0x000002a3e1193000 JavaThread "Unconstrained build operations Thread 50" [_thread_blocked, id=19848, stack(0x000000d8ee300000,0x000000d8ee400000)]
  0x000002a3e118d800 JavaThread "Unconstrained build operations Thread 51" [_thread_blocked, id=17980, stack(0x000000d8ee400000,0x000000d8ee500000)]
  0x000002a3e1194000 JavaThread "Unconstrained build operations Thread 52" [_thread_blocked, id=34824, stack(0x000000d8ee500000,0x000000d8ee600000)]
  0x000002a3e1198000 JavaThread "Unconstrained build operations Thread 53" [_thread_blocked, id=9236, stack(0x000000d8ee600000,0x000000d8ee700000)]
  0x000002a3e1198800 JavaThread "Unconstrained build operations Thread 54" [_thread_blocked, id=40844, stack(0x000000d8ee700000,0x000000d8ee800000)]
  0x000002a3e1194800 JavaThread "Unconstrained build operations Thread 55" [_thread_blocked, id=32992, stack(0x000000d8ee800000,0x000000d8ee900000)]
  0x000002a3e1195800 JavaThread "Unconstrained build operations Thread 56" [_thread_blocked, id=27176, stack(0x000000d8ee900000,0x000000d8eea00000)]
  0x000002a3e1196800 JavaThread "Unconstrained build operations Thread 57" [_thread_blocked, id=23888, stack(0x000000d8eea00000,0x000000d8eeb00000)]
  0x000002a3e1197000 JavaThread "Unconstrained build operations Thread 58" [_thread_blocked, id=30396, stack(0x000000d8eeb00000,0x000000d8eec00000)]
  0x000002a3dd66e000 JavaThread "Unconstrained build operations Thread 59" [_thread_blocked, id=35072, stack(0x000000d8eec00000,0x000000d8eed00000)]
  0x000002a3dd66c800 JavaThread "Unconstrained build operations Thread 60" [_thread_blocked, id=26592, stack(0x000000d8eed00000,0x000000d8eee00000)]
  0x000002a3dd66d800 JavaThread "Unconstrained build operations Thread 61" [_thread_blocked, id=34876, stack(0x000000d8eee00000,0x000000d8eef00000)]
  0x000002a3dd670000 JavaThread "Unconstrained build operations Thread 62" [_thread_blocked, id=35144, stack(0x000000d8eef00000,0x000000d8ef000000)]
  0x000002a3dd670800 JavaThread "Unconstrained build operations Thread 63" [_thread_blocked, id=45556, stack(0x000000d8ef000000,0x000000d8ef100000)]
  0x000002a3dd671800 JavaThread "Unconstrained build operations Thread 64" [_thread_blocked, id=3836, stack(0x000000d8ef100000,0x000000d8ef200000)]
  0x000002a3dd66b800 JavaThread "Unconstrained build operations Thread 65" [_thread_blocked, id=31716, stack(0x000000d8ef200000,0x000000d8ef300000)]
  0x000002a3dd66f000 JavaThread "Unconstrained build operations Thread 66" [_thread_blocked, id=19016, stack(0x000000d8ef300000,0x000000d8ef400000)]
  0x000002a3dd673000 JavaThread "Unconstrained build operations Thread 67" [_thread_blocked, id=33020, stack(0x000000d8ef400000,0x000000d8ef500000)]
  0x000002a3dd677000 JavaThread "Unconstrained build operations Thread 68" [_thread_blocked, id=22940, stack(0x000000d8ef500000,0x000000d8ef600000)]
  0x000002a3dd674000 JavaThread "Unconstrained build operations Thread 69" [_thread_blocked, id=33648, stack(0x000000d8ef600000,0x000000d8ef700000)]
  0x000002a3dd674800 JavaThread "Unconstrained build operations Thread 70" [_thread_blocked, id=3768, stack(0x000000d8ef700000,0x000000d8ef800000)]
  0x000002a3dd675800 JavaThread "Unconstrained build operations Thread 71" [_thread_blocked, id=33596, stack(0x000000d8ef800000,0x000000d8ef900000)]
  0x000002a3dd678000 JavaThread "Unconstrained build operations Thread 72" [_thread_blocked, id=34520, stack(0x000000d8ef900000,0x000000d8efa00000)]
  0x000002a3dd672000 JavaThread "Unconstrained build operations Thread 73" [_thread_blocked, id=24568, stack(0x000000d8efa00000,0x000000d8efb00000)]
  0x000002a3dd679000 JavaThread "Unconstrained build operations Thread 74" [_thread_blocked, id=24132, stack(0x000000d8efb00000,0x000000d8efc00000)]
  0x000002a3dd67a800 JavaThread "Unconstrained build operations Thread 75" [_thread_blocked, id=19396, stack(0x000000d8efc00000,0x000000d8efd00000)]
  0x000002a3dd676800 JavaThread "Unconstrained build operations Thread 76" [_thread_blocked, id=35704, stack(0x000000d8efd00000,0x000000d8efe00000)]
  0x000002a3dd679800 JavaThread "Unconstrained build operations Thread 77" [_thread_blocked, id=18392, stack(0x000000d8efe00000,0x000000d8eff00000)]
  0x000002a3e27c9000 JavaThread "Unconstrained build operations Thread 78" [_thread_blocked, id=18088, stack(0x000000d8eff00000,0x000000d8f0000000)]
  0x000002a3e27cd000 JavaThread "Unconstrained build operations Thread 79" [_thread_blocked, id=24268, stack(0x000000d8f0000000,0x000000d8f0100000)]
  0x000002a3e27c9800 JavaThread "Unconstrained build operations Thread 80" [_thread_blocked, id=33796, stack(0x000000d8f0100000,0x000000d8f0200000)]
  0x000002a3e27cc000 JavaThread "Unconstrained build operations Thread 81" [_thread_blocked, id=3208, stack(0x000000d8f0200000,0x000000d8f0300000)]
  0x000002a3e27c7000 JavaThread "Unconstrained build operations Thread 82" [_thread_blocked, id=34392, stack(0x000000d8f0300000,0x000000d8f0400000)]
  0x000002a3e27cd800 JavaThread "Unconstrained build operations Thread 83" [_thread_blocked, id=38944, stack(0x000000d8f0400000,0x000000d8f0500000)]
  0x000002a3e27ca800 JavaThread "Unconstrained build operations Thread 84" [_thread_blocked, id=31576, stack(0x000000d8f0500000,0x000000d8f0600000)]
  0x000002a3e27cb000 JavaThread "Unconstrained build operations Thread 85" [_thread_blocked, id=33508, stack(0x000000d8f0600000,0x000000d8f0700000)]
  0x000002a3e27c8000 JavaThread "Unconstrained build operations Thread 86" [_thread_blocked, id=21724, stack(0x000000d8f0700000,0x000000d8f0800000)]
  0x000002a3e27d2000 JavaThread "Unconstrained build operations Thread 87" [_thread_blocked, id=44624, stack(0x000000d8f0800000,0x000000d8f0900000)]
  0x000002a3e27cf800 JavaThread "Unconstrained build operations Thread 88" [_thread_blocked, id=11316, stack(0x000000d8f0900000,0x000000d8f0a00000)]
  0x000002a3e27d2800 JavaThread "Unconstrained build operations Thread 89" [_thread_blocked, id=21752, stack(0x000000d8f0a00000,0x000000d8f0b00000)]
  0x000002a3e27d0000 JavaThread "Unconstrained build operations Thread 90" [_thread_blocked, id=40104, stack(0x000000d8f0b00000,0x000000d8f0c00000)]
  0x000002a3e27d1000 JavaThread "Unconstrained build operations Thread 91" [_thread_blocked, id=32848, stack(0x000000d8f0c00000,0x000000d8f0d00000)]
  0x000002a3e27d3800 JavaThread "Unconstrained build operations Thread 92" [_thread_blocked, id=24684, stack(0x000000d8f0d00000,0x000000d8f0e00000)]
  0x000002a3e27d4000 JavaThread "Unconstrained build operations Thread 93" [_thread_blocked, id=43688, stack(0x000000d8f0e00000,0x000000d8f0f00000)]
  0x000002a3e27ce800 JavaThread "Unconstrained build operations Thread 94" [_thread_blocked, id=14444, stack(0x000000d8f0f00000,0x000000d8f1000000)]
  0x000002a3e27d5000 JavaThread "Unconstrained build operations Thread 95" [_thread_blocked, id=31612, stack(0x000000d8f1000000,0x000000d8f1100000)]
  0x000002a3e27d6000 JavaThread "Unconstrained build operations Thread 96" [_thread_blocked, id=28964, stack(0x000000d8f1100000,0x000000d8f1200000)]
  0x000002a3df2ba000 JavaThread "Unconstrained build operations Thread 97" [_thread_blocked, id=23560, stack(0x000000d8f1200000,0x000000d8f1300000)]
  0x000002a3df2be000 JavaThread "Unconstrained build operations Thread 98" [_thread_blocked, id=31176, stack(0x000000d8f1300000,0x000000d8f1400000)]
  0x000002a3df2ba800 JavaThread "Unconstrained build operations Thread 99" [_thread_blocked, id=9996, stack(0x000000d8f1400000,0x000000d8f1500000)]
  0x000002a3df2bb800 JavaThread "Unconstrained build operations Thread 100" [_thread_blocked, id=25680, stack(0x000000d8f1500000,0x000000d8f1600000)]
  0x000002a3df2bc800 JavaThread "Unconstrained build operations Thread 101" [_thread_blocked, id=31280, stack(0x000000d8f1600000,0x000000d8f1700000)]
  0x000002a3df2bd000 JavaThread "Unconstrained build operations Thread 102" [_thread_blocked, id=17704, stack(0x000000d8f1700000,0x000000d8f1800000)]
  0x000002a3df2b8000 JavaThread "Unconstrained build operations Thread 103" [_thread_blocked, id=44808, stack(0x000000d8f1800000,0x000000d8f1900000)]
  0x000002a3df2bf000 JavaThread "Unconstrained build operations Thread 104" [_thread_blocked, id=44812, stack(0x000000d8f1900000,0x000000d8f1a00000)]
  0x000002a3df2b9000 JavaThread "Unconstrained build operations Thread 105" [_thread_blocked, id=43144, stack(0x000000d8f1a00000,0x000000d8f1b00000)]
  0x000002a3df2c3800 JavaThread "Unconstrained build operations Thread 106" [_thread_blocked, id=17096, stack(0x000000d8f1b00000,0x000000d8f1c00000)]
  0x000002a3df2c4800 JavaThread "Unconstrained build operations Thread 107" [_thread_blocked, id=3916, stack(0x000000d8f1c00000,0x000000d8f1d00000)]
  0x000002a3df2c2000 JavaThread "Unconstrained build operations Thread 108" [_thread_blocked, id=10508, stack(0x000000d8f1d00000,0x000000d8f1e00000)]
  0x000002a3df2c3000 JavaThread "Unconstrained build operations Thread 109" [_thread_blocked, id=17120, stack(0x000000d8f1e00000,0x000000d8f1f00000)]
  0x000002a3df2c5800 JavaThread "Unconstrained build operations Thread 110" [_thread_blocked, id=5800, stack(0x000000d8f1f00000,0x000000d8f2000000)]
  0x000002a3df2bf800 JavaThread "Unconstrained build operations Thread 111" [_thread_blocked, id=34716, stack(0x000000d8f2000000,0x000000d8f2100000)]
  0x000002a3df2c1000 JavaThread "Unconstrained build operations Thread 112" [_thread_blocked, id=14120, stack(0x000000d8f2100000,0x000000d8f2200000)]
  0x000002a3df2c6000 JavaThread "Unconstrained build operations Thread 113" [_thread_blocked, id=3536, stack(0x000000d8f2200000,0x000000d8f2300000)]
  0x000002a3df2c0800 JavaThread "Unconstrained build operations Thread 114" [_thread_blocked, id=20908, stack(0x000000d8f2300000,0x000000d8f2400000)]
  0x000002a3df2c7000 JavaThread "Unconstrained build operations Thread 115" [_thread_blocked, id=37340, stack(0x000000d8f2400000,0x000000d8f2500000)]
  0x000002a3e0a2d000 JavaThread "Unconstrained build operations Thread 116" [_thread_blocked, id=27548, stack(0x000000d8f2500000,0x000000d8f2600000)]
  0x000002a3e0a32000 JavaThread "Unconstrained build operations Thread 117" [_thread_blocked, id=28156, stack(0x000000d8f2600000,0x000000d8f2700000)]
  0x000002a3e0a32800 JavaThread "Unconstrained build operations Thread 118" [_thread_blocked, id=44084, stack(0x000000d8f2700000,0x000000d8f2800000)]
  0x000002a3e0a33800 JavaThread "Unconstrained build operations Thread 119" [_thread_blocked, id=7404, stack(0x000000d8f2800000,0x000000d8f2900000)]
  0x000002a3e0a2f800 JavaThread "Unconstrained build operations Thread 120" [_thread_blocked, id=37960, stack(0x000000d8f2900000,0x000000d8f2a00000)]

Other Threads:
  0x000002a3dbc72000 VMThread "VM Thread" [stack: 0x000000d8e6c00000,0x000000d8e6d00000] [id=38368]
  0x000002a3dc69f000 WatcherThread [stack: 0x000000d8e7600000,0x000000d8e7700000] [id=36112]
  0x000002a3bd7bd000 GCTaskThread "GC Thread#0" [stack: 0x000000d8e6700000,0x000000d8e6800000] [id=16232]
  0x000002a3dd67f000 GCTaskThread "GC Thread#1" [stack: 0x000000d8e7700000,0x000000d8e7800000] [id=9816]
  0x000002a3dd259000 GCTaskThread "GC Thread#2" [stack: 0x000000d8e7800000,0x000000d8e7900000] [id=28520]
  0x000002a3dd69b800 GCTaskThread "GC Thread#3" [stack: 0x000000d8e7900000,0x000000d8e7a00000] [id=20964]
  0x000002a3dd337000 GCTaskThread "GC Thread#4" [stack: 0x000000d8e7a00000,0x000000d8e7b00000] [id=11140]
  0x000002a3dce1c800 GCTaskThread "GC Thread#5" [stack: 0x000000d8e8800000,0x000000d8e8900000] [id=12616]
  0x000002a3de6a1000 GCTaskThread "GC Thread#6" [stack: 0x000000d8e8900000,0x000000d8e8a00000] [id=10280]
  0x000002a3de835000 GCTaskThread "GC Thread#7" [stack: 0x000000d8e8a00000,0x000000d8e8b00000] [id=14612]
  0x000002a3de74f800 GCTaskThread "GC Thread#8" [stack: 0x000000d8e8b00000,0x000000d8e8c00000] [id=38048]
  0x000002a3de750000 GCTaskThread "GC Thread#9" [stack: 0x000000d8e8c00000,0x000000d8e8d00000] [id=36428]
  0x000002a3bd7ef000 ConcurrentGCThread "G1 Main Marker" [stack: 0x000000d8e6800000,0x000000d8e6900000] [id=9096]
  0x000002a3bd7f0800 ConcurrentGCThread "G1 Conc#0" [stack: 0x000000d8e6900000,0x000000d8e6a00000] [id=26048]
  0x000002a3dd36c800 ConcurrentGCThread "G1 Conc#1" [stack: 0x000000d8e8d00000,0x000000d8e8e00000] [id=8056]
  0x000002a3dcf0a000 ConcurrentGCThread "G1 Conc#2" [stack: 0x000000d8e8e00000,0x000000d8e8f00000] [id=13152]
  0x000002a3dbb02800 ConcurrentGCThread "G1 Refine#0" [stack: 0x000000d8e6a00000,0x000000d8e6b00000] [id=37852]
  0x000002a3e0b54800 ConcurrentGCThread "G1 Refine#1" [stack: 0x000000d8ebf00000,0x000000d8ec000000] [id=18704]
  0x000002a3dbb03800 ConcurrentGCThread "G1 Young RemSet Sampling" [stack: 0x000000d8e6b00000,0x000000d8e6c00000] [id=30048]

Threads with active compile tasks:
C2 CompilerThread0   548647 12554       4       org.gradle.internal.operations.DefaultBuildOperationRunner::execute (147 bytes)

VM state:not at safepoint (normal execution)

VM Mutex/Monitor currently owned by a thread: None

Heap address: 0x0000000080000000, size: 2048 MB, Compressed Oops mode: 32-bit
Narrow klass base: 0x0000000000000000, Narrow klass shift: 3
Compressed class space size: 528482304 Address: 0x0000000100000000

Heap:
 garbage-first heap   total 227328K, used 132888K [0x0000000080000000, 0x0000000100000000)
  region size 1024K, 8 young (8192K), 7 survivors (7168K)
 Metaspace       used 101618K, capacity 105076K, committed 105156K, reserved 608256K
  class space    used 13450K, capacity 14847K, committed 14848K, reserved 516096K
Heap Regions: E=young(eden), S=young(survivor), O=old, HS=humongous(starts), HC=humongous(continues), CS=collection set, F=free, A=archive, TAMS=top-at-mark-start (previous, next)
|   0|0x0000000080000000, 0x0000000080100000, 0x0000000080100000|100%|HS|  |TAMS 0x0000000080100000, 0x0000000080000000| Complete 
|   1|0x0000000080100000, 0x0000000080200000, 0x0000000080200000|100%|HC|  |TAMS 0x0000000080200000, 0x0000000080100000| Complete 
|   2|0x0000000080200000, 0x0000000080300000, 0x0000000080300000|100%|HC|  |TAMS 0x0000000080300000, 0x0000000080200000| Complete 
|   3|0x0000000080300000, 0x0000000080400000, 0x0000000080400000|100%|HC|  |TAMS 0x0000000080400000, 0x0000000080300000| Complete 
|   4|0x0000000080400000, 0x0000000080500000, 0x0000000080500000|100%| O|  |TAMS 0x0000000080500000, 0x0000000080400000| Untracked 
|   5|0x0000000080500000, 0x0000000080600000, 0x0000000080600000|100%| O|  |TAMS 0x0000000080600000, 0x0000000080500000| Untracked 
|   6|0x0000000080600000, 0x0000000080700000, 0x0000000080700000|100%| O|  |TAMS 0x0000000080700000, 0x0000000080600000| Untracked 
|   7|0x0000000080700000, 0x0000000080800000, 0x0000000080800000|100%| O|  |TAMS 0x0000000080800000, 0x0000000080700000| Untracked 
|   8|0x0000000080800000, 0x0000000080900000, 0x0000000080900000|100%| O|  |TAMS 0x0000000080900000, 0x0000000080800000| Untracked 
|   9|0x0000000080900000, 0x0000000080a00000, 0x0000000080a00000|100%| O|  |TAMS 0x0000000080a00000, 0x0000000080900000| Untracked 
|  10|0x0000000080a00000, 0x0000000080b00000, 0x0000000080b00000|100%| O|  |TAMS 0x0000000080b00000, 0x0000000080a00000| Untracked 
|  11|0x0000000080b00000, 0x0000000080c00000, 0x0000000080c00000|100%| O|  |TAMS 0x0000000080c00000, 0x0000000080b00000| Untracked 
|  12|0x0000000080c00000, 0x0000000080d00000, 0x0000000080d00000|100%| O|  |TAMS 0x0000000080d00000, 0x0000000080c00000| Untracked 
|  13|0x0000000080d00000, 0x0000000080e00000, 0x0000000080e00000|100%| O|  |TAMS 0x0000000080e00000, 0x0000000080d00000| Untracked 
|  14|0x0000000080e00000, 0x0000000080f00000, 0x0000000080f00000|100%| O|  |TAMS 0x0000000080f00000, 0x0000000080e00000| Untracked 
|  15|0x0000000080f00000, 0x0000000081000000, 0x0000000081000000|100%| O|  |TAMS 0x0000000081000000, 0x0000000080f00000| Untracked 
|  16|0x0000000081000000, 0x0000000081100000, 0x0000000081100000|100%| O|  |TAMS 0x0000000081100000, 0x0000000081000000| Untracked 
|  17|0x0000000081100000, 0x0000000081200000, 0x0000000081200000|100%| O|  |TAMS 0x0000000081200000, 0x0000000081100000| Untracked 
|  18|0x0000000081200000, 0x0000000081300000, 0x0000000081300000|100%| O|  |TAMS 0x0000000081300000, 0x0000000081200000| Untracked 
|  19|0x0000000081300000, 0x0000000081400000, 0x0000000081400000|100%| O|  |TAMS 0x0000000081400000, 0x0000000081300000| Untracked 
|  20|0x0000000081400000, 0x0000000081500000, 0x0000000081500000|100%| O|  |TAMS 0x0000000081500000, 0x0000000081400000| Untracked 
|  21|0x0000000081500000, 0x0000000081600000, 0x0000000081600000|100%| O|  |TAMS 0x0000000081600000, 0x0000000081500000| Untracked 
|  22|0x0000000081600000, 0x0000000081700000, 0x0000000081700000|100%| O|  |TAMS 0x0000000081700000, 0x0000000081600000| Untracked 
|  23|0x0000000081700000, 0x0000000081800000, 0x0000000081800000|100%| O|  |TAMS 0x0000000081800000, 0x0000000081700000| Untracked 
|  24|0x0000000081800000, 0x0000000081900000, 0x0000000081900000|100%|HS|  |TAMS 0x0000000081900000, 0x0000000081800000| Complete 
|  25|0x0000000081900000, 0x0000000081a00000, 0x0000000081a00000|100%|HC|  |TAMS 0x0000000081a00000, 0x0000000081900000| Complete 
|  26|0x0000000081a00000, 0x0000000081b00000, 0x0000000081b00000|100%|HS|  |TAMS 0x0000000081b00000, 0x0000000081a00000| Complete 
|  27|0x0000000081b00000, 0x0000000081c00000, 0x0000000081c00000|100%|HC|  |TAMS 0x0000000081c00000, 0x0000000081b00000| Complete 
|  28|0x0000000081c00000, 0x0000000081d00000, 0x0000000081d00000|100%|HC|  |TAMS 0x0000000081d00000, 0x0000000081c00000| Complete 
|  29|0x0000000081d00000, 0x0000000081e00000, 0x0000000081e00000|100%|HC|  |TAMS 0x0000000081e00000, 0x0000000081d00000| Complete 
|  30|0x0000000081e00000, 0x0000000081f00000, 0x0000000081f00000|100%| O|  |TAMS 0x0000000081f00000, 0x0000000081e00000| Untracked 
|  31|0x0000000081f00000, 0x0000000082000000, 0x0000000082000000|100%| O|  |TAMS 0x0000000082000000, 0x0000000081f00000| Untracked 
|  32|0x0000000082000000, 0x0000000082100000, 0x0000000082100000|100%| O|  |TAMS 0x0000000082100000, 0x0000000082000000| Untracked 
|  33|0x0000000082100000, 0x0000000082200000, 0x0000000082200000|100%| O|  |TAMS 0x0000000082200000, 0x0000000082100000| Untracked 
|  34|0x0000000082200000, 0x0000000082300000, 0x0000000082300000|100%| O|  |TAMS 0x0000000082300000, 0x0000000082200000| Untracked 
|  35|0x0000000082300000, 0x0000000082400000, 0x0000000082400000|100%| O|  |TAMS 0x0000000082400000, 0x0000000082300000| Untracked 
|  36|0x0000000082400000, 0x0000000082500000, 0x0000000082500000|100%| O|  |TAMS 0x0000000082500000, 0x0000000082400000| Untracked 
|  37|0x0000000082500000, 0x0000000082600000, 0x0000000082600000|100%| O|  |TAMS 0x0000000082600000, 0x0000000082500000| Untracked 
|  38|0x0000000082600000, 0x0000000082700000, 0x0000000082700000|100%| O|  |TAMS 0x0000000082700000, 0x0000000082600000| Untracked 
|  39|0x0000000082700000, 0x0000000082800000, 0x0000000082800000|100%| O|  |TAMS 0x0000000082800000, 0x0000000082700000| Untracked 
|  40|0x0000000082800000, 0x0000000082900000, 0x0000000082900000|100%| O|  |TAMS 0x0000000082900000, 0x0000000082800000| Untracked 
|  41|0x0000000082900000, 0x0000000082a00000, 0x0000000082a00000|100%| O|  |TAMS 0x0000000082a00000, 0x0000000082900000| Untracked 
|  42|0x0000000082a00000, 0x0000000082b00000, 0x0000000082b00000|100%| O|  |TAMS 0x0000000082b00000, 0x0000000082a00000| Untracked 
|  43|0x0000000082b00000, 0x0000000082c00000, 0x0000000082c00000|100%|HS|  |TAMS 0x0000000082c00000, 0x0000000082b00000| Complete 
|  44|0x0000000082c00000, 0x0000000082d00000, 0x0000000082d00000|100%|HS|  |TAMS 0x0000000082d00000, 0x0000000082c00000| Complete 
|  45|0x0000000082d00000, 0x0000000082e00000, 0x0000000082e00000|100%|HS|  |TAMS 0x0000000082e00000, 0x0000000082d00000| Complete 
|  46|0x0000000082e00000, 0x0000000082f00000, 0x0000000082f00000|100%| O|  |TAMS 0x0000000082f00000, 0x0000000082e00000| Untracked 
|  47|0x0000000082f00000, 0x0000000083000000, 0x0000000083000000|100%| O|  |TAMS 0x0000000083000000, 0x0000000082f00000| Untracked 
|  48|0x0000000083000000, 0x0000000083100000, 0x0000000083100000|100%| O|  |TAMS 0x0000000083100000, 0x0000000083000000| Untracked 
|  49|0x0000000083100000, 0x0000000083200000, 0x0000000083200000|100%| O|  |TAMS 0x0000000083200000, 0x0000000083100000| Untracked 
|  50|0x0000000083200000, 0x0000000083300000, 0x0000000083300000|100%| O|  |TAMS 0x0000000083300000, 0x0000000083200000| Untracked 
|  51|0x0000000083300000, 0x0000000083400000, 0x0000000083400000|100%| O|  |TAMS 0x0000000083400000, 0x0000000083300000| Untracked 
|  52|0x0000000083400000, 0x0000000083500000, 0x0000000083500000|100%| O|  |TAMS 0x0000000083500000, 0x0000000083400000| Untracked 
|  53|0x0000000083500000, 0x0000000083600000, 0x0000000083600000|100%| O|  |TAMS 0x0000000083600000, 0x0000000083500000| Untracked 
|  54|0x0000000083600000, 0x0000000083700000, 0x0000000083700000|100%| O|  |TAMS 0x0000000083700000, 0x0000000083600000| Untracked 
|  55|0x0000000083700000, 0x0000000083800000, 0x0000000083800000|100%| O|  |TAMS 0x0000000083800000, 0x0000000083700000| Untracked 
|  56|0x0000000083800000, 0x0000000083900000, 0x0000000083900000|100%| O|  |TAMS 0x0000000083900000, 0x0000000083800000| Untracked 
|  57|0x0000000083900000, 0x0000000083a00000, 0x0000000083a00000|100%| O|  |TAMS 0x0000000083a00000, 0x0000000083900000| Untracked 
|  58|0x0000000083a00000, 0x0000000083b00000, 0x0000000083b00000|100%| O|  |TAMS 0x0000000083b00000, 0x0000000083a00000| Untracked 
|  59|0x0000000083b00000, 0x0000000083c00000, 0x0000000083c00000|100%| O|  |TAMS 0x0000000083c00000, 0x0000000083b00000| Untracked 
|  60|0x0000000083c00000, 0x0000000083d00000, 0x0000000083d00000|100%| O|  |TAMS 0x0000000083d00000, 0x0000000083c00000| Untracked 
|  61|0x0000000083d00000, 0x0000000083e00000, 0x0000000083e00000|100%| O|  |TAMS 0x0000000083e00000, 0x0000000083d00000| Untracked 
|  62|0x0000000083e00000, 0x0000000083f00000, 0x0000000083f00000|100%| O|  |TAMS 0x0000000083f00000, 0x0000000083e00000| Untracked 
|  63|0x0000000083f00000, 0x0000000084000000, 0x0000000084000000|100%| O|  |TAMS 0x0000000084000000, 0x0000000083f00000| Untracked 
|  64|0x0000000084000000, 0x0000000084100000, 0x0000000084100000|100%| O|  |TAMS 0x0000000084100000, 0x0000000084000000| Untracked 
|  65|0x0000000084100000, 0x0000000084200000, 0x0000000084200000|100%| O|  |TAMS 0x0000000084200000, 0x0000000084100000| Untracked 
|  66|0x0000000084200000, 0x0000000084300000, 0x0000000084300000|100%| O|  |TAMS 0x0000000084300000, 0x0000000084200000| Untracked 
|  67|0x0000000084300000, 0x0000000084400000, 0x0000000084400000|100%| O|  |TAMS 0x0000000084400000, 0x0000000084300000| Untracked 
|  68|0x0000000084400000, 0x0000000084500000, 0x0000000084500000|100%| O|  |TAMS 0x0000000084500000, 0x0000000084400000| Untracked 
|  69|0x0000000084500000, 0x0000000084600000, 0x0000000084600000|100%| O|  |TAMS 0x0000000084600000, 0x0000000084500000| Untracked 
|  70|0x0000000084600000, 0x0000000084700000, 0x0000000084700000|100%|HS|  |TAMS 0x0000000084700000, 0x0000000084600000| Complete 
|  71|0x0000000084700000, 0x0000000084800000, 0x0000000084800000|100%|HS|  |TAMS 0x0000000084800000, 0x0000000084700000| Complete 
|  72|0x0000000084800000, 0x0000000084900000, 0x0000000084900000|100%|HS|  |TAMS 0x0000000084900000, 0x0000000084800000| Complete 
|  73|0x0000000084900000, 0x0000000084a00000, 0x0000000084a00000|100%|HC|  |TAMS 0x0000000084a00000, 0x0000000084900000| Complete 
|  74|0x0000000084a00000, 0x0000000084b00000, 0x0000000084b00000|100%|HC|  |TAMS 0x0000000084b00000, 0x0000000084a00000| Complete 
|  75|0x0000000084b00000, 0x0000000084c00000, 0x0000000084c00000|100%|HS|  |TAMS 0x0000000084c00000, 0x0000000084b00000| Complete 
|  76|0x0000000084c00000, 0x0000000084d00000, 0x0000000084d00000|100%|HC|  |TAMS 0x0000000084d00000, 0x0000000084c00000| Complete 
|  77|0x0000000084d00000, 0x0000000084e00000, 0x0000000084e00000|100%| O|  |TAMS 0x0000000084e00000, 0x0000000084d00000| Untracked 
|  78|0x0000000084e00000, 0x0000000084f00000, 0x0000000084f00000|100%| O|  |TAMS 0x0000000084f00000, 0x0000000084e00000| Untracked 
|  79|0x0000000084f00000, 0x0000000085000000, 0x0000000085000000|100%| O|  |TAMS 0x0000000085000000, 0x0000000084f00000| Untracked 
|  80|0x0000000085000000, 0x0000000085100000, 0x0000000085100000|100%| O|  |TAMS 0x0000000085100000, 0x0000000085000000| Untracked 
|  81|0x0000000085100000, 0x0000000085200000, 0x0000000085200000|100%| O|  |TAMS 0x0000000085200000, 0x0000000085100000| Untracked 
|  82|0x0000000085200000, 0x0000000085300000, 0x0000000085300000|100%| O|  |TAMS 0x0000000085300000, 0x0000000085200000| Untracked 
|  83|0x0000000085300000, 0x0000000085400000, 0x0000000085400000|100%| O|  |TAMS 0x0000000085400000, 0x0000000085300000| Untracked 
|  84|0x0000000085400000, 0x0000000085500000, 0x0000000085500000|100%| O|  |TAMS 0x0000000085500000, 0x0000000085400000| Untracked 
|  85|0x0000000085500000, 0x0000000085600000, 0x0000000085600000|100%| O|  |TAMS 0x0000000085600000, 0x0000000085500000| Untracked 
|  86|0x0000000085600000, 0x0000000085700000, 0x0000000085700000|100%| O|  |TAMS 0x0000000085700000, 0x0000000085600000| Untracked 
|  87|0x0000000085700000, 0x0000000085800000, 0x0000000085800000|100%| O|  |TAMS 0x0000000085800000, 0x0000000085700000| Untracked 
|  88|0x0000000085800000, 0x0000000085900000, 0x0000000085900000|100%|HS|  |TAMS 0x0000000085900000, 0x0000000085800000| Complete 
|  89|0x0000000085900000, 0x0000000085a00000, 0x0000000085a00000|100%|HS|  |TAMS 0x0000000085a00000, 0x0000000085900000| Complete 
|  90|0x0000000085a00000, 0x0000000085b00000, 0x0000000085b00000|100%|HS|  |TAMS 0x0000000085b00000, 0x0000000085a00000| Complete 
|  91|0x0000000085b00000, 0x0000000085c00000, 0x0000000085c00000|100%|HS|  |TAMS 0x0000000085c00000, 0x0000000085b00000| Complete 
|  92|0x0000000085c00000, 0x0000000085d00000, 0x0000000085d00000|100%|HC|  |TAMS 0x0000000085d00000, 0x0000000085c00000| Complete 
|  93|0x0000000085d00000, 0x0000000085e00000, 0x0000000085e00000|100%|HC|  |TAMS 0x0000000085e00000, 0x0000000085d00000| Complete 
|  94|0x0000000085e00000, 0x0000000085f00000, 0x0000000085f00000|100%| O|  |TAMS 0x0000000085f00000, 0x0000000085e00000| Untracked 
|  95|0x0000000085f00000, 0x0000000086000000, 0x0000000086000000|100%| O|  |TAMS 0x0000000086000000, 0x0000000085f00000| Untracked 
|  96|0x0000000086000000, 0x0000000086100000, 0x0000000086100000|100%| O|  |TAMS 0x0000000086100000, 0x0000000086000000| Untracked 
|  97|0x0000000086100000, 0x0000000086200000, 0x0000000086200000|100%| O|  |TAMS 0x0000000086200000, 0x0000000086100000| Untracked 
|  98|0x0000000086200000, 0x0000000086300000, 0x0000000086300000|100%| O|  |TAMS 0x0000000086300000, 0x0000000086200000| Untracked 
|  99|0x0000000086300000, 0x0000000086400000, 0x0000000086400000|100%| O|  |TAMS 0x0000000086400000, 0x0000000086300000| Untracked 
| 100|0x0000000086400000, 0x0000000086500000, 0x0000000086500000|100%| O|  |TAMS 0x0000000086500000, 0x0000000086400000| Untracked 
| 101|0x0000000086500000, 0x0000000086600000, 0x0000000086600000|100%| O|  |TAMS 0x0000000086600000, 0x0000000086500000| Untracked 
| 102|0x0000000086600000, 0x0000000086700000, 0x0000000086700000|100%| O|  |TAMS 0x0000000086700000, 0x0000000086600000| Untracked 
| 103|0x0000000086700000, 0x0000000086800000, 0x0000000086800000|100%| O|  |TAMS 0x0000000086800000, 0x0000000086700000| Untracked 
| 104|0x0000000086800000, 0x0000000086900000, 0x0000000086900000|100%| O|  |TAMS 0x0000000086900000, 0x0000000086800000| Untracked 
| 105|0x0000000086900000, 0x0000000086a00000, 0x0000000086a00000|100%| O|  |TAMS 0x0000000086a00000, 0x0000000086900000| Untracked 
| 106|0x0000000086a00000, 0x0000000086b00000, 0x0000000086b00000|100%| O|  |TAMS 0x0000000086b00000, 0x0000000086a00000| Untracked 
| 107|0x0000000086b00000, 0x0000000086c00000, 0x0000000086c00000|100%| O|  |TAMS 0x0000000086c00000, 0x0000000086b00000| Untracked 
| 108|0x0000000086c00000, 0x0000000086d00000, 0x0000000086d00000|100%| O|  |TAMS 0x0000000086d00000, 0x0000000086c00000| Untracked 
| 109|0x0000000086d00000, 0x0000000086e00000, 0x0000000086e00000|100%| O|  |TAMS 0x0000000086e00000, 0x0000000086d00000| Untracked 
| 110|0x0000000086e00000, 0x0000000086f00000, 0x0000000086f00000|100%| O|  |TAMS 0x0000000086f00000, 0x0000000086e00000| Untracked 
| 111|0x0000000086f00000, 0x0000000087000000, 0x0000000087000000|100%| O|  |TAMS 0x0000000087000000, 0x0000000086f00000| Untracked 
| 112|0x0000000087000000, 0x0000000087100000, 0x0000000087100000|100%| O|  |TAMS 0x0000000087100000, 0x0000000087000000| Untracked 
| 113|0x0000000087100000, 0x0000000087200000, 0x0000000087200000|100%| O|  |TAMS 0x0000000087200000, 0x0000000087100000| Untracked 
| 114|0x0000000087200000, 0x0000000087300000, 0x0000000087300000|100%| O|  |TAMS 0x00000000872e2800, 0x0000000087200000| Untracked 
| 115|0x0000000087300000, 0x0000000087400000, 0x0000000087400000|100%|HS|  |TAMS 0x0000000087300000, 0x0000000087300000| Complete 
| 116|0x0000000087400000, 0x0000000087500000, 0x0000000087500000|100%| O|  |TAMS 0x0000000087500000, 0x0000000087400000| Untracked 
| 117|0x0000000087500000, 0x0000000087600000, 0x0000000087600000|100%| O|  |TAMS 0x0000000087600000, 0x0000000087500000| Untracked 
| 118|0x0000000087600000, 0x0000000087700000, 0x0000000087700000|100%| O|  |TAMS 0x0000000087700000, 0x0000000087600000| Untracked 
| 119|0x0000000087700000, 0x0000000087800000, 0x0000000087800000|100%| O|  |TAMS 0x0000000087800000, 0x0000000087700000| Untracked 
| 120|0x0000000087800000, 0x0000000087900000, 0x0000000087900000|100%| O|  |TAMS 0x0000000087800000, 0x0000000087800000| Untracked 
| 121|0x0000000087900000, 0x0000000087a00000, 0x0000000087a00000|100%| O|  |TAMS 0x0000000087900000, 0x0000000087900000| Untracked 
| 122|0x0000000087a00000, 0x0000000087ac6200, 0x0000000087b00000| 77%| O|  |TAMS 0x0000000087a00000, 0x0000000087a00000| Untracked 
| 123|0x0000000087b00000, 0x0000000087b00000, 0x0000000087c00000|  0%| F|  |TAMS 0x0000000087b00000, 0x0000000087b00000| Untracked 
| 124|0x0000000087c00000, 0x0000000087c00000, 0x0000000087d00000|  0%| F|  |TAMS 0x0000000087c00000, 0x0000000087c00000| Untracked 
| 125|0x0000000087d00000, 0x0000000087d00000, 0x0000000087e00000|  0%| F|  |TAMS 0x0000000087d00000, 0x0000000087d00000| Untracked 
| 126|0x0000000087e00000, 0x0000000087e00000, 0x0000000087f00000|  0%| F|  |TAMS 0x0000000087e00000, 0x0000000087e00000| Untracked 
| 127|0x0000000087f00000, 0x0000000087f00000, 0x0000000088000000|  0%| F|  |TAMS 0x0000000087f00000, 0x0000000087f00000| Untracked 
| 128|0x0000000088000000, 0x0000000088000000, 0x0000000088100000|  0%| F|  |TAMS 0x0000000088000000, 0x0000000088000000| Untracked 
| 129|0x0000000088100000, 0x0000000088100000, 0x0000000088200000|  0%| F|  |TAMS 0x0000000088100000, 0x0000000088100000| Untracked 
| 130|0x0000000088200000, 0x0000000088200000, 0x0000000088300000|  0%| F|  |TAMS 0x0000000088200000, 0x0000000088200000| Untracked 
| 131|0x0000000088300000, 0x0000000088300000, 0x0000000088400000|  0%| F|  |TAMS 0x0000000088300000, 0x0000000088300000| Untracked 
| 132|0x0000000088400000, 0x0000000088400000, 0x0000000088500000|  0%| F|  |TAMS 0x0000000088400000, 0x0000000088400000| Untracked 
| 133|0x0000000088500000, 0x0000000088500000, 0x0000000088600000|  0%| F|  |TAMS 0x0000000088500000, 0x0000000088500000| Untracked 
| 134|0x0000000088600000, 0x0000000088600000, 0x0000000088700000|  0%| F|  |TAMS 0x0000000088600000, 0x0000000088600000| Untracked 
| 135|0x0000000088700000, 0x0000000088700000, 0x0000000088800000|  0%| F|  |TAMS 0x0000000088700000, 0x0000000088700000| Untracked 
| 136|0x0000000088800000, 0x0000000088800000, 0x0000000088900000|  0%| F|  |TAMS 0x0000000088800000, 0x0000000088800000| Untracked 
| 137|0x0000000088900000, 0x0000000088900000, 0x0000000088a00000|  0%| F|  |TAMS 0x0000000088900000, 0x0000000088900000| Untracked 
| 138|0x0000000088a00000, 0x0000000088a00000, 0x0000000088b00000|  0%| F|  |TAMS 0x0000000088a00000, 0x0000000088a00000| Untracked 
| 139|0x0000000088b00000, 0x0000000088b00000, 0x0000000088c00000|  0%| F|  |TAMS 0x0000000088b00000, 0x0000000088b00000| Untracked 
| 140|0x0000000088c00000, 0x0000000088c00000, 0x0000000088d00000|  0%| F|  |TAMS 0x0000000088c00000, 0x0000000088c00000| Untracked 
| 141|0x0000000088d00000, 0x0000000088d00000, 0x0000000088e00000|  0%| F|  |TAMS 0x0000000088d00000, 0x0000000088d00000| Untracked 
| 142|0x0000000088e00000, 0x0000000088e00000, 0x0000000088f00000|  0%| F|  |TAMS 0x0000000088e00000, 0x0000000088e00000| Untracked 
| 143|0x0000000088f00000, 0x0000000088f00000, 0x0000000089000000|  0%| F|  |TAMS 0x0000000088f00000, 0x0000000088f00000| Untracked 
| 144|0x0000000089000000, 0x0000000089000000, 0x0000000089100000|  0%| F|  |TAMS 0x0000000089000000, 0x0000000089000000| Untracked 
| 145|0x0000000089100000, 0x0000000089100000, 0x0000000089200000|  0%| F|  |TAMS 0x0000000089100000, 0x0000000089100000| Untracked 
| 146|0x0000000089200000, 0x0000000089200000, 0x0000000089300000|  0%| F|  |TAMS 0x0000000089200000, 0x0000000089200000| Untracked 
| 147|0x0000000089300000, 0x0000000089300000, 0x0000000089400000|  0%| F|  |TAMS 0x0000000089300000, 0x0000000089300000| Untracked 
| 148|0x0000000089400000, 0x0000000089400000, 0x0000000089500000|  0%| F|  |TAMS 0x0000000089400000, 0x0000000089400000| Untracked 
| 149|0x0000000089500000, 0x0000000089500000, 0x0000000089600000|  0%| F|  |TAMS 0x0000000089500000, 0x0000000089500000| Untracked 
| 150|0x0000000089600000, 0x0000000089600000, 0x0000000089700000|  0%| F|  |TAMS 0x0000000089600000, 0x0000000089600000| Untracked 
| 151|0x0000000089700000, 0x0000000089700000, 0x0000000089800000|  0%| F|  |TAMS 0x0000000089700000, 0x0000000089700000| Untracked 
| 152|0x0000000089800000, 0x0000000089800000, 0x0000000089900000|  0%| F|  |TAMS 0x0000000089800000, 0x0000000089800000| Untracked 
| 153|0x0000000089900000, 0x0000000089900000, 0x0000000089a00000|  0%| F|  |TAMS 0x0000000089900000, 0x0000000089900000| Untracked 
| 154|0x0000000089a00000, 0x0000000089a00000, 0x0000000089b00000|  0%| F|  |TAMS 0x0000000089a00000, 0x0000000089a00000| Untracked 
| 155|0x0000000089b00000, 0x0000000089b00000, 0x0000000089c00000|  0%| F|  |TAMS 0x0000000089b00000, 0x0000000089b00000| Untracked 
| 156|0x0000000089c00000, 0x0000000089c00000, 0x0000000089d00000|  0%| F|  |TAMS 0x0000000089c00000, 0x0000000089c00000| Untracked 
| 157|0x0000000089d00000, 0x0000000089d00000, 0x0000000089e00000|  0%| F|  |TAMS 0x0000000089d00000, 0x0000000089d00000| Untracked 
| 158|0x0000000089e00000, 0x0000000089e00000, 0x0000000089f00000|  0%| F|  |TAMS 0x0000000089e00000, 0x0000000089e00000| Untracked 
| 159|0x0000000089f00000, 0x000000008a000000, 0x000000008a000000|100%| S|CS|TAMS 0x0000000089f00000, 0x0000000089f00000| Complete 
| 160|0x000000008a000000, 0x000000008a100000, 0x000000008a100000|100%| S|CS|TAMS 0x000000008a000000, 0x000000008a000000| Complete 
| 161|0x000000008a100000, 0x000000008a200000, 0x000000008a200000|100%| S|CS|TAMS 0x000000008a100000, 0x000000008a100000| Complete 
| 162|0x000000008a200000, 0x000000008a300000, 0x000000008a300000|100%| S|CS|TAMS 0x000000008a200000, 0x000000008a200000| Complete 
| 163|0x000000008a300000, 0x000000008a400000, 0x000000008a400000|100%| S|CS|TAMS 0x000000008a300000, 0x000000008a300000| Complete 
| 164|0x000000008a400000, 0x000000008a500000, 0x000000008a500000|100%| S|CS|TAMS 0x000000008a400000, 0x000000008a400000| Complete 
| 165|0x000000008a500000, 0x000000008a600000, 0x000000008a600000|100%| S|CS|TAMS 0x000000008a500000, 0x000000008a500000| Complete 
| 166|0x000000008a600000, 0x000000008a600000, 0x000000008a700000|  0%| F|  |TAMS 0x000000008a600000, 0x000000008a600000| Untracked 
| 167|0x000000008a700000, 0x000000008a700000, 0x000000008a800000|  0%| F|  |TAMS 0x000000008a700000, 0x000000008a700000| Untracked 
| 168|0x000000008a800000, 0x000000008a800000, 0x000000008a900000|  0%| F|  |TAMS 0x000000008a800000, 0x000000008a800000| Untracked 
| 169|0x000000008a900000, 0x000000008a900000, 0x000000008aa00000|  0%| F|  |TAMS 0x000000008a900000, 0x000000008a900000| Untracked 
| 170|0x000000008aa00000, 0x000000008aa00000, 0x000000008ab00000|  0%| F|  |TAMS 0x000000008aa00000, 0x000000008aa00000| Untracked 
| 171|0x000000008ab00000, 0x000000008ab00000, 0x000000008ac00000|  0%| F|  |TAMS 0x000000008ab00000, 0x000000008ab00000| Untracked 
| 172|0x000000008ac00000, 0x000000008ac00000, 0x000000008ad00000|  0%| F|  |TAMS 0x000000008ac00000, 0x000000008ac00000| Untracked 
| 173|0x000000008ad00000, 0x000000008ad00000, 0x000000008ae00000|  0%| F|  |TAMS 0x000000008ad00000, 0x000000008ad00000| Untracked 
| 174|0x000000008ae00000, 0x000000008ae00000, 0x000000008af00000|  0%| F|  |TAMS 0x000000008ae00000, 0x000000008ae00000| Untracked 
| 175|0x000000008af00000, 0x000000008af00000, 0x000000008b000000|  0%| F|  |TAMS 0x000000008af00000, 0x000000008af00000| Untracked 
| 176|0x000000008b000000, 0x000000008b000000, 0x000000008b100000|  0%| F|  |TAMS 0x000000008b000000, 0x000000008b000000| Untracked 
| 177|0x000000008b100000, 0x000000008b100000, 0x000000008b200000|  0%| F|  |TAMS 0x000000008b100000, 0x000000008b100000| Untracked 
| 178|0x000000008b200000, 0x000000008b200000, 0x000000008b300000|  0%| F|  |TAMS 0x000000008b200000, 0x000000008b200000| Untracked 
| 179|0x000000008b300000, 0x000000008b300000, 0x000000008b400000|  0%| F|  |TAMS 0x000000008b300000, 0x000000008b300000| Untracked 
| 180|0x000000008b400000, 0x000000008b400000, 0x000000008b500000|  0%| F|  |TAMS 0x000000008b400000, 0x000000008b400000| Untracked 
| 181|0x000000008b500000, 0x000000008b500000, 0x000000008b600000|  0%| F|  |TAMS 0x000000008b500000, 0x000000008b500000| Untracked 
| 182|0x000000008b600000, 0x000000008b600000, 0x000000008b700000|  0%| F|  |TAMS 0x000000008b600000, 0x000000008b600000| Untracked 
| 183|0x000000008b700000, 0x000000008b700000, 0x000000008b800000|  0%| F|  |TAMS 0x000000008b700000, 0x000000008b700000| Untracked 
| 184|0x000000008b800000, 0x000000008b800000, 0x000000008b900000|  0%| F|  |TAMS 0x000000008b800000, 0x000000008b800000| Untracked 
| 185|0x000000008b900000, 0x000000008b900000, 0x000000008ba00000|  0%| F|  |TAMS 0x000000008b900000, 0x000000008b900000| Untracked 
| 186|0x000000008ba00000, 0x000000008ba00000, 0x000000008bb00000|  0%| F|  |TAMS 0x000000008ba00000, 0x000000008ba00000| Untracked 
| 187|0x000000008bb00000, 0x000000008bb00000, 0x000000008bc00000|  0%| F|  |TAMS 0x000000008bb00000, 0x000000008bb00000| Untracked 
| 188|0x000000008bc00000, 0x000000008bc00000, 0x000000008bd00000|  0%| F|  |TAMS 0x000000008bc00000, 0x000000008bc00000| Untracked 
| 189|0x000000008bd00000, 0x000000008bd00000, 0x000000008be00000|  0%| F|  |TAMS 0x000000008bd00000, 0x000000008bd00000| Untracked 
| 190|0x000000008be00000, 0x000000008be00000, 0x000000008bf00000|  0%| F|  |TAMS 0x000000008be00000, 0x000000008be00000| Untracked 
| 191|0x000000008bf00000, 0x000000008bf00000, 0x000000008c000000|  0%| F|  |TAMS 0x000000008bf00000, 0x000000008bf00000| Untracked 
| 192|0x000000008c000000, 0x000000008c000000, 0x000000008c100000|  0%| F|  |TAMS 0x000000008c000000, 0x000000008c000000| Untracked 
| 193|0x000000008c100000, 0x000000008c100000, 0x000000008c200000|  0%| F|  |TAMS 0x000000008c100000, 0x000000008c100000| Untracked 
| 194|0x000000008c200000, 0x000000008c200000, 0x000000008c300000|  0%| F|  |TAMS 0x000000008c200000, 0x000000008c200000| Untracked 
| 195|0x000000008c300000, 0x000000008c300000, 0x000000008c400000|  0%| F|  |TAMS 0x000000008c300000, 0x000000008c300000| Untracked 
| 196|0x000000008c400000, 0x000000008c400000, 0x000000008c500000|  0%| F|  |TAMS 0x000000008c400000, 0x000000008c400000| Untracked 
| 197|0x000000008c500000, 0x000000008c500000, 0x000000008c600000|  0%| F|  |TAMS 0x000000008c500000, 0x000000008c500000| Untracked 
| 198|0x000000008c600000, 0x000000008c600000, 0x000000008c700000|  0%| F|  |TAMS 0x000000008c600000, 0x000000008c600000| Untracked 
| 199|0x000000008c700000, 0x000000008c700000, 0x000000008c800000|  0%| F|  |TAMS 0x000000008c700000, 0x000000008c700000| Untracked 
| 200|0x000000008c800000, 0x000000008c800000, 0x000000008c900000|  0%| F|  |TAMS 0x000000008c800000, 0x000000008c800000| Untracked 
| 201|0x000000008c900000, 0x000000008c900000, 0x000000008ca00000|  0%| F|  |TAMS 0x000000008c900000, 0x000000008c900000| Untracked 
| 202|0x000000008ca00000, 0x000000008ca00000, 0x000000008cb00000|  0%| F|  |TAMS 0x000000008ca00000, 0x000000008ca00000| Untracked 
| 203|0x000000008cb00000, 0x000000008cb00000, 0x000000008cc00000|  0%| F|  |TAMS 0x000000008cb00000, 0x000000008cb00000| Untracked 
| 204|0x000000008cc00000, 0x000000008cc00000, 0x000000008cd00000|  0%| F|  |TAMS 0x000000008cc00000, 0x000000008cc00000| Untracked 
| 205|0x000000008cd00000, 0x000000008cd00000, 0x000000008ce00000|  0%| F|  |TAMS 0x000000008cd00000, 0x000000008cd00000| Untracked 
| 206|0x000000008ce00000, 0x000000008ce00000, 0x000000008cf00000|  0%| F|  |TAMS 0x000000008ce00000, 0x000000008ce00000| Untracked 
| 207|0x000000008cf00000, 0x000000008cf00000, 0x000000008d000000|  0%| F|  |TAMS 0x000000008cf00000, 0x000000008cf00000| Untracked 
| 208|0x000000008d000000, 0x000000008d000000, 0x000000008d100000|  0%| F|  |TAMS 0x000000008d000000, 0x000000008d000000| Untracked 
| 209|0x000000008d100000, 0x000000008d100000, 0x000000008d200000|  0%| F|  |TAMS 0x000000008d100000, 0x000000008d100000| Untracked 
| 210|0x000000008d200000, 0x000000008d200000, 0x000000008d300000|  0%| F|  |TAMS 0x000000008d200000, 0x000000008d200000| Untracked 
| 211|0x000000008d300000, 0x000000008d300000, 0x000000008d400000|  0%| F|  |TAMS 0x000000008d300000, 0x000000008d300000| Untracked 
| 212|0x000000008d400000, 0x000000008d400000, 0x000000008d500000|  0%| F|  |TAMS 0x000000008d400000, 0x000000008d400000| Untracked 
| 213|0x000000008d500000, 0x000000008d500000, 0x000000008d600000|  0%| F|  |TAMS 0x000000008d500000, 0x000000008d500000| Untracked 
| 214|0x000000008d600000, 0x000000008d600000, 0x000000008d700000|  0%| F|  |TAMS 0x000000008d600000, 0x000000008d600000| Untracked 
| 215|0x000000008d700000, 0x000000008d700000, 0x000000008d800000|  0%| F|  |TAMS 0x000000008d700000, 0x000000008d700000| Untracked 
| 216|0x000000008d800000, 0x000000008d800000, 0x000000008d900000|  0%| F|  |TAMS 0x000000008d800000, 0x000000008d800000| Untracked 
| 217|0x000000008d900000, 0x000000008d900000, 0x000000008da00000|  0%| F|  |TAMS 0x000000008d900000, 0x000000008d900000| Untracked 
| 218|0x000000008da00000, 0x000000008da00000, 0x000000008db00000|  0%| F|  |TAMS 0x000000008da00000, 0x000000008da00000| Untracked 
| 219|0x000000008db00000, 0x000000008db00000, 0x000000008dc00000|  0%| F|  |TAMS 0x000000008db00000, 0x000000008db00000| Untracked 
| 220|0x000000008dc00000, 0x000000008dc00000, 0x000000008dd00000|  0%| F|  |TAMS 0x000000008dc00000, 0x000000008dc00000| Untracked 
| 221|0x000000008dd00000, 0x000000008dd97860, 0x000000008de00000| 59%| E|  |TAMS 0x000000008dd00000, 0x000000008dd00000| Complete 

Card table byte_map: [0x000002a3d47d0000,0x000002a3d4bd0000] _byte_map_base: 0x000002a3d43d0000

Marking Bits (Prev, Next): (CMBitMap*) 0x000002a3bd7e6208, (CMBitMap*) 0x000002a3bd7e6240
 Prev Bits: [0x000002a3d4fd0000, 0x000002a3d6fd0000)
 Next Bits: [0x000002a3d6fd0000, 0x000002a3d8fd0000)

Polling page: 0x000002a3bcf70000

Metaspace:

Usage:
  Non-class:     88.11 MB capacity,    86.10 MB ( 98%) used,     1.70 MB (  2%) free+waste,   319.94 KB ( <1%) overhead. 
      Class:     14.50 MB capacity,    13.13 MB ( 91%) used,     1.22 MB (  8%) free+waste,   151.69 KB (  1%) overhead. 
       Both:    102.61 MB capacity,    99.24 MB ( 97%) used,     2.92 MB (  3%) free+waste,   471.62 KB ( <1%) overhead. 

Virtual space:
  Non-class space:       90.00 MB reserved,      88.19 MB ( 98%) committed 
      Class space:      504.00 MB reserved,      14.50 MB (  3%) committed 
             Both:      594.00 MB reserved,     102.69 MB ( 17%) committed 

Chunk freelists:
   Non-Class:  1.88 KB
       Class:  128 bytes
        Both:  2.00 KB

CodeHeap 'non-profiled nmethods': size=120000Kb used=8151Kb max_used=8151Kb free=111848Kb
 bounds [0x000002a3cc940000, 0x000002a3cd140000, 0x000002a3d3e70000]
CodeHeap 'profiled nmethods': size=120000Kb used=28110Kb max_used=28110Kb free=91889Kb
 bounds [0x000002a3c5410000, 0x000002a3c6f90000, 0x000002a3cc940000]
CodeHeap 'non-nmethods': size=5760Kb used=2313Kb max_used=2373Kb free=3446Kb
 bounds [0x000002a3c4e70000, 0x000002a3c50e0000, 0x000002a3c5410000]
 total_blobs=13431 nmethods=12500 adapters=841
 compilation: enabled
              stopped_count=0, restarted_count=0
 full_count=0

Compilation events (10 events):
Event: 548.297 Thread 0x000002a3dc500000 12594       1       org.gradle.internal.operations.OperationIdentifier::getId (5 bytes)
Event: 548.298 Thread 0x000002a3dc500000 nmethod 12594 0x000002a3cd133210 code [0x000002a3cd1333a0, 0x000002a3cd133458]
Event: 548.310 Thread 0x000002a3dc4ff000 nmethod 12573 0x000002a3cd133510 code [0x000002a3cd133720, 0x000002a3cd134408]
Event: 548.310 Thread 0x000002a3dc4ff000 12551       4       org.gradle.internal.operations.DefaultBuildOperationListenerManager$ProgressShieldingBuildOperationListener::finished (26 bytes)
Event: 548.313 Thread 0x000002a3dc4ff000 nmethod 12551 0x000002a3cd134b10 code [0x000002a3cd134cc0, 0x000002a3cd134e38]
Event: 548.313 Thread 0x000002a3dc4ff000 12549       4       org.gradle.internal.logging.events.ProgressStartEvent::<init> (74 bytes)
Event: 548.322 Thread 0x000002a3dc4ff000 nmethod 12549 0x000002a3cd135010 code [0x000002a3cd1351a0, 0x000002a3cd135958]
Event: 548.322 Thread 0x000002a3dc4ff000 12550       4       org.gradle.internal.operations.DefaultBuildOperationListenerManager$ProgressShieldingBuildOperationListener::started (29 bytes)
Event: 548.324 Thread 0x000002a3dc4ff000 nmethod 12550 0x000002a3cd135a10 code [0x000002a3cd135bc0, 0x000002a3cd135d58]
Event: 548.324 Thread 0x000002a3dc4ff000 12554       4       org.gradle.internal.operations.DefaultBuildOperationRunner::execute (147 bytes)

GC Heap History (10 events):
Event: 471.369 GC heap before
{Heap before GC invocations=15 (full 0):
 garbage-first heap   total 227328K, used 189276K [0x0000000080000000, 0x0000000100000000)
  region size 1024K, 110 young (112640K), 14 survivors (14336K)
 Metaspace       used 96950K, capacity 99989K, committed 100224K, reserved 602112K
  class space    used 12887K, capacity 14140K, committed 14208K, reserved 516096K
}
Event: 471.592 GC heap after
{Heap after GC invocations=16 (full 0):
 garbage-first heap   total 227328K, used 103654K [0x0000000080000000, 0x0000000100000000)
  region size 1024K, 14 young (14336K), 14 survivors (14336K)
 Metaspace       used 96950K, capacity 99989K, committed 100224K, reserved 602112K
  class space    used 12887K, capacity 14140K, committed 14208K, reserved 516096K
}
Event: 516.343 GC heap before
{Heap before GC invocations=16 (full 0):
 garbage-first heap   total 227328K, used 154854K [0x0000000080000000, 0x0000000100000000)
  region size 1024K, 59 young (60416K), 14 survivors (14336K)
 Metaspace       used 97628K, capacity 100701K, committed 100864K, reserved 604160K
  class space    used 12953K, capacity 14216K, committed 14336K, reserved 516096K
}
Event: 516.474 GC heap after
{Heap after GC invocations=17 (full 0):
 garbage-first heap   total 227328K, used 117584K [0x0000000080000000, 0x0000000100000000)
  region size 1024K, 7 young (7168K), 7 survivors (7168K)
 Metaspace       used 97628K, capacity 100701K, committed 100864K, reserved 604160K
  class space    used 12953K, capacity 14216K, committed 14336K, reserved 516096K
}
Event: 527.988 GC heap before
{Heap before GC invocations=18 (full 0):
 garbage-first heap   total 227328K, used 173904K [0x0000000080000000, 0x0000000100000000)
  region size 1024K, 63 young (64512K), 7 survivors (7168K)
 Metaspace       used 99442K, capacity 102650K, committed 102852K, reserved 606208K
  class space    used 13171K, capacity 14494K, committed 14592K, reserved 516096K
}
Event: 527.998 GC heap after
{Heap after GC invocations=19 (full 0):
 garbage-first heap   total 227328K, used 122733K [0x0000000080000000, 0x0000000100000000)
  region size 1024K, 5 young (5120K), 5 survivors (5120K)
 Metaspace       used 99442K, capacity 102650K, committed 102852K, reserved 606208K
  class space    used 13171K, capacity 14494K, committed 14592K, reserved 516096K
}
Event: 542.252 GC heap before
{Heap before GC invocations=20 (full 0):
 garbage-first heap   total 227328K, used 137069K [0x0000000080000000, 0x0000000100000000)
  region size 1024K, 21 young (21504K), 5 survivors (5120K)
 Metaspace       used 99487K, capacity 102675K, committed 102852K, reserved 606208K
  class space    used 13173K, capacity 14498K, committed 14592K, reserved 516096K
}
Event: 542.259 GC heap after
{Heap after GC invocations=21 (full 0):
 garbage-first heap   total 227328K, used 124538K [0x0000000080000000, 0x0000000100000000)
  region size 1024K, 3 young (3072K), 3 survivors (3072K)
 Metaspace       used 99487K, capacity 102675K, committed 102852K, reserved 606208K
  class space    used 13173K, capacity 14498K, committed 14592K, reserved 516096K
}
Event: 548.275 GC heap before
{Heap before GC invocations=22 (full 0):
 garbage-first heap   total 227328K, used 179834K [0x0000000080000000, 0x0000000100000000)
  region size 1024K, 56 young (57344K), 3 survivors (3072K)
 Metaspace       used 101613K, capacity 105076K, committed 105156K, reserved 608256K
  class space    used 13450K, capacity 14847K, committed 14848K, reserved 516096K
}
Event: 548.291 GC heap after
{Heap after GC invocations=23 (full 0):
 garbage-first heap   total 227328K, used 132888K [0x0000000080000000, 0x0000000100000000)
  region size 1024K, 7 young (7168K), 7 survivors (7168K)
 Metaspace       used 101613K, capacity 105076K, committed 105156K, reserved 608256K
  class space    used 13450K, capacity 14847K, committed 14848K, reserved 516096K
}

Deoptimization events (10 events):
Event: 517.866 Thread 0x000002a3de3af800 Uncommon trap: reason=profile_predicate action=maybe_recompile pc=0x000002a3cd0b975c method=java.util.regex.Pattern$Slice.match(Ljava/util/regex/Matcher;ILjava/lang/CharSequence;)Z @ 18 c2
Event: 517.867 Thread 0x000002a3de3af800 Uncommon trap: reason=profile_predicate action=maybe_recompile pc=0x000002a3cd0b975c method=java.util.regex.Pattern$Slice.match(Ljava/util/regex/Matcher;ILjava/lang/CharSequence;)Z @ 18 c2
Event: 527.388 Thread 0x000002a3dd674000 Uncommon trap: reason=unstable_if action=reinterpret pc=0x000002a3cd0ce2a8 method=java.util.concurrent.ConcurrentHashMap.addCount(JI)V @ 171 c2
Event: 527.388 Thread 0x000002a3e27c7000 Uncommon trap: reason=unstable_if action=reinterpret pc=0x000002a3cd0ce2a8 method=java.util.concurrent.ConcurrentHashMap.addCount(JI)V @ 171 c2
Event: 527.388 Thread 0x000002a3df2b8000 Uncommon trap: reason=unstable_if action=reinterpret pc=0x000002a3cca7d234 method=java.util.concurrent.ConcurrentHashMap.transfer([Ljava/util/concurrent/ConcurrentHashMap$Node;[Ljava/util/concurrent/ConcurrentHashMap$Node;)V @ 34 c2
Event: 527.388 Thread 0x000002a3e3eec000 Uncommon trap: reason=unstable_if action=reinterpret pc=0x000002a3cca7d234 method=java.util.concurrent.ConcurrentHashMap.transfer([Ljava/util/concurrent/ConcurrentHashMap$Node;[Ljava/util/concurrent/ConcurrentHashMap$Node;)V @ 34 c2
Event: 527.388 Thread 0x000002a3dd66f000 Uncommon trap: reason=unstable_if action=reinterpret pc=0x000002a3cca7d348 method=java.util.concurrent.ConcurrentHashMap.transfer([Ljava/util/concurrent/ConcurrentHashMap$Node;[Ljava/util/concurrent/ConcurrentHashMap$Node;)V @ 273 c2
Event: 527.388 Thread 0x000002a3e0a32000 Uncommon trap: reason=unstable_if action=reinterpret pc=0x000002a3cd0cf7b0 method=java.util.concurrent.ConcurrentHashMap.addCount(JI)V @ 171 c2
Event: 542.576 Thread 0x000002a3de3af800 Uncommon trap: reason=unstable_if action=reinterpret pc=0x000002a3cc9a045c method=java.util.jar.JarFile.match([B[B[B[B)I @ 52 c2
Event: 542.656 Thread 0x000002a3de3af800 Uncommon trap: reason=profile_predicate action=maybe_recompile pc=0x000002a3cd0b975c method=java.util.regex.Pattern$Slice.match(Ljava/util/regex/Matcher;ILjava/lang/CharSequence;)Z @ 18 c2

Classes redefined (0 events):
No events

Internal exceptions (10 events):
Event: 548.158 Thread 0x000002a3de3af800 Exception <a 'java/lang/ClassNotFoundException'{0x000000008abc7560}: build_ckbz4itepwhyew17tqr4tzxy4$_run_closure1$_closure4Customizer> (0x000000008abc7560) thrown at [./open/src/hotspot/share/classfile/systemDictionary.cpp, line 226]
Event: 548.219 Thread 0x000002a3de3af800 Exception <a 'java/lang/ClassNotFoundException'{0x000000008a929680}: org/gradle/api/internal/file/collections/DefaultConfigurableFileTreeBeanInfo> (0x000000008a929680) thrown at [./open/src/hotspot/share/classfile/systemDictionary.cpp, line 226]
Event: 548.221 Thread 0x000002a3de3af800 Exception <a 'java/lang/ClassNotFoundException'{0x000000008a95b8a0}: org/gradle/api/internal/file/CompositeFileTreeBeanInfo> (0x000000008a95b8a0) thrown at [./open/src/hotspot/share/classfile/systemDictionary.cpp, line 226]
Event: 548.222 Thread 0x000002a3de3af800 Exception <a 'java/lang/ClassNotFoundException'{0x000000008a9907c0}: org/gradle/api/internal/file/CompositeFileCollectionBeanInfo> (0x000000008a9907c0) thrown at [./open/src/hotspot/share/classfile/systemDictionary.cpp, line 226]
Event: 548.223 Thread 0x000002a3de3af800 Exception <a 'java/lang/ClassNotFoundException'{0x000000008a9c5f10}: org/gradle/api/internal/file/AbstractFileCollectionBeanInfo> (0x000000008a9c5f10) thrown at [./open/src/hotspot/share/classfile/systemDictionary.cpp, line 226]
Event: 548.225 Thread 0x000002a3de3af800 Exception <a 'java/lang/ClassNotFoundException'{0x000000008a9fb2a0}: org/gradle/api/internal/file/AbstractFileCollectionCustomizer> (0x000000008a9fb2a0) thrown at [./open/src/hotspot/share/classfile/systemDictionary.cpp, line 226]
Event: 548.226 Thread 0x000002a3de3af800 Exception <a 'java/lang/ClassNotFoundException'{0x000000008a8420c0}: org/gradle/api/internal/file/CompositeFileCollectionCustomizer> (0x000000008a8420c0) thrown at [./open/src/hotspot/share/classfile/systemDictionary.cpp, line 226]
Event: 548.228 Thread 0x000002a3de3af800 Exception <a 'java/lang/ClassNotFoundException'{0x000000008a87c8c0}: org/gradle/api/internal/file/CompositeFileTreeCustomizer> (0x000000008a87c8c0) thrown at [./open/src/hotspot/share/classfile/systemDictionary.cpp, line 226]
Event: 548.230 Thread 0x000002a3de3af800 Exception <a 'java/lang/ClassNotFoundException'{0x000000008a8c2ac0}: org/gradle/api/internal/file/collections/DefaultConfigurableFileTreeCustomizer> (0x000000008a8c2ac0) thrown at [./open/src/hotspot/share/classfile/systemDictionary.cpp, line 226]
Event: 548.274 Thread 0x000002a3de3af800 Exception <a 'java/lang/NoClassDefFoundError'{0x000000008a6f14e0}: org/jetbrains/kotlin/gradle/plugin/KotlinBasePluginWrapper> (0x000000008a6f14e0) thrown at [./open/src/hotspot/share/oops/constantPool.cpp, line 770]

Events (10 events):
Event: 548.275 Executing VM operation: G1CollectForAllocation
Event: 548.291 Executing VM operation: G1CollectForAllocation done
Event: 548.295 Executing VM operation: RevokeBias
Event: 548.296 Executing VM operation: RevokeBias done
Event: 548.296 Executing VM operation: RevokeBias
Event: 548.296 Executing VM operation: RevokeBias done
Event: 548.311 Executing VM operation: RevokeBias
Event: 548.311 Executing VM operation: RevokeBias done
Event: 548.311 Executing VM operation: RevokeBias
Event: 548.311 Executing VM operation: RevokeBias done


Dynamic libraries:
0x00007ff7bfe80000 - 0x00007ff7bfe90000 	C:\Program Files\Java\jdk-11\bin\java.exe
0x00007ffd65a50000 - 0x00007ffd65c64000 	C:\WINDOWS\SYSTEM32\ntdll.dll
0x00007ffd644f0000 - 0x00007ffd645b4000 	C:\WINDOWS\System32\KERNEL32.DLL
0x00007ffd633b0000 - 0x00007ffd63754000 	C:\WINDOWS\System32\KERNELBASE.dll
0x00007ffd63120000 - 0x00007ffd63231000 	C:\WINDOWS\System32\ucrtbase.dll
0x00007ffcf51a0000 - 0x00007ffcf51b8000 	C:\Program Files\Java\jdk-11\bin\jli.dll
0x00007ffcef5a0000 - 0x00007ffcef5bb000 	C:\Program Files\Java\jdk-11\bin\VCRUNTIME140.dll
0x00007ffd654e0000 - 0x00007ffd65590000 	C:\WINDOWS\System32\ADVAPI32.dll
0x00007ffd65170000 - 0x00007ffd65217000 	C:\WINDOWS\System32\msvcrt.dll
0x00007ffd64960000 - 0x00007ffd64a06000 	C:\WINDOWS\System32\sechost.dll
0x00007ffd63930000 - 0x00007ffd63a47000 	C:\WINDOWS\System32\RPCRT4.dll
0x00007ffd64a10000 - 0x00007ffd64bbe000 	C:\WINDOWS\System32\USER32.dll
0x00007ffd630f0000 - 0x00007ffd63116000 	C:\WINDOWS\System32\win32u.dll
0x00007ffd644c0000 - 0x00007ffd644e9000 	C:\WINDOWS\System32\GDI32.dll
0x00007ffd52dc0000 - 0x00007ffd53053000 	C:\WINDOWS\WinSxS\amd64_microsoft.windows.common-controls_6595b64144ccf1df_6.0.22621.2215_none_270d72677387dfc3\COMCTL32.dll
0x00007ffd62e70000 - 0x00007ffd62f88000 	C:\WINDOWS\System32\gdi32full.dll
0x00007ffd63050000 - 0x00007ffd630ea000 	C:\WINDOWS\System32\msvcp_win.dll
0x00007ffd5c500000 - 0x00007ffd5c50a000 	C:\WINDOWS\SYSTEM32\VERSION.dll
0x00007ffd65830000 - 0x00007ffd65861000 	C:\WINDOWS\System32\IMM32.DLL
0x00007ffd23510000 - 0x00007ffd2351c000 	C:\Program Files\Java\jdk-11\bin\vcruntime140_1.dll
0x00007ffcef510000 - 0x00007ffcef59e000 	C:\Program Files\Java\jdk-11\bin\msvcp140.dll
0x00007ffcee9a0000 - 0x00007ffcef508000 	C:\Program Files\Java\jdk-11\bin\server\jvm.dll
0x00007ffd65160000 - 0x00007ffd65168000 	C:\WINDOWS\System32\PSAPI.DLL
0x00007ffd49430000 - 0x00007ffd49439000 	C:\WINDOWS\SYSTEM32\WSOCK32.dll
0x00007ffd5c380000 - 0x00007ffd5c3b4000 	C:\WINDOWS\SYSTEM32\WINMM.dll
0x00007ffd65640000 - 0x00007ffd656b1000 	C:\WINDOWS\System32\WS2_32.dll
0x00007ffd61dc0000 - 0x00007ffd61dd8000 	C:\WINDOWS\SYSTEM32\kernel.appcore.dll
0x00007ffd13780000 - 0x00007ffd13790000 	C:\Program Files\Java\jdk-11\bin\verify.dll
0x00007ffd60850000 - 0x00007ffd60a7e000 	C:\WINDOWS\SYSTEM32\DBGHELP.DLL
0x00007ffd645c0000 - 0x00007ffd6494a000 	C:\WINDOWS\System32\combase.dll
0x00007ffd65750000 - 0x00007ffd65827000 	C:\WINDOWS\System32\OLEAUT32.dll
0x00007ffd4d920000 - 0x00007ffd4d952000 	C:\WINDOWS\SYSTEM32\dbgcore.DLL
0x00007ffd63760000 - 0x00007ffd637da000 	C:\WINDOWS\System32\bcryptPrimitives.dll
0x00007ffcee970000 - 0x00007ffcee998000 	C:\Program Files\Java\jdk-11\bin\java.dll
0x00007ffd0e580000 - 0x00007ffd0e58a000 	C:\Program Files\Java\jdk-11\bin\jimage.dll
0x00007ffcee950000 - 0x00007ffcee967000 	C:\Program Files\Java\jdk-11\bin\zip.dll
0x00007ffd63b50000 - 0x00007ffd64373000 	C:\WINDOWS\System32\SHELL32.dll
0x00007ffd60d40000 - 0x00007ffd6162a000 	C:\WINDOWS\SYSTEM32\windows.storage.dll
0x00007ffd60c00000 - 0x00007ffd60d3e000 	C:\WINDOWS\SYSTEM32\wintypes.dll
0x00007ffd63a50000 - 0x00007ffd63b43000 	C:\WINDOWS\System32\SHCORE.dll
0x00007ffd64460000 - 0x00007ffd644be000 	C:\WINDOWS\System32\shlwapi.dll
0x00007ffd62d30000 - 0x00007ffd62d56000 	C:\WINDOWS\SYSTEM32\profapi.dll
0x00007ffcee930000 - 0x00007ffcee949000 	C:\Program Files\Java\jdk-11\bin\net.dll
0x00007ffd5c150000 - 0x00007ffd5c287000 	C:\WINDOWS\SYSTEM32\WINHTTP.dll
0x00007ffd62280000 - 0x00007ffd622e9000 	C:\WINDOWS\system32\mswsock.dll
0x00007ffcee910000 - 0x00007ffcee922000 	C:\Program Files\Java\jdk-11\bin\nio.dll
0x00007ffd2d960000 - 0x00007ffd2d987000 	C:\Users\mrizk\.gradle\native\68d5fa5c4cc2d200863cafc0d521ce42e7d3e7ee720ec0a83991735586a16f82\windows-amd64\native-platform.dll
0x00007ffd150a0000 - 0x00007ffd151e4000 	C:\Users\mrizk\.gradle\native\e376f236ea51e6404a007f0833ffe2c6e607c4080706a723a18a27aeea778392\windows-amd64\native-platform-file-events.dll
0x00007ffd3d800000 - 0x00007ffd3d809000 	C:\Program Files\Java\jdk-11\bin\management.dll
0x00007ffd35190000 - 0x00007ffd3519b000 	C:\Program Files\Java\jdk-11\bin\management_ext.dll
0x00007ffd624b0000 - 0x00007ffd624cb000 	C:\WINDOWS\SYSTEM32\CRYPTSP.dll
0x00007ffd61d80000 - 0x00007ffd61db5000 	C:\WINDOWS\system32\rsaenh.dll
0x00007ffd62330000 - 0x00007ffd6235c000 	C:\WINDOWS\SYSTEM32\USERENV.dll
0x00007ffd626c0000 - 0x00007ffd626e8000 	C:\WINDOWS\SYSTEM32\bcrypt.dll
0x00007ffd624d0000 - 0x00007ffd624dc000 	C:\WINDOWS\SYSTEM32\CRYPTBASE.dll
0x00007ffd61890000 - 0x00007ffd618bd000 	C:\WINDOWS\SYSTEM32\IPHLPAPI.DLL
0x00007ffd65150000 - 0x00007ffd65159000 	C:\WINDOWS\System32\NSI.dll
0x00007ffd5c510000 - 0x00007ffd5c529000 	C:\WINDOWS\SYSTEM32\dhcpcsvc6.DLL
0x00007ffd5c360000 - 0x00007ffd5c37f000 	C:\WINDOWS\SYSTEM32\dhcpcsvc.DLL
0x00007ffd61900000 - 0x00007ffd619f2000 	C:\WINDOWS\SYSTEM32\DNSAPI.dll

dbghelp: loaded successfully - version: 4.0.5 - missing functions: none
symbol engine: initialized successfully - sym options: 0x614 - pdb path: .;C:\Program Files\Java\jdk-11\bin;C:\WINDOWS\SYSTEM32;C:\WINDOWS\WinSxS\amd64_microsoft.windows.common-controls_6595b64144ccf1df_6.0.22621.2215_none_270d72677387dfc3;C:\Program Files\Java\jdk-11\bin\server;C:\Users\mrizk\.gradle\native\68d5fa5c4cc2d200863cafc0d521ce42e7d3e7ee720ec0a83991735586a16f82\windows-amd64;C:\Users\mrizk\.gradle\native\e376f236ea51e6404a007f0833ffe2c6e607c4080706a723a18a27aeea778392\windows-amd64

VM Arguments:
jvm_args: -XX:MaxMetaspaceSize=512m --add-opens=java.base/java.util=ALL-UNNAMED --add-opens=java.base/java.lang=ALL-UNNAMED --add-opens=java.base/java.lang.invoke=ALL-UNNAMED --add-opens=java.prefs/java.util.prefs=ALL-UNNAMED --add-opens=java.base/java.nio.charset=ALL-UNNAMED --add-opens=java.base/java.net=ALL-UNNAMED --add-opens=java.base/java.util.concurrent.atomic=ALL-UNNAMED -Xmx2048m -Dfile.encoding=windows-1252 -Duser.country=ID -Duser.language=en -Duser.variant 
java_command: org.gradle.launcher.daemon.bootstrap.GradleDaemon 8.0.1
java_class_path (initial): C:\Users\mrizk\.gradle\wrapper\dists\gradle-8.0.1-all\aro4hu1c3oeioove7l0i4i14o\gradle-8.0.1\lib\gradle-launcher-8.0.1.jar
Launcher Type: SUN_STANDARD

[Global flags]
     intx CICompilerCount                          = 4                                         {product} {ergonomic}
   size_t CompressedClassSpaceSize                 = 528482304                                 {product} {ergonomic}
     uint ConcGCThreads                            = 3                                         {product} {ergonomic}
     uint G1ConcRefinementThreads                  = 10                                        {product} {ergonomic}
   size_t G1HeapRegionSize                         = 1048576                                   {product} {ergonomic}
    uintx GCDrainStackTargetSize                   = 64                                        {product} {ergonomic}
   size_t InitialHeapSize                          = 232783872                                 {product} {ergonomic}
   size_t MarkStackSize                            = 4194304                                   {product} {ergonomic}
   size_t MaxHeapSize                              = 2147483648                                {product} {command line}
   size_t MaxMetaspaceSize                         = 536870912                                 {product} {command line}
   size_t MaxNewSize                               = 1287651328                                {product} {ergonomic}
   size_t MinHeapDeltaBytes                        = 1048576                                   {product} {ergonomic}
    uintx NonNMethodCodeHeapSize                   = 5836300                                {pd product} {ergonomic}
    uintx NonProfiledCodeHeapSize                  = 122910970                              {pd product} {ergonomic}
    uintx ProfiledCodeHeapSize                     = 122910970                              {pd product} {ergonomic}
    uintx ReservedCodeCacheSize                    = 251658240                              {pd product} {ergonomic}
     bool SegmentedCodeCache                       = true                                      {product} {ergonomic}
     bool UseCompressedClassPointers               = true                                 {lp64_product} {ergonomic}
     bool UseCompressedOops                        = true                                 {lp64_product} {ergonomic}
     bool UseG1GC                                  = true                                      {product} {ergonomic}
     bool UseLargePagesIndividualAllocation        = false                                  {pd product} {ergonomic}

Logging:
Log output configuration:
 #0: stdout all=warning uptime,level,tags
 #1: stderr all=off uptime,level,tags

Environment Variables:
JAVA_HOME=C:\Program Files\Java\jdk-11
CLASSPATH=F:\drive-programming\00bootcamp\code\week9\tugas\recipe_rn\android\\gradle\wrapper\gradle-wrapper.jar
PATH=F:\drive-programming\00bootcamp\code\week9\tugas\recipe_rn\node_modules\.bin;F:\drive-programming\00bootcamp\code\week9\tugas\recipe_rn\node_modules\.bin;F:\drive-programming\00bootcamp\code\week9\tugas\node_modules\.bin;F:\drive-programming\00bootcamp\code\week9\node_modules\.bin;F:\drive-programming\00bootcamp\code\node_modules\.bin;F:\drive-programming\00bootcamp\node_modules\.bin;F:\drive-programming\node_modules\.bin;F:\node_modules\.bin;C:\Users\mrizk\AppData\Roaming\nvm\v18.13.0\node_modules\npm\node_modules\@npmcli\run-script\lib\node-gyp-bin;F:\drive-programming\00bootcamp\code\week9\tugas\recipe_rn\node_modules\.bin;F:\drive-programming\00bootcamp\code\week9\tugas\node_modules\.bin;F:\drive-programming\00bootcamp\code\week9\node_modules\.bin;F:\drive-programming\00bootcamp\code\node_modules\.bin;F:\drive-programming\00bootcamp\node_modules\.bin;F:\drive-programming\node_modules\.bin;F:\node_modules\.bin;C:\Users\mrizk\AppData\Roaming\nvm\v18.13.0\node_modules\npm\node_modules\@npmcli\run-script\lib\node-gyp-bin;C:\Users\mrizk\bin;C:\Program Files\Git\mingw64\bin;C:\Program Files\Git\usr\local\bin;C:\Program Files\Git\usr\bin;C:\Program Files\Git\usr\bin;C:\Program Files\Git\mingw64\bin;C:\Program Files\Git\usr\bin;C:\Users\mrizk\bin;C:\Program Files\Common Files\Oracle\Java\javapath;C:\Windows\system32;C:\Windows;C:\Windows\System32\Wbem;C:\Windows\System32\WindowsPowerShell\v1.0;C:\Windows\System32\OpenSSH;C:\Program Files (x86)\NVIDIA Corporation\PhysX\Common;C:\Program Files\Microsoft VS Code\bin;C:\Program Files\Git\cmd;C:\xampp\mysql\bin;C:\Program Files\MongoDB\Server\6.0\bin;C:\Program Files\mongosh\mongosh-1.6.0-win32-x64\bin;C:\Program Files\NVIDIA Corporation\NVIDIA NvDLISR;C:\Users\mrizk\AppData\Roaming\nvm;C:\Program Files\nodejs;C:\WINDOWS\system32;C:\WINDOWS;C:\WINDOWS\System32\Wbem;C:\WINDOWS\System32\WindowsPowerShell\v1.0;C:\WINDOWS\System32\OpenSSH;C:\Users\mrizk\AppData\Local\Android\Sdk\platform-tools;C:\Program Files\Java\jdk-11;C:\P
USERNAME=mrizk
SHELL=C:\Program Files\Git\usr\bin\bash.exe
DISPLAY=needs-to-be-defined
OS=Windows_NT
PROCESSOR_IDENTIFIER=AMD64 Family 25 Model 80 Stepping 0, AuthenticAMD



---------------  S Y S T E M  ---------------

OS: Windows 11 , 64 bit Build 22621 (10.0.22621.2215)
Hyper-V role detected

CPU:total 12 (initial active 12) (12 cores per cpu, 2 threads per core) family 25 model 80 stepping 0 microcode 0x0, cmov, cx8, fxsr, mmx, sse, sse2, sse3, ssse3, sse4.1, sse4.2, popcnt, avx, avx2, aes, clmul, erms, mmxext, 3dnowpref, lzcnt, sse4a, ht, tsc, tscinvbit, tscinv, bmi1, bmi2,

Memory: 4k page, system-wide physical 14188M (205M free)
TotalPageFile size 46729M (AvailPageFile size 0M)
current process WorkingSet (physical memory assigned to process): 344M, peak: 395M
current process commit charge ("private bytes"): 556M, peak: 562M

vm_info: Java HotSpot(TM) 64-Bit Server VM (11.0.18+9-LTS-195) for windows-amd64 JRE (11.0.18+9-LTS-195), built on Dec  6 2022 15:50:58 by "mach5one" with MS VC++ 17.1 (VS2022)

END.
