#
# There is insufficient memory for the Java Runtime Environment to continue.
# Native memory allocation (malloc) failed to allocate 1297936 bytes for Chunk::new
# Possible reasons:
#   The system is out of physical RAM or swap space
#   The process is running with CompressedOops enabled, and the Java Heap may be blocking the growth of the native heap
# Possible solutions:
#   Reduce memory load on the system
#   Increase physical memory or swap space
#   Check if swap backing store is full
#   Decrease Java heap size (-Xmx/-Xms)
#   Decrease number of Java threads
#   Decrease Java thread stack sizes (-Xss)
#   Set larger code cache with -XX:ReservedCodeCacheSize=
#   JVM is running with Unscaled Compressed Oops mode in which the Java heap is
#     placed in the first 4GB address space. The Java Heap base address is the
#     maximum limit for the native heap growth. Please use -XX:HeapBaseMinAddress
#     to set the Java Heap base and to place the Java Heap above 4GB virtual address.
# This output file may be truncated or incomplete.
#
#  Out of Memory Error (./open/src/hotspot/share/memory/arena.cpp:197), pid=15896, tid=34924
#
# JRE version: Java(TM) SE Runtime Environment 18.9 (11.0.18+9) (build 11.0.18+9-LTS-195)
# Java VM: Java HotSpot(TM) 64-Bit Server VM 18.9 (11.0.18+9-LTS-195, mixed mode, tiered, compressed oops, g1 gc, windows-amd64)
# No core dump will be written. Minidumps are not enabled by default on client versions of Windows
#

---------------  S U M M A R Y ------------

Command Line: -XX:MaxMetaspaceSize=512m --add-opens=java.base/java.util=ALL-UNNAMED --add-opens=java.base/java.lang=ALL-UNNAMED --add-opens=java.base/java.lang.invoke=ALL-UNNAMED --add-opens=java.prefs/java.util.prefs=ALL-UNNAMED --add-opens=java.base/java.nio.charset=ALL-UNNAMED --add-opens=java.base/java.net=ALL-UNNAMED --add-opens=java.base/java.util.concurrent.atomic=ALL-UNNAMED -Xmx2048m -Dfile.encoding=windows-1252 -Duser.country=ID -Duser.language=en -Duser.variant org.gradle.launcher.daemon.bootstrap.GradleDaemon 8.0.1

Host: AMD Ryzen 5 5600H with Radeon Graphics         , 12 cores, 13G,  Windows 11 , 64 bit Build 22621 (10.0.22621.2215)
Time: Thu Oct  5 18:40:18 2023 SE Asia Standard Time elapsed time: 404.434626 seconds (0d 0h 6m 44s)

---------------  T H R E A D  ---------------

Current thread (0x000002933c317800):  JavaThread "C2 CompilerThread0" daemon [_thread_in_native, id=34924, stack(0x000000f9c2300000,0x000000f9c2400000)]


Current CompileTask:
C2: 404434 11099       4       groovy.lang.MetaClassImpl::inheritInterfaceNewMetaMethods (195 bytes)

Stack: [0x000000f9c2300000,0x000000f9c2400000]
Native frames: (J=compiled Java code, j=interpreted, Vv=VM code, C=native code)
V  [jvm.dll+0x65d8aa]
V  [jvm.dll+0x79fc1f]
V  [jvm.dll+0x7a12e9]
V  [jvm.dll+0x7a1983]
V  [jvm.dll+0x2585b5]
V  [jvm.dll+0xb284c]
V  [jvm.dll+0xb2e0c]
V  [jvm.dll+0x365ddf]
V  [jvm.dll+0x32eb15]
V  [jvm.dll+0x32defa]
V  [jvm.dll+0x2113ad]
V  [jvm.dll+0x210378]
V  [jvm.dll+0x18c641]
V  [jvm.dll+0x220609]
V  [jvm.dll+0x21e92c]
V  [jvm.dll+0x763f61]
V  [jvm.dll+0x75c924]
V  [jvm.dll+0x65c755]
C  [ucrtbase.dll+0x29363]
C  [KERNEL32.DLL+0x1257d]
C  [ntdll.dll+0x5aa68]


---------------  P R O C E S S  ---------------

Threads class SMR info:
_java_thread_list=0x000002934109e080, length=180, elements={
0x000002931d606800, 0x000002933c300800, 0x000002933c305000, 0x000002933c311000,
0x000002933c312000, 0x000002933c314800, 0x000002933c317800, 0x000002933c35f000,
0x000002933c366000, 0x000002933c4cf800, 0x000002933d4d1800, 0x000002933d282000,
0x000002933d696000, 0x000002933e370800, 0x000002933d7b5000, 0x000002933e415800,
0x000002933d520800, 0x000002933d521000, 0x000002933c9db800, 0x000002933c9da800,
0x000002933c9dc000, 0x000002933c9d6800, 0x000002933c9d8000, 0x000002933c9dd000,
0x000002933c9d7800, 0x000002933c9d9000, 0x000002933c9da000, 0x0000029340878000,
0x0000029340876800, 0x0000029340875000, 0x0000029340875800, 0x0000029340872800,
0x0000029340879000, 0x0000029340873000, 0x000002934087c000, 0x000002934087f800,
0x000002934087d000, 0x000002934087e000, 0x000002934087e800, 0x0000029340879800,
0x000002934087a800, 0x0000029340881000, 0x0000029340880000, 0x000002934087b800,
0x000002933e1ed000, 0x000002933e1ee000, 0x000002933e1e8000, 0x000002933e1eb800,
0x000002933e1ec000, 0x000002933e1ee800, 0x000002933e1ea800, 0x000002933e1e9000,
0x000002933e1e9800, 0x000002933e1ef800, 0x000002933e1f6000, 0x000002933e1f2000,
0x000002933e1f4800, 0x000002933e1f5000, 0x000002933e1f3800, 0x000002933e1f2800,
0x000002933e1f0800, 0x000002933e1f7000, 0x000002933e1f1000, 0x0000029340611000,
0x000002934060f800, 0x0000029340611800, 0x0000029340612800, 0x000002934060d800,
0x0000029340613800, 0x0000029340614000, 0x000002934060e800, 0x0000029340615000,
0x0000029340610000, 0x0000029340616800, 0x000002934061b800, 0x000002934061a000,
0x0000029340617800, 0x0000029340619000, 0x000002934061c800, 0x0000029340618800,
0x000002934266d800, 0x000002934266f000, 0x000002934266f800, 0x0000029342670800,
0x0000029342671800, 0x0000029342672000, 0x0000029342673000, 0x0000029342674000,
0x000002934266e000, 0x0000029342676000, 0x0000029342677000, 0x0000029342678000,
0x000002934267a800, 0x0000029342679800, 0x0000029342678800, 0x0000029342674800,
0x000002934267b000, 0x0000029342675800, 0x000002934267c000, 0x00000293424f9800,
0x00000293424fa800, 0x00000293424f8000, 0x00000293424f8800, 0x00000293424f6000,
0x00000293424fc000, 0x00000293424fb000, 0x00000293424fd000, 0x00000293424f7000,
0x00000293424ff000, 0x0000029342500000, 0x0000029342502800, 0x0000029342501800,
0x0000029342503800, 0x00000293424fd800, 0x0000029342501000, 0x00000293424fe800,
0x0000029342504000, 0x0000029342505000, 0x0000029342cd7800, 0x0000029342cd2800,
0x0000029342cd8000, 0x0000029342cd9000, 0x0000029342cd3000, 0x0000029342cd4000,
0x0000029342cd6800, 0x0000029342cd9800, 0x0000029342cd5800, 0x0000029342cda800,
0x0000029342cd5000, 0x0000029342ce0000, 0x0000029342cdb800, 0x0000029342cdc000,
0x0000029342cdf800, 0x0000029342cdd000, 0x0000029342ce1000, 0x0000029342cde000,
0x0000029342cde800, 0x0000029344ae3000, 0x0000029344ae4800, 0x0000029344ae6000,
0x0000029344ae3800, 0x0000029344ae5000, 0x0000029344ae0800, 0x0000029344ae7000,
0x0000029344ae1000, 0x0000029344ae7800, 0x0000029344ae2000, 0x0000029344aee000,
0x0000029344ae9800, 0x0000029344aec800, 0x0000029344aed800, 0x0000029344ae8800,
0x0000029344aef000, 0x0000029344aea000, 0x0000029344aeb000, 0x0000029344aeb800,
0x0000029340aa0000, 0x0000029340a9f800, 0x0000029340aa1000, 0x0000029340a9d000,
0x0000029340a9b800, 0x0000029340aa2000, 0x0000029340a9c000, 0x0000029340aa2800,
0x0000029340aa3800, 0x0000029340a9d800, 0x0000029340aa4000, 0x0000029340a9e800,
0x0000029340aa5000, 0x0000029340aa7800, 0x0000029340aaa000, 0x0000029340aa9000,
0x0000029340aa6000, 0x0000029340aa6800, 0x0000029340aa8800, 0x0000029340f39800,
0x0000029340f39000, 0x0000029340f3e800, 0x0000029340f3c000, 0x0000029340f3a800
}

Java Threads: ( => current thread )
  0x000002931d606800 JavaThread "main" [_thread_blocked, id=41664, stack(0x000000f9c1700000,0x000000f9c1800000)]
  0x000002933c300800 JavaThread "Reference Handler" daemon [_thread_blocked, id=42980, stack(0x000000f9c1e00000,0x000000f9c1f00000)]
  0x000002933c305000 JavaThread "Finalizer" daemon [_thread_blocked, id=22404, stack(0x000000f9c1f00000,0x000000f9c2000000)]
  0x000002933c311000 JavaThread "Signal Dispatcher" daemon [_thread_blocked, id=42664, stack(0x000000f9c2000000,0x000000f9c2100000)]
  0x000002933c312000 JavaThread "Attach Listener" daemon [_thread_blocked, id=22504, stack(0x000000f9c2100000,0x000000f9c2200000)]
  0x000002933c314800 JavaThread "Service Thread" daemon [_thread_blocked, id=14476, stack(0x000000f9c2200000,0x000000f9c2300000)]
=>0x000002933c317800 JavaThread "C2 CompilerThread0" daemon [_thread_in_native, id=34924, stack(0x000000f9c2300000,0x000000f9c2400000)]
  0x000002933c35f000 JavaThread "C1 CompilerThread0" daemon [_thread_in_vm, id=17432, stack(0x000000f9c2400000,0x000000f9c2500000)]
  0x000002933c366000 JavaThread "Sweeper thread" daemon [_thread_blocked, id=7736, stack(0x000000f9c2500000,0x000000f9c2600000)]
  0x000002933c4cf800 JavaThread "Common-Cleaner" daemon [_thread_blocked, id=9072, stack(0x000000f9c2600000,0x000000f9c2700000)]
  0x000002933d4d1800 JavaThread "Daemon health stats" [_thread_blocked, id=43044, stack(0x000000f9c2c00000,0x000000f9c2d00000)]
  0x000002933d282000 JavaThread "Incoming local TCP Connector on port 58805" [_thread_in_native, id=43416, stack(0x000000f9c2d00000,0x000000f9c2e00000)]
  0x000002933d696000 JavaThread "Daemon periodic checks" [_thread_blocked, id=43460, stack(0x000000f9c2f00000,0x000000f9c3000000)]
  0x000002933e370800 JavaThread "Daemon" [_thread_blocked, id=43472, stack(0x000000f9c2e00000,0x000000f9c2f00000)]
  0x000002933d7b5000 JavaThread "Handler for socket connection from /127.0.0.1:58805 to /127.0.0.1:58808" [_thread_in_native, id=43484, stack(0x000000f9c3000000,0x000000f9c3100000)]
  0x000002933e415800 JavaThread "Cancel handler" [_thread_blocked, id=43508, stack(0x000000f9c3100000,0x000000f9c3200000)]
  0x000002933d520800 JavaThread "Daemon worker" [_thread_in_Java, id=43540, stack(0x000000f9c3200000,0x000000f9c3300000)]
  0x000002933d521000 JavaThread "Asynchronous log dispatcher for DefaultDaemonConnection: socket connection from /127.0.0.1:58805 to /127.0.0.1:58808" [_thread_blocked, id=43552, stack(0x000000f9c3300000,0x000000f9c3400000)]
  0x000002933c9db800 JavaThread "Daemon client event forwarder" [_thread_blocked, id=43564, stack(0x000000f9c3500000,0x000000f9c3600000)]
  0x000002933c9da800 JavaThread "Cache worker for journal cache (C:\Users\mrizk\.gradle\caches\journal-1)" [_thread_blocked, id=43808, stack(0x000000f9c3600000,0x000000f9c3700000)]
  0x000002933c9dc000 JavaThread "File lock request listener" [_thread_in_native, id=43824, stack(0x000000f9c3700000,0x000000f9c3800000)]
  0x000002933c9d6800 JavaThread "File lock release action executor" [_thread_blocked, id=43944, stack(0x000000f9c4000000,0x000000f9c4100000)]
  0x000002933c9d8000 JavaThread "Cache worker for file hash cache (C:\Users\mrizk\.gradle\caches\8.0.1\fileHashes)" [_thread_blocked, id=39480, stack(0x000000f9c4100000,0x000000f9c4200000)]
  0x000002933c9dd000 JavaThread "File watcher server" daemon [_thread_in_native, id=44628, stack(0x000000f9c4200000,0x000000f9c4300000)]
  0x000002933c9d7800 JavaThread "File watcher consumer" daemon [_thread_blocked, id=44632, stack(0x000000f9c4300000,0x000000f9c4400000)]
  0x000002933c9d9000 JavaThread "Cache worker for checksums cache (F:\drive-programming\00bootcamp\code\week9\tugas\recipe_rn\android\.gradle\8.0.1\checksums)" [_thread_blocked, id=44656, stack(0x000000f9c4400000,0x000000f9c4500000)]
  0x000002933c9da000 JavaThread "Cache worker for cache directory md-rule (C:\Users\mrizk\.gradle\caches\8.0.1\md-rule)" [_thread_blocked, id=44664, stack(0x000000f9c4500000,0x000000f9c4600000)]
  0x0000029340878000 JavaThread "Cache worker for file content cache (C:\Users\mrizk\.gradle\caches\8.0.1\fileContent)" [_thread_blocked, id=44668, stack(0x000000f9c4600000,0x000000f9c4700000)]
  0x0000029340876800 JavaThread "Cache worker for file hash cache (F:\drive-programming\00bootcamp\code\week9\tugas\recipe_rn\android\.gradle\8.0.1\fileHashes)" [_thread_blocked, id=44672, stack(0x000000f9c4700000,0x000000f9c4800000)]
  0x0000029340875000 JavaThread "Cache worker for cache directory md-supplier (C:\Users\mrizk\.gradle\caches\8.0.1\md-supplier)" [_thread_blocked, id=44676, stack(0x000000f9c4800000,0x000000f9c4900000)]
  0x0000029340875800 JavaThread "Cache worker for execution history cache (C:\Users\mrizk\.gradle\caches\8.0.1\executionHistory)" [_thread_blocked, id=44744, stack(0x000000f9c4900000,0x000000f9c4a00000)]
  0x0000029340872800 JavaThread "jar transforms" [_thread_blocked, id=45816, stack(0x000000f9c4b00000,0x000000f9c4c00000)]
  0x0000029340879000 JavaThread "jar transforms Thread 2" [_thread_blocked, id=42796, stack(0x000000f9c4c00000,0x000000f9c4d00000)]
  0x0000029340873000 JavaThread "jar transforms Thread 3" [_thread_blocked, id=2456, stack(0x000000f9c4d00000,0x000000f9c4e00000)]
  0x000002934087c000 JavaThread "jar transforms Thread 4" [_thread_blocked, id=44092, stack(0x000000f9c1400000,0x000000f9c1500000)]
  0x000002934087f800 JavaThread "Cache worker for kotlin-dsl (C:\Users\mrizk\.gradle\caches\8.0.1\kotlin-dsl)" [_thread_blocked, id=24864, stack(0x000000f9c3400000,0x000000f9c3500000)]
  0x000002934087d000 JavaThread "jar transforms Thread 5" [_thread_blocked, id=18400, stack(0x000000f9c1600000,0x000000f9c1700000)]
  0x000002934087e000 JavaThread "jar transforms Thread 6" [_thread_blocked, id=19920, stack(0x000000f9c4e00000,0x000000f9c4f00000)]
  0x000002934087e800 JavaThread "Cache worker for dependencies-accessors (F:\drive-programming\00bootcamp\code\week9\tugas\recipe_rn\android\.gradle\8.0.1\dependencies-accessors)" [_thread_blocked, id=30724, stack(0x000000f9c4f00000,0x000000f9c5000000)]
  0x0000029340879800 JavaThread "Cache worker for Build Output Cleanup Cache (F:\drive-programming\00bootcamp\code\week9\tugas\recipe_rn\node_modules\@react-native\gradle-plugin\.gradle\buildOutputCleanup)" [_thread_blocked, id=24516, stack(0x000000f9c5000000,0x000000f9c5100000)]
  0x000002934087a800 JavaThread "jar transforms Thread 7" [_thread_blocked, id=37116, stack(0x000000f9c5100000,0x000000f9c5200000)]
  0x0000029340881000 JavaThread "Unconstrained build operations" [_thread_blocked, id=36328, stack(0x000000f9c5200000,0x000000f9c5300000)]
  0x0000029340880000 JavaThread "Unconstrained build operations Thread 2" [_thread_blocked, id=32372, stack(0x000000f9c5300000,0x000000f9c5400000)]
  0x000002934087b800 JavaThread "Unconstrained build operations Thread 3" [_thread_blocked, id=15120, stack(0x000000f9c5400000,0x000000f9c5500000)]
  0x000002933e1ed000 JavaThread "Unconstrained build operations Thread 4" [_thread_blocked, id=7860, stack(0x000000f9c5500000,0x000000f9c5600000)]
  0x000002933e1ee000 JavaThread "Unconstrained build operations Thread 5" [_thread_blocked, id=38164, stack(0x000000f9c5600000,0x000000f9c5700000)]
  0x000002933e1e8000 JavaThread "Unconstrained build operations Thread 6" [_thread_blocked, id=10480, stack(0x000000f9c5700000,0x000000f9c5800000)]
  0x000002933e1eb800 JavaThread "Unconstrained build operations Thread 7" [_thread_blocked, id=28492, stack(0x000000f9c5800000,0x000000f9c5900000)]
  0x000002933e1ec000 JavaThread "Unconstrained build operations Thread 8" [_thread_blocked, id=22980, stack(0x000000f9c5900000,0x000000f9c5a00000)]
  0x000002933e1ee800 JavaThread "Unconstrained build operations Thread 9" [_thread_blocked, id=38132, stack(0x000000f9c5a00000,0x000000f9c5b00000)]
  0x000002933e1ea800 JavaThread "Unconstrained build operations Thread 10" [_thread_blocked, id=37500, stack(0x000000f9c5b00000,0x000000f9c5c00000)]
  0x000002933e1e9000 JavaThread "Unconstrained build operations Thread 11" [_thread_blocked, id=37452, stack(0x000000f9c5c00000,0x000000f9c5d00000)]
  0x000002933e1e9800 JavaThread "Unconstrained build operations Thread 12" [_thread_blocked, id=17508, stack(0x000000f9c5d00000,0x000000f9c5e00000)]
  0x000002933e1ef800 JavaThread "Unconstrained build operations Thread 13" [_thread_blocked, id=1824, stack(0x000000f9c5e00000,0x000000f9c5f00000)]
  0x000002933e1f6000 JavaThread "Unconstrained build operations Thread 14" [_thread_blocked, id=21788, stack(0x000000f9c5f00000,0x000000f9c6000000)]
  0x000002933e1f2000 JavaThread "Unconstrained build operations Thread 15" [_thread_blocked, id=37124, stack(0x000000f9c6000000,0x000000f9c6100000)]
  0x000002933e1f4800 JavaThread "Unconstrained build operations Thread 16" [_thread_blocked, id=36420, stack(0x000000f9c6100000,0x000000f9c6200000)]
  0x000002933e1f5000 JavaThread "Unconstrained build operations Thread 17" [_thread_blocked, id=22120, stack(0x000000f9c6200000,0x000000f9c6300000)]
  0x000002933e1f3800 JavaThread "Unconstrained build operations Thread 18" [_thread_blocked, id=27924, stack(0x000000f9c6300000,0x000000f9c6400000)]
  0x000002933e1f2800 JavaThread "Unconstrained build operations Thread 19" [_thread_blocked, id=18148, stack(0x000000f9c6400000,0x000000f9c6500000)]
  0x000002933e1f0800 JavaThread "Unconstrained build operations Thread 20" [_thread_blocked, id=37928, stack(0x000000f9c6500000,0x000000f9c6600000)]
  0x000002933e1f7000 JavaThread "Unconstrained build operations Thread 21" [_thread_blocked, id=20132, stack(0x000000f9c6600000,0x000000f9c6700000)]
  0x000002933e1f1000 JavaThread "Unconstrained build operations Thread 22" [_thread_blocked, id=26536, stack(0x000000f9c6700000,0x000000f9c6800000)]
  0x0000029340611000 JavaThread "Unconstrained build operations Thread 23" [_thread_blocked, id=29784, stack(0x000000f9c6800000,0x000000f9c6900000)]
  0x000002934060f800 JavaThread "Unconstrained build operations Thread 24" [_thread_blocked, id=37932, stack(0x000000f9c6900000,0x000000f9c6a00000)]
  0x0000029340611800 JavaThread "Unconstrained build operations Thread 25" [_thread_blocked, id=20452, stack(0x000000f9c6a00000,0x000000f9c6b00000)]
  0x0000029340612800 JavaThread "Unconstrained build operations Thread 26" [_thread_blocked, id=14760, stack(0x000000f9c6b00000,0x000000f9c6c00000)]
  0x000002934060d800 JavaThread "jar transforms Thread 8" [_thread_blocked, id=14628, stack(0x000000f9c1500000,0x000000f9c1600000)]
  0x0000029340613800 JavaThread "jar transforms Thread 9" [_thread_blocked, id=14648, stack(0x000000f9c4a00000,0x000000f9c4b00000)]
  0x0000029340614000 JavaThread "jar transforms Thread 10" [_thread_blocked, id=35064, stack(0x000000f9c6c00000,0x000000f9c6d00000)]
  0x000002934060e800 JavaThread "jar transforms Thread 11" [_thread_blocked, id=42104, stack(0x000000f9c6d00000,0x000000f9c6e00000)]
  0x0000029340615000 JavaThread "jar transforms Thread 12" [_thread_blocked, id=42580, stack(0x000000f9c6e00000,0x000000f9c6f00000)]
  0x0000029340610000 JavaThread "Memory manager" [_thread_blocked, id=14544, stack(0x000000f9c6f00000,0x000000f9c7000000)]
  0x0000029340616800 JavaThread "Cache worker for Build Output Cleanup Cache (F:\drive-programming\00bootcamp\code\week9\tugas\recipe_rn\android\.gradle\buildOutputCleanup)" [_thread_blocked, id=46880, stack(0x000000f9c7000000,0x000000f9c7100000)]
  0x000002934061b800 JavaThread "Execution worker" [_thread_blocked, id=17940, stack(0x000000f9c7200000,0x000000f9c7300000)]
  0x000002934061a000 JavaThread "Execution worker Thread 2" [_thread_blocked, id=3120, stack(0x000000f9c7300000,0x000000f9c7400000)]
  0x0000029340617800 JavaThread "Execution worker Thread 3" [_thread_blocked, id=22188, stack(0x000000f9c7400000,0x000000f9c7500000)]
  0x0000029340619000 JavaThread "Execution worker Thread 4" [_thread_blocked, id=46580, stack(0x000000f9c7500000,0x000000f9c7600000)]
  0x000002934061c800 JavaThread "Execution worker Thread 5" [_thread_blocked, id=46576, stack(0x000000f9c7600000,0x000000f9c7700000)]
  0x0000029340618800 JavaThread "Execution worker Thread 6" [_thread_blocked, id=46572, stack(0x000000f9c7700000,0x000000f9c7800000)]
  0x000002934266d800 JavaThread "Execution worker Thread 7" [_thread_blocked, id=46584, stack(0x000000f9c7800000,0x000000f9c7900000)]
  0x000002934266f000 JavaThread "Execution worker Thread 8" [_thread_blocked, id=46568, stack(0x000000f9c7900000,0x000000f9c7a00000)]
  0x000002934266f800 JavaThread "Execution worker Thread 9" [_thread_blocked, id=46564, stack(0x000000f9c7a00000,0x000000f9c7b00000)]
  0x0000029342670800 JavaThread "Execution worker Thread 10" [_thread_blocked, id=20240, stack(0x000000f9c7b00000,0x000000f9c7c00000)]
  0x0000029342671800 JavaThread "Execution worker Thread 11" [_thread_blocked, id=45628, stack(0x000000f9c7c00000,0x000000f9c7d00000)]
  0x0000029342672000 JavaThread "Cache worker for execution history cache (F:\drive-programming\00bootcamp\code\week9\tugas\recipe_rn\node_modules\@react-native\gradle-plugin\.gradle\8.0.1\executionHistory)" [_thread_blocked, id=37836, stack(0x000000f9c7d00000,0x000000f9c7e00000)]
  0x0000029342673000 JavaThread "Unconstrained build operations Thread 27" [_thread_blocked, id=32284, stack(0x000000f9c7e00000,0x000000f9c7f00000)]
  0x0000029342674000 JavaThread "Unconstrained build operations Thread 28" [_thread_blocked, id=14664, stack(0x000000f9c7f00000,0x000000f9c8000000)]
  0x000002934266e000 JavaThread "Unconstrained build operations Thread 29" [_thread_blocked, id=16764, stack(0x000000f9c8000000,0x000000f9c8100000)]
  0x0000029342676000 JavaThread "Unconstrained build operations Thread 30" [_thread_blocked, id=39888, stack(0x000000f9c8100000,0x000000f9c8200000)]
  0x0000029342677000 JavaThread "Unconstrained build operations Thread 31" [_thread_blocked, id=44296, stack(0x000000f9c8200000,0x000000f9c8300000)]
  0x0000029342678000 JavaThread "Unconstrained build operations Thread 32" [_thread_blocked, id=22872, stack(0x000000f9c8300000,0x000000f9c8400000)]
  0x000002934267a800 JavaThread "Unconstrained build operations Thread 33" [_thread_blocked, id=28840, stack(0x000000f9c8400000,0x000000f9c8500000)]
  0x0000029342679800 JavaThread "Unconstrained build operations Thread 34" [_thread_blocked, id=8104, stack(0x000000f9c8500000,0x000000f9c8600000)]
  0x0000029342678800 JavaThread "Unconstrained build operations Thread 35" [_thread_blocked, id=29136, stack(0x000000f9c8600000,0x000000f9c8700000)]
  0x0000029342674800 JavaThread "Unconstrained build operations Thread 36" [_thread_blocked, id=9504, stack(0x000000f9c8700000,0x000000f9c8800000)]
  0x000002934267b000 JavaThread "Unconstrained build operations Thread 37" [_thread_blocked, id=45072, stack(0x000000f9c8800000,0x000000f9c8900000)]
  0x0000029342675800 JavaThread "Unconstrained build operations Thread 38" [_thread_blocked, id=23844, stack(0x000000f9c8900000,0x000000f9c8a00000)]
  0x000002934267c000 JavaThread "Unconstrained build operations Thread 39" [_thread_blocked, id=34452, stack(0x000000f9c8a00000,0x000000f9c8b00000)]
  0x00000293424f9800 JavaThread "Unconstrained build operations Thread 40" [_thread_blocked, id=17452, stack(0x000000f9c8b00000,0x000000f9c8c00000)]
  0x00000293424fa800 JavaThread "Unconstrained build operations Thread 41" [_thread_blocked, id=33956, stack(0x000000f9c8c00000,0x000000f9c8d00000)]
  0x00000293424f8000 JavaThread "Unconstrained build operations Thread 42" [_thread_blocked, id=368, stack(0x000000f9c8d00000,0x000000f9c8e00000)]
  0x00000293424f8800 JavaThread "Unconstrained build operations Thread 43" [_thread_blocked, id=9512, stack(0x000000f9c8e00000,0x000000f9c8f00000)]
  0x00000293424f6000 JavaThread "Unconstrained build operations Thread 44" [_thread_blocked, id=34268, stack(0x000000f9c8f00000,0x000000f9c9000000)]
  0x00000293424fc000 JavaThread "Unconstrained build operations Thread 45" [_thread_blocked, id=36604, stack(0x000000f9c9000000,0x000000f9c9100000)]
  0x00000293424fb000 JavaThread "Unconstrained build operations Thread 46" [_thread_blocked, id=39076, stack(0x000000f9c9100000,0x000000f9c9200000)]
  0x00000293424fd000 JavaThread "Unconstrained build operations Thread 47" [_thread_blocked, id=11272, stack(0x000000f9c9200000,0x000000f9c9300000)]
  0x00000293424f7000 JavaThread "Unconstrained build operations Thread 48" [_thread_blocked, id=35140, stack(0x000000f9c9300000,0x000000f9c9400000)]
  0x00000293424ff000 JavaThread "Unconstrained build operations Thread 49" [_thread_blocked, id=11200, stack(0x000000f9c9400000,0x000000f9c9500000)]
  0x0000029342500000 JavaThread "Unconstrained build operations Thread 50" [_thread_blocked, id=26752, stack(0x000000f9c9500000,0x000000f9c9600000)]
  0x0000029342502800 JavaThread "Unconstrained build operations Thread 51" [_thread_blocked, id=14576, stack(0x000000f9c9600000,0x000000f9c9700000)]
  0x0000029342501800 JavaThread "Unconstrained build operations Thread 52" [_thread_blocked, id=46948, stack(0x000000f9c9700000,0x000000f9c9800000)]
  0x0000029342503800 JavaThread "Unconstrained build operations Thread 53" [_thread_blocked, id=46928, stack(0x000000f9c9800000,0x000000f9c9900000)]
  0x00000293424fd800 JavaThread "Unconstrained build operations Thread 54" [_thread_blocked, id=47008, stack(0x000000f9c9900000,0x000000f9c9a00000)]
  0x0000029342501000 JavaThread "Unconstrained build operations Thread 55" [_thread_blocked, id=47004, stack(0x000000f9c9a00000,0x000000f9c9b00000)]
  0x00000293424fe800 JavaThread "Unconstrained build operations Thread 56" [_thread_blocked, id=47000, stack(0x000000f9c9b00000,0x000000f9c9c00000)]
  0x0000029342504000 JavaThread "Unconstrained build operations Thread 57" [_thread_blocked, id=46960, stack(0x000000f9c9c00000,0x000000f9c9d00000)]
  0x0000029342505000 JavaThread "Unconstrained build operations Thread 58" [_thread_blocked, id=46956, stack(0x000000f9c9d00000,0x000000f9c9e00000)]
  0x0000029342cd7800 JavaThread "Unconstrained build operations Thread 59" [_thread_blocked, id=46976, stack(0x000000f9c9e00000,0x000000f9c9f00000)]
  0x0000029342cd2800 JavaThread "Unconstrained build operations Thread 60" [_thread_blocked, id=46972, stack(0x000000f9c9f00000,0x000000f9ca000000)]
  0x0000029342cd8000 JavaThread "Unconstrained build operations Thread 61" [_thread_blocked, id=46860, stack(0x000000f9ca000000,0x000000f9ca100000)]
  0x0000029342cd9000 JavaThread "Unconstrained build operations Thread 62" [_thread_blocked, id=46932, stack(0x000000f9ca100000,0x000000f9ca200000)]
  0x0000029342cd3000 JavaThread "Unconstrained build operations Thread 63" [_thread_blocked, id=46856, stack(0x000000f9ca200000,0x000000f9ca300000)]
  0x0000029342cd4000 JavaThread "Unconstrained build operations Thread 64" [_thread_blocked, id=46940, stack(0x000000f9ca300000,0x000000f9ca400000)]
  0x0000029342cd6800 JavaThread "Unconstrained build operations Thread 65" [_thread_blocked, id=46952, stack(0x000000f9ca400000,0x000000f9ca500000)]
  0x0000029342cd9800 JavaThread "Unconstrained build operations Thread 66" [_thread_blocked, id=46884, stack(0x000000f9ca500000,0x000000f9ca600000)]
  0x0000029342cd5800 JavaThread "Unconstrained build operations Thread 67" [_thread_blocked, id=37020, stack(0x000000f9ca600000,0x000000f9ca700000)]
  0x0000029342cda800 JavaThread "Unconstrained build operations Thread 68" [_thread_blocked, id=46796, stack(0x000000f9ca700000,0x000000f9ca800000)]
  0x0000029342cd5000 JavaThread "Unconstrained build operations Thread 69" [_thread_blocked, id=47020, stack(0x000000f9ca800000,0x000000f9ca900000)]
  0x0000029342ce0000 JavaThread "Unconstrained build operations Thread 70" [_thread_blocked, id=47016, stack(0x000000f9ca900000,0x000000f9caa00000)]
  0x0000029342cdb800 JavaThread "Unconstrained build operations Thread 71" [_thread_blocked, id=47012, stack(0x000000f9caa00000,0x000000f9cab00000)]
  0x0000029342cdc000 JavaThread "Unconstrained build operations Thread 72" [_thread_blocked, id=46988, stack(0x000000f9cab00000,0x000000f9cac00000)]
  0x0000029342cdf800 JavaThread "Unconstrained build operations Thread 73" [_thread_blocked, id=46984, stack(0x000000f9cac00000,0x000000f9cad00000)]
  0x0000029342cdd000 JavaThread "Unconstrained build operations Thread 74" [_thread_blocked, id=46996, stack(0x000000f9cad00000,0x000000f9cae00000)]
  0x0000029342ce1000 JavaThread "Unconstrained build operations Thread 75" [_thread_blocked, id=46876, stack(0x000000f9cae00000,0x000000f9caf00000)]
  0x0000029342cde000 JavaThread "Unconstrained build operations Thread 76" [_thread_blocked, id=46964, stack(0x000000f9caf00000,0x000000f9cb000000)]
  0x0000029342cde800 JavaThread "Unconstrained build operations Thread 77" [_thread_blocked, id=46992, stack(0x000000f9cb000000,0x000000f9cb100000)]
  0x0000029344ae3000 JavaThread "Unconstrained build operations Thread 78" [_thread_blocked, id=46968, stack(0x000000f9cb100000,0x000000f9cb200000)]
  0x0000029344ae4800 JavaThread "Unconstrained build operations Thread 79" [_thread_blocked, id=46980, stack(0x000000f9cb200000,0x000000f9cb300000)]
  0x0000029344ae6000 JavaThread "Unconstrained build operations Thread 80" [_thread_blocked, id=46924, stack(0x000000f9cb300000,0x000000f9cb400000)]
  0x0000029344ae3800 JavaThread "Unconstrained build operations Thread 81" [_thread_blocked, id=46872, stack(0x000000f9cb400000,0x000000f9cb500000)]
  0x0000029344ae5000 JavaThread "Unconstrained build operations Thread 82" [_thread_blocked, id=47048, stack(0x000000f9cb500000,0x000000f9cb600000)]
  0x0000029344ae0800 JavaThread "Unconstrained build operations Thread 83" [_thread_blocked, id=47044, stack(0x000000f9cb600000,0x000000f9cb700000)]
  0x0000029344ae7000 JavaThread "Unconstrained build operations Thread 84" [_thread_blocked, id=47040, stack(0x000000f9cb700000,0x000000f9cb800000)]
  0x0000029344ae1000 JavaThread "Unconstrained build operations Thread 85" [_thread_blocked, id=47036, stack(0x000000f9cb800000,0x000000f9cb900000)]
  0x0000029344ae7800 JavaThread "Unconstrained build operations Thread 86" [_thread_blocked, id=47092, stack(0x000000f9cb900000,0x000000f9cba00000)]
  0x0000029344ae2000 JavaThread "Unconstrained build operations Thread 87" [_thread_blocked, id=47088, stack(0x000000f9cba00000,0x000000f9cbb00000)]
  0x0000029344aee000 JavaThread "Unconstrained build operations Thread 88" [_thread_blocked, id=47084, stack(0x000000f9cbb00000,0x000000f9cbc00000)]
  0x0000029344ae9800 JavaThread "Unconstrained build operations Thread 89" [_thread_blocked, id=47072, stack(0x000000f9cbc00000,0x000000f9cbd00000)]
  0x0000029344aec800 JavaThread "Unconstrained build operations Thread 90" [_thread_blocked, id=47068, stack(0x000000f9cbd00000,0x000000f9cbe00000)]
  0x0000029344aed800 JavaThread "Unconstrained build operations Thread 91" [_thread_blocked, id=47064, stack(0x000000f9cbe00000,0x000000f9cbf00000)]
  0x0000029344ae8800 JavaThread "Unconstrained build operations Thread 92" [_thread_blocked, id=47080, stack(0x000000f9cbf00000,0x000000f9cc000000)]
  0x0000029344aef000 JavaThread "Unconstrained build operations Thread 93" [_thread_blocked, id=47076, stack(0x000000f9cc000000,0x000000f9cc100000)]
  0x0000029344aea000 JavaThread "Unconstrained build operations Thread 94" [_thread_blocked, id=47028, stack(0x000000f9cc100000,0x000000f9cc200000)]
  0x0000029344aeb000 JavaThread "Unconstrained build operations Thread 95" [_thread_blocked, id=47052, stack(0x000000f9cc200000,0x000000f9cc300000)]
  0x0000029344aeb800 JavaThread "Unconstrained build operations Thread 96" [_thread_blocked, id=47024, stack(0x000000f9cc300000,0x000000f9cc400000)]
  0x0000029340aa0000 JavaThread "Unconstrained build operations Thread 97" [_thread_blocked, id=47060, stack(0x000000f9cc400000,0x000000f9cc500000)]
  0x0000029340a9f800 JavaThread "Unconstrained build operations Thread 98" [_thread_blocked, id=47056, stack(0x000000f9cc500000,0x000000f9cc600000)]
  0x0000029340aa1000 JavaThread "Unconstrained build operations Thread 99" [_thread_blocked, id=47032, stack(0x000000f9cc600000,0x000000f9cc700000)]
  0x0000029340a9d000 JavaThread "Unconstrained build operations Thread 100" [_thread_blocked, id=12012, stack(0x000000f9cc700000,0x000000f9cc800000)]
  0x0000029340a9b800 JavaThread "Unconstrained build operations Thread 101" [_thread_blocked, id=22732, stack(0x000000f9cc800000,0x000000f9cc900000)]
  0x0000029340aa2000 JavaThread "Unconstrained build operations Thread 102" [_thread_blocked, id=25736, stack(0x000000f9cc900000,0x000000f9cca00000)]
  0x0000029340a9c000 JavaThread "Unconstrained build operations Thread 103" [_thread_blocked, id=43516, stack(0x000000f9cca00000,0x000000f9ccb00000)]
  0x0000029340aa2800 JavaThread "Unconstrained build operations Thread 104" [_thread_blocked, id=42588, stack(0x000000f9ccb00000,0x000000f9ccc00000)]
  0x0000029340aa3800 JavaThread "Unconstrained build operations Thread 105" [_thread_blocked, id=4292, stack(0x000000f9ccc00000,0x000000f9ccd00000)]
  0x0000029340a9d800 JavaThread "Unconstrained build operations Thread 106" [_thread_blocked, id=36196, stack(0x000000f9ccd00000,0x000000f9cce00000)]
  0x0000029340aa4000 JavaThread "Unconstrained build operations Thread 107" [_thread_blocked, id=43700, stack(0x000000f9cce00000,0x000000f9ccf00000)]
  0x0000029340a9e800 JavaThread "Unconstrained build operations Thread 108" [_thread_blocked, id=37912, stack(0x000000f9ccf00000,0x000000f9cd000000)]
  0x0000029340aa5000 JavaThread "Unconstrained build operations Thread 109" [_thread_blocked, id=30376, stack(0x000000f9cd000000,0x000000f9cd100000)]
  0x0000029340aa7800 JavaThread "Unconstrained build operations Thread 110" [_thread_blocked, id=47108, stack(0x000000f9cd100000,0x000000f9cd200000)]
  0x0000029340aaa000 JavaThread "Unconstrained build operations Thread 111" [_thread_blocked, id=47112, stack(0x000000f9cd200000,0x000000f9cd300000)]
  0x0000029340aa9000 JavaThread "Unconstrained build operations Thread 112" [_thread_blocked, id=47116, stack(0x000000f9cd300000,0x000000f9cd400000)]
  0x0000029340aa6000 JavaThread "Unconstrained build operations Thread 113" [_thread_blocked, id=47120, stack(0x000000f9cd400000,0x000000f9cd500000)]
  0x0000029340aa6800 JavaThread "Unconstrained build operations Thread 114" [_thread_blocked, id=47124, stack(0x000000f9cd500000,0x000000f9cd600000)]
  0x0000029340aa8800 JavaThread "Unconstrained build operations Thread 115" [_thread_blocked, id=47128, stack(0x000000f9cd600000,0x000000f9cd700000)]
  0x0000029340f39800 JavaThread "Unconstrained build operations Thread 116" [_thread_blocked, id=47132, stack(0x000000f9cd700000,0x000000f9cd800000)]
  0x0000029340f39000 JavaThread "Unconstrained build operations Thread 117" [_thread_blocked, id=47136, stack(0x000000f9cd800000,0x000000f9cd900000)]
  0x0000029340f3e800 JavaThread "Unconstrained build operations Thread 118" [_thread_blocked, id=47140, stack(0x000000f9cd900000,0x000000f9cda00000)]
  0x0000029340f3c000 JavaThread "Unconstrained build operations Thread 119" [_thread_blocked, id=47144, stack(0x000000f9cda00000,0x000000f9cdb00000)]
  0x0000029340f3a800 JavaThread "Unconstrained build operations Thread 120" [_thread_blocked, id=47148, stack(0x000000f9cdb00000,0x000000f9cdc00000)]

Other Threads:
  0x000002933bad3000 VMThread "VM Thread" [stack: 0x000000f9c1d00000,0x000000f9c1e00000] [id=42792]
  0x000002933c50f800 WatcherThread [stack: 0x000000f9c2700000,0x000000f9c2800000] [id=5496]
  0x000002931d61e800 GCTaskThread "GC Thread#0" [stack: 0x000000f9c1800000,0x000000f9c1900000] [id=26696]
  0x000002933ccb3000 GCTaskThread "GC Thread#1" [stack: 0x000000f9c2800000,0x000000f9c2900000] [id=42252]
  0x000002933ccb3800 GCTaskThread "GC Thread#2" [stack: 0x000000f9c2900000,0x000000f9c2a00000] [id=42248]
  0x000002933d489800 GCTaskThread "GC Thread#3" [stack: 0x000000f9c2a00000,0x000000f9c2b00000] [id=42296]
  0x000002933d4b0800 GCTaskThread "GC Thread#4" [stack: 0x000000f9c2b00000,0x000000f9c2c00000] [id=42260]
  0x000002933e695800 GCTaskThread "GC Thread#5" [stack: 0x000000f9c3800000,0x000000f9c3900000] [id=43904]
  0x000002933e696800 GCTaskThread "GC Thread#6" [stack: 0x000000f9c3900000,0x000000f9c3a00000] [id=43908]
  0x000002933c811800 GCTaskThread "GC Thread#7" [stack: 0x000000f9c3a00000,0x000000f9c3b00000] [id=43912]
  0x000002933c812000 GCTaskThread "GC Thread#8" [stack: 0x000000f9c3b00000,0x000000f9c3c00000] [id=43916]
  0x000002933c827000 GCTaskThread "GC Thread#9" [stack: 0x000000f9c3c00000,0x000000f9c3d00000] [id=43920]
  0x000002931d651800 ConcurrentGCThread "G1 Main Marker" [stack: 0x000000f9c1900000,0x000000f9c1a00000] [id=39624]
  0x000002931d653000 ConcurrentGCThread "G1 Conc#0" [stack: 0x000000f9c1a00000,0x000000f9c1b00000] [id=41168]
  0x000002933d537800 ConcurrentGCThread "G1 Conc#1" [stack: 0x000000f9c3e00000,0x000000f9c3f00000] [id=43928]
  0x000002933d538800 ConcurrentGCThread "G1 Conc#2" [stack: 0x000000f9c3f00000,0x000000f9c4000000] [id=43932]
  0x000002933b95f000 ConcurrentGCThread "G1 Refine#0" [stack: 0x000000f9c1b00000,0x000000f9c1c00000] [id=42984]
  0x000002933d0d9000 ConcurrentGCThread "G1 Refine#1" [stack: 0x000000f9c3d00000,0x000000f9c3e00000] [id=43924]
  0x000002933b960000 ConcurrentGCThread "G1 Young RemSet Sampling" [stack: 0x000000f9c1c00000,0x000000f9c1d00000] [id=35788]

Threads with active compile tasks:
C2 CompilerThread0   404476 11099       4       groovy.lang.MetaClassImpl::inheritInterfaceNewMetaMethods (195 bytes)

VM state:not at safepoint (normal execution)

VM Mutex/Monitor currently owned by a thread: None

Heap address: 0x0000000080000000, size: 2048 MB, Compressed Oops mode: 32-bit
Narrow klass base: 0x0000000000000000, Narrow klass shift: 3
Compressed class space size: 528482304 Address: 0x0000000100000000

Heap:
 garbage-first heap   total 227328K, used 152644K [0x0000000080000000, 0x0000000100000000)
  region size 1024K, 75 young (76800K), 14 survivors (14336K)
 Metaspace       used 95434K, capacity 98419K, committed 98608K, reserved 602112K
  class space    used 12643K, capacity 13851K, committed 13952K, reserved 516096K
Heap Regions: E=young(eden), S=young(survivor), O=old, HS=humongous(starts), HC=humongous(continues), CS=collection set, F=free, A=archive, TAMS=top-at-mark-start (previous, next)
|   0|0x0000000080000000, 0x0000000080100000, 0x0000000080100000|100%|HS|  |TAMS 0x0000000080100000, 0x0000000080000000| Complete 
|   1|0x0000000080100000, 0x0000000080200000, 0x0000000080200000|100%|HC|  |TAMS 0x0000000080200000, 0x0000000080100000| Complete 
|   2|0x0000000080200000, 0x0000000080300000, 0x0000000080300000|100%|HC|  |TAMS 0x0000000080300000, 0x0000000080200000| Complete 
|   3|0x0000000080300000, 0x0000000080400000, 0x0000000080400000|100%|HC|  |TAMS 0x0000000080400000, 0x0000000080300000| Complete 
|   4|0x0000000080400000, 0x0000000080500000, 0x0000000080500000|100%| O|  |TAMS 0x0000000080500000, 0x0000000080400000| Untracked 
|   5|0x0000000080500000, 0x0000000080600000, 0x0000000080600000|100%| O|  |TAMS 0x0000000080600000, 0x0000000080500000| Untracked 
|   6|0x0000000080600000, 0x0000000080700000, 0x0000000080700000|100%| O|  |TAMS 0x0000000080700000, 0x0000000080600000| Untracked 
|   7|0x0000000080700000, 0x0000000080800000, 0x0000000080800000|100%| O|  |TAMS 0x0000000080800000, 0x0000000080700000| Untracked 
|   8|0x0000000080800000, 0x0000000080900000, 0x0000000080900000|100%| O|  |TAMS 0x0000000080900000, 0x0000000080800000| Untracked 
|   9|0x0000000080900000, 0x0000000080a00000, 0x0000000080a00000|100%| O|  |TAMS 0x0000000080a00000, 0x0000000080900000| Untracked 
|  10|0x0000000080a00000, 0x0000000080b00000, 0x0000000080b00000|100%| O|  |TAMS 0x0000000080b00000, 0x0000000080a00000| Untracked 
|  11|0x0000000080b00000, 0x0000000080c00000, 0x0000000080c00000|100%| O|  |TAMS 0x0000000080c00000, 0x0000000080b00000| Untracked 
|  12|0x0000000080c00000, 0x0000000080d00000, 0x0000000080d00000|100%| O|  |TAMS 0x0000000080d00000, 0x0000000080c00000| Untracked 
|  13|0x0000000080d00000, 0x0000000080e00000, 0x0000000080e00000|100%| O|  |TAMS 0x0000000080e00000, 0x0000000080d00000| Untracked 
|  14|0x0000000080e00000, 0x0000000080f00000, 0x0000000080f00000|100%| O|  |TAMS 0x0000000080f00000, 0x0000000080e00000| Untracked 
|  15|0x0000000080f00000, 0x0000000081000000, 0x0000000081000000|100%| O|  |TAMS 0x0000000081000000, 0x0000000080f00000| Untracked 
|  16|0x0000000081000000, 0x0000000081100000, 0x0000000081100000|100%| O|  |TAMS 0x0000000081100000, 0x0000000081000000| Untracked 
|  17|0x0000000081100000, 0x0000000081200000, 0x0000000081200000|100%| O|  |TAMS 0x0000000081200000, 0x0000000081100000| Untracked 
|  18|0x0000000081200000, 0x0000000081300000, 0x0000000081300000|100%| O|  |TAMS 0x0000000081300000, 0x0000000081200000| Untracked 
|  19|0x0000000081300000, 0x0000000081400000, 0x0000000081400000|100%| O|  |TAMS 0x0000000081400000, 0x0000000081300000| Untracked 
|  20|0x0000000081400000, 0x0000000081500000, 0x0000000081500000|100%| O|  |TAMS 0x0000000081500000, 0x0000000081400000| Untracked 
|  21|0x0000000081500000, 0x0000000081600000, 0x0000000081600000|100%| O|  |TAMS 0x0000000081600000, 0x0000000081500000| Untracked 
|  22|0x0000000081600000, 0x0000000081700000, 0x0000000081700000|100%| O|  |TAMS 0x0000000081700000, 0x0000000081600000| Untracked 
|  23|0x0000000081700000, 0x0000000081800000, 0x0000000081800000|100%| O|  |TAMS 0x0000000081800000, 0x0000000081700000| Untracked 
|  24|0x0000000081800000, 0x0000000081900000, 0x0000000081900000|100%|HS|  |TAMS 0x0000000081900000, 0x0000000081800000| Complete 
|  25|0x0000000081900000, 0x0000000081a00000, 0x0000000081a00000|100%|HC|  |TAMS 0x0000000081a00000, 0x0000000081900000| Complete 
|  26|0x0000000081a00000, 0x0000000081b00000, 0x0000000081b00000|100%|HS|  |TAMS 0x0000000081b00000, 0x0000000081a00000| Complete 
|  27|0x0000000081b00000, 0x0000000081c00000, 0x0000000081c00000|100%|HC|  |TAMS 0x0000000081c00000, 0x0000000081b00000| Complete 
|  28|0x0000000081c00000, 0x0000000081d00000, 0x0000000081d00000|100%|HC|  |TAMS 0x0000000081d00000, 0x0000000081c00000| Complete 
|  29|0x0000000081d00000, 0x0000000081e00000, 0x0000000081e00000|100%|HC|  |TAMS 0x0000000081e00000, 0x0000000081d00000| Complete 
|  30|0x0000000081e00000, 0x0000000081f00000, 0x0000000081f00000|100%| O|  |TAMS 0x0000000081f00000, 0x0000000081e00000| Untracked 
|  31|0x0000000081f00000, 0x0000000082000000, 0x0000000082000000|100%| O|  |TAMS 0x0000000082000000, 0x0000000081f00000| Untracked 
|  32|0x0000000082000000, 0x0000000082100000, 0x0000000082100000|100%| O|  |TAMS 0x0000000082100000, 0x0000000082000000| Untracked 
|  33|0x0000000082100000, 0x0000000082200000, 0x0000000082200000|100%| O|  |TAMS 0x0000000082200000, 0x0000000082100000| Untracked 
|  34|0x0000000082200000, 0x0000000082300000, 0x0000000082300000|100%| O|  |TAMS 0x00000000822d9200, 0x0000000082200000| Untracked 
|  35|0x0000000082300000, 0x0000000082400000, 0x0000000082400000|100%|HS|  |TAMS 0x0000000082300000, 0x0000000082300000| Complete 
|  36|0x0000000082400000, 0x0000000082500000, 0x0000000082500000|100%|HS|  |TAMS 0x0000000082400000, 0x0000000082400000| Complete 
|  37|0x0000000082500000, 0x0000000082600000, 0x0000000082600000|100%| O|  |TAMS 0x0000000082500000, 0x0000000082500000| Untracked 
|  38|0x0000000082600000, 0x0000000082700000, 0x0000000082700000|100%| O|  |TAMS 0x0000000082600000, 0x0000000082600000| Untracked 
|  39|0x0000000082700000, 0x0000000082800000, 0x0000000082800000|100%| O|  |TAMS 0x0000000082700000, 0x0000000082700000| Untracked 
|  40|0x0000000082800000, 0x0000000082900000, 0x0000000082900000|100%| O|  |TAMS 0x0000000082800000, 0x0000000082800000| Untracked 
|  41|0x0000000082900000, 0x0000000082a00000, 0x0000000082a00000|100%| O|  |TAMS 0x0000000082900000, 0x0000000082900000| Untracked 
|  42|0x0000000082a00000, 0x0000000082b00000, 0x0000000082b00000|100%| O|  |TAMS 0x0000000082a00000, 0x0000000082a00000| Untracked 
|  43|0x0000000082b00000, 0x0000000082c00000, 0x0000000082c00000|100%| O|  |TAMS 0x0000000082b00000, 0x0000000082b00000| Untracked 
|  44|0x0000000082c00000, 0x0000000082d00000, 0x0000000082d00000|100%| O|  |TAMS 0x0000000082c00000, 0x0000000082c00000| Untracked 
|  45|0x0000000082d00000, 0x0000000082e00000, 0x0000000082e00000|100%| O|  |TAMS 0x0000000082d00000, 0x0000000082d00000| Untracked 
|  46|0x0000000082e00000, 0x0000000082f00000, 0x0000000082f00000|100%| O|  |TAMS 0x0000000082e00000, 0x0000000082e00000| Untracked 
|  47|0x0000000082f00000, 0x0000000083000000, 0x0000000083000000|100%| O|  |TAMS 0x0000000082f00000, 0x0000000082f00000| Untracked 
|  48|0x0000000083000000, 0x0000000083100000, 0x0000000083100000|100%| O|  |TAMS 0x0000000083000000, 0x0000000083000000| Untracked 
|  49|0x0000000083100000, 0x0000000083200000, 0x0000000083200000|100%| O|  |TAMS 0x0000000083100000, 0x0000000083100000| Untracked 
|  50|0x0000000083200000, 0x0000000083300000, 0x0000000083300000|100%| O|  |TAMS 0x0000000083200000, 0x0000000083200000| Untracked 
|  51|0x0000000083300000, 0x0000000083400000, 0x0000000083400000|100%| O|  |TAMS 0x0000000083300000, 0x0000000083300000| Untracked 
|  52|0x0000000083400000, 0x0000000083500000, 0x0000000083500000|100%| O|  |TAMS 0x0000000083400000, 0x0000000083400000| Untracked 
|  53|0x0000000083500000, 0x0000000083600000, 0x0000000083600000|100%| O|  |TAMS 0x0000000083500000, 0x0000000083500000| Untracked 
|  54|0x0000000083600000, 0x0000000083700000, 0x0000000083700000|100%| O|  |TAMS 0x0000000083600000, 0x0000000083600000| Untracked 
|  55|0x0000000083700000, 0x0000000083800000, 0x0000000083800000|100%| O|  |TAMS 0x0000000083700000, 0x0000000083700000| Untracked 
|  56|0x0000000083800000, 0x0000000083900000, 0x0000000083900000|100%| O|  |TAMS 0x0000000083800000, 0x0000000083800000| Untracked 
|  57|0x0000000083900000, 0x0000000083a00000, 0x0000000083a00000|100%| O|  |TAMS 0x0000000083900000, 0x0000000083900000| Untracked 
|  58|0x0000000083a00000, 0x0000000083b00000, 0x0000000083b00000|100%| O|  |TAMS 0x0000000083a00000, 0x0000000083a00000| Untracked 
|  59|0x0000000083b00000, 0x0000000083c00000, 0x0000000083c00000|100%| O|  |TAMS 0x0000000083b00000, 0x0000000083b00000| Untracked 
|  60|0x0000000083c00000, 0x0000000083d00000, 0x0000000083d00000|100%| O|  |TAMS 0x0000000083c00000, 0x0000000083c00000| Untracked 
|  61|0x0000000083d00000, 0x0000000083e00000, 0x0000000083e00000|100%| O|  |TAMS 0x0000000083d00000, 0x0000000083d00000| Untracked 
|  62|0x0000000083e00000, 0x0000000083f00000, 0x0000000083f00000|100%| O|  |TAMS 0x0000000083e00000, 0x0000000083e00000| Untracked 
|  63|0x0000000083f00000, 0x0000000084000000, 0x0000000084000000|100%| O|  |TAMS 0x0000000083f00000, 0x0000000083f00000| Untracked 
|  64|0x0000000084000000, 0x0000000084100000, 0x0000000084100000|100%| O|  |TAMS 0x0000000084000000, 0x0000000084000000| Untracked 
|  65|0x0000000084100000, 0x0000000084200000, 0x0000000084200000|100%| O|  |TAMS 0x0000000084100000, 0x0000000084100000| Untracked 
|  66|0x0000000084200000, 0x0000000084300000, 0x0000000084300000|100%| O|  |TAMS 0x0000000084200000, 0x0000000084200000| Untracked 
|  67|0x0000000084300000, 0x0000000084400000, 0x0000000084400000|100%| O|  |TAMS 0x0000000084300000, 0x0000000084300000| Untracked 
|  68|0x0000000084400000, 0x00000000844b9a00, 0x0000000084500000| 72%| O|  |TAMS 0x0000000084400000, 0x0000000084400000| Untracked 
|  69|0x0000000084500000, 0x0000000084600000, 0x0000000084600000|100%|HS|  |TAMS 0x0000000084500000, 0x0000000084500000| Complete 
|  70|0x0000000084600000, 0x0000000084700000, 0x0000000084700000|100%|HS|  |TAMS 0x0000000084600000, 0x0000000084600000| Complete 
|  71|0x0000000084700000, 0x0000000084800000, 0x0000000084800000|100%|HS|  |TAMS 0x0000000084700000, 0x0000000084700000| Complete 
|  72|0x0000000084800000, 0x0000000084900000, 0x0000000084900000|100%|HS|  |TAMS 0x0000000084800000, 0x0000000084800000| Complete 
|  73|0x0000000084900000, 0x0000000084a00000, 0x0000000084a00000|100%|HC|  |TAMS 0x0000000084900000, 0x0000000084900000| Complete 
|  74|0x0000000084a00000, 0x0000000084b00000, 0x0000000084b00000|100%|HC|  |TAMS 0x0000000084a00000, 0x0000000084a00000| Complete 
|  75|0x0000000084b00000, 0x0000000084c00000, 0x0000000084c00000|100%|HS|  |TAMS 0x0000000084b00000, 0x0000000084b00000| Complete 
|  76|0x0000000084c00000, 0x0000000084d00000, 0x0000000084d00000|100%|HC|  |TAMS 0x0000000084c00000, 0x0000000084c00000| Complete 
|  77|0x0000000084d00000, 0x0000000084d00000, 0x0000000084e00000|  0%| F|  |TAMS 0x0000000084d00000, 0x0000000084d00000| Untracked 
|  78|0x0000000084e00000, 0x0000000084e00000, 0x0000000084f00000|  0%| F|  |TAMS 0x0000000084e00000, 0x0000000084e00000| Untracked 
|  79|0x0000000084f00000, 0x0000000084f00000, 0x0000000085000000|  0%| F|  |TAMS 0x0000000084f00000, 0x0000000084f00000| Untracked 
|  80|0x0000000085000000, 0x0000000085000000, 0x0000000085100000|  0%| F|  |TAMS 0x0000000085000000, 0x0000000085000000| Untracked 
|  81|0x0000000085100000, 0x0000000085100000, 0x0000000085200000|  0%| F|  |TAMS 0x0000000085100000, 0x0000000085100000| Untracked 
|  82|0x0000000085200000, 0x0000000085200000, 0x0000000085300000|  0%| F|  |TAMS 0x0000000085200000, 0x0000000085200000| Untracked 
|  83|0x0000000085300000, 0x0000000085300000, 0x0000000085400000|  0%| F|  |TAMS 0x0000000085300000, 0x0000000085300000| Untracked 
|  84|0x0000000085400000, 0x0000000085400000, 0x0000000085500000|  0%| F|  |TAMS 0x0000000085400000, 0x0000000085400000| Untracked 
|  85|0x0000000085500000, 0x0000000085500000, 0x0000000085600000|  0%| F|  |TAMS 0x0000000085500000, 0x0000000085500000| Untracked 
|  86|0x0000000085600000, 0x0000000085600000, 0x0000000085700000|  0%| F|  |TAMS 0x0000000085600000, 0x0000000085600000| Untracked 
|  87|0x0000000085700000, 0x0000000085700000, 0x0000000085800000|  0%| F|  |TAMS 0x0000000085700000, 0x0000000085700000| Untracked 
|  88|0x0000000085800000, 0x0000000085800000, 0x0000000085900000|  0%| F|  |TAMS 0x0000000085800000, 0x0000000085800000| Untracked 
|  89|0x0000000085900000, 0x0000000085900000, 0x0000000085a00000|  0%| F|  |TAMS 0x0000000085900000, 0x0000000085900000| Untracked 
|  90|0x0000000085a00000, 0x0000000085a00000, 0x0000000085b00000|  0%| F|  |TAMS 0x0000000085a00000, 0x0000000085a00000| Untracked 
|  91|0x0000000085b00000, 0x0000000085b00000, 0x0000000085c00000|  0%| F|  |TAMS 0x0000000085b00000, 0x0000000085b00000| Untracked 
|  92|0x0000000085c00000, 0x0000000085c00000, 0x0000000085d00000|  0%| F|  |TAMS 0x0000000085c00000, 0x0000000085c00000| Untracked 
|  93|0x0000000085d00000, 0x0000000085d00000, 0x0000000085e00000|  0%| F|  |TAMS 0x0000000085d00000, 0x0000000085d00000| Untracked 
|  94|0x0000000085e00000, 0x0000000085e00000, 0x0000000085f00000|  0%| F|  |TAMS 0x0000000085e00000, 0x0000000085e00000| Untracked 
|  95|0x0000000085f00000, 0x0000000085f00000, 0x0000000086000000|  0%| F|  |TAMS 0x0000000085f00000, 0x0000000085f00000| Untracked 
|  96|0x0000000086000000, 0x0000000086000000, 0x0000000086100000|  0%| F|  |TAMS 0x0000000086000000, 0x0000000086000000| Untracked 
|  97|0x0000000086100000, 0x0000000086100000, 0x0000000086200000|  0%| F|  |TAMS 0x0000000086100000, 0x0000000086100000| Untracked 
|  98|0x0000000086200000, 0x0000000086200000, 0x0000000086300000|  0%| F|  |TAMS 0x0000000086200000, 0x0000000086200000| Untracked 
|  99|0x0000000086300000, 0x0000000086300000, 0x0000000086400000|  0%| F|  |TAMS 0x0000000086300000, 0x0000000086300000| Untracked 
| 100|0x0000000086400000, 0x0000000086400000, 0x0000000086500000|  0%| F|  |TAMS 0x0000000086400000, 0x0000000086400000| Untracked 
| 101|0x0000000086500000, 0x0000000086557810, 0x0000000086600000| 34%| S|CS|TAMS 0x0000000086500000, 0x0000000086500000| Complete 
| 102|0x0000000086600000, 0x0000000086700000, 0x0000000086700000|100%| S|CS|TAMS 0x0000000086600000, 0x0000000086600000| Complete 
| 103|0x0000000086700000, 0x0000000086800000, 0x0000000086800000|100%| S|CS|TAMS 0x0000000086700000, 0x0000000086700000| Complete 
| 104|0x0000000086800000, 0x0000000086900000, 0x0000000086900000|100%| S|CS|TAMS 0x0000000086800000, 0x0000000086800000| Complete 
| 105|0x0000000086900000, 0x0000000086a00000, 0x0000000086a00000|100%| S|CS|TAMS 0x0000000086900000, 0x0000000086900000| Complete 
| 106|0x0000000086a00000, 0x0000000086b00000, 0x0000000086b00000|100%| S|CS|TAMS 0x0000000086a00000, 0x0000000086a00000| Complete 
| 107|0x0000000086b00000, 0x0000000086c00000, 0x0000000086c00000|100%| S|CS|TAMS 0x0000000086b00000, 0x0000000086b00000| Complete 
| 108|0x0000000086c00000, 0x0000000086d00000, 0x0000000086d00000|100%| S|CS|TAMS 0x0000000086c00000, 0x0000000086c00000| Complete 
| 109|0x0000000086d00000, 0x0000000086d00000, 0x0000000086e00000|  0%| F|  |TAMS 0x0000000086d00000, 0x0000000086d00000| Untracked 
| 110|0x0000000086e00000, 0x0000000086e00000, 0x0000000086f00000|  0%| F|  |TAMS 0x0000000086e00000, 0x0000000086e00000| Untracked 
| 111|0x0000000086f00000, 0x0000000086f00000, 0x0000000087000000|  0%| F|  |TAMS 0x0000000086f00000, 0x0000000086f00000| Untracked 
| 112|0x0000000087000000, 0x0000000087000000, 0x0000000087100000|  0%| F|  |TAMS 0x0000000087000000, 0x0000000087000000| Untracked 
| 113|0x0000000087100000, 0x0000000087100000, 0x0000000087200000|  0%| F|  |TAMS 0x0000000087100000, 0x0000000087100000| Untracked 
| 114|0x0000000087200000, 0x0000000087200000, 0x0000000087300000|  0%| F|  |TAMS 0x0000000087200000, 0x0000000087200000| Untracked 
| 115|0x0000000087300000, 0x0000000087300000, 0x0000000087400000|  0%| F|  |TAMS 0x0000000087300000, 0x0000000087300000| Untracked 
| 116|0x0000000087400000, 0x0000000087400000, 0x0000000087500000|  0%| F|  |TAMS 0x0000000087400000, 0x0000000087400000| Untracked 
| 117|0x0000000087500000, 0x0000000087600000, 0x0000000087600000|100%| S|CS|TAMS 0x0000000087500000, 0x0000000087500000| Complete 
| 118|0x0000000087600000, 0x0000000087700000, 0x0000000087700000|100%| S|CS|TAMS 0x0000000087600000, 0x0000000087600000| Complete 
| 119|0x0000000087700000, 0x0000000087800000, 0x0000000087800000|100%| S|CS|TAMS 0x0000000087700000, 0x0000000087700000| Complete 
| 120|0x0000000087800000, 0x0000000087900000, 0x0000000087900000|100%| S|CS|TAMS 0x0000000087800000, 0x0000000087800000| Complete 
| 121|0x0000000087900000, 0x0000000087a00000, 0x0000000087a00000|100%| S|CS|TAMS 0x0000000087900000, 0x0000000087900000| Complete 
| 122|0x0000000087a00000, 0x0000000087b00000, 0x0000000087b00000|100%| S|CS|TAMS 0x0000000087a00000, 0x0000000087a00000| Complete 
| 123|0x0000000087b00000, 0x0000000087b00000, 0x0000000087c00000|  0%| F|  |TAMS 0x0000000087b00000, 0x0000000087b00000| Untracked 
| 124|0x0000000087c00000, 0x0000000087c00000, 0x0000000087d00000|  0%| F|  |TAMS 0x0000000087c00000, 0x0000000087c00000| Untracked 
| 125|0x0000000087d00000, 0x0000000087d00000, 0x0000000087e00000|  0%| F|  |TAMS 0x0000000087d00000, 0x0000000087d00000| Untracked 
| 126|0x0000000087e00000, 0x0000000087e00000, 0x0000000087f00000|  0%| F|  |TAMS 0x0000000087e00000, 0x0000000087e00000| Untracked 
| 127|0x0000000087f00000, 0x0000000087f00000, 0x0000000088000000|  0%| F|  |TAMS 0x0000000087f00000, 0x0000000087f00000| Untracked 
| 128|0x0000000088000000, 0x0000000088000000, 0x0000000088100000|  0%| F|  |TAMS 0x0000000088000000, 0x0000000088000000| Untracked 
| 129|0x0000000088100000, 0x0000000088100000, 0x0000000088200000|  0%| F|  |TAMS 0x0000000088100000, 0x0000000088100000| Untracked 
| 130|0x0000000088200000, 0x0000000088200000, 0x0000000088300000|  0%| F|  |TAMS 0x0000000088200000, 0x0000000088200000| Untracked 
| 131|0x0000000088300000, 0x0000000088300000, 0x0000000088400000|  0%| F|  |TAMS 0x0000000088300000, 0x0000000088300000| Untracked 
| 132|0x0000000088400000, 0x0000000088400000, 0x0000000088500000|  0%| F|  |TAMS 0x0000000088400000, 0x0000000088400000| Untracked 
| 133|0x0000000088500000, 0x0000000088500000, 0x0000000088600000|  0%| F|  |TAMS 0x0000000088500000, 0x0000000088500000| Untracked 
| 134|0x0000000088600000, 0x0000000088600000, 0x0000000088700000|  0%| F|  |TAMS 0x0000000088600000, 0x0000000088600000| Untracked 
| 135|0x0000000088700000, 0x0000000088700000, 0x0000000088800000|  0%| F|  |TAMS 0x0000000088700000, 0x0000000088700000| Untracked 
| 136|0x0000000088800000, 0x0000000088800000, 0x0000000088900000|  0%| F|  |TAMS 0x0000000088800000, 0x0000000088800000| Untracked 
| 137|0x0000000088900000, 0x0000000088900000, 0x0000000088a00000|  0%| F|  |TAMS 0x0000000088900000, 0x0000000088900000| Untracked 
| 138|0x0000000088a00000, 0x0000000088a00000, 0x0000000088b00000|  0%| F|  |TAMS 0x0000000088a00000, 0x0000000088a00000| Untracked 
| 139|0x0000000088b00000, 0x0000000088b00000, 0x0000000088c00000|  0%| F|  |TAMS 0x0000000088b00000, 0x0000000088b00000| Untracked 
| 140|0x0000000088c00000, 0x0000000088c00000, 0x0000000088d00000|  0%| F|  |TAMS 0x0000000088c00000, 0x0000000088c00000| Untracked 
| 141|0x0000000088d00000, 0x0000000088d00000, 0x0000000088e00000|  0%| F|  |TAMS 0x0000000088d00000, 0x0000000088d00000| Untracked 
| 142|0x0000000088e00000, 0x0000000088e00000, 0x0000000088f00000|  0%| F|  |TAMS 0x0000000088e00000, 0x0000000088e00000| Untracked 
| 143|0x0000000088f00000, 0x0000000088f00000, 0x0000000089000000|  0%| F|  |TAMS 0x0000000088f00000, 0x0000000088f00000| Untracked 
| 144|0x0000000089000000, 0x0000000089000000, 0x0000000089100000|  0%| F|  |TAMS 0x0000000089000000, 0x0000000089000000| Untracked 
| 145|0x0000000089100000, 0x0000000089100000, 0x0000000089200000|  0%| F|  |TAMS 0x0000000089100000, 0x0000000089100000| Untracked 
| 146|0x0000000089200000, 0x0000000089200000, 0x0000000089300000|  0%| F|  |TAMS 0x0000000089200000, 0x0000000089200000| Untracked 
| 147|0x0000000089300000, 0x0000000089300000, 0x0000000089400000|  0%| F|  |TAMS 0x0000000089300000, 0x0000000089300000| Untracked 
| 148|0x0000000089400000, 0x0000000089400000, 0x0000000089500000|  0%| F|  |TAMS 0x0000000089400000, 0x0000000089400000| Untracked 
| 149|0x0000000089500000, 0x0000000089500000, 0x0000000089600000|  0%| F|  |TAMS 0x0000000089500000, 0x0000000089500000| Untracked 
| 150|0x0000000089600000, 0x0000000089600000, 0x0000000089700000|  0%| F|  |TAMS 0x0000000089600000, 0x0000000089600000| Untracked 
| 151|0x0000000089700000, 0x0000000089700000, 0x0000000089800000|  0%| F|  |TAMS 0x0000000089700000, 0x0000000089700000| Untracked 
| 152|0x0000000089800000, 0x0000000089800000, 0x0000000089900000|  0%| F|  |TAMS 0x0000000089800000, 0x0000000089800000| Untracked 
| 153|0x0000000089900000, 0x0000000089900000, 0x0000000089a00000|  0%| F|  |TAMS 0x0000000089900000, 0x0000000089900000| Untracked 
| 154|0x0000000089a00000, 0x0000000089a00000, 0x0000000089b00000|  0%| F|  |TAMS 0x0000000089a00000, 0x0000000089a00000| Untracked 
| 155|0x0000000089b00000, 0x0000000089b00000, 0x0000000089c00000|  0%| F|  |TAMS 0x0000000089b00000, 0x0000000089b00000| Untracked 
| 156|0x0000000089c00000, 0x0000000089c00000, 0x0000000089d00000|  0%| F|  |TAMS 0x0000000089c00000, 0x0000000089c00000| Untracked 
| 157|0x0000000089d00000, 0x0000000089d00000, 0x0000000089e00000|  0%| F|  |TAMS 0x0000000089d00000, 0x0000000089d00000| Untracked 
| 158|0x0000000089e00000, 0x0000000089e00000, 0x0000000089f00000|  0%| F|  |TAMS 0x0000000089e00000, 0x0000000089e00000| Untracked 
| 159|0x0000000089f00000, 0x0000000089f00000, 0x000000008a000000|  0%| F|  |TAMS 0x0000000089f00000, 0x0000000089f00000| Untracked 
| 160|0x000000008a000000, 0x000000008a000000, 0x000000008a100000|  0%| F|  |TAMS 0x000000008a000000, 0x000000008a000000| Untracked 
| 161|0x000000008a100000, 0x000000008a200000, 0x000000008a200000|100%| E|  |TAMS 0x000000008a100000, 0x000000008a100000| Complete 
| 162|0x000000008a200000, 0x000000008a300000, 0x000000008a300000|100%| E|CS|TAMS 0x000000008a200000, 0x000000008a200000| Complete 
| 163|0x000000008a300000, 0x000000008a400000, 0x000000008a400000|100%| E|CS|TAMS 0x000000008a300000, 0x000000008a300000| Complete 
| 164|0x000000008a400000, 0x000000008a500000, 0x000000008a500000|100%| E|CS|TAMS 0x000000008a400000, 0x000000008a400000| Complete 
| 165|0x000000008a500000, 0x000000008a600000, 0x000000008a600000|100%| E|CS|TAMS 0x000000008a500000, 0x000000008a500000| Complete 
| 166|0x000000008a600000, 0x000000008a700000, 0x000000008a700000|100%| E|CS|TAMS 0x000000008a600000, 0x000000008a600000| Complete 
| 167|0x000000008a700000, 0x000000008a800000, 0x000000008a800000|100%| E|CS|TAMS 0x000000008a700000, 0x000000008a700000| Complete 
| 168|0x000000008a800000, 0x000000008a900000, 0x000000008a900000|100%| E|CS|TAMS 0x000000008a800000, 0x000000008a800000| Complete 
| 169|0x000000008a900000, 0x000000008aa00000, 0x000000008aa00000|100%| E|CS|TAMS 0x000000008a900000, 0x000000008a900000| Complete 
| 170|0x000000008aa00000, 0x000000008ab00000, 0x000000008ab00000|100%| E|CS|TAMS 0x000000008aa00000, 0x000000008aa00000| Complete 
| 171|0x000000008ab00000, 0x000000008ac00000, 0x000000008ac00000|100%| E|CS|TAMS 0x000000008ab00000, 0x000000008ab00000| Complete 
| 172|0x000000008ac00000, 0x000000008ad00000, 0x000000008ad00000|100%| E|CS|TAMS 0x000000008ac00000, 0x000000008ac00000| Complete 
| 173|0x000000008ad00000, 0x000000008ae00000, 0x000000008ae00000|100%| E|CS|TAMS 0x000000008ad00000, 0x000000008ad00000| Complete 
| 174|0x000000008ae00000, 0x000000008af00000, 0x000000008af00000|100%| E|CS|TAMS 0x000000008ae00000, 0x000000008ae00000| Complete 
| 175|0x000000008af00000, 0x000000008b000000, 0x000000008b000000|100%| E|CS|TAMS 0x000000008af00000, 0x000000008af00000| Complete 
| 176|0x000000008b000000, 0x000000008b100000, 0x000000008b100000|100%| E|CS|TAMS 0x000000008b000000, 0x000000008b000000| Complete 
| 177|0x000000008b100000, 0x000000008b200000, 0x000000008b200000|100%| E|CS|TAMS 0x000000008b100000, 0x000000008b100000| Complete 
| 178|0x000000008b200000, 0x000000008b300000, 0x000000008b300000|100%| E|CS|TAMS 0x000000008b200000, 0x000000008b200000| Complete 
| 179|0x000000008b300000, 0x000000008b400000, 0x000000008b400000|100%| E|CS|TAMS 0x000000008b300000, 0x000000008b300000| Complete 
| 180|0x000000008b400000, 0x000000008b500000, 0x000000008b500000|100%| E|CS|TAMS 0x000000008b400000, 0x000000008b400000| Complete 
| 181|0x000000008b500000, 0x000000008b600000, 0x000000008b600000|100%| E|CS|TAMS 0x000000008b500000, 0x000000008b500000| Complete 
| 182|0x000000008b600000, 0x000000008b700000, 0x000000008b700000|100%| E|CS|TAMS 0x000000008b600000, 0x000000008b600000| Complete 
| 183|0x000000008b700000, 0x000000008b800000, 0x000000008b800000|100%| E|CS|TAMS 0x000000008b700000, 0x000000008b700000| Complete 
| 184|0x000000008b800000, 0x000000008b900000, 0x000000008b900000|100%| E|CS|TAMS 0x000000008b800000, 0x000000008b800000| Complete 
| 185|0x000000008b900000, 0x000000008ba00000, 0x000000008ba00000|100%| E|CS|TAMS 0x000000008b900000, 0x000000008b900000| Complete 
| 186|0x000000008ba00000, 0x000000008bb00000, 0x000000008bb00000|100%| E|CS|TAMS 0x000000008ba00000, 0x000000008ba00000| Complete 
| 187|0x000000008bb00000, 0x000000008bc00000, 0x000000008bc00000|100%| E|CS|TAMS 0x000000008bb00000, 0x000000008bb00000| Complete 
| 188|0x000000008bc00000, 0x000000008bd00000, 0x000000008bd00000|100%| E|CS|TAMS 0x000000008bc00000, 0x000000008bc00000| Complete 
| 189|0x000000008bd00000, 0x000000008be00000, 0x000000008be00000|100%| E|CS|TAMS 0x000000008bd00000, 0x000000008bd00000| Complete 
| 190|0x000000008be00000, 0x000000008bf00000, 0x000000008bf00000|100%| E|CS|TAMS 0x000000008be00000, 0x000000008be00000| Complete 
| 191|0x000000008bf00000, 0x000000008c000000, 0x000000008c000000|100%| E|CS|TAMS 0x000000008bf00000, 0x000000008bf00000| Complete 
| 192|0x000000008c000000, 0x000000008c100000, 0x000000008c100000|100%| E|CS|TAMS 0x000000008c000000, 0x000000008c000000| Complete 
| 193|0x000000008c100000, 0x000000008c200000, 0x000000008c200000|100%| E|CS|TAMS 0x000000008c100000, 0x000000008c100000| Complete 
| 194|0x000000008c200000, 0x000000008c300000, 0x000000008c300000|100%| E|CS|TAMS 0x000000008c200000, 0x000000008c200000| Complete 
| 195|0x000000008c300000, 0x000000008c400000, 0x000000008c400000|100%| E|CS|TAMS 0x000000008c300000, 0x000000008c300000| Complete 
| 196|0x000000008c400000, 0x000000008c500000, 0x000000008c500000|100%| E|CS|TAMS 0x000000008c400000, 0x000000008c400000| Complete 
| 197|0x000000008c500000, 0x000000008c600000, 0x000000008c600000|100%| E|CS|TAMS 0x000000008c500000, 0x000000008c500000| Complete 
| 198|0x000000008c600000, 0x000000008c700000, 0x000000008c700000|100%| E|CS|TAMS 0x000000008c600000, 0x000000008c600000| Complete 
| 199|0x000000008c700000, 0x000000008c800000, 0x000000008c800000|100%| E|CS|TAMS 0x000000008c700000, 0x000000008c700000| Complete 
| 200|0x000000008c800000, 0x000000008c900000, 0x000000008c900000|100%| E|CS|TAMS 0x000000008c800000, 0x000000008c800000| Complete 
| 201|0x000000008c900000, 0x000000008ca00000, 0x000000008ca00000|100%| E|CS|TAMS 0x000000008c900000, 0x000000008c900000| Complete 
| 202|0x000000008ca00000, 0x000000008cb00000, 0x000000008cb00000|100%| E|CS|TAMS 0x000000008ca00000, 0x000000008ca00000| Complete 
| 203|0x000000008cb00000, 0x000000008cc00000, 0x000000008cc00000|100%| E|CS|TAMS 0x000000008cb00000, 0x000000008cb00000| Complete 
| 204|0x000000008cc00000, 0x000000008cd00000, 0x000000008cd00000|100%| E|CS|TAMS 0x000000008cc00000, 0x000000008cc00000| Complete 
| 205|0x000000008cd00000, 0x000000008ce00000, 0x000000008ce00000|100%| E|CS|TAMS 0x000000008cd00000, 0x000000008cd00000| Complete 
| 206|0x000000008ce00000, 0x000000008cf00000, 0x000000008cf00000|100%| E|  |TAMS 0x000000008ce00000, 0x000000008ce00000| Complete 
| 207|0x000000008cf00000, 0x000000008d000000, 0x000000008d000000|100%| E|CS|TAMS 0x000000008cf00000, 0x000000008cf00000| Complete 
| 208|0x000000008d000000, 0x000000008d100000, 0x000000008d100000|100%| E|CS|TAMS 0x000000008d000000, 0x000000008d000000| Complete 
| 209|0x000000008d100000, 0x000000008d200000, 0x000000008d200000|100%| E|CS|TAMS 0x000000008d100000, 0x000000008d100000| Complete 
| 210|0x000000008d200000, 0x000000008d300000, 0x000000008d300000|100%| E|CS|TAMS 0x000000008d200000, 0x000000008d200000| Complete 
| 211|0x000000008d300000, 0x000000008d400000, 0x000000008d400000|100%| E|CS|TAMS 0x000000008d300000, 0x000000008d300000| Complete 
| 212|0x000000008d400000, 0x000000008d500000, 0x000000008d500000|100%| E|CS|TAMS 0x000000008d400000, 0x000000008d400000| Complete 
| 213|0x000000008d500000, 0x000000008d600000, 0x000000008d600000|100%| E|CS|TAMS 0x000000008d500000, 0x000000008d500000| Complete 
| 214|0x000000008d600000, 0x000000008d700000, 0x000000008d700000|100%| E|CS|TAMS 0x000000008d600000, 0x000000008d600000| Complete 
| 215|0x000000008d700000, 0x000000008d800000, 0x000000008d800000|100%| E|CS|TAMS 0x000000008d700000, 0x000000008d700000| Complete 
| 216|0x000000008d800000, 0x000000008d900000, 0x000000008d900000|100%| E|CS|TAMS 0x000000008d800000, 0x000000008d800000| Complete 
| 217|0x000000008d900000, 0x000000008da00000, 0x000000008da00000|100%| E|CS|TAMS 0x000000008d900000, 0x000000008d900000| Complete 
| 218|0x000000008da00000, 0x000000008db00000, 0x000000008db00000|100%| E|CS|TAMS 0x000000008da00000, 0x000000008da00000| Complete 
| 219|0x000000008db00000, 0x000000008dc00000, 0x000000008dc00000|100%| E|CS|TAMS 0x000000008db00000, 0x000000008db00000| Complete 
| 220|0x000000008dc00000, 0x000000008dd00000, 0x000000008dd00000|100%| E|CS|TAMS 0x000000008dc00000, 0x000000008dc00000| Complete 
| 221|0x000000008dd00000, 0x000000008de00000, 0x000000008de00000|100%| E|CS|TAMS 0x000000008dd00000, 0x000000008dd00000| Complete 

Card table byte_map: [0x0000029334620000,0x0000029334a20000] _byte_map_base: 0x0000029334220000

Marking Bits (Prev, Next): (CMBitMap*) 0x000002931d648890, (CMBitMap*) 0x000002931d648858
 Prev Bits: [0x0000029336e20000, 0x0000029338e20000)
 Next Bits: [0x0000029334e20000, 0x0000029336e20000)

Polling page: 0x000002931b5d0000

Metaspace:

Usage:
  Non-class:     82.59 MB capacity,    80.85 MB ( 98%) used,     1.44 MB (  2%) free+waste,   304.56 KB ( <1%) overhead. 
      Class:     13.53 MB capacity,    12.35 MB ( 91%) used,     1.04 MB (  8%) free+waste,   145.62 KB (  1%) overhead. 
       Both:     96.11 MB capacity,    93.20 MB ( 97%) used,     2.47 MB (  3%) free+waste,   450.19 KB ( <1%) overhead. 

Virtual space:
  Non-class space:       84.00 MB reserved,      82.67 MB ( 98%) committed 
      Class space:      504.00 MB reserved,      13.62 MB (  3%) committed 
             Both:      588.00 MB reserved,      96.30 MB ( 16%) committed 

Chunk freelists:
   Non-Class:  3.00 KB
       Class:  0 bytes
        Both:  3.00 KB

CodeHeap 'non-profiled nmethods': size=120000Kb used=6879Kb max_used=6879Kb free=113120Kb
 bounds [0x000002932c7a0000, 0x000002932ce60000, 0x0000029333cd0000]
CodeHeap 'profiled nmethods': size=120000Kb used=24194Kb max_used=24194Kb free=95805Kb
 bounds [0x0000029325270000, 0x0000029326a20000, 0x000002932c7a0000]
CodeHeap 'non-nmethods': size=5760Kb used=2313Kb max_used=2364Kb free=3446Kb
 bounds [0x0000029324cd0000, 0x0000029324f40000, 0x0000029325270000]
 total_blobs=11965 nmethods=11034 adapters=841
 compilation: enabled
              stopped_count=0, restarted_count=0
 full_count=0

Compilation events (10 events):
Event: 404.293 Thread 0x000002933c317800 nmethod 11093 0x000002932ce56990 code [0x000002932ce56b20, 0x000002932ce56c38]
Event: 404.293 Thread 0x000002933c317800 11097       4       org.codehaus.groovy.util.FastArray::<init> (16 bytes)
Event: 404.294 Thread 0x000002933c317800 nmethod 11097 0x000002932ce56d90 code [0x000002932ce56f00, 0x000002932ce57038]
Event: 404.334 Thread 0x000002933c317800 11099       4       groovy.lang.MetaClassImpl::inheritInterfaceNewMetaMethods (195 bytes)
Event: 404.392 Thread 0x000002933c35f000 11101       3       org.codehaus.groovy.reflection.ParameterTypes::coerceArgumentsToClasses (55 bytes)
Event: 404.392 Thread 0x000002933c35f000 nmethod 11101 0x0000029326a03590 code [0x0000029326a03760, 0x0000029326a03c98]
Event: 404.394 Thread 0x000002933c35f000 11102       3       org.gradle.internal.FileUtils::normalize (52 bytes)
Event: 404.395 Thread 0x000002933c35f000 nmethod 11102 0x0000029326a03e90 code [0x0000029326a040a0, 0x0000029326a046f8]
Event: 404.427 Thread 0x000002933c35f000 11103       3       com.sun.beans.finder.FinderUtils::packageName (42 bytes)
Event: 404.427 Thread 0x000002933c35f000 nmethod 11103 0x0000029326a04990 code [0x0000029326a04be0, 0x0000029326a05348]

GC Heap History (10 events):
Event: 222.104 GC heap before
{Heap before GC invocations=10 (full 0):
 garbage-first heap   total 227328K, used 171570K [0x0000000080000000, 0x0000000100000000)
  region size 1024K, 133 young (136192K), 9 survivors (9216K)
 Metaspace       used 66028K, capacity 68011K, committed 68144K, reserved 575488K
  class space    used 8690K, capacity 9509K, committed 9600K, reserved 516096K
}
Event: 222.113 GC heap after
{Heap after GC invocations=11 (full 0):
 garbage-first heap   total 227328K, used 48996K [0x0000000080000000, 0x0000000100000000)
  region size 1024K, 13 young (13312K), 13 survivors (13312K)
 Metaspace       used 66028K, capacity 68011K, committed 68144K, reserved 575488K
  class space    used 8690K, capacity 9509K, committed 9600K, reserved 516096K
}
Event: 262.076 GC heap before
{Heap before GC invocations=11 (full 0):
 garbage-first heap   total 227328K, used 172900K [0x0000000080000000, 0x0000000100000000)
  region size 1024K, 133 young (136192K), 13 survivors (13312K)
 Metaspace       used 72092K, capacity 74318K, committed 74416K, reserved 581632K
  class space    used 9513K, capacity 10478K, committed 10496K, reserved 516096K
}
Event: 262.087 GC heap after
{Heap after GC invocations=12 (full 0):
 garbage-first heap   total 227328K, used 60323K [0x0000000080000000, 0x0000000100000000)
  region size 1024K, 14 young (14336K), 14 survivors (14336K)
 Metaspace       used 72092K, capacity 74318K, committed 74416K, reserved 581632K
  class space    used 9513K, capacity 10478K, committed 10496K, reserved 516096K
}
Event: 264.347 GC heap before
{Heap before GC invocations=12 (full 0):
 garbage-first heap   total 227328K, used 187299K [0x0000000080000000, 0x0000000100000000)
  region size 1024K, 129 young (132096K), 14 survivors (14336K)
 Metaspace       used 83571K, capacity 85894K, committed 86064K, reserved 591872K
  class space    used 10874K, capacity 11847K, committed 11904K, reserved 516096K
}
Event: 264.396 GC heap after
{Heap after GC invocations=13 (full 0):
 garbage-first heap   total 227328K, used 70656K [0x0000000080000000, 0x0000000100000000)
  region size 1024K, 17 young (17408K), 17 survivors (17408K)
 Metaspace       used 83571K, capacity 85894K, committed 86064K, reserved 591872K
  class space    used 10874K, capacity 11847K, committed 11904K, reserved 516096K
}
Event: 296.623 GC heap before
{Heap before GC invocations=13 (full 0):
 garbage-first heap   total 227328K, used 178176K [0x0000000080000000, 0x0000000100000000)
  region size 1024K, 122 young (124928K), 17 survivors (17408K)
 Metaspace       used 90003K, capacity 92427K, committed 92592K, reserved 595968K
  class space    used 11962K, capacity 12994K, committed 13056K, reserved 516096K
}
Event: 296.639 GC heap after
{Heap after GC invocations=14 (full 0):
 garbage-first heap   total 227328K, used 78379K [0x0000000080000000, 0x0000000100000000)
  region size 1024K, 8 young (8192K), 8 survivors (8192K)
 Metaspace       used 90003K, capacity 92427K, committed 92592K, reserved 595968K
  class space    used 11962K, capacity 12994K, committed 13056K, reserved 516096K
}
Event: 383.033 GC heap before
{Heap before GC invocations=14 (full 0):
 garbage-first heap   total 227328K, used 178731K [0x0000000080000000, 0x0000000100000000)
  region size 1024K, 107 young (109568K), 8 survivors (8192K)
 Metaspace       used 93041K, capacity 95805K, committed 95920K, reserved 600064K
  class space    used 12326K, capacity 13476K, committed 13568K, reserved 516096K
}
Event: 383.104 GC heap after
{Heap after GC invocations=15 (full 0):
 garbage-first heap   total 227328K, used 84036K [0x0000000080000000, 0x0000000100000000)
  region size 1024K, 14 young (14336K), 14 survivors (14336K)
 Metaspace       used 93041K, capacity 95805K, committed 95920K, reserved 600064K
  class space    used 12326K, capacity 13476K, committed 13568K, reserved 516096K
}

Deoptimization events (10 events):
Event: 396.391 Thread 0x000002933d520800 Uncommon trap: reason=unstable_if action=reinterpret pc=0x000002932ccde464 method=groovy.lang.MetaClassImpl.filterPropertyMethod(Ljava/lang/Object;ZZ)Ljava/lang/Object; @ 80 c2
Event: 400.787 Thread 0x000002933d520800 Uncommon trap: reason=unstable_if action=reinterpret pc=0x000002932ccbcd20 method=sun.net.www.protocol.jar.Handler.parseURL(Ljava/net/URL;Ljava/lang/String;II)V @ 116 c2
Event: 400.801 Thread 0x000002933d520800 Uncommon trap: reason=unstable_if action=reinterpret pc=0x000002932ccb3440 method=java.util.regex.Pattern.escape(ZZZ)I @ 8 c2
Event: 403.080 Thread 0x000002933d520800 Uncommon trap: reason=class_check action=maybe_recompile pc=0x000002932ce3fad8 method=groovy.lang.MetaMethod.isStatic()Z @ 1 c2
Event: 403.080 Thread 0x000002933d520800 Uncommon trap: reason=class_check action=maybe_recompile pc=0x000002932ce3fad8 method=groovy.lang.MetaMethod.isStatic()Z @ 1 c2
Event: 403.562 Thread 0x000002933d520800 Uncommon trap: reason=unstable_if action=reinterpret pc=0x000002932cd7c7e0 method=groovy.lang.MetaClassImpl.checkIfStdMethod(Lgroovy/lang/MetaMethod;)V @ 167 c2
Event: 403.661 Thread 0x000002933d520800 Uncommon trap: reason=class_check action=maybe_recompile pc=0x000002932ce3fad8 method=groovy.lang.MetaMethod.isStatic()Z @ 1 c2
Event: 403.664 Thread 0x000002933d520800 Uncommon trap: reason=class_check action=maybe_recompile pc=0x000002932ce3fad8 method=groovy.lang.MetaMethod.isStatic()Z @ 1 c2
Event: 403.904 Thread 0x000002933d520800 Uncommon trap: reason=unstable_if action=reinterpret pc=0x000002932cce1cac method=java.lang.PublicMethods$MethodList.getMostSpecific()Ljava/lang/reflect/Method; @ 35 c2
Event: 404.425 Thread 0x000002933d520800 Uncommon trap: reason=class_check action=maybe_recompile pc=0x000002932cae413c method=java.lang.Class.createAnnotationData(I)Ljava/lang/Class$AnnotationData; @ 103 c2

Classes redefined (0 events):
No events

Internal exceptions (10 events):
Event: 404.264 Thread 0x000002933d520800 Exception <a 'java/lang/ClassNotFoundException'{0x000000008a571f28}: org/jetbrains/kotlin/gradle/plugin/sources/DefaultKotlinSourceSetBeanInfo> (0x000000008a571f28) thrown at [./open/src/hotspot/share/classfile/systemDictionary.cpp, line 226]
Event: 404.267 Thread 0x000002933d520800 Exception <a 'java/lang/ClassNotFoundException'{0x000000008a5aa638}: org/jetbrains/kotlin/gradle/plugin/sources/DefaultKotlinSourceSetCustomizer> (0x000000008a5aa638) thrown at [./open/src/hotspot/share/classfile/systemDictionary.cpp, line 226]
Event: 404.340 Thread 0x000002933d520800 Exception <a 'java/lang/ClassNotFoundException'{0x000000008a35ed98}: java/util/TreeSetBeanInfo> (0x000000008a35ed98) thrown at [./open/src/hotspot/share/classfile/systemDictionary.cpp, line 226]
Event: 404.343 Thread 0x000002933d520800 Exception <a 'java/lang/ClassNotFoundException'{0x000000008a375f38}: java/util/AbstractSetBeanInfo> (0x000000008a375f38) thrown at [./open/src/hotspot/share/classfile/systemDictionary.cpp, line 226]
Event: 404.344 Thread 0x000002933d520800 Exception <a 'java/lang/ClassNotFoundException'{0x000000008a38d320}: java/util/AbstractSetCustomizer> (0x000000008a38d320) thrown at [./open/src/hotspot/share/classfile/systemDictionary.cpp, line 226]
Event: 404.346 Thread 0x000002933d520800 Exception <a 'java/lang/ClassNotFoundException'{0x000000008a3a7ae0}: java/util/TreeSetCustomizer> (0x000000008a3a7ae0) thrown at [./open/src/hotspot/share/classfile/systemDictionary.cpp, line 226]
Event: 404.410 Thread 0x000002933d520800 Exception <a 'java/lang/ClassNotFoundException'{0x000000008a2c95f8}: com/google/common/collect/RegularImmutableSetBeanInfo> (0x000000008a2c95f8) thrown at [./open/src/hotspot/share/classfile/systemDictionary.cpp, line 226]
Event: 404.411 Thread 0x000002933d520800 Exception <a 'java/lang/ClassNotFoundException'{0x000000008a2ef6b0}: com/google/common/collect/ImmutableSet$CachingAsListBeanInfo> (0x000000008a2ef6b0) thrown at [./open/src/hotspot/share/classfile/systemDictionary.cpp, line 226]
Event: 404.414 Thread 0x000002933d520800 Exception <a 'java/lang/ClassNotFoundException'{0x000000008a1160c0}: com/google/common/collect/ImmutableSet$CachingAsListCustomizer> (0x000000008a1160c0) thrown at [./open/src/hotspot/share/classfile/systemDictionary.cpp, line 226]
Event: 404.424 Thread 0x000002933d520800 Exception <a 'java/lang/ClassNotFoundException'{0x000000008a153310}: com/google/common/collect/RegularImmutableSetCustomizer> (0x000000008a153310) thrown at [./open/src/hotspot/share/classfile/systemDictionary.cpp, line 226]

Events (10 events):
Event: 404.415 loading class com/google/common/collect/ImmutableSet$SerializedForm done
Event: 404.416 loading class com/google/common/collect/ImmutableSet$Indexed
Event: 404.416 loading class com/google/common/collect/ImmutableSet$Indexed done
Event: 404.418 loading class com/google/common/collect/RegularImmutableSetCustomizer
Event: 404.418 loading class com/google/common/collect/RegularImmutableSetCustomizer done
Event: 404.424 loading class com/google/common/collect/RegularImmutableSetCustomizer
Event: 404.424 loading class com/google/common/collect/RegularImmutableSetCustomizer done
Event: 404.425 Thread 0x000002933d520800 Uncommon trap: trap_request=0xffffffde fr.pc=0x000002932cae413c relative=0x0000000000001b9c
Event: 404.425 Thread 0x000002933d520800 DEOPT PACKING pc=0x000002932cae413c sp=0x000000f9c32f31c0
Event: 404.426 Thread 0x000002933d520800 DEOPT UNPACKING pc=0x0000029324cf662f sp=0x000000f9c32f3150 mode 2


Dynamic libraries:
0x00007ff7bfe80000 - 0x00007ff7bfe90000 	C:\Program Files\Java\jdk-11\bin\java.exe
0x00007ffd65a50000 - 0x00007ffd65c64000 	C:\WINDOWS\SYSTEM32\ntdll.dll
0x00007ffd644f0000 - 0x00007ffd645b4000 	C:\WINDOWS\System32\KERNEL32.DLL
0x00007ffd633b0000 - 0x00007ffd63754000 	C:\WINDOWS\System32\KERNELBASE.dll
0x00007ffd63120000 - 0x00007ffd63231000 	C:\WINDOWS\System32\ucrtbase.dll
0x00007ffcf51a0000 - 0x00007ffcf51b8000 	C:\Program Files\Java\jdk-11\bin\jli.dll
0x00007ffcef5a0000 - 0x00007ffcef5bb000 	C:\Program Files\Java\jdk-11\bin\VCRUNTIME140.dll
0x00007ffd654e0000 - 0x00007ffd65590000 	C:\WINDOWS\System32\ADVAPI32.dll
0x00007ffd65170000 - 0x00007ffd65217000 	C:\WINDOWS\System32\msvcrt.dll
0x00007ffd64960000 - 0x00007ffd64a06000 	C:\WINDOWS\System32\sechost.dll
0x00007ffd63930000 - 0x00007ffd63a47000 	C:\WINDOWS\System32\RPCRT4.dll
0x00007ffd64a10000 - 0x00007ffd64bbe000 	C:\WINDOWS\System32\USER32.dll
0x00007ffd630f0000 - 0x00007ffd63116000 	C:\WINDOWS\System32\win32u.dll
0x00007ffd644c0000 - 0x00007ffd644e9000 	C:\WINDOWS\System32\GDI32.dll
0x00007ffd52dc0000 - 0x00007ffd53053000 	C:\WINDOWS\WinSxS\amd64_microsoft.windows.common-controls_6595b64144ccf1df_6.0.22621.2215_none_270d72677387dfc3\COMCTL32.dll
0x00007ffd62e70000 - 0x00007ffd62f88000 	C:\WINDOWS\System32\gdi32full.dll
0x00007ffd63050000 - 0x00007ffd630ea000 	C:\WINDOWS\System32\msvcp_win.dll
0x00007ffd5c500000 - 0x00007ffd5c50a000 	C:\WINDOWS\SYSTEM32\VERSION.dll
0x00007ffd65830000 - 0x00007ffd65861000 	C:\WINDOWS\System32\IMM32.DLL
0x00007ffd23510000 - 0x00007ffd2351c000 	C:\Program Files\Java\jdk-11\bin\vcruntime140_1.dll
0x00007ffcef510000 - 0x00007ffcef59e000 	C:\Program Files\Java\jdk-11\bin\msvcp140.dll
0x00007ffcee9a0000 - 0x00007ffcef508000 	C:\Program Files\Java\jdk-11\bin\server\jvm.dll
0x00007ffd65160000 - 0x00007ffd65168000 	C:\WINDOWS\System32\PSAPI.DLL
0x00007ffd49430000 - 0x00007ffd49439000 	C:\WINDOWS\SYSTEM32\WSOCK32.dll
0x00007ffd65640000 - 0x00007ffd656b1000 	C:\WINDOWS\System32\WS2_32.dll
0x00007ffd5c380000 - 0x00007ffd5c3b4000 	C:\WINDOWS\SYSTEM32\WINMM.dll
0x00007ffd61dc0000 - 0x00007ffd61dd8000 	C:\WINDOWS\SYSTEM32\kernel.appcore.dll
0x00007ffd13780000 - 0x00007ffd13790000 	C:\Program Files\Java\jdk-11\bin\verify.dll
0x00007ffd60850000 - 0x00007ffd60a7e000 	C:\WINDOWS\SYSTEM32\DBGHELP.DLL
0x00007ffd645c0000 - 0x00007ffd6494a000 	C:\WINDOWS\System32\combase.dll
0x00007ffd65750000 - 0x00007ffd65827000 	C:\WINDOWS\System32\OLEAUT32.dll
0x00007ffd4d920000 - 0x00007ffd4d952000 	C:\WINDOWS\SYSTEM32\dbgcore.DLL
0x00007ffd63760000 - 0x00007ffd637da000 	C:\WINDOWS\System32\bcryptPrimitives.dll
0x00007ffcee970000 - 0x00007ffcee998000 	C:\Program Files\Java\jdk-11\bin\java.dll
0x00007ffd0e580000 - 0x00007ffd0e58a000 	C:\Program Files\Java\jdk-11\bin\jimage.dll
0x00007ffcee950000 - 0x00007ffcee967000 	C:\Program Files\Java\jdk-11\bin\zip.dll
0x00007ffd63b50000 - 0x00007ffd64373000 	C:\WINDOWS\System32\SHELL32.dll
0x00007ffd60d40000 - 0x00007ffd6162a000 	C:\WINDOWS\SYSTEM32\windows.storage.dll
0x00007ffd60c00000 - 0x00007ffd60d3e000 	C:\WINDOWS\SYSTEM32\wintypes.dll
0x00007ffd63a50000 - 0x00007ffd63b43000 	C:\WINDOWS\System32\SHCORE.dll
0x00007ffd64460000 - 0x00007ffd644be000 	C:\WINDOWS\System32\shlwapi.dll
0x00007ffd62d30000 - 0x00007ffd62d56000 	C:\WINDOWS\SYSTEM32\profapi.dll
0x00007ffcee930000 - 0x00007ffcee949000 	C:\Program Files\Java\jdk-11\bin\net.dll
0x00007ffd5c150000 - 0x00007ffd5c287000 	C:\WINDOWS\SYSTEM32\WINHTTP.dll
0x00007ffd62280000 - 0x00007ffd622e9000 	C:\WINDOWS\system32\mswsock.dll
0x00007ffcee910000 - 0x00007ffcee922000 	C:\Program Files\Java\jdk-11\bin\nio.dll
0x00007ffd2d960000 - 0x00007ffd2d987000 	C:\Users\mrizk\.gradle\native\68d5fa5c4cc2d200863cafc0d521ce42e7d3e7ee720ec0a83991735586a16f82\windows-amd64\native-platform.dll
0x00007ffd150a0000 - 0x00007ffd151e4000 	C:\Users\mrizk\.gradle\native\e376f236ea51e6404a007f0833ffe2c6e607c4080706a723a18a27aeea778392\windows-amd64\native-platform-file-events.dll
0x00007ffd3d800000 - 0x00007ffd3d809000 	C:\Program Files\Java\jdk-11\bin\management.dll
0x00007ffd35190000 - 0x00007ffd3519b000 	C:\Program Files\Java\jdk-11\bin\management_ext.dll
0x00007ffd624b0000 - 0x00007ffd624cb000 	C:\WINDOWS\SYSTEM32\CRYPTSP.dll
0x00007ffd61d80000 - 0x00007ffd61db5000 	C:\WINDOWS\system32\rsaenh.dll
0x00007ffd62330000 - 0x00007ffd6235c000 	C:\WINDOWS\SYSTEM32\USERENV.dll
0x00007ffd626c0000 - 0x00007ffd626e8000 	C:\WINDOWS\SYSTEM32\bcrypt.dll
0x00007ffd624d0000 - 0x00007ffd624dc000 	C:\WINDOWS\SYSTEM32\CRYPTBASE.dll
0x00007ffd61890000 - 0x00007ffd618bd000 	C:\WINDOWS\SYSTEM32\IPHLPAPI.DLL
0x00007ffd65150000 - 0x00007ffd65159000 	C:\WINDOWS\System32\NSI.dll
0x00007ffd5c510000 - 0x00007ffd5c529000 	C:\WINDOWS\SYSTEM32\dhcpcsvc6.DLL
0x00007ffd5c360000 - 0x00007ffd5c37f000 	C:\WINDOWS\SYSTEM32\dhcpcsvc.DLL
0x00007ffd61900000 - 0x00007ffd619f2000 	C:\WINDOWS\SYSTEM32\DNSAPI.dll

dbghelp: loaded successfully - version: 4.0.5 - missing functions: none
symbol engine: initialized successfully - sym options: 0x614 - pdb path: .;C:\Program Files\Java\jdk-11\bin;C:\WINDOWS\SYSTEM32;C:\WINDOWS\WinSxS\amd64_microsoft.windows.common-controls_6595b64144ccf1df_6.0.22621.2215_none_270d72677387dfc3;C:\Program Files\Java\jdk-11\bin\server;C:\Users\mrizk\.gradle\native\68d5fa5c4cc2d200863cafc0d521ce42e7d3e7ee720ec0a83991735586a16f82\windows-amd64;C:\Users\mrizk\.gradle\native\e376f236ea51e6404a007f0833ffe2c6e607c4080706a723a18a27aeea778392\windows-amd64

VM Arguments:
jvm_args: -XX:MaxMetaspaceSize=512m --add-opens=java.base/java.util=ALL-UNNAMED --add-opens=java.base/java.lang=ALL-UNNAMED --add-opens=java.base/java.lang.invoke=ALL-UNNAMED --add-opens=java.prefs/java.util.prefs=ALL-UNNAMED --add-opens=java.base/java.nio.charset=ALL-UNNAMED --add-opens=java.base/java.net=ALL-UNNAMED --add-opens=java.base/java.util.concurrent.atomic=ALL-UNNAMED -Xmx2048m -Dfile.encoding=windows-1252 -Duser.country=ID -Duser.language=en -Duser.variant 
java_command: org.gradle.launcher.daemon.bootstrap.GradleDaemon 8.0.1
java_class_path (initial): C:\Users\mrizk\.gradle\wrapper\dists\gradle-8.0.1-all\aro4hu1c3oeioove7l0i4i14o\gradle-8.0.1\lib\gradle-launcher-8.0.1.jar
Launcher Type: SUN_STANDARD

[Global flags]
     intx CICompilerCount                          = 4                                         {product} {ergonomic}
   size_t CompressedClassSpaceSize                 = 528482304                                 {product} {ergonomic}
     uint ConcGCThreads                            = 3                                         {product} {ergonomic}
     uint G1ConcRefinementThreads                  = 10                                        {product} {ergonomic}
   size_t G1HeapRegionSize                         = 1048576                                   {product} {ergonomic}
    uintx GCDrainStackTargetSize                   = 64                                        {product} {ergonomic}
   size_t InitialHeapSize                          = 232783872                                 {product} {ergonomic}
   size_t MarkStackSize                            = 4194304                                   {product} {ergonomic}
   size_t MaxHeapSize                              = 2147483648                                {product} {command line}
   size_t MaxMetaspaceSize                         = 536870912                                 {product} {command line}
   size_t MaxNewSize                               = 1287651328                                {product} {ergonomic}
   size_t MinHeapDeltaBytes                        = 1048576                                   {product} {ergonomic}
    uintx NonNMethodCodeHeapSize                   = 5836300                                {pd product} {ergonomic}
    uintx NonProfiledCodeHeapSize                  = 122910970                              {pd product} {ergonomic}
    uintx ProfiledCodeHeapSize                     = 122910970                              {pd product} {ergonomic}
    uintx ReservedCodeCacheSize                    = 251658240                              {pd product} {ergonomic}
     bool SegmentedCodeCache                       = true                                      {product} {ergonomic}
     bool UseCompressedClassPointers               = true                                 {lp64_product} {ergonomic}
     bool UseCompressedOops                        = true                                 {lp64_product} {ergonomic}
     bool UseG1GC                                  = true                                      {product} {ergonomic}
     bool UseLargePagesIndividualAllocation        = false                                  {pd product} {ergonomic}

Logging:
Log output configuration:
 #0: stdout all=warning uptime,level,tags
 #1: stderr all=off uptime,level,tags

Environment Variables:
JAVA_HOME=C:\Program Files\Java\jdk-11
CLASSPATH=F:\drive-programming\00bootcamp\code\week9\tugas\recipe_rn\android\\gradle\wrapper\gradle-wrapper.jar
PATH=F:\drive-programming\00bootcamp\code\week9\tugas\recipe_rn\node_modules\.bin;F:\drive-programming\00bootcamp\code\week9\tugas\recipe_rn\node_modules\.bin;F:\drive-programming\00bootcamp\code\week9\tugas\node_modules\.bin;F:\drive-programming\00bootcamp\code\week9\node_modules\.bin;F:\drive-programming\00bootcamp\code\node_modules\.bin;F:\drive-programming\00bootcamp\node_modules\.bin;F:\drive-programming\node_modules\.bin;F:\node_modules\.bin;C:\Users\mrizk\AppData\Roaming\nvm\v18.13.0\node_modules\npm\node_modules\@npmcli\run-script\lib\node-gyp-bin;F:\drive-programming\00bootcamp\code\week9\tugas\recipe_rn\node_modules\.bin;F:\drive-programming\00bootcamp\code\week9\tugas\node_modules\.bin;F:\drive-programming\00bootcamp\code\week9\node_modules\.bin;F:\drive-programming\00bootcamp\code\node_modules\.bin;F:\drive-programming\00bootcamp\node_modules\.bin;F:\drive-programming\node_modules\.bin;F:\node_modules\.bin;C:\Users\mrizk\AppData\Roaming\nvm\v18.13.0\node_modules\npm\node_modules\@npmcli\run-script\lib\node-gyp-bin;C:\Users\mrizk\bin;C:\Program Files\Git\mingw64\bin;C:\Program Files\Git\usr\local\bin;C:\Program Files\Git\usr\bin;C:\Program Files\Git\usr\bin;C:\Program Files\Git\mingw64\bin;C:\Program Files\Git\usr\bin;C:\Users\mrizk\bin;C:\Program Files\Common Files\Oracle\Java\javapath;C:\Windows\system32;C:\Windows;C:\Windows\System32\Wbem;C:\Windows\System32\WindowsPowerShell\v1.0;C:\Windows\System32\OpenSSH;C:\Program Files (x86)\NVIDIA Corporation\PhysX\Common;C:\Program Files\Microsoft VS Code\bin;C:\Program Files\Git\cmd;C:\xampp\mysql\bin;C:\Program Files\MongoDB\Server\6.0\bin;C:\Program Files\mongosh\mongosh-1.6.0-win32-x64\bin;C:\Program Files\NVIDIA Corporation\NVIDIA NvDLISR;C:\Users\mrizk\AppData\Roaming\nvm;C:\Program Files\nodejs;C:\WINDOWS\system32;C:\WINDOWS;C:\WINDOWS\System32\Wbem;C:\WINDOWS\System32\WindowsPowerShell\v1.0;C:\WINDOWS\System32\OpenSSH;C:\Users\mrizk\AppData\Local\Android\Sdk\platform-tools;C:\Program Files\Java\jdk-11;C:\P
USERNAME=mrizk
SHELL=C:\Program Files\Git\usr\bin\bash.exe
DISPLAY=needs-to-be-defined
OS=Windows_NT
PROCESSOR_IDENTIFIER=AMD64 Family 25 Model 80 Stepping 0, AuthenticAMD



---------------  S Y S T E M  ---------------

OS: Windows 11 , 64 bit Build 22621 (10.0.22621.2215)
Hyper-V role detected

CPU:total 12 (initial active 12) (12 cores per cpu, 2 threads per core) family 25 model 80 stepping 0 microcode 0x0, cmov, cx8, fxsr, mmx, sse, sse2, sse3, ssse3, sse4.1, sse4.2, popcnt, avx, avx2, aes, clmul, erms, mmxext, 3dnowpref, lzcnt, sse4a, ht, tsc, tscinvbit, tscinv, bmi1, bmi2,

Memory: 4k page, system-wide physical 14188M (44M free)
TotalPageFile size 46729M (AvailPageFile size 0M)
current process WorkingSet (physical memory assigned to process): 228M, peak: 378M
current process commit charge ("private bytes"): 536M, peak: 545M

vm_info: Java HotSpot(TM) 64-Bit Server VM (11.0.18+9-LTS-195) for windows-amd64 JRE (11.0.18+9-LTS-195), built on Dec  6 2022 15:50:58 by "mach5one" with MS VC++ 17.1 (VS2022)

END.
